#
# A fatal error has been detected by the Java Runtime Environment:
#
#  EXCEPTION_ACCESS_VIOLATION (0xc0000005) at pc=0x0000021b80009f16, pid=7728, tid=15920
#
# JRE version: OpenJDK Runtime Environment (11.0.10) (build 11.0.10+0-b96-7249189)
# Java VM: OpenJDK 64-Bit Server VM (11.0.10+0-b96-7249189, mixed mode, tiered, compressed oops, g1 gc, windows-amd64)
# Problematic frame:
# C  0x0000021b80009f16
#
# No core dump will be written. Minidumps are not enabled by default on client versions of Windows
#
# If you would like to submit a bug report, please visit:
#   https://bugreport.java.com/bugreport/crash.jsp
#

---------------  S U M M A R Y ------------

Command Line: --add-opens=java.base/java.util=ALL-UNNAMED --add-opens=java.base/java.lang=ALL-UNNAMED --add-opens=java.base/java.lang.invoke=ALL-UNNAMED --add-opens=java.base/java.util=ALL-UNNAMED --add-opens=java.prefs/java.util.prefs=ALL-UNNAMED --add-opens=java.prefs/java.util.prefs=ALL-UNNAMED --add-opens=java.base/java.nio.charset=ALL-UNNAMED --add-opens=java.base/java.net=ALL-UNNAMED --add-opens=java.base/java.util.concurrent.atomic=ALL-UNNAMED -Xmx2048m -Dfile.encoding=UTF-8 -Duser.country=PH -Duser.language=en -Duser.variant org.gradle.launcher.daemon.bootstrap.GradleDaemon 7.0.2

Host: Intel(R) Core(TM) i3-1005G1 CPU @ 1.20GHz, 4 cores, 7G,  Windows 10 , 64 bit Build 22523 (10.0.22523.1000)
Time: Mon Jan 10 20:29:16 2022 Malay Peninsula Standard Time elapsed time: 1471.000795 seconds (0d 0h 24m 31s)

---------------  T H R E A D  ---------------

Current thread (0x0000025b97e3c800):  JavaThread "Cache worker for execution history cache (C:\Users\vbinu\.gradle\caches\7.0.2\executionHistory)" [_thread_in_Java, id=15920, stack(0x0000008929300000,0x0000008929400000)]

Stack: [0x0000008929300000,0x0000008929400000],  sp=0x00000089293feea0,  free space=1019k
Native frames: (J=compiled Java code, j=interpreted, Vv=VM code, C=native code)
C  0x0000021b80009f16


siginfo: EXCEPTION_ACCESS_VIOLATION (0xc0000005), data execution prevention violation at address 0x0000021b80009f16


Register to memory mapping:

RIP=0x0000021b80009f16 is an unknown value
RAX=0x000000008a516f30 is an oop: java.util.concurrent.FutureTask 
{0x000000008a516f30} - klass: 'java/util/concurrent/FutureTask'
RBX=0x0000000081a6d240 is an oop: java.lang.Thread 
{0x0000000081a6d240} - klass: 'java/lang/Thread'
RCX=0x0000025b971e95c0 points into unknown readable memory: 0x0000000080a531d8 | d8 31 a5 80 00 00 00 00
RDX=0x0000000000000006 is an unknown value
RSP=0x00000089293feea0 is pointing into the stack for thread: 0x0000025b97e3c800
RBP=0x00000089293fef10 is pointing into the stack for thread: 0x0000025b97e3c800
RSI=0x0000000081a6d1d8 is an oop: java.util.concurrent.locks.ReentrantLock 
{0x0000000081a6d1d8} - klass: 'java/util/concurrent/locks/ReentrantLock'
RDI=0x000000008a5099e0 is an oop: java.util.concurrent.locks.AbstractQueuedSynchronizer$Node 
{0x000000008a5099e0} - klass: 'java/util/concurrent/locks/AbstractQueuedSynchronizer$Node'
R8 =0x0000000000000004 is an unknown value
R9 =0x0 is NULL
R10=0x0000025bf8041000 points into unknown readable memory: 0x0000000000000000 | 00 00 00 00 00 00 00 00
R11=0x0000000000000246 is an unknown value
R12=0x0 is NULL
R13=0x0000000081a6d1e8 is an oop: java.util.concurrent.locks.ReentrantLock$FairSync 
{0x0000000081a6d1e8} - klass: 'java/util/concurrent/locks/ReentrantLock$FairSync'
R14=0x0000000081a6d240 is an oop: java.lang.Thread 
{0x0000000081a6d240} - klass: 'java/lang/Thread'
R15=0x0000025b97e3c800 is a thread


Registers:
RAX=0x000000008a516f30, RBX=0x0000000081a6d240, RCX=0x0000025b971e95c0, RDX=0x0000000000000006
RSP=0x00000089293feea0, RBP=0x00000089293fef10, RSI=0x0000000081a6d1d8, RDI=0x000000008a5099e0
R8 =0x0000000000000004, R9 =0x0000000000000000, R10=0x0000025bf8041000, R11=0x0000000000000246
R12=0x0000000000000000, R13=0x0000000081a6d1e8, R14=0x0000000081a6d240, R15=0x0000025b97e3c800
RIP=0x0000021b80009f16, EFLAGS=0x0000000000010246

Top of Stack: (sp=0x00000089293feea0)
0x00000089293feea0:   0000025b80009f16 00000000808300f0
0x00000089293feeb0:   00000000000000c8 0000000000000000
0x00000089293feec0:   0000000081a6d1a8 00000089293feec8
0x00000089293feed0:   0000025b9961230c 00000089293fef38
0x00000089293feee0:   0000025b996124a0 0000000000000000
0x00000089293feef0:   0000000081efca28 0000025b996123e0
0x00000089293fef00:   00000089293feea8 00000089293fef40
0x00000089293fef10:   00000089293ff110 0000025b8176c0bc
0x00000089293fef20:   0000000000000000 0000000000000000
0x00000089293fef30:   000000008a570028 000000008a56fff0
0x00000089293fef40:   00000089293fefd0 00000089293ff158
0x00000089293fef50:   0000000081a6db78 0000025b87c34754
0x00000089293fef60:   00000089293ff000 00007ffc82c7589e
0x00000089293fef70:   00000089293ff110 0000025b81482d9c
0x00000089293fef80:   0000000000000000 00007ffc827f00d1
0x00000089293fef90:   0000025b97e3c800 0000025b97e3c800 

Instructions: (pc=0x0000021b80009f16)
0x0000021b80009e16:   ?? ?? ?? ?? ?? ?? ?? ?? ?? ?? ?? ?? ?? ?? ?? ??
0x0000021b80009e26:   ?? ?? ?? ?? ?? ?? ?? ?? ?? ?? ?? ?? ?? ?? ?? ??
0x0000021b80009e36:   ?? ?? ?? ?? ?? ?? ?? ?? ?? ?? ?? ?? ?? ?? ?? ??
0x0000021b80009e46:   ?? ?? ?? ?? ?? ?? ?? ?? ?? ?? ?? ?? ?? ?? ?? ??
0x0000021b80009e56:   ?? ?? ?? ?? ?? ?? ?? ?? ?? ?? ?? ?? ?? ?? ?? ??
0x0000021b80009e66:   ?? ?? ?? ?? ?? ?? ?? ?? ?? ?? ?? ?? ?? ?? ?? ??
0x0000021b80009e76:   ?? ?? ?? ?? ?? ?? ?? ?? ?? ?? ?? ?? ?? ?? ?? ??
0x0000021b80009e86:   ?? ?? ?? ?? ?? ?? ?? ?? ?? ?? ?? ?? ?? ?? ?? ??
0x0000021b80009e96:   ?? ?? ?? ?? ?? ?? ?? ?? ?? ?? ?? ?? ?? ?? ?? ??
0x0000021b80009ea6:   ?? ?? ?? ?? ?? ?? ?? ?? ?? ?? ?? ?? ?? ?? ?? ??
0x0000021b80009eb6:   ?? ?? ?? ?? ?? ?? ?? ?? ?? ?? ?? ?? ?? ?? ?? ??
0x0000021b80009ec6:   ?? ?? ?? ?? ?? ?? ?? ?? ?? ?? ?? ?? ?? ?? ?? ??
0x0000021b80009ed6:   ?? ?? ?? ?? ?? ?? ?? ?? ?? ?? ?? ?? ?? ?? ?? ??
0x0000021b80009ee6:   ?? ?? ?? ?? ?? ?? ?? ?? ?? ?? ?? ?? ?? ?? ?? ??
0x0000021b80009ef6:   ?? ?? ?? ?? ?? ?? ?? ?? ?? ?? ?? ?? ?? ?? ?? ??
0x0000021b80009f06:   ?? ?? ?? ?? ?? ?? ?? ?? ?? ?? ?? ?? ?? ?? ?? ??
0x0000021b80009f16:   ?? ?? ?? ?? ?? ?? ?? ?? ?? ?? ?? ?? ?? ?? ?? ??
0x0000021b80009f26:   ?? ?? ?? ?? ?? ?? ?? ?? ?? ?? ?? ?? ?? ?? ?? ??
0x0000021b80009f36:   ?? ?? ?? ?? ?? ?? ?? ?? ?? ?? ?? ?? ?? ?? ?? ??
0x0000021b80009f46:   ?? ?? ?? ?? ?? ?? ?? ?? ?? ?? ?? ?? ?? ?? ?? ??
0x0000021b80009f56:   ?? ?? ?? ?? ?? ?? ?? ?? ?? ?? ?? ?? ?? ?? ?? ??
0x0000021b80009f66:   ?? ?? ?? ?? ?? ?? ?? ?? ?? ?? ?? ?? ?? ?? ?? ??
0x0000021b80009f76:   ?? ?? ?? ?? ?? ?? ?? ?? ?? ?? ?? ?? ?? ?? ?? ??
0x0000021b80009f86:   ?? ?? ?? ?? ?? ?? ?? ?? ?? ?? ?? ?? ?? ?? ?? ??
0x0000021b80009f96:   ?? ?? ?? ?? ?? ?? ?? ?? ?? ?? ?? ?? ?? ?? ?? ??
0x0000021b80009fa6:   ?? ?? ?? ?? ?? ?? ?? ?? ?? ?? ?? ?? ?? ?? ?? ??
0x0000021b80009fb6:   ?? ?? ?? ?? ?? ?? ?? ?? ?? ?? ?? ?? ?? ?? ?? ??
0x0000021b80009fc6:   ?? ?? ?? ?? ?? ?? ?? ?? ?? ?? ?? ?? ?? ?? ?? ??
0x0000021b80009fd6:   ?? ?? ?? ?? ?? ?? ?? ?? ?? ?? ?? ?? ?? ?? ?? ??
0x0000021b80009fe6:   ?? ?? ?? ?? ?? ?? ?? ?? ?? ?? ?? ?? ?? ?? ?? ??
0x0000021b80009ff6:   ?? ?? ?? ?? ?? ?? ?? ?? ?? ?? ?? ?? ?? ?? ?? ??
0x0000021b8000a006:   ?? ?? ?? ?? ?? ?? ?? ?? ?? ?? ?? ?? ?? ?? ?? ?? 


Stack slot to memory mapping:
stack at sp + 0 slots: 0x0000025b80009f16 is at code_begin+1878 in an Interpreter codelet
invoke return entry points  [0x0000025b800097c0, 0x0000025b8000a1a0]  2528 bytes
stack at sp + 1 slots: 0x00000000808300f0 is an oop: java.util.concurrent.TimeUnit 
{0x00000000808300f0} - klass: 'java/util/concurrent/TimeUnit'
stack at sp + 2 slots: 0x00000000000000c8 is an unknown value
stack at sp + 3 slots: 0x0 is NULL
stack at sp + 4 slots: 0x0000000081a6d1a8 is an oop: java.util.concurrent.ArrayBlockingQueue 
{0x0000000081a6d1a8} - klass: 'java/util/concurrent/ArrayBlockingQueue'
stack at sp + 5 slots: 0x00000089293feec8 is pointing into the stack for thread: 0x0000025b97e3c800
stack at sp + 6 slots: 0x0000025b9961230c is pointing into metadata
stack at sp + 7 slots: 0x00000089293fef38 is pointing into the stack for thread: 0x0000025b97e3c800


---------------  P R O C E S S  ---------------

Threads class SMR info:
_java_thread_list=0x0000025b985cdbe0, length=49, elements={
0x0000025bfa0f9800, 0x0000025bfecc9800, 0x0000025bfeccd800, 0x0000025bff646800,
0x0000025bff648000, 0x0000025bff649800, 0x0000025bff652000, 0x0000025bfece9800,
0x0000025bfeceb800, 0x0000025bff78b800, 0x0000025b952d3800, 0x0000025bff7b5000,
0x0000025b973ea000, 0x0000025b978bb000, 0x0000025b978bc000, 0x0000025b978be800,
0x0000025b978bd000, 0x0000025b978c0000, 0x0000025b978bd800, 0x0000025b978ba800,
0x0000025b97e40000, 0x0000025b97e40800, 0x0000025b97e3c800, 0x0000025b97e3d800,
0x0000025b95068000, 0x0000025b95063800, 0x0000025b95064000, 0x0000025b9506a000,
0x0000025b95065000, 0x0000025b97e3e000, 0x0000025b97e46800, 0x0000025b97e47000,
0x0000025b97e41800, 0x0000025b97e42800, 0x0000025b97e49800, 0x0000025b97e49000,
0x0000025b97e4a800, 0x0000025b978bf800, 0x0000025b978b9800, 0x0000025b9a223800,
0x0000025b9a224800, 0x0000025b9a223000, 0x0000025b9a228800, 0x0000025b9a225000,
0x0000025b9a227800, 0x0000025b9a229800, 0x0000025b9a22b000, 0x0000025b9a22a000,
0x0000025b9a22b800
}

Java Threads: ( => current thread )
  0x0000025bfa0f9800 JavaThread "main" [_thread_blocked, id=9392, stack(0x0000008926700000,0x0000008926800000)]
  0x0000025bfecc9800 JavaThread "Reference Handler" daemon [_thread_blocked, id=15064, stack(0x0000008926e00000,0x0000008926f00000)]
  0x0000025bfeccd800 JavaThread "Finalizer" daemon [_thread_blocked, id=16340, stack(0x0000008926f00000,0x0000008927000000)]
  0x0000025bff646800 JavaThread "Signal Dispatcher" daemon [_thread_blocked, id=7192, stack(0x0000008927000000,0x0000008927100000)]
  0x0000025bff648000 JavaThread "Attach Listener" daemon [_thread_blocked, id=3708, stack(0x0000008927100000,0x0000008927200000)]
  0x0000025bff649800 JavaThread "Service Thread" daemon [_thread_blocked, id=17156, stack(0x0000008927200000,0x0000008927300000)]
  0x0000025bff652000 JavaThread "C2 CompilerThread0" daemon [_thread_blocked, id=8844, stack(0x0000008927300000,0x0000008927400000)]
  0x0000025bfece9800 JavaThread "C1 CompilerThread0" daemon [_thread_blocked, id=10588, stack(0x0000008927400000,0x0000008927500000)]
  0x0000025bfeceb800 JavaThread "Sweeper thread" daemon [_thread_blocked, id=7124, stack(0x0000008927500000,0x0000008927600000)]
  0x0000025bff78b800 JavaThread "Common-Cleaner" daemon [_thread_blocked, id=6636, stack(0x0000008927600000,0x0000008927700000)]
  0x0000025b952d3800 JavaThread "Daemon health stats" [_thread_blocked, id=8552, stack(0x0000008927b00000,0x0000008927c00000)]
  0x0000025bff7b5000 JavaThread "Incoming local TCP Connector on port 58084" [_thread_in_native, id=9320, stack(0x0000008927800000,0x0000008927900000)]
  0x0000025b973ea000 JavaThread "Daemon periodic checks" [_thread_blocked, id=15296, stack(0x0000008927c00000,0x0000008927d00000)]
  0x0000025b978bb000 JavaThread "Cache worker for file hash cache (C:\Users\vbinu\.gradle\caches\7.0.2\fileHashes)" [_thread_blocked, id=13428, stack(0x0000008928500000,0x0000008928600000)]
  0x0000025b978bc000 JavaThread "File lock request listener" [_thread_in_native, id=17588, stack(0x0000008928600000,0x0000008928700000)]
  0x0000025b978be800 JavaThread "Cache worker for journal cache (C:\Users\vbinu\.gradle\caches\journal-1)" [_thread_blocked, id=17300, stack(0x0000008928700000,0x0000008928800000)]
  0x0000025b978bd000 JavaThread "File watcher server" daemon [_thread_blocked, id=3668, stack(0x0000008928a00000,0x0000008928b00000)]
  0x0000025b978c0000 JavaThread "File watcher consumer" daemon [_thread_blocked, id=13044, stack(0x0000008928b00000,0x0000008928c00000)]
  0x0000025b978bd800 JavaThread "jar transforms" [_thread_blocked, id=11980, stack(0x0000008928c00000,0x0000008928d00000)]
  0x0000025b978ba800 JavaThread "jar transforms Thread 2" [_thread_blocked, id=16280, stack(0x0000008928d00000,0x0000008928e00000)]
  0x0000025b97e40000 JavaThread "jar transforms Thread 3" [_thread_blocked, id=12600, stack(0x0000008928e00000,0x0000008928f00000)]
  0x0000025b97e40800 JavaThread "jar transforms Thread 4" [_thread_blocked, id=1312, stack(0x0000008928f00000,0x0000008929000000)]
=>0x0000025b97e3c800 JavaThread "Cache worker for execution history cache (C:\Users\vbinu\.gradle\caches\7.0.2\executionHistory)" [_thread_in_Java, id=15920, stack(0x0000008929300000,0x0000008929400000)]
  0x0000025b97e3d800 JavaThread "Cache worker for file content cache (C:\Users\vbinu\.gradle\caches\7.0.2\fileContent)" [_thread_blocked, id=6776, stack(0x0000008929400000,0x0000008929500000)]
  0x0000025b95068000 JavaThread "Memory manager" [_thread_blocked, id=18096, stack(0x0000008929e00000,0x0000008929f00000)]
  0x0000025b95063800 JavaThread "Daemon Thread 2" [_thread_blocked, id=4044, stack(0x0000008926400000,0x0000008926500000)]
  0x0000025b95064000 JavaThread "Handler for socket connection from /127.0.0.1:58084 to /127.0.0.1:58229" [_thread_in_native, id=17180, stack(0x0000008926500000,0x0000008926600000)]
  0x0000025b9506a000 JavaThread "Cancel handler" [_thread_blocked, id=13788, stack(0x0000008926600000,0x0000008926700000)]
  0x0000025b95065000 JavaThread "Daemon worker Thread 2" [_thread_blocked, id=15352, stack(0x0000008927d00000,0x0000008927e00000)]
  0x0000025b97e3e000 JavaThread "Asynchronous log dispatcher for DefaultDaemonConnection: socket connection from /127.0.0.1:58084 to /127.0.0.1:58229" [_thread_blocked, id=17644, stack(0x0000008927e00000,0x0000008927f00000)]
  0x0000025b97e46800 JavaThread "Stdin handler" [_thread_blocked, id=7888, stack(0x0000008927f00000,0x0000008928000000)]
  0x0000025b97e47000 JavaThread "Daemon client event forwarder" [_thread_blocked, id=10636, stack(0x0000008928000000,0x0000008928100000)]
  0x0000025b97e41800 JavaThread "Cache worker for file hash cache (D:\AndroidStudioProjects\taguigscholarship\.gradle\7.0.2\fileHashes)" [_thread_blocked, id=17068, stack(0x0000008928100000,0x0000008928200000)]
  0x0000025b97e42800 JavaThread "Cache worker for checksums cache (D:\AndroidStudioProjects\taguigscholarship\.gradle\checksums)" [_thread_blocked, id=13556, stack(0x0000008928300000,0x0000008928400000)]
  0x0000025b97e49800 JavaThread "Cache worker for cache directory md-supplier (C:\Users\vbinu\.gradle\caches\7.0.2\md-supplier)" [_thread_blocked, id=2872, stack(0x0000008928800000,0x0000008928900000)]
  0x0000025b97e49000 JavaThread "Cache worker for cache directory md-rule (C:\Users\vbinu\.gradle\caches\7.0.2\md-rule)" [_thread_blocked, id=13936, stack(0x0000008928900000,0x0000008928a00000)]
  0x0000025b97e4a800 JavaThread "Cache worker for dependencies-accessors (D:\AndroidStudioProjects\taguigscholarship\.gradle\7.0.2\dependencies-accessors)" [_thread_blocked, id=12432, stack(0x0000008929000000,0x0000008929100000)]
  0x0000025b978bf800 JavaThread "Cache worker for Build Output Cleanup Cache (D:\AndroidStudioProjects\taguigscholarship\.gradle\buildOutputCleanup)" [_thread_blocked, id=1528, stack(0x0000008929100000,0x0000008929200000)]
  0x0000025b978b9800 JavaThread "Build operations" [_thread_blocked, id=6936, stack(0x0000008929200000,0x0000008929300000)]
  0x0000025b9a223800 JavaThread "Build operations Thread 2" [_thread_in_vm, id=14036, stack(0x0000008929500000,0x0000008929600000)]
  0x0000025b9a224800 JavaThread "Build operations Thread 3" [_thread_blocked, id=12992, stack(0x0000008929600000,0x0000008929700000)]
  0x0000025b9a223000 JavaThread "Build operations Thread 4" [_thread_blocked, id=4476, stack(0x0000008929700000,0x0000008929800000)]
  0x0000025b9a228800 JavaThread "build event listener" [_thread_blocked, id=17448, stack(0x0000008929800000,0x0000008929900000)]
  0x0000025b9a225000 JavaThread "Execution worker for ':'" [_thread_blocked, id=13172, stack(0x0000008929900000,0x0000008929a00000)]
  0x0000025b9a227800 JavaThread "Execution worker for ':' Thread 2" [_thread_blocked, id=10496, stack(0x0000008929a00000,0x0000008929b00000)]
  0x0000025b9a229800 JavaThread "Execution worker for ':' Thread 3" [_thread_blocked, id=5236, stack(0x0000008929b00000,0x0000008929c00000)]
  0x0000025b9a22b000 JavaThread "Cache worker for execution history cache (D:\AndroidStudioProjects\taguigscholarship\.gradle\7.0.2\executionHistory)" [_thread_blocked, id=16784, stack(0x0000008929c00000,0x0000008929d00000)]
  0x0000025b9a22a000 JavaThread "C2 CompilerThread1" daemon [_thread_blocked, id=10308, stack(0x0000008928200000,0x0000008928300000)]
  0x0000025b9a22b800 JavaThread "WorkerExecutor Queue" [_thread_blocked, id=9464, stack(0x0000008929d00000,0x0000008929e00000)]

Other Threads:
  0x0000025bfecc6800 VMThread "VM Thread" [stack: 0x0000008926d00000,0x0000008926e00000] [id=5928] _threads_hazard_ptr=0x0000025b985cdbe0
  0x0000025bff807000 WatcherThread [stack: 0x0000008927700000,0x0000008927800000] [id=6480]
  0x0000025bfa111000 GCTaskThread "GC Thread#0" [stack: 0x0000008926800000,0x0000008926900000] [id=14792]
  0x0000025b958e8000 GCTaskThread "GC Thread#1" [stack: 0x0000008927900000,0x0000008927a00000] [id=9760]
  0x0000025b95bcb800 GCTaskThread "GC Thread#2" [stack: 0x0000008927a00000,0x0000008927b00000] [id=12564]
  0x0000025b96b9d800 GCTaskThread "GC Thread#3" [stack: 0x0000008928400000,0x0000008928500000] [id=11236]
  0x0000025bfa144800 ConcurrentGCThread "G1 Main Marker" [stack: 0x0000008926900000,0x0000008926a00000] [id=9108]
  0x0000025bfa146000 ConcurrentGCThread "G1 Conc#0" [stack: 0x0000008926a00000,0x0000008926b00000] [id=4244]
  0x0000025bfeb17000 ConcurrentGCThread "G1 Refine#0" [stack: 0x0000008926b00000,0x0000008926c00000] [id=9660]
  0x0000025bfeb18000 ConcurrentGCThread "G1 Young RemSet Sampling" [stack: 0x0000008926c00000,0x0000008926d00000] [id=14712]

Threads with active compile tasks:
C2 CompilerThread01471019 16201       4       org.gradle.internal.fingerprint.classpath.impl.ClasspathFingerprintingStrategy$ClasspathFingerprintingVisitor::visitEntry (20 bytes)
C1 CompilerThread01471019 16204       3       org.gradle.internal.file.FilePathUtil::sizeOfCommonPrefix (142 bytes)
C2 CompilerThread11471019 16190       4       org.gradle.api.internal.artifacts.transform.ConsumerProvidedVariantFinder::getCache (41 bytes)

VM state:synchronizing (normal execution)

VM Mutex/Monitor currently owned by a thread:  ([mutex/lock_event])
[0x0000025bfa0f6720] Safepoint_lock - owner thread: 0x0000025bfecc6800
[0x0000025bfa0f5eb0] Threads_lock - owner thread: 0x0000025bfecc6800

Heap address: 0x0000000080000000, size: 2048 MB, Compressed Oops mode: 32-bit
Narrow klass base: 0x0000000000000000, Narrow klass shift: 3
Compressed class space size: 1073741824 Address: 0x0000000100000000

Heap:
 garbage-first heap   total 187392K, used 131142K [0x0000000080000000, 0x0000000100000000)
  region size 1024K, 25 young (25600K), 7 survivors (7168K)
 Metaspace       used 111844K, capacity 114902K, committed 115072K, reserved 1148928K
  class space    used 14135K, capacity 15225K, committed 15232K, reserved 1048576K
Heap Regions: E=young(eden), S=young(survivor), O=old, HS=humongous(starts), HC=humongous(continues), CS=collection set, F=free, A=archive, TAMS=top-at-mark-start (previous, next)
|   0|0x0000000080000000, 0x0000000080100000, 0x0000000080100000|100%| O|  |TAMS 0x0000000080100000, 0x0000000080000000| Untracked 
|   1|0x0000000080100000, 0x0000000080200000, 0x0000000080200000|100%| O|  |TAMS 0x0000000080200000, 0x0000000080100000| Untracked 
|   2|0x0000000080200000, 0x0000000080300000, 0x0000000080300000|100%| O|  |TAMS 0x0000000080300000, 0x0000000080200000| Untracked 
|   3|0x0000000080300000, 0x0000000080400000, 0x0000000080400000|100%|HS|  |TAMS 0x0000000080400000, 0x0000000080300000| Complete 
|   4|0x0000000080400000, 0x0000000080500000, 0x0000000080500000|100%|HC|  |TAMS 0x0000000080500000, 0x0000000080400000| Complete 
|   5|0x0000000080500000, 0x0000000080600000, 0x0000000080600000|100%|HC|  |TAMS 0x0000000080600000, 0x0000000080500000| Complete 
|   6|0x0000000080600000, 0x0000000080700000, 0x0000000080700000|100%| O|  |TAMS 0x0000000080700000, 0x0000000080600000| Untracked 
|   7|0x0000000080700000, 0x0000000080800000, 0x0000000080800000|100%| O|  |TAMS 0x0000000080800000, 0x0000000080700000| Untracked 
|   8|0x0000000080800000, 0x0000000080900000, 0x0000000080900000|100%| O|  |TAMS 0x0000000080900000, 0x0000000080800000| Untracked 
|   9|0x0000000080900000, 0x0000000080a00000, 0x0000000080a00000|100%| O|  |TAMS 0x0000000080a00000, 0x0000000080900000| Untracked 
|  10|0x0000000080a00000, 0x0000000080b00000, 0x0000000080b00000|100%| O|  |TAMS 0x0000000080b00000, 0x0000000080a00000| Untracked 
|  11|0x0000000080b00000, 0x0000000080c00000, 0x0000000080c00000|100%| O|  |TAMS 0x0000000080c00000, 0x0000000080b00000| Untracked 
|  12|0x0000000080c00000, 0x0000000080d00000, 0x0000000080d00000|100%| O|  |TAMS 0x0000000080d00000, 0x0000000080c00000| Untracked 
|  13|0x0000000080d00000, 0x0000000080e00000, 0x0000000080e00000|100%| O|  |TAMS 0x0000000080e00000, 0x0000000080d00000| Untracked 
|  14|0x0000000080e00000, 0x0000000080f00000, 0x0000000080f00000|100%| O|  |TAMS 0x0000000080f00000, 0x0000000080e00000| Untracked 
|  15|0x0000000080f00000, 0x0000000081000000, 0x0000000081000000|100%| O|  |TAMS 0x0000000081000000, 0x0000000080f00000| Untracked 
|  16|0x0000000081000000, 0x0000000081100000, 0x0000000081100000|100%|HS|  |TAMS 0x0000000081100000, 0x0000000081000000| Complete 
|  17|0x0000000081100000, 0x0000000081200000, 0x0000000081200000|100%|HC|  |TAMS 0x0000000081200000, 0x0000000081100000| Complete 
|  18|0x0000000081200000, 0x0000000081300000, 0x0000000081300000|100%|HS|  |TAMS 0x0000000081300000, 0x0000000081200000| Complete 
|  19|0x0000000081300000, 0x0000000081400000, 0x0000000081400000|100%|HC|  |TAMS 0x0000000081400000, 0x0000000081300000| Complete 
|  20|0x0000000081400000, 0x0000000081500000, 0x0000000081500000|100%|HC|  |TAMS 0x0000000081500000, 0x0000000081400000| Complete 
|  21|0x0000000081500000, 0x0000000081600000, 0x0000000081600000|100%|HS|  |TAMS 0x0000000081600000, 0x0000000081500000| Complete 
|  22|0x0000000081600000, 0x0000000081700000, 0x0000000081700000|100%|HC|  |TAMS 0x0000000081700000, 0x0000000081600000| Complete 
|  23|0x0000000081700000, 0x0000000081800000, 0x0000000081800000|100%|HC|  |TAMS 0x0000000081800000, 0x0000000081700000| Complete 
|  24|0x0000000081800000, 0x0000000081900000, 0x0000000081900000|100%|HC|  |TAMS 0x0000000081900000, 0x0000000081800000| Complete 
|  25|0x0000000081900000, 0x0000000081a00000, 0x0000000081a00000|100%|HC|  |TAMS 0x0000000081a00000, 0x0000000081900000| Complete 
|  26|0x0000000081a00000, 0x0000000081b00000, 0x0000000081b00000|100%| O|  |TAMS 0x0000000081b00000, 0x0000000081a00000| Untracked 
|  27|0x0000000081b00000, 0x0000000081c00000, 0x0000000081c00000|100%| O|  |TAMS 0x0000000081c00000, 0x0000000081b00000| Untracked 
|  28|0x0000000081c00000, 0x0000000081d00000, 0x0000000081d00000|100%| O|  |TAMS 0x0000000081d00000, 0x0000000081c00000| Untracked 
|  29|0x0000000081d00000, 0x0000000081e00000, 0x0000000081e00000|100%| O|  |TAMS 0x0000000081e00000, 0x0000000081d00000| Untracked 
|  30|0x0000000081e00000, 0x0000000081f00000, 0x0000000081f00000|100%| O|  |TAMS 0x0000000081f00000, 0x0000000081e00000| Untracked 
|  31|0x0000000081f00000, 0x0000000082000000, 0x0000000082000000|100%| O|  |TAMS 0x0000000082000000, 0x0000000081f00000| Untracked 
|  32|0x0000000082000000, 0x0000000082100000, 0x0000000082100000|100%| O|  |TAMS 0x0000000082100000, 0x0000000082000000| Untracked 
|  33|0x0000000082100000, 0x0000000082200000, 0x0000000082200000|100%| O|  |TAMS 0x0000000082200000, 0x0000000082100000| Untracked 
|  34|0x0000000082200000, 0x0000000082300000, 0x0000000082300000|100%| O|  |TAMS 0x0000000082300000, 0x0000000082200000| Untracked 
|  35|0x0000000082300000, 0x0000000082400000, 0x0000000082400000|100%| O|  |TAMS 0x0000000082400000, 0x0000000082300000| Untracked 
|  36|0x0000000082400000, 0x0000000082500000, 0x0000000082500000|100%| O|  |TAMS 0x0000000082500000, 0x0000000082400000| Untracked 
|  37|0x0000000082500000, 0x0000000082600000, 0x0000000082600000|100%| O|  |TAMS 0x0000000082600000, 0x0000000082500000| Untracked 
|  38|0x0000000082600000, 0x0000000082700000, 0x0000000082700000|100%|HS|  |TAMS 0x0000000082700000, 0x0000000082600000| Complete 
|  39|0x0000000082700000, 0x0000000082800000, 0x0000000082800000|100%|HC|  |TAMS 0x0000000082800000, 0x0000000082700000| Complete 
|  40|0x0000000082800000, 0x0000000082900000, 0x0000000082900000|100%|HC|  |TAMS 0x0000000082900000, 0x0000000082800000| Complete 
|  41|0x0000000082900000, 0x0000000082a00000, 0x0000000082a00000|100%|HC|  |TAMS 0x0000000082a00000, 0x0000000082900000| Complete 
|  42|0x0000000082a00000, 0x0000000082b00000, 0x0000000082b00000|100%|HC|  |TAMS 0x0000000082b00000, 0x0000000082a00000| Complete 
|  43|0x0000000082b00000, 0x0000000082c00000, 0x0000000082c00000|100%| O|  |TAMS 0x0000000082c00000, 0x0000000082b00000| Untracked 
|  44|0x0000000082c00000, 0x0000000082d00000, 0x0000000082d00000|100%| O|  |TAMS 0x0000000082d00000, 0x0000000082c00000| Untracked 
|  45|0x0000000082d00000, 0x0000000082e00000, 0x0000000082e00000|100%|HS|  |TAMS 0x0000000082e00000, 0x0000000082d00000| Complete 
|  46|0x0000000082e00000, 0x0000000082f00000, 0x0000000082f00000|100%| O|  |TAMS 0x0000000082f00000, 0x0000000082e00000| Untracked 
|  47|0x0000000082f00000, 0x0000000083000000, 0x0000000083000000|100%| O|  |TAMS 0x0000000083000000, 0x0000000082f00000| Untracked 
|  48|0x0000000083000000, 0x0000000083100000, 0x0000000083100000|100%| O|  |TAMS 0x0000000083100000, 0x0000000083000000| Untracked 
|  49|0x0000000083100000, 0x0000000083200000, 0x0000000083200000|100%| O|  |TAMS 0x0000000083200000, 0x0000000083100000| Untracked 
|  50|0x0000000083200000, 0x0000000083300000, 0x0000000083300000|100%| O|  |TAMS 0x0000000083300000, 0x0000000083200000| Untracked 
|  51|0x0000000083300000, 0x0000000083400000, 0x0000000083400000|100%| O|  |TAMS 0x0000000083400000, 0x0000000083300000| Untracked 
|  52|0x0000000083400000, 0x0000000083500000, 0x0000000083500000|100%|HS|  |TAMS 0x0000000083500000, 0x0000000083400000| Complete 
|  53|0x0000000083500000, 0x0000000083600000, 0x0000000083600000|100%|HC|  |TAMS 0x0000000083600000, 0x0000000083500000| Complete 
|  54|0x0000000083600000, 0x0000000083700000, 0x0000000083700000|100%|HC|  |TAMS 0x0000000083700000, 0x0000000083600000| Complete 
|  55|0x0000000083700000, 0x0000000083800000, 0x0000000083800000|100%| O|  |TAMS 0x0000000083800000, 0x0000000083700000| Untracked 
|  56|0x0000000083800000, 0x0000000083900000, 0x0000000083900000|100%| O|  |TAMS 0x0000000083900000, 0x0000000083800000| Untracked 
|  57|0x0000000083900000, 0x0000000083a00000, 0x0000000083a00000|100%| O|  |TAMS 0x0000000083a00000, 0x0000000083900000| Untracked 
|  58|0x0000000083a00000, 0x0000000083b00000, 0x0000000083b00000|100%| O|  |TAMS 0x0000000083b00000, 0x0000000083a00000| Untracked 
|  59|0x0000000083b00000, 0x0000000083c00000, 0x0000000083c00000|100%| O|  |TAMS 0x0000000083c00000, 0x0000000083b00000| Untracked 
|  60|0x0000000083c00000, 0x0000000083d00000, 0x0000000083d00000|100%| O|  |TAMS 0x0000000083d00000, 0x0000000083c00000| Untracked 
|  61|0x0000000083d00000, 0x0000000083e00000, 0x0000000083e00000|100%| O|  |TAMS 0x0000000083e00000, 0x0000000083d00000| Untracked 
|  62|0x0000000083e00000, 0x0000000083f00000, 0x0000000083f00000|100%| O|  |TAMS 0x0000000083f00000, 0x0000000083e00000| Untracked 
|  63|0x0000000083f00000, 0x0000000084000000, 0x0000000084000000|100%| O|  |TAMS 0x0000000084000000, 0x0000000083f00000| Untracked 
|  64|0x0000000084000000, 0x0000000084100000, 0x0000000084100000|100%| O|  |TAMS 0x0000000084100000, 0x0000000084000000| Untracked 
|  65|0x0000000084100000, 0x0000000084200000, 0x0000000084200000|100%|HS|  |TAMS 0x0000000084200000, 0x0000000084100000| Complete 
|  66|0x0000000084200000, 0x0000000084300000, 0x0000000084300000|100%| O|  |TAMS 0x0000000084300000, 0x0000000084200000| Untracked 
|  67|0x0000000084300000, 0x0000000084400000, 0x0000000084400000|100%| O|  |TAMS 0x0000000084400000, 0x0000000084300000| Untracked 
|  68|0x0000000084400000, 0x0000000084500000, 0x0000000084500000|100%| O|  |TAMS 0x0000000084500000, 0x0000000084400000| Untracked 
|  69|0x0000000084500000, 0x0000000084600000, 0x0000000084600000|100%| O|  |TAMS 0x0000000084600000, 0x0000000084500000| Untracked 
|  70|0x0000000084600000, 0x0000000084700000, 0x0000000084700000|100%|HS|  |TAMS 0x0000000084700000, 0x0000000084600000| Complete 
|  71|0x0000000084700000, 0x0000000084800000, 0x0000000084800000|100%|HC|  |TAMS 0x0000000084800000, 0x0000000084700000| Complete 
|  72|0x0000000084800000, 0x0000000084900000, 0x0000000084900000|100%| O|  |TAMS 0x0000000084900000, 0x0000000084800000| Untracked 
|  73|0x0000000084900000, 0x0000000084a00000, 0x0000000084a00000|100%| O|  |TAMS 0x0000000084a00000, 0x0000000084900000| Untracked 
|  74|0x0000000084a00000, 0x0000000084b00000, 0x0000000084b00000|100%| O|  |TAMS 0x0000000084b00000, 0x0000000084a00000| Untracked 
|  75|0x0000000084b00000, 0x0000000084c00000, 0x0000000084c00000|100%| O|  |TAMS 0x0000000084c00000, 0x0000000084b00000| Untracked 
|  76|0x0000000084c00000, 0x0000000084d00000, 0x0000000084d00000|100%| O|  |TAMS 0x0000000084d00000, 0x0000000084c00000| Untracked 
|  77|0x0000000084d00000, 0x0000000084e00000, 0x0000000084e00000|100%| O|  |TAMS 0x0000000084e00000, 0x0000000084d00000| Untracked 
|  78|0x0000000084e00000, 0x0000000084f00000, 0x0000000084f00000|100%| O|  |TAMS 0x0000000084f00000, 0x0000000084e00000| Untracked 
|  79|0x0000000084f00000, 0x0000000085000000, 0x0000000085000000|100%| O|  |TAMS 0x0000000085000000, 0x0000000084f00000| Untracked 
|  80|0x0000000085000000, 0x0000000085100000, 0x0000000085100000|100%| O|  |TAMS 0x0000000085100000, 0x0000000085000000| Untracked 
|  81|0x0000000085100000, 0x0000000085200000, 0x0000000085200000|100%| O|  |TAMS 0x0000000085200000, 0x0000000085100000| Untracked 
|  82|0x0000000085200000, 0x0000000085300000, 0x0000000085300000|100%| O|  |TAMS 0x0000000085300000, 0x0000000085200000| Untracked 
|  83|0x0000000085300000, 0x0000000085400000, 0x0000000085400000|100%| O|  |TAMS 0x0000000085400000, 0x0000000085300000| Untracked 
|  84|0x0000000085400000, 0x0000000085500000, 0x0000000085500000|100%| O|  |TAMS 0x0000000085500000, 0x0000000085400000| Untracked 
|  85|0x0000000085500000, 0x0000000085600000, 0x0000000085600000|100%| O|  |TAMS 0x0000000085600000, 0x0000000085500000| Untracked 
|  86|0x0000000085600000, 0x0000000085700000, 0x0000000085700000|100%| O|  |TAMS 0x0000000085700000, 0x0000000085600000| Untracked 
|  87|0x0000000085700000, 0x0000000085800000, 0x0000000085800000|100%| O|  |TAMS 0x0000000085800000, 0x0000000085700000| Untracked 
|  88|0x0000000085800000, 0x0000000085900000, 0x0000000085900000|100%| O|  |TAMS 0x0000000085900000, 0x0000000085800000| Untracked 
|  89|0x0000000085900000, 0x0000000085a00000, 0x0000000085a00000|100%| O|  |TAMS 0x0000000085a00000, 0x0000000085900000| Untracked 
|  90|0x0000000085a00000, 0x0000000085b00000, 0x0000000085b00000|100%| O|  |TAMS 0x0000000085b00000, 0x0000000085a00000| Untracked 
|  91|0x0000000085b00000, 0x0000000085c00000, 0x0000000085c00000|100%| O|  |TAMS 0x0000000085c00000, 0x0000000085b00000| Untracked 
|  92|0x0000000085c00000, 0x0000000085d00000, 0x0000000085d00000|100%| O|  |TAMS 0x0000000085d00000, 0x0000000085c00000| Untracked 
|  93|0x0000000085d00000, 0x0000000085e00000, 0x0000000085e00000|100%| O|  |TAMS 0x0000000085e00000, 0x0000000085d00000| Untracked 
|  94|0x0000000085e00000, 0x0000000085f00000, 0x0000000085f00000|100%| O|  |TAMS 0x0000000085f00000, 0x0000000085e00000| Untracked 
|  95|0x0000000085f00000, 0x0000000086000000, 0x0000000086000000|100%| O|  |TAMS 0x0000000086000000, 0x0000000085f00000| Untracked 
|  96|0x0000000086000000, 0x0000000086100000, 0x0000000086100000|100%| O|  |TAMS 0x0000000086100000, 0x0000000086000000| Untracked 
|  97|0x0000000086100000, 0x0000000086200000, 0x0000000086200000|100%| O|  |TAMS 0x0000000086200000, 0x0000000086100000| Untracked 
|  98|0x0000000086200000, 0x0000000086300000, 0x0000000086300000|100%| O|  |TAMS 0x0000000086300000, 0x0000000086200000| Untracked 
|  99|0x0000000086300000, 0x0000000086400000, 0x0000000086400000|100%| O|  |TAMS 0x0000000086400000, 0x0000000086300000| Untracked 
| 100|0x0000000086400000, 0x0000000086500000, 0x0000000086500000|100%| O|  |TAMS 0x0000000086500000, 0x0000000086400000| Untracked 
| 101|0x0000000086500000, 0x0000000086600000, 0x0000000086600000|100%| O|  |TAMS 0x0000000086500000, 0x0000000086500000| Untracked 
| 102|0x0000000086600000, 0x000000008668f600, 0x0000000086700000| 56%| O|  |TAMS 0x0000000086600000, 0x0000000086600000| Untracked 
| 103|0x0000000086700000, 0x0000000086800000, 0x0000000086800000|100%| O|  |TAMS 0x0000000086800000, 0x0000000086700000| Untracked 
| 104|0x0000000086800000, 0x0000000086900000, 0x0000000086900000|100%| O|  |TAMS 0x0000000086900000, 0x0000000086800000| Untracked 
| 105|0x0000000086900000, 0x0000000086a00000, 0x0000000086a00000|100%| O|  |TAMS 0x0000000086967800, 0x0000000086900000| Untracked 
| 106|0x0000000086a00000, 0x0000000086a00000, 0x0000000086b00000|  0%| F|  |TAMS 0x0000000086a00000, 0x0000000086a00000| Untracked 
| 107|0x0000000086b00000, 0x0000000086b00000, 0x0000000086c00000|  0%| F|  |TAMS 0x0000000086b00000, 0x0000000086b00000| Untracked 
| 108|0x0000000086c00000, 0x0000000086c00000, 0x0000000086d00000|  0%| F|  |TAMS 0x0000000086c00000, 0x0000000086c00000| Untracked 
| 109|0x0000000086d00000, 0x0000000086d00000, 0x0000000086e00000|  0%| F|  |TAMS 0x0000000086d00000, 0x0000000086d00000| Untracked 
| 110|0x0000000086e00000, 0x0000000086e00000, 0x0000000086f00000|  0%| F|  |TAMS 0x0000000086e00000, 0x0000000086e00000| Untracked 
| 111|0x0000000086f00000, 0x0000000086f00000, 0x0000000087000000|  0%| F|  |TAMS 0x0000000086f00000, 0x0000000086f00000| Untracked 
| 112|0x0000000087000000, 0x0000000087000000, 0x0000000087100000|  0%| F|  |TAMS 0x0000000087000000, 0x0000000087000000| Untracked 
| 113|0x0000000087100000, 0x0000000087100000, 0x0000000087200000|  0%| F|  |TAMS 0x0000000087100000, 0x0000000087100000| Untracked 
| 114|0x0000000087200000, 0x0000000087200000, 0x0000000087300000|  0%| F|  |TAMS 0x0000000087200000, 0x0000000087200000| Untracked 
| 115|0x0000000087300000, 0x0000000087300000, 0x0000000087400000|  0%| F|  |TAMS 0x0000000087300000, 0x0000000087300000| Untracked 
| 116|0x0000000087400000, 0x0000000087400000, 0x0000000087500000|  0%| F|  |TAMS 0x0000000087400000, 0x0000000087400000| Untracked 
| 117|0x0000000087500000, 0x0000000087500000, 0x0000000087600000|  0%| F|  |TAMS 0x0000000087500000, 0x0000000087500000| Untracked 
| 118|0x0000000087600000, 0x0000000087600000, 0x0000000087700000|  0%| F|  |TAMS 0x0000000087600000, 0x0000000087600000| Untracked 
| 119|0x0000000087700000, 0x0000000087700000, 0x0000000087800000|  0%| F|  |TAMS 0x0000000087700000, 0x0000000087700000| Untracked 
| 120|0x0000000087800000, 0x0000000087800000, 0x0000000087900000|  0%| F|  |TAMS 0x0000000087800000, 0x0000000087800000| Untracked 
| 121|0x0000000087900000, 0x0000000087900000, 0x0000000087a00000|  0%| F|  |TAMS 0x0000000087900000, 0x0000000087900000| Untracked 
| 122|0x0000000087a00000, 0x0000000087a00000, 0x0000000087b00000|  0%| F|  |TAMS 0x0000000087a00000, 0x0000000087a00000| Untracked 
| 123|0x0000000087b00000, 0x0000000087b825c0, 0x0000000087c00000| 50%| S|CS|TAMS 0x0000000087b00000, 0x0000000087b00000| Complete 
| 124|0x0000000087c00000, 0x0000000087d00000, 0x0000000087d00000|100%| S|CS|TAMS 0x0000000087c00000, 0x0000000087c00000| Complete 
| 125|0x0000000087d00000, 0x0000000087e00000, 0x0000000087e00000|100%| S|CS|TAMS 0x0000000087d00000, 0x0000000087d00000| Complete 
| 126|0x0000000087e00000, 0x0000000087f00000, 0x0000000087f00000|100%| S|CS|TAMS 0x0000000087e00000, 0x0000000087e00000| Complete 
| 127|0x0000000087f00000, 0x0000000087f00000, 0x0000000088000000|  0%| F|  |TAMS 0x0000000087f00000, 0x0000000087f00000| Untracked 
| 128|0x0000000088000000, 0x0000000088000000, 0x0000000088100000|  0%| F|  |TAMS 0x0000000088000000, 0x0000000088000000| Untracked 
| 129|0x0000000088100000, 0x0000000088100000, 0x0000000088200000|  0%| F|  |TAMS 0x0000000088100000, 0x0000000088100000| Untracked 
| 130|0x0000000088200000, 0x0000000088200000, 0x0000000088300000|  0%| F|  |TAMS 0x0000000088200000, 0x0000000088200000| Untracked 
| 131|0x0000000088300000, 0x0000000088400000, 0x0000000088400000|100%| S|CS|TAMS 0x0000000088300000, 0x0000000088300000| Complete 
| 132|0x0000000088400000, 0x0000000088500000, 0x0000000088500000|100%| S|CS|TAMS 0x0000000088400000, 0x0000000088400000| Complete 
| 133|0x0000000088500000, 0x0000000088600000, 0x0000000088600000|100%| S|CS|TAMS 0x0000000088500000, 0x0000000088500000| Complete 
| 134|0x0000000088600000, 0x0000000088600000, 0x0000000088700000|  0%| F|  |TAMS 0x0000000088600000, 0x0000000088600000| Untracked 
| 135|0x0000000088700000, 0x0000000088700000, 0x0000000088800000|  0%| F|  |TAMS 0x0000000088700000, 0x0000000088700000| Untracked 
| 136|0x0000000088800000, 0x0000000088800000, 0x0000000088900000|  0%| F|  |TAMS 0x0000000088800000, 0x0000000088800000| Untracked 
| 137|0x0000000088900000, 0x0000000088900000, 0x0000000088a00000|  0%| F|  |TAMS 0x0000000088900000, 0x0000000088900000| Untracked 
| 138|0x0000000088a00000, 0x0000000088a00000, 0x0000000088b00000|  0%| F|  |TAMS 0x0000000088a00000, 0x0000000088a00000| Untracked 
| 139|0x0000000088b00000, 0x0000000088b00000, 0x0000000088c00000|  0%| F|  |TAMS 0x0000000088b00000, 0x0000000088b00000| Untracked 
| 140|0x0000000088c00000, 0x0000000088c00000, 0x0000000088d00000|  0%| F|  |TAMS 0x0000000088c00000, 0x0000000088c00000| Untracked 
| 141|0x0000000088d00000, 0x0000000088d00000, 0x0000000088e00000|  0%| F|  |TAMS 0x0000000088d00000, 0x0000000088d00000| Untracked 
| 142|0x0000000088e00000, 0x0000000088e00000, 0x0000000088f00000|  0%| F|  |TAMS 0x0000000088e00000, 0x0000000088e00000| Untracked 
| 143|0x0000000088f00000, 0x0000000088f00000, 0x0000000089000000|  0%| F|  |TAMS 0x0000000088f00000, 0x0000000088f00000| Untracked 
| 144|0x0000000089000000, 0x0000000089000000, 0x0000000089100000|  0%| F|  |TAMS 0x0000000089000000, 0x0000000089000000| Untracked 
| 145|0x0000000089100000, 0x0000000089100000, 0x0000000089200000|  0%| F|  |TAMS 0x0000000089100000, 0x0000000089100000| Untracked 
| 146|0x0000000089200000, 0x0000000089200000, 0x0000000089300000|  0%| F|  |TAMS 0x0000000089200000, 0x0000000089200000| Untracked 
| 147|0x0000000089300000, 0x0000000089300000, 0x0000000089400000|  0%| F|  |TAMS 0x0000000089300000, 0x0000000089300000| Untracked 
| 148|0x0000000089400000, 0x0000000089400000, 0x0000000089500000|  0%| F|  |TAMS 0x0000000089400000, 0x0000000089400000| Untracked 
| 149|0x0000000089500000, 0x0000000089500000, 0x0000000089600000|  0%| F|  |TAMS 0x0000000089500000, 0x0000000089500000| Untracked 
| 150|0x0000000089600000, 0x0000000089600000, 0x0000000089700000|  0%| F|  |TAMS 0x0000000089600000, 0x0000000089600000| Untracked 
| 151|0x0000000089700000, 0x0000000089700000, 0x0000000089800000|  0%| F|  |TAMS 0x0000000089700000, 0x0000000089700000| Untracked 
| 152|0x0000000089800000, 0x0000000089800000, 0x0000000089900000|  0%| F|  |TAMS 0x0000000089800000, 0x0000000089800000| Untracked 
| 153|0x0000000089900000, 0x0000000089900000, 0x0000000089a00000|  0%| F|  |TAMS 0x0000000089900000, 0x0000000089900000| Untracked 
| 154|0x0000000089a00000, 0x0000000089a00000, 0x0000000089b00000|  0%| F|  |TAMS 0x0000000089a00000, 0x0000000089a00000| Untracked 
| 155|0x0000000089b00000, 0x0000000089b00000, 0x0000000089c00000|  0%| F|  |TAMS 0x0000000089b00000, 0x0000000089b00000| Untracked 
| 156|0x0000000089c00000, 0x0000000089c00000, 0x0000000089d00000|  0%| F|  |TAMS 0x0000000089c00000, 0x0000000089c00000| Untracked 
| 157|0x0000000089d00000, 0x0000000089d00000, 0x0000000089e00000|  0%| F|  |TAMS 0x0000000089d00000, 0x0000000089d00000| Untracked 
| 158|0x0000000089e00000, 0x0000000089e00000, 0x0000000089f00000|  0%| F|  |TAMS 0x0000000089e00000, 0x0000000089e00000| Untracked 
| 159|0x0000000089f00000, 0x0000000089f00000, 0x000000008a000000|  0%| F|  |TAMS 0x0000000089f00000, 0x0000000089f00000| Untracked 
| 160|0x000000008a000000, 0x000000008a000000, 0x000000008a100000|  0%| F|  |TAMS 0x000000008a000000, 0x000000008a000000| Untracked 
| 161|0x000000008a100000, 0x000000008a100000, 0x000000008a200000|  0%| F|  |TAMS 0x000000008a100000, 0x000000008a100000| Untracked 
| 162|0x000000008a200000, 0x000000008a200000, 0x000000008a300000|  0%| F|  |TAMS 0x000000008a200000, 0x000000008a200000| Untracked 
| 163|0x000000008a300000, 0x000000008a300000, 0x000000008a400000|  0%| F|  |TAMS 0x000000008a300000, 0x000000008a300000| Untracked 
| 164|0x000000008a400000, 0x000000008a400000, 0x000000008a500000|  0%| F|  |TAMS 0x000000008a400000, 0x000000008a400000| Untracked 
| 165|0x000000008a500000, 0x000000008a5fa180, 0x000000008a600000| 97%| E|  |TAMS 0x000000008a500000, 0x000000008a500000| Complete 
| 166|0x000000008a600000, 0x000000008a700000, 0x000000008a700000|100%| E|CS|TAMS 0x000000008a600000, 0x000000008a600000| Complete 
| 167|0x000000008a700000, 0x000000008a800000, 0x000000008a800000|100%| E|CS|TAMS 0x000000008a700000, 0x000000008a700000| Complete 
| 168|0x000000008a800000, 0x000000008a900000, 0x000000008a900000|100%| E|CS|TAMS 0x000000008a800000, 0x000000008a800000| Complete 
| 169|0x000000008a900000, 0x000000008aa00000, 0x000000008aa00000|100%| E|CS|TAMS 0x000000008a900000, 0x000000008a900000| Complete 
| 170|0x000000008aa00000, 0x000000008ab00000, 0x000000008ab00000|100%| E|CS|TAMS 0x000000008aa00000, 0x000000008aa00000| Complete 
| 171|0x000000008ab00000, 0x000000008ac00000, 0x000000008ac00000|100%| E|CS|TAMS 0x000000008ab00000, 0x000000008ab00000| Complete 
| 172|0x000000008ac00000, 0x000000008ad00000, 0x000000008ad00000|100%| E|CS|TAMS 0x000000008ac00000, 0x000000008ac00000| Complete 
| 173|0x000000008ad00000, 0x000000008ae00000, 0x000000008ae00000|100%| E|CS|TAMS 0x000000008ad00000, 0x000000008ad00000| Complete 
| 174|0x000000008ae00000, 0x000000008af00000, 0x000000008af00000|100%| E|  |TAMS 0x000000008ae00000, 0x000000008ae00000| Complete 
| 175|0x000000008af00000, 0x000000008b000000, 0x000000008b000000|100%| E|CS|TAMS 0x000000008af00000, 0x000000008af00000| Complete 
| 176|0x000000008b000000, 0x000000008b100000, 0x000000008b100000|100%| E|CS|TAMS 0x000000008b000000, 0x000000008b000000| Complete 
| 177|0x000000008b100000, 0x000000008b200000, 0x000000008b200000|100%| E|CS|TAMS 0x000000008b100000, 0x000000008b100000| Complete 
| 178|0x000000008b200000, 0x000000008b300000, 0x000000008b300000|100%| E|CS|TAMS 0x000000008b200000, 0x000000008b200000| Complete 
| 179|0x000000008b300000, 0x000000008b400000, 0x000000008b400000|100%| E|CS|TAMS 0x000000008b300000, 0x000000008b300000| Complete 
| 180|0x000000008b400000, 0x000000008b500000, 0x000000008b500000|100%| E|CS|TAMS 0x000000008b400000, 0x000000008b400000| Complete 
| 181|0x000000008b500000, 0x000000008b600000, 0x000000008b600000|100%| E|CS|TAMS 0x000000008b500000, 0x000000008b500000| Complete 
| 182|0x000000008b600000, 0x000000008b700000, 0x000000008b700000|100%| E|CS|TAMS 0x000000008b600000, 0x000000008b600000| Complete 

Card table byte_map: [0x0000025bfdfd0000,0x0000025bfe3d0000] _byte_map_base: 0x0000025bfdbd0000

Marking Bits (Prev, Next): (CMBitMap*) 0x0000025bfa13bdc8, (CMBitMap*) 0x0000025bfa13be00
 Prev Bits: [0x0000025b8f000000, 0x0000025b91000000)
 Next Bits: [0x0000025b91000000, 0x0000025b93000000)

Polling page: 0x0000025bf8040000

Metaspace:

Usage:
  Non-class:     97.34 MB capacity,    95.42 MB ( 98%) used,     1.60 MB (  2%) free+waste,   329.94 KB ( <1%) overhead. 
      Class:     14.87 MB capacity,    13.80 MB ( 93%) used,   939.02 KB (  6%) free+waste,   150.81 KB ( <1%) overhead. 
       Both:    112.21 MB capacity,   109.22 MB ( 97%) used,     2.52 MB (  2%) free+waste,   480.75 KB ( <1%) overhead. 

Virtual space:
  Non-class space:       98.00 MB reserved,      97.50 MB (>99%) committed 
      Class space:        1.00 GB reserved,      14.88 MB (  1%) committed 
             Both:        1.10 GB reserved,     112.38 MB ( 10%) committed 

Chunk freelists:
   Non-Class:  35.00 KB
       Class:  7.00 KB
        Both:  42.00 KB

MaxMetaspaceSize: 17179869184.00 GB
CompressedClassSpaceSize: 1.00 GB

CodeHeap 'non-profiled nmethods': size=120064Kb used=11396Kb max_used=11677Kb free=108667Kb
 bounds [0x0000025b87ac0000, 0x0000025b88630000, 0x0000025b8f000000]
CodeHeap 'profiled nmethods': size=120000Kb used=33100Kb max_used=33100Kb free=86899Kb
 bounds [0x0000025b80590000, 0x0000025b82600000, 0x0000025b87ac0000]
CodeHeap 'non-nmethods': size=5696Kb used=2350Kb max_used=2408Kb free=3345Kb
 bounds [0x0000025b80000000, 0x0000025b80270000, 0x0000025b80590000]
 total_blobs=15637 nmethods=14677 adapters=871
 compilation: enabled
              stopped_count=0, restarted_count=0
 full_count=0

Compilation events (20 events):
Event: 1470.989 Thread 0x0000025bfece9800 nmethod 16183 0x0000025b825f2010 code [0x0000025b825f21e0, 0x0000025b825f2448]
Event: 1470.989 Thread 0x0000025bfece9800 16186       3       org.gradle.api.internal.artifacts.ivyservice.resolveengine.result.StreamingResolutionResultBuilder$$Lambda$631/0x0000000100865040::write (17 bytes)
Event: 1470.990 Thread 0x0000025bfece9800 nmethod 16186 0x0000025b825f2590 code [0x0000025b825f2740, 0x0000025b825f2888]
Event: 1470.991 Thread 0x0000025b9a22a000 nmethod 16184 0x0000025b87e39010 code [0x0000025b87e39200, 0x0000025b87e395c8]
Event: 1470.991 Thread 0x0000025b9a22a000 16191       4       org.gradle.internal.logging.slf4j.OutputEventListenerBackedLogger::isLevelAtMost (20 bytes)
Event: 1470.991 Thread 0x0000025bfece9800 16192       3       org.gradle.internal.execution.steps.IdentityCacheStep::execute (12 bytes)
Event: 1470.992 Thread 0x0000025bfece9800 nmethod 16192 0x0000025b825f2990 code [0x0000025b825f2b40, 0x0000025b825f2d08]
Event: 1470.992 Thread 0x0000025bfece9800 16193       3       org.gradle.internal.execution.steps.AssignWorkspaceStep::execute (10 bytes)
Event: 1470.992 Thread 0x0000025bfece9800 nmethod 16193 0x0000025b825f2e10 code [0x0000025b825f2fe0, 0x0000025b825f3228]
Event: 1470.992 Thread 0x0000025bfece9800 16194       3       org.gradle.internal.execution.steps.AssignWorkspaceStep$$Lambda$985/0x0000000100d08440::get$Lambda (11 bytes)
Event: 1470.992 Thread 0x0000025b9a22a000 nmethod 16191 0x0000025b87e34c90 code [0x0000025b87e34e20, 0x0000025b87e34ef8]
Event: 1470.992 Thread 0x0000025b9a22a000 16190       4       org.gradle.api.internal.artifacts.transform.ConsumerProvidedVariantFinder::getCache (41 bytes)
Event: 1470.993 Thread 0x0000025bfece9800 nmethod 16194 0x0000025b825f3310 code [0x0000025b825f34e0, 0x0000025b825f37f8]
Event: 1470.993 Thread 0x0000025bfece9800 16195       3       org.gradle.internal.execution.steps.AssignWorkspaceStep::lambda$execute$0 (23 bytes)
Event: 1470.993 Thread 0x0000025bfece9800 nmethod 16195 0x0000025b825f3910 code [0x0000025b825f3b00, 0x0000025b825f3f68]
Event: 1470.993 Thread 0x0000025bfece9800 16196       3       org.gradle.internal.execution.steps.AssignWorkspaceStep$1::<init> (26 bytes)
Event: 1470.993 Thread 0x0000025bfece9800 nmethod 16196 0x0000025b825f4110 code [0x0000025b825f42e0, 0x0000025b825f45b8]
Event: 1470.993 Thread 0x0000025bfece9800 16197       3       org.gradle.internal.execution.steps.AssignWorkspaceStep$$Lambda$985/0x0000000100d08440::executeInWorkspace (18 bytes)
Event: 1470.994 Thread 0x0000025bfece9800 nmethod 16197 0x0000025b825f4690 code [0x0000025b825f4880, 0x0000025b825f4d48]
Event: 1470.994 Thread 0x0000025bfece9800 16199       3       org.gradle.internal.snapshot.AbstractIncompleteFileSystemNode$2::createChild (5 bytes)

GC Heap History (20 events):
Event: 55.937 GC heap before
{Heap before GC invocations=63 (full 0):
 garbage-first heap   total 187392K, used 154797K [0x0000000080000000, 0x0000000100000000)
  region size 1024K, 52 young (53248K), 4 survivors (4096K)
 Metaspace       used 101474K, capacity 103999K, committed 104448K, reserved 1140736K
  class space    used 12811K, capacity 13652K, committed 13824K, reserved 1048576K
}
Event: 55.943 GC heap after
{Heap after GC invocations=64 (full 0):
 garbage-first heap   total 187392K, used 106346K [0x0000000080000000, 0x0000000100000000)
  region size 1024K, 4 young (4096K), 4 survivors (4096K)
 Metaspace       used 101474K, capacity 103999K, committed 104448K, reserved 1140736K
  class space    used 12811K, capacity 13652K, committed 13824K, reserved 1048576K
}
Event: 56.045 GC heap before
{Heap before GC invocations=64 (full 0):
 garbage-first heap   total 187392K, used 155498K [0x0000000080000000, 0x0000000100000000)
  region size 1024K, 52 young (53248K), 4 survivors (4096K)
 Metaspace       used 101491K, capacity 103999K, committed 104448K, reserved 1140736K
  class space    used 12813K, capacity 13652K, committed 13824K, reserved 1048576K
}
Event: 56.049 GC heap after
{Heap after GC invocations=65 (full 0):
 garbage-first heap   total 187392K, used 106160K [0x0000000080000000, 0x0000000100000000)
  region size 1024K, 4 young (4096K), 4 survivors (4096K)
 Metaspace       used 101491K, capacity 103999K, committed 104448K, reserved 1140736K
  class space    used 12813K, capacity 13652K, committed 13824K, reserved 1048576K
}
Event: 56.511 GC heap before
{Heap before GC invocations=66 (full 0):
 garbage-first heap   total 187392K, used 159408K [0x0000000080000000, 0x0000000100000000)
  region size 1024K, 54 young (55296K), 4 survivors (4096K)
 Metaspace       used 101744K, capacity 104210K, committed 104704K, reserved 1140736K
  class space    used 12829K, capacity 13679K, committed 13824K, reserved 1048576K
}
Event: 56.518 GC heap after
{Heap after GC invocations=67 (full 0):
 garbage-first heap   total 187392K, used 110936K [0x0000000080000000, 0x0000000100000000)
  region size 1024K, 6 young (6144K), 6 survivors (6144K)
 Metaspace       used 101744K, capacity 104210K, committed 104704K, reserved 1140736K
  class space    used 12829K, capacity 13679K, committed 13824K, reserved 1048576K
}
Event: 56.725 GC heap before
{Heap before GC invocations=67 (full 0):
 garbage-first heap   total 187392K, used 159064K [0x0000000080000000, 0x0000000100000000)
  region size 1024K, 53 young (54272K), 6 survivors (6144K)
 Metaspace       used 101745K, capacity 104210K, committed 104704K, reserved 1140736K
  class space    used 12829K, capacity 13679K, committed 13824K, reserved 1048576K
}
Event: 56.733 GC heap after
{Heap after GC invocations=68 (full 0):
 garbage-first heap   total 187392K, used 111341K [0x0000000080000000, 0x0000000100000000)
  region size 1024K, 4 young (4096K), 4 survivors (4096K)
 Metaspace       used 101745K, capacity 104210K, committed 104704K, reserved 1140736K
  class space    used 12829K, capacity 13679K, committed 13824K, reserved 1048576K
}
Event: 57.018 GC heap before
{Heap before GC invocations=69 (full 0):
 garbage-first heap   total 187392K, used 159469K [0x0000000080000000, 0x0000000100000000)
  region size 1024K, 51 young (52224K), 4 survivors (4096K)
 Metaspace       used 101748K, capacity 104210K, committed 104704K, reserved 1140736K
  class space    used 12829K, capacity 13679K, committed 13824K, reserved 1048576K
}
Event: 57.022 GC heap after
{Heap after GC invocations=70 (full 0):
 garbage-first heap   total 187392K, used 111609K [0x0000000080000000, 0x0000000100000000)
  region size 1024K, 4 young (4096K), 4 survivors (4096K)
 Metaspace       used 101748K, capacity 104210K, committed 104704K, reserved 1140736K
  class space    used 12829K, capacity 13679K, committed 13824K, reserved 1048576K
}
Event: 57.229 GC heap before
{Heap before GC invocations=70 (full 0):
 garbage-first heap   total 187392K, used 159737K [0x0000000080000000, 0x0000000100000000)
  region size 1024K, 51 young (52224K), 4 survivors (4096K)
 Metaspace       used 101752K, capacity 104210K, committed 104704K, reserved 1140736K
  class space    used 12831K, capacity 13679K, committed 13824K, reserved 1048576K
}
Event: 57.231 GC heap after
{Heap after GC invocations=71 (full 0):
 garbage-first heap   total 187392K, used 111696K [0x0000000080000000, 0x0000000100000000)
  region size 1024K, 4 young (4096K), 4 survivors (4096K)
 Metaspace       used 101752K, capacity 104210K, committed 104704K, reserved 1140736K
  class space    used 12831K, capacity 13679K, committed 13824K, reserved 1048576K
}
Event: 57.428 GC heap before
{Heap before GC invocations=71 (full 0):
 garbage-first heap   total 187392K, used 160848K [0x0000000080000000, 0x0000000100000000)
  region size 1024K, 52 young (53248K), 4 survivors (4096K)
 Metaspace       used 101761K, capacity 104210K, committed 104704K, reserved 1140736K
  class space    used 12831K, capacity 13679K, committed 13824K, reserved 1048576K
}
Event: 57.431 GC heap after
{Heap after GC invocations=72 (full 0):
 garbage-first heap   total 187392K, used 111502K [0x0000000080000000, 0x0000000100000000)
  region size 1024K, 4 young (4096K), 4 survivors (4096K)
 Metaspace       used 101761K, capacity 104210K, committed 104704K, reserved 1140736K
  class space    used 12831K, capacity 13679K, committed 13824K, reserved 1048576K
}
Event: 58.095 GC heap before
{Heap before GC invocations=73 (full 0):
 garbage-first heap   total 187392K, used 159630K [0x0000000080000000, 0x0000000100000000)
  region size 1024K, 52 young (53248K), 4 survivors (4096K)
 Metaspace       used 106216K, capacity 108865K, committed 108928K, reserved 1144832K
  class space    used 13442K, capacity 14429K, committed 14464K, reserved 1048576K
}
Event: 58.099 GC heap after
{Heap after GC invocations=74 (full 0):
 garbage-first heap   total 187392K, used 108580K [0x0000000080000000, 0x0000000100000000)
  region size 1024K, 3 young (3072K), 3 survivors (3072K)
 Metaspace       used 106216K, capacity 108865K, committed 108928K, reserved 1144832K
  class space    used 13442K, capacity 14429K, committed 14464K, reserved 1048576K
}
Event: 1202.703 GC heap before
{Heap before GC invocations=74 (full 0):
 garbage-first heap   total 187392K, used 158756K [0x0000000080000000, 0x0000000100000000)
  region size 1024K, 52 young (53248K), 3 survivors (3072K)
 Metaspace       used 108535K, capacity 111451K, committed 111616K, reserved 1146880K
  class space    used 13741K, capacity 14757K, committed 14848K, reserved 1048576K
}
Event: 1202.712 GC heap after
{Heap after GC invocations=75 (full 0):
 garbage-first heap   total 187392K, used 109968K [0x0000000080000000, 0x0000000100000000)
  region size 1024K, 4 young (4096K), 4 survivors (4096K)
 Metaspace       used 108535K, capacity 111451K, committed 111616K, reserved 1146880K
  class space    used 13741K, capacity 14757K, committed 14848K, reserved 1048576K
}
Event: 1470.330 GC heap before
{Heap before GC invocations=76 (full 0):
 garbage-first heap   total 187392K, used 159120K [0x0000000080000000, 0x0000000100000000)
  region size 1024K, 53 young (54272K), 4 survivors (4096K)
 Metaspace       used 110150K, capacity 113159K, committed 113280K, reserved 1146880K
  class space    used 13915K, capacity 14919K, committed 14976K, reserved 1048576K
}
Event: 1470.343 GC heap after
{Heap after GC invocations=77 (full 0):
 garbage-first heap   total 187392K, used 114758K [0x0000000080000000, 0x0000000100000000)
  region size 1024K, 7 young (7168K), 7 survivors (7168K)
 Metaspace       used 110150K, capacity 113159K, committed 113280K, reserved 1146880K
  class space    used 13915K, capacity 14919K, committed 14976K, reserved 1048576K
}

Deoptimization events (20 events):
Event: 1470.697 Thread 0x0000025b95065000 Uncommon trap: trap_request=0xffffff4d fr.pc=0x0000025b885c60a0 relative=0x0000000000000660
Event: 1470.697 Thread 0x0000025b95065000 Uncommon trap: reason=unstable_if action=reinterpret pc=0x0000025b885c60a0 method=org.gradle.internal.file.DefaultFileHierarchySet$Node.isChildOfOrThis(Ljava/lang/String;I)Z @ 89 c2
Event: 1470.697 Thread 0x0000025b95065000 DEOPT PACKING pc=0x0000025b885c60a0 sp=0x0000008927df8840
Event: 1470.697 Thread 0x0000025b95065000 DEOPT UNPACKING pc=0x0000025b800083af sp=0x0000008927df87a8 mode 2
Event: 1470.761 Thread 0x0000025b95065000 Uncommon trap: trap_request=0xffffff4d fr.pc=0x0000025b8803a4c0 relative=0x0000000000000780
Event: 1470.761 Thread 0x0000025b95065000 Uncommon trap: reason=unstable_if action=reinterpret pc=0x0000025b8803a4c0 method=java.util.regex.Matcher.search(I)Z @ 76 c2
Event: 1470.761 Thread 0x0000025b95065000 DEOPT PACKING pc=0x0000025b8803a4c0 sp=0x0000008927df7530
Event: 1470.761 Thread 0x0000025b95065000 DEOPT UNPACKING pc=0x0000025b800083af sp=0x0000008927df7500 mode 2
Event: 1470.761 Thread 0x0000025b95065000 Uncommon trap: trap_request=0xffffff4d fr.pc=0x0000025b87c6203c relative=0x000000000000025c
Event: 1470.761 Thread 0x0000025b95065000 Uncommon trap: reason=unstable_if action=reinterpret pc=0x0000025b87c6203c method=java.util.regex.Matcher.reset()Ljava/util/regex/Matcher; @ 80 c2
Event: 1470.761 Thread 0x0000025b95065000 DEOPT PACKING pc=0x0000025b87c6203c sp=0x0000008927df7580
Event: 1470.761 Thread 0x0000025b95065000 DEOPT UNPACKING pc=0x0000025b800083af sp=0x0000008927df7510 mode 2
Event: 1470.831 Thread 0x0000025b97e47000 DEOPT PACKING pc=0x0000025b81ce58ad sp=0x00000089280fe5c0
Event: 1470.831 Thread 0x0000025b97e47000 DEOPT UNPACKING pc=0x0000025b80028ede sp=0x00000089280fda88 mode 0
Event: 1470.982 Thread 0x0000025b9a229800 DEOPT PACKING pc=0x0000025b82023d0d sp=0x0000008929bfbc00
Event: 1470.982 Thread 0x0000025b9a229800 DEOPT UNPACKING pc=0x0000025b80028ede sp=0x0000008929bfb098 mode 0
Event: 1470.991 Thread 0x0000025b9a224800 Uncommon trap: trap_request=0xfffffff4 fr.pc=0x0000025b87e3bf3c relative=0x000000000000221c
Event: 1470.991 Thread 0x0000025b9a224800 Uncommon trap: reason=null_check action=make_not_entrant pc=0x0000025b87e3bf3c method=org.gradle.tooling.internal.provider.runner.SubtreeFilteringBuildOperationListener.started(Lorg/gradle/internal/operations/BuildOperationDescriptor;Lorg/gradle/internal/
Event: 1470.991 Thread 0x0000025b9a224800 DEOPT PACKING pc=0x0000025b87e3bf3c sp=0x00000089296fe520
Event: 1470.991 Thread 0x0000025b9a224800 DEOPT UNPACKING pc=0x0000025b800083af sp=0x00000089296fe4f0 mode 2

Classes redefined (0 events):
No events

Internal exceptions (20 events):
Event: 1470.141 Thread 0x0000025b95065000 Exception <a 'sun/nio/fs/WindowsException'{0x000000008905cec0}> (0x000000008905cec0) thrown at [./src/hotspot/share/prims/jni.cpp, line 615]
Event: 1470.168 Thread 0x0000025b95065000 Exception <a 'sun/nio/fs/WindowsException'{0x00000000890ff3c8}> (0x00000000890ff3c8) thrown at [./src/hotspot/share/prims/jni.cpp, line 615]
Event: 1470.169 Thread 0x0000025b95065000 Exception <a 'sun/nio/fs/WindowsException'{0x0000000088f00950}> (0x0000000088f00950) thrown at [./src/hotspot/share/prims/jni.cpp, line 615]
Event: 1470.169 Thread 0x0000025b95065000 Exception <a 'sun/nio/fs/WindowsException'{0x0000000088f01a70}> (0x0000000088f01a70) thrown at [./src/hotspot/share/prims/jni.cpp, line 615]
Event: 1470.169 Thread 0x0000025b95065000 Exception <a 'sun/nio/fs/WindowsException'{0x0000000088f02b90}> (0x0000000088f02b90) thrown at [./src/hotspot/share/prims/jni.cpp, line 615]
Event: 1470.239 Thread 0x0000025b95065000 Exception <a 'java/lang/NoSuchMethodError'{0x0000000088b1de80}: 'java.lang.Object java.lang.invoke.Invokers$Holder.linkToTargetMethod(java.lang.Object, int, int, java.lang.Object)'> (0x0000000088b1de80) thrown at [./src/hotspot/share/interpreter/linkResolver.cpp, line 773]
Event: 1470.423 Thread 0x0000025b97e47000 Exception <a 'java/lang/NoSuchMethodError'{0x000000008b607980}: <clinit>> (0x000000008b607980) thrown at [./src/hotspot/share/prims/jni.cpp, line 1362]
Event: 1470.424 Thread 0x0000025b97e47000 Exception <a 'java/lang/NoSuchMethodError'{0x000000008b610d58}: <clinit>> (0x000000008b610d58) thrown at [./src/hotspot/share/prims/jni.cpp, line 1362]
Event: 1470.468 Thread 0x0000025b97e47000 Exception <a 'java/lang/NoSuchMethodError'{0x000000008b2392c0}: <clinit>> (0x000000008b2392c0) thrown at [./src/hotspot/share/prims/jni.cpp, line 1362]
Event: 1470.469 Thread 0x0000025b97e47000 Exception <a 'java/lang/NoSuchMethodError'{0x000000008b279950}: <clinit>> (0x000000008b279950) thrown at [./src/hotspot/share/prims/jni.cpp, line 1362]
Event: 1470.469 Thread 0x0000025b97e47000 Exception <a 'java/lang/NoSuchMethodError'{0x000000008b27ac28}: <clinit>> (0x000000008b27ac28) thrown at [./src/hotspot/share/prims/jni.cpp, line 1362]
Event: 1470.528 Thread 0x0000025b9a228800 Exception <a 'java/lang/NoSuchMethodError'{0x000000008b1c2128}: <clinit>> (0x000000008b1c2128) thrown at [./src/hotspot/share/prims/jni.cpp, line 1362]
Event: 1470.529 Thread 0x0000025b9a228800 Exception <a 'java/lang/NoSuchMethodError'{0x000000008b1cf888}: <clinit>> (0x000000008b1cf888) thrown at [./src/hotspot/share/prims/jni.cpp, line 1362]
Event: 1470.531 Thread 0x0000025b9a228800 Exception <a 'java/lang/NoSuchMethodError'{0x000000008b1e8f20}: <clinit>> (0x000000008b1e8f20) thrown at [./src/hotspot/share/prims/jni.cpp, line 1362]
Event: 1470.643 Thread 0x0000025b97e47000 Exception <a 'java/lang/NoSuchMethodError'{0x000000008b289c58}: <clinit>> (0x000000008b289c58) thrown at [./src/hotspot/share/prims/jni.cpp, line 1362]
Event: 1470.834 Thread 0x0000025b97e47000 Exception <a 'java/lang/NoSuchMethodError'{0x000000008ab2e348}: <clinit>> (0x000000008ab2e348) thrown at [./src/hotspot/share/prims/jni.cpp, line 1362]
Event: 1470.852 Thread 0x0000025b95065000 Exception <a 'sun/nio/fs/WindowsException'{0x000000008ab5e908}> (0x000000008ab5e908) thrown at [./src/hotspot/share/prims/jni.cpp, line 615]
Event: 1470.853 Thread 0x0000025b95065000 Exception <a 'sun/nio/fs/WindowsException'{0x000000008ab5ffb0}> (0x000000008ab5ffb0) thrown at [./src/hotspot/share/prims/jni.cpp, line 615]
Event: 1470.889 Thread 0x0000025b9a22b800 Exception <a 'sun/nio/fs/WindowsException'{0x000000008a987c88}> (0x000000008a987c88) thrown at [./src/hotspot/share/prims/jni.cpp, line 615]
Event: 1470.991 Thread 0x0000025b9a224800 Implicit null exception at 0x0000025b87e39ee4 to 0x0000025b87e3bf18

Events (20 events):
Event: 1470.887 loading class org/gradle/api/specs/Spec
Event: 1470.887 loading class org/gradle/api/specs/Spec done
Event: 1470.888 Executing VM operation: RevokeBias
Event: 1470.889 Executing VM operation: RevokeBias done
Event: 1470.889 Executing VM operation: RevokeBias
Event: 1470.889 Executing VM operation: RevokeBias done
Event: 1470.890 loading class com/google/gson/internal/Streams
Event: 1470.890 loading class com/google/gson/internal/Streams done
Event: 1470.890 loading class com/google/gson/internal/Streams$AppendableWriter
Event: 1470.890 loading class com/google/gson/internal/Streams$AppendableWriter done
Event: 1470.912 Executing VM operation: RevokeBias
Event: 1470.912 Executing VM operation: RevokeBias done
Event: 1470.985 Executing VM operation: RevokeBias
Event: 1470.986 Executing VM operation: RevokeBias done
Event: 1470.992 Executing VM operation: RevokeBias
Event: 1470.992 Executing VM operation: RevokeBias done
Event: 1470.992 Executing VM operation: RevokeBias
Event: 1470.992 Executing VM operation: RevokeBias done
Event: 1470.992 Executing VM operation: RevokeBias
Event: 1470.992 Executing VM operation: RevokeBias done


Dynamic libraries:
0x00007ff698f20000 - 0x00007ff698f2a000 	D:\Program Files\Android\Android Studio\jre\bin\java.exe
0x00007ffceb040000 - 0x00007ffceb24f000 	C:\WINDOWS\SYSTEM32\ntdll.dll
0x00007ffcea8e0000 - 0x00007ffcea99d000 	C:\WINDOWS\System32\KERNEL32.DLL
0x00007ffce8b10000 - 0x00007ffce8e9e000 	C:\WINDOWS\System32\KERNELBASE.dll
0x00007ffce5650000 - 0x00007ffce56e3000 	C:\WINDOWS\SYSTEM32\apphelp.dll
0x00007ffce8580000 - 0x00007ffce8691000 	C:\WINDOWS\System32\ucrtbase.dll
0x00007ffce2410000 - 0x00007ffce2429000 	D:\Program Files\Android\Android Studio\jre\bin\jli.dll
0x00007ffcea550000 - 0x00007ffcea6fa000 	C:\WINDOWS\System32\USER32.dll
0x00007ffce8ae0000 - 0x00007ffce8b06000 	C:\WINDOWS\System32\win32u.dll
0x00007ffcd5ff0000 - 0x00007ffcd6291000 	C:\WINDOWS\WinSxS\amd64_microsoft.windows.common-controls_6595b64144ccf1df_6.0.22523.1000_none_26388f37a89e74b7\COMCTL32.dll
0x00007ffcea300000 - 0x00007ffcea3a4000 	C:\WINDOWS\System32\msvcrt.dll
0x00007ffcea9a0000 - 0x00007ffcea9c9000 	C:\WINDOWS\System32\GDI32.dll
0x00007ffce8900000 - 0x00007ffce8a17000 	C:\WINDOWS\System32\gdi32full.dll
0x00007ffce86a0000 - 0x00007ffce873a000 	C:\WINDOWS\System32\msvcp_win.dll
0x00007ffcd8ad0000 - 0x00007ffcd8ae7000 	D:\Program Files\Android\Android Studio\jre\bin\VCRUNTIME140.dll
0x00007ffce9bd0000 - 0x00007ffce9c01000 	C:\WINDOWS\System32\IMM32.DLL
0x00007ffcb7740000 - 0x00007ffcb77dd000 	D:\Program Files\Android\Android Studio\jre\bin\msvcp140.dll
0x00007ffc826f0000 - 0x00007ffc831bf000 	D:\Program Files\Android\Android Studio\jre\bin\server\jvm.dll
0x00007ffce9e50000 - 0x00007ffce9efe000 	C:\WINDOWS\System32\ADVAPI32.dll
0x00007ffcea700000 - 0x00007ffcea7a2000 	C:\WINDOWS\System32\sechost.dll
0x00007ffcea7b0000 - 0x00007ffcea8cf000 	C:\WINDOWS\System32\RPCRT4.dll
0x00007ffce92a0000 - 0x00007ffce92a8000 	C:\WINDOWS\System32\PSAPI.DLL
0x00007ffce22e0000 - 0x00007ffce2314000 	C:\WINDOWS\SYSTEM32\WINMM.dll
0x00007ffce3b20000 - 0x00007ffce3b29000 	C:\WINDOWS\SYSTEM32\WSOCK32.dll
0x00007ffce11f0000 - 0x00007ffce11fa000 	C:\WINDOWS\SYSTEM32\VERSION.dll
0x00007ffcea3b0000 - 0x00007ffcea421000 	C:\WINDOWS\System32\WS2_32.dll
0x00007ffce7670000 - 0x00007ffce7688000 	C:\WINDOWS\SYSTEM32\kernel.appcore.dll
0x00007ffcd5e10000 - 0x00007ffcd5e21000 	D:\Program Files\Android\Android Studio\jre\bin\verify.dll
0x00007ffce5e10000 - 0x00007ffce6036000 	C:\WINDOWS\SYSTEM32\DBGHELP.DLL
0x00007ffce9f00000 - 0x00007ffcea27c000 	C:\WINDOWS\System32\combase.dll
0x00007ffceaf20000 - 0x00007ffceaff7000 	C:\WINDOWS\System32\OLEAUT32.dll
0x00007ffccab20000 - 0x00007ffccab51000 	C:\WINDOWS\SYSTEM32\dbgcore.DLL
0x00007ffce8500000 - 0x00007ffce857b000 	C:\WINDOWS\System32\bcryptPrimitives.dll
0x00007ffcd5b20000 - 0x00007ffcd5b49000 	D:\Program Files\Android\Android Studio\jre\bin\java.dll
0x00007ffce23f0000 - 0x00007ffce23fb000 	D:\Program Files\Android\Android Studio\jre\bin\jimage.dll
0x00007ffcd5df0000 - 0x00007ffcd5e08000 	D:\Program Files\Android\Android Studio\jre\bin\zip.dll
0x00007ffce9410000 - 0x00007ffce9bc8000 	C:\WINDOWS\System32\SHELL32.dll
0x00007ffce65c0000 - 0x00007ffce6e16000 	C:\WINDOWS\SYSTEM32\windows.storage.dll
0x00007ffce6480000 - 0x00007ffce65bc000 	C:\WINDOWS\SYSTEM32\wintypes.dll
0x00007ffce92b0000 - 0x00007ffce93a1000 	C:\WINDOWS\System32\SHCORE.dll
0x00007ffce9d10000 - 0x00007ffce9d6b000 	C:\WINDOWS\System32\shlwapi.dll
0x00007ffce8430000 - 0x00007ffce8451000 	C:\WINDOWS\SYSTEM32\profapi.dll
0x00007ffcd5b00000 - 0x00007ffcd5b1a000 	D:\Program Files\Android\Android Studio\jre\bin\net.dll
0x00007ffce28f0000 - 0x00007ffce2a02000 	C:\WINDOWS\SYSTEM32\WINHTTP.dll
0x00007ffce7af0000 - 0x00007ffce7b59000 	C:\WINDOWS\system32\mswsock.dll
0x00007ffcc7800000 - 0x00007ffcc7814000 	D:\Program Files\Android\Android Studio\jre\bin\nio.dll
0x00007ffccb3c0000 - 0x00007ffccb3e7000 	C:\Users\vbinu\.gradle\native\8bec1ad78214c89d9ad589b4d07fe93259594b29d510b10fafb7a158f7737e5d\windows-amd64\native-platform.dll
0x00007ffcb7980000 - 0x00007ffcb7abd000 	C:\Users\vbinu\.gradle\native\53dbd7edfb1c66fb8903c78663c9afc45aea4f116125fa6feffd364cf09443e8\windows-amd64\native-platform-file-events.dll
0x00007ffcde5e0000 - 0x00007ffcde5ea000 	D:\Program Files\Android\Android Studio\jre\bin\management.dll
0x00007ffcd8a70000 - 0x00007ffcd8a7c000 	D:\Program Files\Android\Android Studio\jre\bin\management_ext.dll
0x00007ffce7d40000 - 0x00007ffce7d58000 	C:\WINDOWS\SYSTEM32\CRYPTSP.dll
0x00007ffce75d0000 - 0x00007ffce7605000 	C:\WINDOWS\system32\rsaenh.dll
0x00007ffce7bf0000 - 0x00007ffce7c19000 	C:\WINDOWS\SYSTEM32\USERENV.dll
0x00007ffce7ed0000 - 0x00007ffce7ef8000 	C:\WINDOWS\SYSTEM32\bcrypt.dll
0x00007ffce7d60000 - 0x00007ffce7d6c000 	C:\WINDOWS\SYSTEM32\CRYPTBASE.dll
0x00007ffce70d0000 - 0x00007ffce70fd000 	C:\WINDOWS\SYSTEM32\IPHLPAPI.DLL
0x00007ffce9e40000 - 0x00007ffce9e49000 	C:\WINDOWS\System32\NSI.dll
0x00007ffce26c0000 - 0x00007ffce26d9000 	C:\WINDOWS\SYSTEM32\dhcpcsvc6.DLL
0x00007ffce26a0000 - 0x00007ffce26be000 	C:\WINDOWS\SYSTEM32\dhcpcsvc.DLL
0x00007ffce7100000 - 0x00007ffce71f8000 	C:\WINDOWS\SYSTEM32\DNSAPI.dll
0x00007ffcc0fa0000 - 0x00007ffcc0fc7000 	D:\Program Files\Android\Android Studio\jre\bin\sunec.dll
0x00007ffcd7450000 - 0x00007ffcd745a000 	C:\Windows\System32\rasadhlp.dll
0x00007ffce0310000 - 0x00007ffce0392000 	C:\WINDOWS\System32\fwpuclnt.dll
0x00007ffce7690000 - 0x00007ffce76c4000 	C:\WINDOWS\SYSTEM32\ntmarta.dll

dbghelp: loaded successfully - version: 4.0.5 - missing functions: none
symbol engine: initialized successfully - sym options: 0x614 - pdb path: .;D:\Program Files\Android\Android Studio\jre\bin;C:\WINDOWS\SYSTEM32;C:\WINDOWS\WinSxS\amd64_microsoft.windows.common-controls_6595b64144ccf1df_6.0.22523.1000_none_26388f37a89e74b7;D:\Program Files\Android\Android Studio\jre\bin\server;C:\Users\vbinu\.gradle\native\8bec1ad78214c89d9ad589b4d07fe93259594b29d510b10fafb7a158f7737e5d\windows-amd64;C:\Users\vbinu\.gradle\native\53dbd7edfb1c66fb8903c78663c9afc45aea4f116125fa6feffd364cf09443e8\windows-amd64

VM Arguments:
jvm_args: --add-opens=java.base/java.util=ALL-UNNAMED --add-opens=java.base/java.lang=ALL-UNNAMED --add-opens=java.base/java.lang.invoke=ALL-UNNAMED --add-opens=java.base/java.util=ALL-UNNAMED --add-opens=java.prefs/java.util.prefs=ALL-UNNAMED --add-opens=java.prefs/java.util.prefs=ALL-UNNAMED --add-opens=java.base/java.nio.charset=ALL-UNNAMED --add-opens=java.base/java.net=ALL-UNNAMED --add-opens=java.base/java.util.concurrent.atomic=ALL-UNNAMED -Xmx2048m -Dfile.encoding=UTF-8 -Duser.country=PH -Duser.language=en -Duser.variant 
java_command: org.gradle.launcher.daemon.bootstrap.GradleDaemon 7.0.2
java_class_path (initial): C:\Users\vbinu\.gradle\wrapper\dists\gradle-7.0.2-bin\857tjihv64xamwrf0h14cai3r\gradle-7.0.2\lib\gradle-launcher-7.0.2.jar
Launcher Type: SUN_STANDARD

[Global flags]
     intx CICompilerCount                          = 3                                         {product} {ergonomic}
     uint ConcGCThreads                            = 1                                         {product} {ergonomic}
     uint G1ConcRefinementThreads                  = 4                                         {product} {ergonomic}
   size_t G1HeapRegionSize                         = 1048576                                   {product} {ergonomic}
    uintx GCDrainStackTargetSize                   = 64                                        {product} {ergonomic}
   size_t InitialHeapSize                          = 132120576                                 {product} {ergonomic}
   size_t MarkStackSize                            = 4194304                                   {product} {ergonomic}
   size_t MaxHeapSize                              = 2147483648                                {product} {command line}
   size_t MaxNewSize                               = 1287651328                                {product} {ergonomic}
   size_t MinHeapDeltaBytes                        = 1048576                                   {product} {ergonomic}
    uintx NonNMethodCodeHeapSize                   = 5830732                                {pd product} {ergonomic}
    uintx NonProfiledCodeHeapSize                  = 122913754                              {pd product} {ergonomic}
    uintx ProfiledCodeHeapSize                     = 122913754                              {pd product} {ergonomic}
    uintx ReservedCodeCacheSize                    = 251658240                              {pd product} {ergonomic}
     bool SegmentedCodeCache                       = true                                      {product} {ergonomic}
     bool UseCompressedClassPointers               = true                                 {lp64_product} {ergonomic}
     bool UseCompressedOops                        = true                                 {lp64_product} {ergonomic}
     bool UseG1GC                                  = true                                      {product} {ergonomic}
     bool UseLargePagesIndividualAllocation        = false                                  {pd product} {ergonomic}

Logging:
Log output configuration:
 #0: stdout all=warning uptime,level,tags
 #1: stderr all=off uptime,level,tags

Environment Variables:
PATH=C:\Program Files (x86)\Common Files\Oracle\Java\javapath;C:\ProgramData\Oracle\Java\javapath;C:\WINDOWS\system32;C:\WINDOWS;C:\WINDOWS\System32\Wbem;C:\WINDOWS\System32\WindowsPowerShell\v1.0\;C:\WINDOWS\System32\OpenSSH\;C:\Program Files (x86)\NVIDIA Corporation\PhysX\Common;%SystemRoot%\system32;%SystemRoot%;%SystemRoot%\System32\Wbem;%SYSTEMROOT%\System32\WindowsPowerShell\v1.0\;%SYSTEMROOT%\System32\OpenSSH\;C:\Users\vbinu\AppData\Local\Microsoft\WindowsApps;
USERNAME=Venzon
OS=Windows_NT
PROCESSOR_IDENTIFIER=Intel64 Family 6 Model 126 Stepping 5, GenuineIntel



---------------  S Y S T E M  ---------------

OS: Windows 10 , 64 bit Build 22523 (10.0.22523.1000)
OS uptime: 7 days 2:54 hours

CPU:total 4 (initial active 4) (2 cores per cpu, 2 threads per core) family 6 model 126 stepping 5 microcode 0x96, cmov, cx8, fxsr, mmx, sse, sse2, sse3, ssse3, sse4.1, sse4.2, popcnt, avx, avx2, aes, clmul, erms, 3dnowpref, lzcnt, ht, tsc, tscinvbit, bmi1, bmi2, adx, evex, sha, fma

Memory: 4k page, system-wide physical 7959M (958M free)
TotalPageFile size 12567M (AvailPageFile size 4494M)
current process WorkingSet (physical memory assigned to process): 434M, peak: 502M
current process commit charge ("private bytes"): 506M, peak: 527M

vm_info: OpenJDK 64-Bit Server VM (11.0.10+0-b96-7249189) for windows-amd64 JRE (11.0.10+0-b96-7249189), built on Mar 31 2021 21:44:00 by "builder" with MS VC++ 14.0 (VS2015)

END.
