#
# A fatal error has been detected by the Java Runtime Environment:
#
#  EXCEPTION_ACCESS_VIOLATION (0xc0000005) at pc=0x00007ff8e4a47f98, pid=7636, tid=2928
#
# JRE version: OpenJDK Runtime Environment (11.0.10) (build 11.0.10+0-b96-7249189)
# Java VM: OpenJDK 64-Bit Server VM (11.0.10+0-b96-7249189, mixed mode, tiered, compressed oops, g1 gc, windows-amd64)
# Problematic frame:
# V  [jvm.dll+0x357f98]
#
# No core dump will be written. Minidumps are not enabled by default on client versions of Windows
#
# If you would like to submit a bug report, please visit:
#   https://bugreport.java.com/bugreport/crash.jsp
#

---------------  S U M M A R Y ------------

Command Line: --add-opens=java.base/java.util=ALL-UNNAMED --add-opens=java.base/java.lang=ALL-UNNAMED --add-opens=java.base/java.lang.invoke=ALL-UNNAMED --add-opens=java.base/java.util=ALL-UNNAMED --add-opens=java.prefs/java.util.prefs=ALL-UNNAMED --add-opens=java.prefs/java.util.prefs=ALL-UNNAMED --add-opens=java.base/java.nio.charset=ALL-UNNAMED --add-opens=java.base/java.net=ALL-UNNAMED --add-opens=java.base/java.util.concurrent.atomic=ALL-UNNAMED -Xmx2048m -Dfile.encoding=UTF-8 -Duser.country=PH -Duser.language=en -Duser.variant org.gradle.launcher.daemon.bootstrap.GradleDaemon 7.0.2

Host: Intel(R) Core(TM) i3-1005G1 CPU @ 1.20GHz, 4 cores, 7G,  Windows 10 , 64 bit Build 22533 (10.0.22533.1001)
Time: Fri Jan 14 22:16:42 2022 Malay Peninsula Standard Time elapsed time: 3475.532887 seconds (0d 0h 57m 55s)

---------------  T H R E A D  ---------------

Current thread (0x000001b37f1a4000):  JavaThread "C2 CompilerThread1" daemon [_thread_in_native, id=2928, stack(0x00000084e8100000,0x00000084e8200000)]


Current CompileTask:
C2:3475532 20888       4       com.android.tools.r8.graph.B0$c::a (559 bytes)

Stack: [0x00000084e8100000,0x00000084e8200000],  sp=0x00000084e81fbdc8,  free space=1007k
Native frames: (J=compiled Java code, j=interpreted, Vv=VM code, C=native code)
V  [jvm.dll+0x357f98]


siginfo: EXCEPTION_ACCESS_VIOLATION (0xc0000005), writing address 0x00007fb8e50e7c38


Register to memory mapping:

RIP=0x00007ff8e4a47f98 jvm.dll
RAX=0x00000084e81fe920 is pointing into the stack for thread: 0x000001b37f1a4000
RBX=0x00000084e81fc150 is pointing into the stack for thread: 0x000001b37f1a4000
RCX=0x000001b37d784b80 points into unknown readable memory: 0x000001b37d784b60 | 60 4b 78 7d b3 01 00 00
RDX=0x00000084e81ff5e0 is pointing into the stack for thread: 0x000001b37f1a4000
RSP=0x00000084e81fbdc8 is pointing into the stack for thread: 0x000001b37f1a4000
RBP=0x000000000000041e is an unknown value
RSI=0x000001b30f8573d0 points into unknown readable memory: 0x0000000000000000 | 00 00 00 00 00 00 00 00
RDI=0x000000000000001f is an unknown value
R8 =0x000001b30ffb22b8 points into unknown readable memory: 0x000001b37f1a4000 | 00 40 1a 7f b3 01 00 00
R9 =0x00007fb8e50e7c38 is an unknown value
R10=0x00000000000000f8 is an unknown value
R11=0x000001b30f8573d0 points into unknown readable memory: 0x0000000000000000 | 00 00 00 00 00 00 00 00
R12=0x000001b3137521a0 points into unknown readable memory: 0x000001b30f82e100 | 00 e1 82 0f b3 01 00 00
R13=0x000001b3137521f0 points into unknown readable memory: 0x0000000000000000 | 00 00 00 00 00 00 00 00
R14=0x000001b37f47b878 points into unknown readable memory: 0x00007ff8e4ed8568 | 68 85 ed e4 f8 7f 00 00
R15=0x000001b3132a7fb0 points into unknown readable memory: 0xffffffff00000006 | 06 00 00 00 ff ff ff ff


Registers:
RAX=0x00000084e81fe920, RBX=0x00000084e81fc150, RCX=0x000001b37d784b80, RDX=0x00000084e81ff5e0
RSP=0x00000084e81fbdc8, RBP=0x000000000000041e, RSI=0x000001b30f8573d0, RDI=0x000000000000001f
R8 =0x000001b30ffb22b8, R9 =0x00007fb8e50e7c38, R10=0x00000000000000f8, R11=0x000001b30f8573d0
R12=0x000001b3137521a0, R13=0x000001b3137521f0, R14=0x000001b37f47b878, R15=0x000001b3132a7fb0
RIP=0x00007ff8e4a47f98, EFLAGS=0x0000000000010206

Top of Stack: (sp=0x00000084e81fbdc8)
0x00000084e81fbdc8:   00007ff8e4bda977 0000000000000060
0x00000084e81fbdd8:   00000084e81fc150 00000000000002f8
0x00000084e81fbde8:   000001b313627b40 000001b30ffb22b8
0x00000084e81fbdf8:   000001b3132a7fb0 000001b3137521a0
0x00000084e81fbe08:   000001b3137521f0 000000000027def8
0x00000084e81fbe18:   000001b31375a188 00007ff8e4f5de48
0x00000084e81fbe28:   000001b3132a7fb0 0000000000000040
0x00000084e81fbe38:   000001b313022238 00000000000024c5
0x00000084e81fbe48:   000001b30fa09180 0000000000000000
0x00000084e81fbe58:   000001b30fa09190 00000000000003d8
0x00000084e81fbe68:   00000000000024c5 00000000ffffff01
0x00000084e81fbe78:   00000084e81fbf90 00000084e81fc390
0x00000084e81fbe88:   00007ff8e4a10b02 0000008400000001
0x00000084e81fbe98:   0000008400000001 0000000000000000
0x00000084e81fbea8:   000001b30f82e110 000000001fffff01
0x00000084e81fbeb8:   000001b311001a10 0000000000000400 

Instructions: (pc=0x00007ff8e4a47f98)
0x00007ff8e4a47e98:   01 41 89 09 49 8b c9 41 89 41 08 e8 78 33 e4 ff
0x00007ff8e4a47ea8:   eb 8a cc cc cc cc cc cc 40 53 48 83 ec 20 8b 0d
0x00007ff8e4a47eb8:   c0 b8 6d 00 65 48 8b 04 25 58 00 00 00 ba 08 00
0x00007ff8e4a47ec8:   00 00 48 8b 04 c8 48 8b 0c 10 48 8b 81 d0 04 00
0x00007ff8e4a47ed8:   00 48 8b 98 88 00 00 00 48 8b 83 88 08 00 00 48
0x00007ff8e4a47ee8:   85 c0 75 0c e8 ff 06 00 00 48 8b 83 88 08 00 00
0x00007ff8e4a47ef8:   48 8b 08 48 89 8b 88 08 00 00 33 c9 48 89 08 48
0x00007ff8e4a47f08:   89 48 08 48 89 48 10 48 89 48 18 48 83 c4 20 5b
0x00007ff8e4a47f18:   c3 cc cc cc cc cc cc cc 48 89 5c 24 08 57 48 83
0x00007ff8e4a47f28:   ec 20 8b da 48 8b f9 e8 7c ff ff ff 48 8b 4f 08
0x00007ff8e4a47f38:   8b d3 48 8b 5c 24 30 48 c1 ea 08 48 89 04 d1 48
0x00007ff8e4a47f48:   83 c4 20 5f c3 cc cc cc 4c 8b d9 8b c2 8b 15 21
0x00007ff8e4a47f58:   b8 6d 00 4c 8d 14 c5 00 00 00 00 48 8b 41 08 b9
0x00007ff8e4a47f68:   08 00 00 00 4d 8b 0c 02 65 48 8b 04 25 58 00 00
0x00007ff8e4a47f78:   00 4c 8b 04 d0 4c 03 c1 49 8b 00 48 8b 90 d0 04
0x00007ff8e4a47f88:   00 00 48 8b 82 88 00 00 00 48 8b 88 88 08 00 00
0x00007ff8e4a47f98:   49 89 09 49 8b 00 48 8b 88 d0 04 00 00 48 8b 81
0x00007ff8e4a47fa8:   88 00 00 00 48 8d 0d 85 fc 69 00 4c 89 88 88 08
0x00007ff8e4a47fb8:   00 00 49 8b 43 08 49 89 0c 02 c3 cc cc cc cc cc
0x00007ff8e4a47fc8:   cc cc cc cc cc cc cc cc 48 89 5c 24 18 57 48 83
0x00007ff8e4a47fd8:   ec 20 81 c2 ff 00 00 00 33 db c1 ea 08 48 8b f9
0x00007ff8e4a47fe8:   89 19 89 91 90 00 00 00 83 fa 10 77 0d 48 8d 41
0x00007ff8e4a47ff8:   10 48 89 41 08 e9 90 00 00 00 8b 0d 74 b7 6d 00
0x00007ff8e4a48008:   65 48 8b 04 25 58 00 00 00 48 89 6c 24 30 41 b8
0x00007ff8e4a48018:   08 00 00 00 8b ea 48 8b 04 c8 48 c1 e5 03 48 89
0x00007ff8e4a48028:   74 24 38 4a 8b 0c 00 48 8b 81 d0 04 00 00 48 8b
0x00007ff8e4a48038:   88 88 00 00 00 48 8b c5 48 f7 d0 48 8b b1 80 08
0x00007ff8e4a48048:   00 00 48 3b 46 18 73 12 4c 8d 05 69 64 48 00 48
0x00007ff8e4a48058:   8b d5 48 8b ce e8 8e 4d d6 ff 48 8b 46 18 48 8d
0x00007ff8e4a48068:   0c 28 48 3b 4e 20 76 10 45 33 c0 48 8b d5 48 8b
0x00007ff8e4a48078:   ce e8 52 49 d6 ff eb 04 48 89 4e 18 48 8b 74 24
0x00007ff8e4a48088:   38 48 8b 6c 24 30 48 89 47 08 39 9f 90 00 00 00 


Stack slot to memory mapping:
stack at sp + 0 slots: 0x00007ff8e4bda977 jvm.dll
stack at sp + 1 slots: 0x0000000000000060 is an unknown value
stack at sp + 2 slots: 0x00000084e81fc150 is pointing into the stack for thread: 0x000001b37f1a4000
stack at sp + 3 slots: 0x00000000000002f8 is an unknown value
stack at sp + 4 slots: 0x000001b313627b40 points into unknown readable memory: 0x00007ff800000000 | 00 00 00 00 f8 7f 00 00
stack at sp + 5 slots: 0x000001b30ffb22b8 points into unknown readable memory: 0x000001b37f1a4000 | 00 40 1a 7f b3 01 00 00
stack at sp + 6 slots: 0x000001b3132a7fb0 points into unknown readable memory: 0xffffffff00000006 | 06 00 00 00 ff ff ff ff
stack at sp + 7 slots: 0x000001b3137521a0 points into unknown readable memory: 0x000001b30f82e100 | 00 e1 82 0f b3 01 00 00


---------------  P R O C E S S  ---------------

Threads class SMR info:
_java_thread_list=0x000001b37ec680b0, length=58, elements={
0x000001b3711eb800, 0x000001b37bdd1000, 0x000001b37bdda000, 0x000001b37c758800,
0x000001b37c75c000, 0x000001b37c75d000, 0x000001b37c75f800, 0x000001b37bdec800,
0x000001b37bdf8000, 0x000001b37c8b5000, 0x000001b37ddb7000, 0x000001b37ebc6800,
0x000001b37e6ab800, 0x000001b37e8d4000, 0x000001b37e8d5000, 0x000001b37e8d5800,
0x000001b37e8d7800, 0x000001b37e8d8000, 0x000001b30fc5b000, 0x000001b30fc5f000,
0x000001b30fc5b800, 0x000001b30fc5d000, 0x000001b30fc59000, 0x000001b30fc61800,
0x000001b30fc66000, 0x000001b311074800, 0x000001b37f1a4800, 0x000001b30fc5c800,
0x000001b30fc64800, 0x000001b30fc65800, 0x000001b30fc5f800, 0x000001b30fc62000,
0x000001b30fc60800, 0x000001b30fc67000, 0x000001b30fc63000, 0x000001b31106e800,
0x000001b311072000, 0x000001b311071000, 0x000001b31106d000, 0x000001b31106f800,
0x000001b311070800, 0x000001b31106c800, 0x000001b311077800, 0x000001b311078800,
0x000001b311077000, 0x000001b311073000, 0x000001b311076000, 0x000001b311073800,
0x000001b31107a000, 0x000001b37f1a9000, 0x000001b37f1a6800, 0x000001b37f1a5800,
0x000001b37f1a7000, 0x000001b37f1a8000, 0x000001b37f1a9800, 0x000001b37f1a4000,
0x000001b37e8d2800, 0x000001b37e8d9000
}

Java Threads: ( => current thread )
  0x000001b3711eb800 JavaThread "main" [_thread_blocked, id=5204, stack(0x00000084e4200000,0x00000084e4300000)]
  0x000001b37bdd1000 JavaThread "Reference Handler" daemon [_thread_blocked, id=9016, stack(0x00000084e4900000,0x00000084e4a00000)]
  0x000001b37bdda000 JavaThread "Finalizer" daemon [_thread_blocked, id=9540, stack(0x00000084e4a00000,0x00000084e4b00000)]
  0x000001b37c758800 JavaThread "Signal Dispatcher" daemon [_thread_blocked, id=3256, stack(0x00000084e4b00000,0x00000084e4c00000)]
  0x000001b37c75c000 JavaThread "Attach Listener" daemon [_thread_blocked, id=5728, stack(0x00000084e4c00000,0x00000084e4d00000)]
  0x000001b37c75d000 JavaThread "Service Thread" daemon [_thread_blocked, id=7488, stack(0x00000084e4d00000,0x00000084e4e00000)]
  0x000001b37c75f800 JavaThread "C2 CompilerThread0" daemon [_thread_in_native, id=8108, stack(0x00000084e4e00000,0x00000084e4f00000)]
  0x000001b37bdec800 JavaThread "C1 CompilerThread0" daemon [_thread_in_native, id=5868, stack(0x00000084e4f00000,0x00000084e5000000)]
  0x000001b37bdf8000 JavaThread "Sweeper thread" daemon [_thread_blocked, id=9724, stack(0x00000084e5000000,0x00000084e5100000)]
  0x000001b37c8b5000 JavaThread "Common-Cleaner" daemon [_thread_blocked, id=4340, stack(0x00000084e5100000,0x00000084e5200000)]
  0x000001b37ddb7000 JavaThread "Daemon health stats" [_thread_blocked, id=8776, stack(0x00000084e5600000,0x00000084e5700000)]
  0x000001b37ebc6800 JavaThread "Incoming local TCP Connector on port 55232" [_thread_in_native, id=7140, stack(0x00000084e5700000,0x00000084e5800000)]
  0x000001b37e6ab800 JavaThread "Daemon periodic checks" [_thread_blocked, id=5644, stack(0x00000084e5800000,0x00000084e5900000)]
  0x000001b37e8d4000 JavaThread "Cache worker for file hash cache (C:\Users\vbinu\.gradle\caches\7.0.2\fileHashes)" [_thread_blocked, id=9324, stack(0x00000084e6000000,0x00000084e6100000)]
  0x000001b37e8d5000 JavaThread "File lock request listener" [_thread_in_native, id=3404, stack(0x00000084e6200000,0x00000084e6300000)]
  0x000001b37e8d5800 JavaThread "Cache worker for journal cache (C:\Users\vbinu\.gradle\caches\journal-1)" [_thread_blocked, id=7908, stack(0x00000084e6300000,0x00000084e6400000)]
  0x000001b37e8d7800 JavaThread "File watcher server" daemon [_thread_in_native, id=5908, stack(0x00000084e6500000,0x00000084e6600000)]
  0x000001b37e8d8000 JavaThread "File watcher consumer" daemon [_thread_blocked, id=3548, stack(0x00000084e6600000,0x00000084e6700000)]
  0x000001b30fc5b000 JavaThread "Cache worker for execution history cache (C:\Users\vbinu\.gradle\caches\7.0.2\executionHistory)" [_thread_blocked, id=10384, stack(0x00000084e6a00000,0x00000084e6b00000)]
  0x000001b30fc5f000 JavaThread "jar transforms" [_thread_blocked, id=2176, stack(0x00000084e6b00000,0x00000084e6c00000)]
  0x000001b30fc5b800 JavaThread "jar transforms Thread 2" [_thread_blocked, id=8052, stack(0x00000084e6c00000,0x00000084e6d00000)]
  0x000001b30fc5d000 JavaThread "Cache worker for file content cache (C:\Users\vbinu\.gradle\caches\7.0.2\fileContent)" [_thread_blocked, id=6212, stack(0x00000084e6d00000,0x00000084e6e00000)]
  0x000001b30fc59000 JavaThread "jar transforms Thread 3" [_thread_blocked, id=10800, stack(0x00000084e6f00000,0x00000084e7000000)]
  0x000001b30fc61800 JavaThread "jar transforms Thread 4" [_thread_blocked, id=7460, stack(0x00000084e7500000,0x00000084e7600000)]
  0x000001b30fc66000 JavaThread "Memory manager" [_thread_blocked, id=3968, stack(0x00000084e7600000,0x00000084e7700000)]
  0x000001b311074800 JavaThread "Cache worker for Java compile cache (C:\Users\vbinu\.gradle\caches\7.0.2\javaCompile)" [_thread_blocked, id=5260, stack(0x00000084e8000000,0x00000084e8100000)]
  0x000001b37f1a4800 JavaThread "ForkJoinPool.commonPool-worker-1" daemon [_thread_blocked, id=4976, stack(0x00000084e8300000,0x00000084e8400000)]
  0x000001b30fc5c800 JavaThread "Daemon Thread 3" [_thread_blocked, id=7032, stack(0x00000084e3f00000,0x00000084e4000000)]
  0x000001b30fc64800 JavaThread "Handler for socket connection from /127.0.0.1:55232 to /127.0.0.1:55561" [_thread_in_native, id=5584, stack(0x00000084e4000000,0x00000084e4100000)]
  0x000001b30fc65800 JavaThread "Cancel handler" [_thread_blocked, id=8176, stack(0x00000084e4100000,0x00000084e4200000)]
  0x000001b30fc5f800 JavaThread "Daemon worker Thread 3" [_thread_blocked, id=5684, stack(0x00000084e5300000,0x00000084e5400000)]
  0x000001b30fc62000 JavaThread "Asynchronous log dispatcher for DefaultDaemonConnection: socket connection from /127.0.0.1:55232 to /127.0.0.1:55561" [_thread_blocked, id=11040, stack(0x00000084e5900000,0x00000084e5a00000)]
  0x000001b30fc60800 JavaThread "Stdin handler" [_thread_blocked, id=7400, stack(0x00000084e5a00000,0x00000084e5b00000)]
  0x000001b30fc67000 JavaThread "Daemon client event forwarder" [_thread_blocked, id=8900, stack(0x00000084e5b00000,0x00000084e5c00000)]
  0x000001b30fc63000 JavaThread "Cache worker for file hash cache (D:\AndroidStudioProjects\taguigscholarship\.gradle\7.0.2\fileHashes)" [_thread_blocked, id=3304, stack(0x00000084e5c00000,0x00000084e5d00000)]
  0x000001b31106e800 JavaThread "Cache worker for checksums cache (D:\AndroidStudioProjects\taguigscholarship\.gradle\checksums)" [_thread_blocked, id=10724, stack(0x00000084e5d00000,0x00000084e5e00000)]
  0x000001b311072000 JavaThread "Cache worker for cache directory md-supplier (C:\Users\vbinu\.gradle\caches\7.0.2\md-supplier)" [_thread_blocked, id=4880, stack(0x00000084e5e00000,0x00000084e5f00000)]
  0x000001b311071000 JavaThread "Cache worker for cache directory md-rule (C:\Users\vbinu\.gradle\caches\7.0.2\md-rule)" [_thread_blocked, id=9480, stack(0x00000084e5f00000,0x00000084e6000000)]
  0x000001b31106d000 JavaThread "Cache worker for dependencies-accessors (D:\AndroidStudioProjects\taguigscholarship\.gradle\7.0.2\dependencies-accessors)" [_thread_blocked, id=3180, stack(0x00000084e6400000,0x00000084e6500000)]
  0x000001b31106f800 JavaThread "Cache worker for Build Output Cleanup Cache (D:\AndroidStudioProjects\taguigscholarship\.gradle\buildOutputCleanup)" [_thread_blocked, id=6136, stack(0x00000084e6700000,0x00000084e6800000)]
  0x000001b311070800 JavaThread "Build operations" [_thread_blocked, id=5544, stack(0x00000084e6900000,0x00000084e6a00000)]
  0x000001b31106c800 JavaThread "Build operations Thread 2" [_thread_blocked, id=10592, stack(0x00000084e6e00000,0x00000084e6f00000)]
  0x000001b311077800 JavaThread "Build operations Thread 3" [_thread_blocked, id=9232, stack(0x00000084e7000000,0x00000084e7100000)]
  0x000001b311078800 JavaThread "Build operations Thread 4" [_thread_blocked, id=9460, stack(0x00000084e7100000,0x00000084e7200000)]
  0x000001b311077000 JavaThread "build event listener" [_thread_blocked, id=6568, stack(0x00000084e7200000,0x00000084e7300000)]
  0x000001b311073000 JavaThread "Execution worker for ':'" [_thread_blocked, id=8008, stack(0x00000084e7300000,0x00000084e7400000)]
  0x000001b311076000 JavaThread "Execution worker for ':' Thread 2" [_thread_blocked, id=6456, stack(0x00000084e7400000,0x00000084e7500000)]
  0x000001b311073800 JavaThread "Execution worker for ':' Thread 3" [_thread_blocked, id=10196, stack(0x00000084e7700000,0x00000084e7800000)]
  0x000001b31107a000 JavaThread "Cache worker for execution history cache (D:\AndroidStudioProjects\taguigscholarship\.gradle\7.0.2\executionHistory)" [_thread_blocked, id=5376, stack(0x00000084e7800000,0x00000084e7900000)]
  0x000001b37f1a9000 JavaThread "WorkerExecutor Queue" [_thread_in_Java, id=6044, stack(0x00000084e7900000,0x00000084e7a00000)]
  0x000001b37f1a6800 JavaThread "WorkerExecutor Queue Thread 2" [_thread_blocked, id=9452, stack(0x00000084e6800000,0x00000084e6900000)]
  0x000001b37f1a5800 JavaThread "pool-11-thread-1" [_thread_blocked, id=3052, stack(0x00000084e7a00000,0x00000084e7b00000)]
  0x000001b37f1a7000 JavaThread "stderr" [_thread_in_native, id=9932, stack(0x00000084e7b00000,0x00000084e7c00000)]
  0x000001b37f1a8000 JavaThread "stdout" [_thread_in_native, id=5784, stack(0x00000084e7e00000,0x00000084e7f00000)]
  0x000001b37f1a9800 JavaThread "Cache worker for Java compile cache (D:\AndroidStudioProjects\taguigscholarship\.gradle\7.0.2\javaCompile)" [_thread_blocked, id=1528, stack(0x00000084e7f00000,0x00000084e8000000)]
=>0x000001b37f1a4000 JavaThread "C2 CompilerThread1" daemon [_thread_in_native, id=2928, stack(0x00000084e8100000,0x00000084e8200000)]
  0x000001b37e8d2800 JavaThread "WorkerExecutor Queue Thread 3" [_thread_blocked, id=6848, stack(0x00000084e8200000,0x00000084e8300000)]
  0x000001b37e8d9000 JavaThread "WorkerExecutor Queue Thread 4" [_thread_in_Java, id=764, stack(0x00000084e8400000,0x00000084e8500000)]

Other Threads:
  0x000001b37bdcf000 VMThread "VM Thread" [stack: 0x00000084e4800000,0x00000084e4900000] [id=5904]
  0x000001b37c8bf800 WatcherThread [stack: 0x00000084e5200000,0x00000084e5300000] [id=8744]
  0x000001b371204800 GCTaskThread "GC Thread#0" [stack: 0x00000084e4300000,0x00000084e4400000] [id=7184]
  0x000001b37d433800 GCTaskThread "GC Thread#1" [stack: 0x00000084e5400000,0x00000084e5500000] [id=5608]
  0x000001b37cf0e000 GCTaskThread "GC Thread#2" [stack: 0x00000084e5500000,0x00000084e5600000] [id=2944]
  0x000001b37d38f000 GCTaskThread "GC Thread#3" [stack: 0x00000084e6100000,0x00000084e6200000] [id=1652]
  0x000001b371235800 ConcurrentGCThread "G1 Main Marker" [stack: 0x00000084e4400000,0x00000084e4500000] [id=7076]
  0x000001b371237000 ConcurrentGCThread "G1 Conc#0" [stack: 0x00000084e4500000,0x00000084e4600000] [id=3112]
  0x000001b37bc20800 ConcurrentGCThread "G1 Refine#0" [stack: 0x00000084e4600000,0x00000084e4700000] [id=6444]
  0x000001b310ed9800 ConcurrentGCThread "G1 Refine#1" [stack: 0x00000084e7c00000,0x00000084e7d00000] [id=7644]
  0x000001b310ed8000 ConcurrentGCThread "G1 Refine#2" [stack: 0x00000084e7d00000,0x00000084e7e00000] [id=9592]
  0x000001b37bc21800 ConcurrentGCThread "G1 Young RemSet Sampling" [stack: 0x00000084e4700000,0x00000084e4800000] [id=9804]

Threads with active compile tasks:
C2 CompilerThread03475584 21207       4       java.util.LinkedList$ListItr::remove (84 bytes)
C1 CompilerThread03475584 21212       2       com.android.tools.r8.internal.E8$$Lambda$1603/0x0000000100ee4840::compare (12 bytes)
C2 CompilerThread13475584 20888       4       com.android.tools.r8.graph.B0$c::a (559 bytes)

VM state:not at safepoint (normal execution)

VM Mutex/Monitor currently owned by a thread: None

Heap address: 0x0000000080000000, size: 2048 MB, Compressed Oops mode: 32-bit
Narrow klass base: 0x0000000000000000, Narrow klass shift: 3
Compressed class space size: 1073741824 Address: 0x0000000100000000

Heap:
 garbage-first heap   total 225280K, used 125467K [0x0000000080000000, 0x0000000100000000)
  region size 1024K, 33 young (33792K), 2 survivors (2048K)
 Metaspace       used 120532K, capacity 123460K, committed 123948K, reserved 1157120K
  class space    used 15065K, capacity 16182K, committed 16428K, reserved 1048576K
Heap Regions: E=young(eden), S=young(survivor), O=old, HS=humongous(starts), HC=humongous(continues), CS=collection set, F=free, A=archive, TAMS=top-at-mark-start (previous, next)
|   0|0x0000000080000000, 0x0000000080100000, 0x0000000080100000|100%| O|  |TAMS 0x0000000080100000, 0x0000000080000000| Untracked 
|   1|0x0000000080100000, 0x0000000080200000, 0x0000000080200000|100%| O|  |TAMS 0x0000000080200000, 0x0000000080100000| Untracked 
|   2|0x0000000080200000, 0x0000000080300000, 0x0000000080300000|100%| O|  |TAMS 0x0000000080300000, 0x0000000080200000| Untracked 
|   3|0x0000000080300000, 0x0000000080400000, 0x0000000080400000|100%|HS|  |TAMS 0x0000000080400000, 0x0000000080300000| Complete 
|   4|0x0000000080400000, 0x0000000080500000, 0x0000000080500000|100%|HC|  |TAMS 0x0000000080500000, 0x0000000080400000| Complete 
|   5|0x0000000080500000, 0x0000000080600000, 0x0000000080600000|100%|HC|  |TAMS 0x0000000080600000, 0x0000000080500000| Complete 
|   6|0x0000000080600000, 0x0000000080700000, 0x0000000080700000|100%| O|  |TAMS 0x0000000080700000, 0x0000000080600000| Untracked 
|   7|0x0000000080700000, 0x0000000080800000, 0x0000000080800000|100%| O|  |TAMS 0x0000000080800000, 0x0000000080700000| Untracked 
|   8|0x0000000080800000, 0x0000000080900000, 0x0000000080900000|100%| O|  |TAMS 0x0000000080900000, 0x0000000080800000| Untracked 
|   9|0x0000000080900000, 0x0000000080a00000, 0x0000000080a00000|100%| O|  |TAMS 0x0000000080a00000, 0x0000000080900000| Untracked 
|  10|0x0000000080a00000, 0x0000000080b00000, 0x0000000080b00000|100%| O|  |TAMS 0x0000000080b00000, 0x0000000080a00000| Untracked 
|  11|0x0000000080b00000, 0x0000000080c00000, 0x0000000080c00000|100%| O|  |TAMS 0x0000000080c00000, 0x0000000080b00000| Untracked 
|  12|0x0000000080c00000, 0x0000000080d00000, 0x0000000080d00000|100%| O|  |TAMS 0x0000000080c00000, 0x0000000080c00000| Untracked 
|  13|0x0000000080d00000, 0x0000000080e00000, 0x0000000080e00000|100%| O|  |TAMS 0x0000000080e00000, 0x0000000080d00000| Untracked 
|  14|0x0000000080e00000, 0x0000000080f00000, 0x0000000080f00000|100%| O|  |TAMS 0x0000000080f00000, 0x0000000080e00000| Untracked 
|  15|0x0000000080f00000, 0x0000000081000000, 0x0000000081000000|100%| O|  |TAMS 0x0000000081000000, 0x0000000080f00000| Untracked 
|  16|0x0000000081000000, 0x0000000081100000, 0x0000000081100000|100%| O|  |TAMS 0x0000000081100000, 0x0000000081000000| Untracked 
|  17|0x0000000081100000, 0x0000000081200000, 0x0000000081200000|100%|HS|  |TAMS 0x0000000081200000, 0x0000000081100000| Complete 
|  18|0x0000000081200000, 0x0000000081300000, 0x0000000081300000|100%| O|  |TAMS 0x0000000081300000, 0x0000000081200000| Untracked 
|  19|0x0000000081300000, 0x0000000081400000, 0x0000000081400000|100%| O|  |TAMS 0x0000000081400000, 0x0000000081300000| Untracked 
|  20|0x0000000081400000, 0x0000000081500000, 0x0000000081500000|100%| O|  |TAMS 0x0000000081500000, 0x0000000081400000| Untracked 
|  21|0x0000000081500000, 0x0000000081600000, 0x0000000081600000|100%| O|  |TAMS 0x0000000081600000, 0x0000000081500000| Untracked 
|  22|0x0000000081600000, 0x0000000081700000, 0x0000000081700000|100%| O|  |TAMS 0x0000000081700000, 0x0000000081600000| Untracked 
|  23|0x0000000081700000, 0x0000000081800000, 0x0000000081800000|100%| O|  |TAMS 0x0000000081800000, 0x0000000081700000| Untracked 
|  24|0x0000000081800000, 0x0000000081900000, 0x0000000081900000|100%|HS|  |TAMS 0x0000000081900000, 0x0000000081800000| Complete 
|  25|0x0000000081900000, 0x0000000081a00000, 0x0000000081a00000|100%|HS|  |TAMS 0x0000000081a00000, 0x0000000081900000| Complete 
|  26|0x0000000081a00000, 0x0000000081b00000, 0x0000000081b00000|100%|HC|  |TAMS 0x0000000081b00000, 0x0000000081a00000| Complete 
|  27|0x0000000081b00000, 0x0000000081c00000, 0x0000000081c00000|100%| O|  |TAMS 0x0000000081c00000, 0x0000000081b00000| Untracked 
|  28|0x0000000081c00000, 0x0000000081d00000, 0x0000000081d00000|100%| O|  |TAMS 0x0000000081d00000, 0x0000000081c00000| Untracked 
|  29|0x0000000081d00000, 0x0000000081e00000, 0x0000000081e00000|100%| O|  |TAMS 0x0000000081e00000, 0x0000000081d00000| Untracked 
|  30|0x0000000081e00000, 0x0000000081f00000, 0x0000000081f00000|100%| O|  |TAMS 0x0000000081f00000, 0x0000000081e00000| Untracked 
|  31|0x0000000081f00000, 0x0000000082000000, 0x0000000082000000|100%| O|  |TAMS 0x0000000082000000, 0x0000000081f00000| Untracked 
|  32|0x0000000082000000, 0x0000000082100000, 0x0000000082100000|100%| O|  |TAMS 0x0000000082100000, 0x0000000082000000| Untracked 
|  33|0x0000000082100000, 0x0000000082200000, 0x0000000082200000|100%| O|  |TAMS 0x0000000082200000, 0x0000000082100000| Untracked 
|  34|0x0000000082200000, 0x0000000082300000, 0x0000000082300000|100%| O|  |TAMS 0x0000000082300000, 0x0000000082200000| Untracked 
|  35|0x0000000082300000, 0x0000000082400000, 0x0000000082400000|100%| O|  |TAMS 0x0000000082400000, 0x0000000082300000| Untracked 
|  36|0x0000000082400000, 0x0000000082500000, 0x0000000082500000|100%| O|  |TAMS 0x0000000082500000, 0x0000000082400000| Untracked 
|  37|0x0000000082500000, 0x0000000082600000, 0x0000000082600000|100%| O|  |TAMS 0x0000000082600000, 0x0000000082500000| Untracked 
|  38|0x0000000082600000, 0x0000000082700000, 0x0000000082700000|100%| O|  |TAMS 0x0000000082700000, 0x0000000082600000| Untracked 
|  39|0x0000000082700000, 0x0000000082800000, 0x0000000082800000|100%| O|  |TAMS 0x0000000082800000, 0x0000000082700000| Untracked 
|  40|0x0000000082800000, 0x0000000082800000, 0x0000000082900000|  0%| F|  |TAMS 0x0000000082800000, 0x0000000082800000| Untracked 
|  41|0x0000000082900000, 0x0000000082a00000, 0x0000000082a00000|100%| O|  |TAMS 0x0000000082a00000, 0x0000000082900000| Untracked 
|  42|0x0000000082a00000, 0x0000000082b00000, 0x0000000082b00000|100%| O|  |TAMS 0x0000000082b00000, 0x0000000082a00000| Untracked 
|  43|0x0000000082b00000, 0x0000000082c00000, 0x0000000082c00000|100%| O|  |TAMS 0x0000000082c00000, 0x0000000082b00000| Untracked 
|  44|0x0000000082c00000, 0x0000000082d00000, 0x0000000082d00000|100%| O|  |TAMS 0x0000000082d00000, 0x0000000082c00000| Untracked 
|  45|0x0000000082d00000, 0x0000000082e00000, 0x0000000082e00000|100%| O|  |TAMS 0x0000000082e00000, 0x0000000082d00000| Untracked 
|  46|0x0000000082e00000, 0x0000000082f00000, 0x0000000082f00000|100%| O|  |TAMS 0x0000000082f00000, 0x0000000082e00000| Untracked 
|  47|0x0000000082f00000, 0x0000000082f00000, 0x0000000083000000|  0%| F|  |TAMS 0x0000000082f00000, 0x0000000082f00000| Untracked 
|  48|0x0000000083000000, 0x0000000083000000, 0x0000000083100000|  0%| F|  |TAMS 0x0000000083000000, 0x0000000083000000| Untracked 
|  49|0x0000000083100000, 0x0000000083100000, 0x0000000083200000|  0%| F|  |TAMS 0x0000000083100000, 0x0000000083100000| Untracked 
|  50|0x0000000083200000, 0x0000000083300000, 0x0000000083300000|100%| O|  |TAMS 0x0000000083200000, 0x0000000083200000| Untracked 
|  51|0x0000000083300000, 0x0000000083400000, 0x0000000083400000|100%| O|  |TAMS 0x0000000083400000, 0x0000000083300000| Untracked 
|  52|0x0000000083400000, 0x0000000083500000, 0x0000000083500000|100%| O|  |TAMS 0x0000000083500000, 0x0000000083400000| Untracked 
|  53|0x0000000083500000, 0x0000000083500000, 0x0000000083600000|  0%| F|  |TAMS 0x0000000083500000, 0x0000000083500000| Untracked 
|  54|0x0000000083600000, 0x0000000083700000, 0x0000000083700000|100%| O|  |TAMS 0x0000000083600000, 0x0000000083600000| Untracked 
|  55|0x0000000083700000, 0x0000000083800000, 0x0000000083800000|100%| O|  |TAMS 0x0000000083700000, 0x0000000083700000| Untracked 
|  56|0x0000000083800000, 0x0000000083900000, 0x0000000083900000|100%| O|  |TAMS 0x0000000083800000, 0x0000000083800000| Untracked 
|  57|0x0000000083900000, 0x0000000083a00000, 0x0000000083a00000|100%| O|  |TAMS 0x0000000083900000, 0x0000000083900000| Untracked 
|  58|0x0000000083a00000, 0x0000000083b00000, 0x0000000083b00000|100%| O|  |TAMS 0x0000000083b00000, 0x0000000083a00000| Untracked 
|  59|0x0000000083b00000, 0x0000000083c00000, 0x0000000083c00000|100%| O|  |TAMS 0x0000000083c00000, 0x0000000083b00000| Untracked 
|  60|0x0000000083c00000, 0x0000000083d00000, 0x0000000083d00000|100%| O|  |TAMS 0x0000000083d00000, 0x0000000083c00000| Untracked 
|  61|0x0000000083d00000, 0x0000000083e00000, 0x0000000083e00000|100%| O|  |TAMS 0x0000000083e00000, 0x0000000083d00000| Untracked 
|  62|0x0000000083e00000, 0x0000000083f00000, 0x0000000083f00000|100%| O|  |TAMS 0x0000000083e00000, 0x0000000083e00000| Untracked 
|  63|0x0000000083f00000, 0x0000000084000000, 0x0000000084000000|100%| O|  |TAMS 0x0000000083f00000, 0x0000000083f00000| Untracked 
|  64|0x0000000084000000, 0x0000000084100000, 0x0000000084100000|100%| O|  |TAMS 0x0000000084100000, 0x0000000084000000| Untracked 
|  65|0x0000000084100000, 0x0000000084100000, 0x0000000084200000|  0%| F|  |TAMS 0x0000000084100000, 0x0000000084100000| Untracked 
|  66|0x0000000084200000, 0x0000000084300000, 0x0000000084300000|100%| O|  |TAMS 0x0000000084200000, 0x0000000084200000| Untracked 
|  67|0x0000000084300000, 0x0000000084400000, 0x0000000084400000|100%| O|  |TAMS 0x0000000084300000, 0x0000000084300000| Untracked 
|  68|0x0000000084400000, 0x0000000084500000, 0x0000000084500000|100%| O|  |TAMS 0x0000000084500000, 0x0000000084400000| Untracked 
|  69|0x0000000084500000, 0x0000000084600000, 0x0000000084600000|100%| O|  |TAMS 0x0000000084500000, 0x0000000084500000| Untracked 
|  70|0x0000000084600000, 0x000000008462fe00, 0x0000000084700000| 18%| O|  |TAMS 0x0000000084600000, 0x0000000084600000| Untracked 
|  71|0x0000000084700000, 0x0000000084700000, 0x0000000084800000|  0%| F|  |TAMS 0x0000000084700000, 0x0000000084700000| Untracked 
|  72|0x0000000084800000, 0x0000000084800000, 0x0000000084900000|  0%| F|  |TAMS 0x0000000084800000, 0x0000000084800000| Untracked 
|  73|0x0000000084900000, 0x0000000084900000, 0x0000000084a00000|  0%| F|  |TAMS 0x0000000084900000, 0x0000000084900000| Untracked 
|  74|0x0000000084a00000, 0x0000000084a00000, 0x0000000084b00000|  0%| F|  |TAMS 0x0000000084a00000, 0x0000000084a00000| Untracked 
|  75|0x0000000084b00000, 0x0000000084c00000, 0x0000000084c00000|100%| O|  |TAMS 0x0000000084c00000, 0x0000000084b00000| Untracked 
|  76|0x0000000084c00000, 0x0000000084d00000, 0x0000000084d00000|100%| O|  |TAMS 0x0000000084d00000, 0x0000000084c00000| Untracked 
|  77|0x0000000084d00000, 0x0000000084e00000, 0x0000000084e00000|100%| O|  |TAMS 0x0000000084e00000, 0x0000000084d00000| Untracked 
|  78|0x0000000084e00000, 0x0000000084e00000, 0x0000000084f00000|  0%| F|  |TAMS 0x0000000084e00000, 0x0000000084e00000| Untracked 
|  79|0x0000000084f00000, 0x0000000085000000, 0x0000000085000000|100%| O|  |TAMS 0x0000000085000000, 0x0000000084f00000| Untracked 
|  80|0x0000000085000000, 0x0000000085100000, 0x0000000085100000|100%| O|  |TAMS 0x0000000085100000, 0x0000000085000000| Untracked 
|  81|0x0000000085100000, 0x0000000085200000, 0x0000000085200000|100%| O|  |TAMS 0x0000000085200000, 0x0000000085100000| Untracked 
|  82|0x0000000085200000, 0x0000000085300000, 0x0000000085300000|100%| O|  |TAMS 0x0000000085300000, 0x0000000085200000| Untracked 
|  83|0x0000000085300000, 0x0000000085400000, 0x0000000085400000|100%| O|  |TAMS 0x0000000085400000, 0x0000000085300000| Untracked 
|  84|0x0000000085400000, 0x0000000085500000, 0x0000000085500000|100%| O|  |TAMS 0x0000000085500000, 0x0000000085400000| Untracked 
|  85|0x0000000085500000, 0x0000000085500000, 0x0000000085600000|  0%| F|  |TAMS 0x0000000085500000, 0x0000000085500000| Untracked 
|  86|0x0000000085600000, 0x0000000085700000, 0x0000000085700000|100%| O|  |TAMS 0x0000000085700000, 0x0000000085600000| Untracked 
|  87|0x0000000085700000, 0x0000000085800000, 0x0000000085800000|100%| O|  |TAMS 0x0000000085800000, 0x0000000085700000| Untracked 
|  88|0x0000000085800000, 0x0000000085900000, 0x0000000085900000|100%| O|  |TAMS 0x0000000085900000, 0x0000000085800000| Untracked 
|  89|0x0000000085900000, 0x0000000085a00000, 0x0000000085a00000|100%| O|  |TAMS 0x0000000085a00000, 0x0000000085900000| Untracked 
|  90|0x0000000085a00000, 0x0000000085b00000, 0x0000000085b00000|100%| O|  |TAMS 0x0000000085b00000, 0x0000000085a00000| Untracked 
|  91|0x0000000085b00000, 0x0000000085c00000, 0x0000000085c00000|100%| O|  |TAMS 0x0000000085c00000, 0x0000000085b00000| Untracked 
|  92|0x0000000085c00000, 0x0000000085d00000, 0x0000000085d00000|100%| O|  |TAMS 0x0000000085d00000, 0x0000000085c00000| Untracked 
|  93|0x0000000085d00000, 0x0000000085e00000, 0x0000000085e00000|100%| O|  |TAMS 0x0000000085e00000, 0x0000000085d00000| Untracked 
|  94|0x0000000085e00000, 0x0000000085f00000, 0x0000000085f00000|100%| O|  |TAMS 0x0000000085f00000, 0x0000000085e00000| Untracked 
|  95|0x0000000085f00000, 0x0000000085f00000, 0x0000000086000000|  0%| F|  |TAMS 0x0000000085f00000, 0x0000000085f00000| Untracked 
|  96|0x0000000086000000, 0x0000000086100000, 0x0000000086100000|100%| O|  |TAMS 0x0000000086100000, 0x0000000086000000| Untracked 
|  97|0x0000000086100000, 0x0000000086200000, 0x0000000086200000|100%| O|  |TAMS 0x0000000086200000, 0x0000000086100000| Untracked 
|  98|0x0000000086200000, 0x0000000086200000, 0x0000000086300000|  0%| F|  |TAMS 0x0000000086200000, 0x0000000086200000| Untracked 
|  99|0x0000000086300000, 0x0000000086300000, 0x0000000086400000|  0%| F|  |TAMS 0x0000000086300000, 0x0000000086300000| Untracked 
| 100|0x0000000086400000, 0x0000000086400000, 0x0000000086500000|  0%| F|  |TAMS 0x0000000086400000, 0x0000000086400000| Untracked 
| 101|0x0000000086500000, 0x0000000086600000, 0x0000000086600000|100%| O|  |TAMS 0x0000000086600000, 0x0000000086500000| Untracked 
| 102|0x0000000086600000, 0x0000000086700000, 0x0000000086700000|100%| O|  |TAMS 0x0000000086700000, 0x0000000086600000| Untracked 
| 103|0x0000000086700000, 0x0000000086800000, 0x0000000086800000|100%| O|  |TAMS 0x0000000086800000, 0x0000000086700000| Untracked 
| 104|0x0000000086800000, 0x0000000086900000, 0x0000000086900000|100%| O|  |TAMS 0x0000000086900000, 0x0000000086800000| Untracked 
| 105|0x0000000086900000, 0x0000000086a00000, 0x0000000086a00000|100%| O|  |TAMS 0x0000000086a00000, 0x0000000086900000| Untracked 
| 106|0x0000000086a00000, 0x0000000086a00000, 0x0000000086b00000|  0%| F|  |TAMS 0x0000000086a00000, 0x0000000086a00000| Untracked 
| 107|0x0000000086b00000, 0x0000000086b00000, 0x0000000086c00000|  0%| F|  |TAMS 0x0000000086b00000, 0x0000000086b00000| Untracked 
| 108|0x0000000086c00000, 0x0000000086c00000, 0x0000000086d00000|  0%| F|  |TAMS 0x0000000086c00000, 0x0000000086c00000| Untracked 
| 109|0x0000000086d00000, 0x0000000086e00000, 0x0000000086e00000|100%| O|  |TAMS 0x0000000086e00000, 0x0000000086d00000| Untracked 
| 110|0x0000000086e00000, 0x0000000086e00000, 0x0000000086f00000|  0%| F|  |TAMS 0x0000000086e00000, 0x0000000086e00000| Untracked 
| 111|0x0000000086f00000, 0x0000000086f00000, 0x0000000087000000|  0%| F|  |TAMS 0x0000000086f00000, 0x0000000086f00000| Untracked 
| 112|0x0000000087000000, 0x0000000087000000, 0x0000000087100000|  0%| F|  |TAMS 0x0000000087000000, 0x0000000087000000| Untracked 
| 113|0x0000000087100000, 0x0000000087100000, 0x0000000087200000|  0%| F|  |TAMS 0x0000000087100000, 0x0000000087100000| Untracked 
| 114|0x0000000087200000, 0x0000000087300000, 0x0000000087300000|100%| O|  |TAMS 0x0000000087300000, 0x0000000087200000| Untracked 
| 115|0x0000000087300000, 0x0000000087300000, 0x0000000087400000|  0%| F|  |TAMS 0x0000000087300000, 0x0000000087300000| Untracked 
| 116|0x0000000087400000, 0x0000000087400000, 0x0000000087500000|  0%| F|  |TAMS 0x0000000087400000, 0x0000000087400000| Untracked 
| 117|0x0000000087500000, 0x0000000087500000, 0x0000000087600000|  0%| F|  |TAMS 0x0000000087500000, 0x0000000087500000| Untracked 
| 118|0x0000000087600000, 0x0000000087600000, 0x0000000087700000|  0%| F|  |TAMS 0x0000000087600000, 0x0000000087600000| Untracked 
| 119|0x0000000087700000, 0x0000000087700000, 0x0000000087800000|  0%| F|  |TAMS 0x0000000087700000, 0x0000000087700000| Untracked 
| 120|0x0000000087800000, 0x0000000087800000, 0x0000000087900000|  0%| F|  |TAMS 0x0000000087800000, 0x0000000087800000| Untracked 
| 121|0x0000000087900000, 0x0000000087900000, 0x0000000087a00000|  0%| F|  |TAMS 0x0000000087900000, 0x0000000087900000| Untracked 
| 122|0x0000000087a00000, 0x0000000087a00000, 0x0000000087b00000|  0%| F|  |TAMS 0x0000000087a00000, 0x0000000087a00000| Untracked 
| 123|0x0000000087b00000, 0x0000000087b00000, 0x0000000087c00000|  0%| F|  |TAMS 0x0000000087b00000, 0x0000000087b00000| Untracked 
| 124|0x0000000087c00000, 0x0000000087c00000, 0x0000000087d00000|  0%| F|  |TAMS 0x0000000087c00000, 0x0000000087c00000| Untracked 
| 125|0x0000000087d00000, 0x0000000087d00000, 0x0000000087e00000|  0%| F|  |TAMS 0x0000000087d00000, 0x0000000087d00000| Untracked 
| 126|0x0000000087e00000, 0x0000000087e00000, 0x0000000087f00000|  0%| F|  |TAMS 0x0000000087e00000, 0x0000000087e00000| Untracked 
| 127|0x0000000087f00000, 0x0000000087f00000, 0x0000000088000000|  0%| F|  |TAMS 0x0000000087f00000, 0x0000000087f00000| Untracked 
| 128|0x0000000088000000, 0x0000000088000000, 0x0000000088100000|  0%| F|  |TAMS 0x0000000088000000, 0x0000000088000000| Untracked 
| 129|0x0000000088100000, 0x0000000088100000, 0x0000000088200000|  0%| F|  |TAMS 0x0000000088100000, 0x0000000088100000| Untracked 
| 130|0x0000000088200000, 0x0000000088200000, 0x0000000088300000|  0%| F|  |TAMS 0x0000000088200000, 0x0000000088200000| Untracked 
| 131|0x0000000088300000, 0x0000000088300000, 0x0000000088400000|  0%| F|  |TAMS 0x0000000088300000, 0x0000000088300000| Untracked 
| 132|0x0000000088400000, 0x0000000088400000, 0x0000000088500000|  0%| F|  |TAMS 0x0000000088400000, 0x0000000088400000| Untracked 
| 133|0x0000000088500000, 0x0000000088500000, 0x0000000088600000|  0%| F|  |TAMS 0x0000000088500000, 0x0000000088500000| Untracked 
| 134|0x0000000088600000, 0x0000000088600000, 0x0000000088700000|  0%| F|  |TAMS 0x0000000088600000, 0x0000000088600000| Untracked 
| 135|0x0000000088700000, 0x0000000088700000, 0x0000000088800000|  0%| F|  |TAMS 0x0000000088700000, 0x0000000088700000| Untracked 
| 136|0x0000000088800000, 0x0000000088800000, 0x0000000088900000|  0%| F|  |TAMS 0x0000000088800000, 0x0000000088800000| Untracked 
| 137|0x0000000088900000, 0x0000000088900000, 0x0000000088a00000|  0%| F|  |TAMS 0x0000000088900000, 0x0000000088900000| Untracked 
| 138|0x0000000088a00000, 0x0000000088a00000, 0x0000000088b00000|  0%| F|  |TAMS 0x0000000088a00000, 0x0000000088a00000| Untracked 
| 139|0x0000000088b00000, 0x0000000088b00000, 0x0000000088c00000|  0%| F|  |TAMS 0x0000000088b00000, 0x0000000088b00000| Untracked 
| 140|0x0000000088c00000, 0x0000000088c00000, 0x0000000088d00000|  0%| F|  |TAMS 0x0000000088c00000, 0x0000000088c00000| Untracked 
| 141|0x0000000088d00000, 0x0000000088d00000, 0x0000000088e00000|  0%| F|  |TAMS 0x0000000088d00000, 0x0000000088d00000| Untracked 
| 142|0x0000000088e00000, 0x0000000088e00000, 0x0000000088f00000|  0%| F|  |TAMS 0x0000000088e00000, 0x0000000088e00000| Untracked 
| 143|0x0000000088f00000, 0x0000000088f00000, 0x0000000089000000|  0%| F|  |TAMS 0x0000000088f00000, 0x0000000088f00000| Untracked 
| 144|0x0000000089000000, 0x0000000089000000, 0x0000000089100000|  0%| F|  |TAMS 0x0000000089000000, 0x0000000089000000| Untracked 
| 145|0x0000000089100000, 0x0000000089100000, 0x0000000089200000|  0%| F|  |TAMS 0x0000000089100000, 0x0000000089100000| Untracked 
| 146|0x0000000089200000, 0x0000000089200000, 0x0000000089300000|  0%| F|  |TAMS 0x0000000089200000, 0x0000000089200000| Untracked 
| 147|0x0000000089300000, 0x0000000089300000, 0x0000000089400000|  0%| F|  |TAMS 0x0000000089300000, 0x0000000089300000| Untracked 
| 148|0x0000000089400000, 0x0000000089400000, 0x0000000089500000|  0%| F|  |TAMS 0x0000000089400000, 0x0000000089400000| Untracked 
| 149|0x0000000089500000, 0x0000000089500000, 0x0000000089600000|  0%| F|  |TAMS 0x0000000089500000, 0x0000000089500000| Untracked 
| 150|0x0000000089600000, 0x0000000089600000, 0x0000000089700000|  0%| F|  |TAMS 0x0000000089600000, 0x0000000089600000| Untracked 
| 151|0x0000000089700000, 0x0000000089700000, 0x0000000089800000|  0%| F|  |TAMS 0x0000000089700000, 0x0000000089700000| Untracked 
| 152|0x0000000089800000, 0x0000000089800000, 0x0000000089900000|  0%| F|  |TAMS 0x0000000089800000, 0x0000000089800000| Untracked 
| 153|0x0000000089900000, 0x0000000089900000, 0x0000000089a00000|  0%| F|  |TAMS 0x0000000089900000, 0x0000000089900000| Untracked 
| 154|0x0000000089a00000, 0x0000000089a00000, 0x0000000089b00000|  0%| F|  |TAMS 0x0000000089a00000, 0x0000000089a00000| Untracked 
| 155|0x0000000089b00000, 0x0000000089b00000, 0x0000000089c00000|  0%| F|  |TAMS 0x0000000089b00000, 0x0000000089b00000| Untracked 
| 156|0x0000000089c00000, 0x0000000089c00000, 0x0000000089d00000|  0%| F|  |TAMS 0x0000000089c00000, 0x0000000089c00000| Untracked 
| 157|0x0000000089d00000, 0x0000000089d00000, 0x0000000089e00000|  0%| F|  |TAMS 0x0000000089d00000, 0x0000000089d00000| Untracked 
| 158|0x0000000089e00000, 0x0000000089e00000, 0x0000000089f00000|  0%| F|  |TAMS 0x0000000089e00000, 0x0000000089e00000| Untracked 
| 159|0x0000000089f00000, 0x0000000089f00000, 0x000000008a000000|  0%| F|  |TAMS 0x0000000089f00000, 0x0000000089f00000| Untracked 
| 160|0x000000008a000000, 0x000000008a000000, 0x000000008a100000|  0%| F|  |TAMS 0x000000008a000000, 0x000000008a000000| Untracked 
| 161|0x000000008a100000, 0x000000008a100000, 0x000000008a200000|  0%| F|  |TAMS 0x000000008a100000, 0x000000008a100000| Untracked 
| 162|0x000000008a200000, 0x000000008a200000, 0x000000008a300000|  0%| F|  |TAMS 0x000000008a200000, 0x000000008a200000| Untracked 
| 163|0x000000008a300000, 0x000000008a300000, 0x000000008a400000|  0%| F|  |TAMS 0x000000008a300000, 0x000000008a300000| Untracked 
| 164|0x000000008a400000, 0x000000008a400000, 0x000000008a500000|  0%| F|  |TAMS 0x000000008a400000, 0x000000008a400000| Untracked 
| 165|0x000000008a500000, 0x000000008a500000, 0x000000008a600000|  0%| F|  |TAMS 0x000000008a500000, 0x000000008a500000| Untracked 
| 166|0x000000008a600000, 0x000000008a600000, 0x000000008a700000|  0%| F|  |TAMS 0x000000008a600000, 0x000000008a600000| Untracked 
| 167|0x000000008a700000, 0x000000008a700000, 0x000000008a800000|  0%| F|  |TAMS 0x000000008a700000, 0x000000008a700000| Untracked 
| 168|0x000000008a800000, 0x000000008a800000, 0x000000008a900000|  0%| F|  |TAMS 0x000000008a800000, 0x000000008a800000| Untracked 
| 169|0x000000008a900000, 0x000000008a900000, 0x000000008aa00000|  0%| F|  |TAMS 0x000000008a900000, 0x000000008a900000| Untracked 
| 170|0x000000008aa00000, 0x000000008aa00000, 0x000000008ab00000|  0%| F|  |TAMS 0x000000008aa00000, 0x000000008aa00000| Untracked 
| 171|0x000000008ab00000, 0x000000008ab00000, 0x000000008ac00000|  0%| F|  |TAMS 0x000000008ab00000, 0x000000008ab00000| Untracked 
| 172|0x000000008ac00000, 0x000000008ac00000, 0x000000008ad00000|  0%| F|  |TAMS 0x000000008ac00000, 0x000000008ac00000| Untracked 
| 173|0x000000008ad00000, 0x000000008ad00000, 0x000000008ae00000|  0%| F|  |TAMS 0x000000008ad00000, 0x000000008ad00000| Untracked 
| 174|0x000000008ae00000, 0x000000008ae00000, 0x000000008af00000|  0%| F|  |TAMS 0x000000008ae00000, 0x000000008ae00000| Untracked 
| 175|0x000000008af00000, 0x000000008af00000, 0x000000008b000000|  0%| F|  |TAMS 0x000000008af00000, 0x000000008af00000| Untracked 
| 176|0x000000008b000000, 0x000000008b000000, 0x000000008b100000|  0%| F|  |TAMS 0x000000008b000000, 0x000000008b000000| Untracked 
| 177|0x000000008b100000, 0x000000008b100000, 0x000000008b200000|  0%| F|  |TAMS 0x000000008b100000, 0x000000008b100000| Untracked 
| 178|0x000000008b200000, 0x000000008b200000, 0x000000008b300000|  0%| F|  |TAMS 0x000000008b200000, 0x000000008b200000| Untracked 
| 179|0x000000008b300000, 0x000000008b300000, 0x000000008b400000|  0%| F|  |TAMS 0x000000008b300000, 0x000000008b300000| Untracked 
| 180|0x000000008b400000, 0x000000008b400000, 0x000000008b500000|  0%| F|  |TAMS 0x000000008b400000, 0x000000008b400000| Untracked 
| 181|0x000000008b500000, 0x000000008b500000, 0x000000008b600000|  0%| F|  |TAMS 0x000000008b500000, 0x000000008b500000| Untracked 
| 182|0x000000008b600000, 0x000000008b600000, 0x000000008b700000|  0%| F|  |TAMS 0x000000008b600000, 0x000000008b600000| Untracked 
| 183|0x000000008b700000, 0x000000008b700000, 0x000000008b800000|  0%| F|  |TAMS 0x000000008b700000, 0x000000008b700000| Untracked 
| 184|0x000000008b800000, 0x000000008b800000, 0x000000008b900000|  0%| F|  |TAMS 0x000000008b800000, 0x000000008b800000| Untracked 
| 185|0x000000008b900000, 0x000000008b900000, 0x000000008ba00000|  0%| F|  |TAMS 0x000000008b900000, 0x000000008b900000| Untracked 
| 186|0x000000008ba00000, 0x000000008ba00000, 0x000000008bb00000|  0%| F|  |TAMS 0x000000008ba00000, 0x000000008ba00000| Untracked 
| 187|0x000000008bb00000, 0x000000008bbb1d78, 0x000000008bc00000| 69%| E|  |TAMS 0x000000008bb00000, 0x000000008bb00000| Complete 
| 188|0x000000008bc00000, 0x000000008bd00000, 0x000000008bd00000|100%| E|CS|TAMS 0x000000008bc00000, 0x000000008bc00000| Complete 
| 189|0x000000008bd00000, 0x000000008be00000, 0x000000008be00000|100%| E|CS|TAMS 0x000000008bd00000, 0x000000008bd00000| Complete 
| 190|0x000000008be00000, 0x000000008bf00000, 0x000000008bf00000|100%| E|CS|TAMS 0x000000008be00000, 0x000000008be00000| Complete 
| 191|0x000000008bf00000, 0x000000008c000000, 0x000000008c000000|100%| E|CS|TAMS 0x000000008bf00000, 0x000000008bf00000| Complete 
| 192|0x000000008c000000, 0x000000008c100000, 0x000000008c100000|100%| E|CS|TAMS 0x000000008c000000, 0x000000008c000000| Complete 
| 193|0x000000008c100000, 0x000000008c200000, 0x000000008c200000|100%| E|CS|TAMS 0x000000008c100000, 0x000000008c100000| Complete 
| 194|0x000000008c200000, 0x000000008c300000, 0x000000008c300000|100%| E|CS|TAMS 0x000000008c200000, 0x000000008c200000| Complete 
| 195|0x000000008c300000, 0x000000008c400000, 0x000000008c400000|100%| E|CS|TAMS 0x000000008c300000, 0x000000008c300000| Complete 
| 196|0x000000008c400000, 0x000000008c500000, 0x000000008c500000|100%| E|CS|TAMS 0x000000008c400000, 0x000000008c400000| Complete 
| 197|0x000000008c500000, 0x000000008c600000, 0x000000008c600000|100%| E|CS|TAMS 0x000000008c500000, 0x000000008c500000| Complete 
| 198|0x000000008c600000, 0x000000008c700000, 0x000000008c700000|100%| E|CS|TAMS 0x000000008c600000, 0x000000008c600000| Complete 
| 199|0x000000008c700000, 0x000000008c800000, 0x000000008c800000|100%| E|CS|TAMS 0x000000008c700000, 0x000000008c700000| Complete 
| 200|0x000000008c800000, 0x000000008c900000, 0x000000008c900000|100%| E|CS|TAMS 0x000000008c800000, 0x000000008c800000| Complete 
| 201|0x000000008c900000, 0x000000008ca00000, 0x000000008ca00000|100%| E|CS|TAMS 0x000000008c900000, 0x000000008c900000| Complete 
| 202|0x000000008ca00000, 0x000000008cb00000, 0x000000008cb00000|100%| E|CS|TAMS 0x000000008ca00000, 0x000000008ca00000| Complete 
| 203|0x000000008cb00000, 0x000000008cc00000, 0x000000008cc00000|100%| E|CS|TAMS 0x000000008cb00000, 0x000000008cb00000| Complete 
| 204|0x000000008cc00000, 0x000000008cd00000, 0x000000008cd00000|100%| E|CS|TAMS 0x000000008cc00000, 0x000000008cc00000| Complete 
| 205|0x000000008cd00000, 0x000000008ce00000, 0x000000008ce00000|100%| E|CS|TAMS 0x000000008cd00000, 0x000000008cd00000| Complete 
| 206|0x000000008ce00000, 0x000000008cf00000, 0x000000008cf00000|100%| E|CS|TAMS 0x000000008ce00000, 0x000000008ce00000| Complete 
| 207|0x000000008cf00000, 0x000000008d000000, 0x000000008d000000|100%| E|CS|TAMS 0x000000008cf00000, 0x000000008cf00000| Complete 
| 208|0x000000008d000000, 0x000000008d100000, 0x000000008d100000|100%| E|CS|TAMS 0x000000008d000000, 0x000000008d000000| Complete 
| 209|0x000000008d100000, 0x000000008d200000, 0x000000008d200000|100%| E|CS|TAMS 0x000000008d100000, 0x000000008d100000| Complete 
| 210|0x000000008d200000, 0x000000008d300000, 0x000000008d300000|100%| E|CS|TAMS 0x000000008d200000, 0x000000008d200000| Complete 
| 211|0x000000008d300000, 0x000000008d400000, 0x000000008d400000|100%| E|CS|TAMS 0x000000008d300000, 0x000000008d300000| Complete 
| 212|0x000000008d400000, 0x000000008d500000, 0x000000008d500000|100%| E|CS|TAMS 0x000000008d400000, 0x000000008d400000| Complete 
| 213|0x000000008d500000, 0x000000008d600000, 0x000000008d600000|100%| E|CS|TAMS 0x000000008d500000, 0x000000008d500000| Complete 
| 214|0x000000008d600000, 0x000000008d700000, 0x000000008d700000|100%| E|CS|TAMS 0x000000008d600000, 0x000000008d600000| Complete 
| 215|0x000000008d700000, 0x000000008d800000, 0x000000008d800000|100%| E|CS|TAMS 0x000000008d700000, 0x000000008d700000| Complete 
| 216|0x000000008d800000, 0x000000008d900000, 0x000000008d900000|100%| E|CS|TAMS 0x000000008d800000, 0x000000008d800000| Complete 
| 217|0x000000008d900000, 0x000000008d9571d0, 0x000000008da00000| 34%| S|CS|TAMS 0x000000008d900000, 0x000000008d900000| Complete 
| 218|0x000000008da00000, 0x000000008db00000, 0x000000008db00000|100%| S|CS|TAMS 0x000000008da00000, 0x000000008da00000| Complete 
| 219|0x000000008db00000, 0x000000008dc00000, 0x000000008dc00000|100%| E|CS|TAMS 0x000000008db00000, 0x000000008db00000| Complete 

Card table byte_map: [0x000001b3750d0000,0x000001b3754d0000] _byte_map_base: 0x000001b374cd0000

Marking Bits (Prev, Next): (CMBitMap*) 0x000001b37122c940, (CMBitMap*) 0x000001b37122c908
 Prev Bits: [0x000001b3778d0000, 0x000001b3798d0000)
 Next Bits: [0x000001b3758d0000, 0x000001b3778d0000)

Polling page: 0x000001b36f070000

Metaspace:

Usage:
  Non-class:    104.76 MB capacity,   102.99 MB ( 98%) used,     1.40 MB (  1%) free+waste,   375.44 KB ( <1%) overhead. 
      Class:     15.80 MB capacity,    14.71 MB ( 93%) used,   955.02 KB (  6%) free+waste,   161.00 KB ( <1%) overhead. 
       Both:    120.57 MB capacity,   117.71 MB ( 98%) used,     2.33 MB (  2%) free+waste,   536.44 KB ( <1%) overhead. 

Virtual space:
  Non-class space:      106.00 MB reserved,     105.00 MB (>99%) committed 
      Class space:        1.00 GB reserved,      16.04 MB (  2%) committed 
             Both:        1.10 GB reserved,     121.04 MB ( 11%) committed 

Chunk freelists:
   Non-Class:  242.00 KB
       Class:  138.00 KB
        Both:  380.00 KB

MaxMetaspaceSize: 17179869184.00 GB
CompressedClassSpaceSize: 1.00 GB

CodeHeap 'non-profiled nmethods': size=120064Kb used=12633Kb max_used=12633Kb free=107430Kb
 bounds [0x000001b307ac0000, 0x000001b308720000, 0x000001b30f000000]
CodeHeap 'profiled nmethods': size=120000Kb used=45752Kb max_used=45752Kb free=74247Kb
 bounds [0x000001b300590000, 0x000001b303250000, 0x000001b307ac0000]
CodeHeap 'non-nmethods': size=5696Kb used=2372Kb max_used=2437Kb free=3324Kb
 bounds [0x000001b300000000, 0x000001b300270000, 0x000001b300590000]
 total_blobs=21083 nmethods=20103 adapters=889
 compilation: enabled
              stopped_count=0, restarted_count=0
 full_count=0

Compilation events (20 events):
Event: 3475.444 Thread 0x000001b37bdec800 nmethod 21041 0x000001b3031af510 code [0x000001b3031af6e0, 0x000001b3031afb68]
Event: 3475.444 Thread 0x000001b37bdec800 21043       2       com.android.tools.r8.internal.Ni::p (22 bytes)
Event: 3475.444 Thread 0x000001b37bdec800 nmethod 21043 0x000001b3031afd10 code [0x000001b3031afec0, 0x000001b3031b0038]
Event: 3475.444 Thread 0x000001b37bdec800 21044       2       com.android.tools.r8.internal.Is$$Lambda$1493/0x0000000100e74840::get$Lambda (11 bytes)
Event: 3475.444 Thread 0x000001b37bdec800 nmethod 21044 0x000001b3031b0110 code [0x000001b3031b02c0, 0x000001b3031b0518]
Event: 3475.444 Thread 0x000001b37bdec800 21042       2       com.android.tools.r8.graph.D0::a (124 bytes)
Event: 3475.445 Thread 0x000001b37bdec800 nmethod 21042 0x000001b3031b0610 code [0x000001b3031b0860, 0x000001b3031b0f38]
Event: 3475.445 Thread 0x000001b37bdec800 21045       2       com.android.tools.r8.graph.H0::a (232 bytes)
Event: 3475.446 Thread 0x000001b37bdec800 nmethod 21045 0x000001b3031b1410 code [0x000001b3031b1600, 0x000001b3031b1c08]
Event: 3475.446 Thread 0x000001b37bdec800 21046       2       com.android.tools.r8.internal.g7::a (52 bytes)
Event: 3475.446 Thread 0x000001b37bdec800 nmethod 21046 0x000001b3031b1f90 code [0x000001b3031b2160, 0x000001b3031b2378]
Event: 3475.446 Thread 0x000001b37bdec800 21047       2       com.android.tools.r8.internal.g7::a (14 bytes)
Event: 3475.446 Thread 0x000001b37bdec800 nmethod 21047 0x000001b3031b2490 code [0x000001b3031b2640, 0x000001b3031b2768]
Event: 3475.446 Thread 0x000001b37bdec800 21034       2       com.android.tools.r8.internal.pC::<init> (5 bytes)
Event: 3475.446 Thread 0x000001b37bdec800 nmethod 21034 0x000001b3031b2810 code [0x000001b3031b29c0, 0x000001b3031b2ab8]
Event: 3475.446 Thread 0x000001b37bdec800 21037       2       com.android.tools.r8.internal.Of$a::c (8 bytes)
Event: 3475.446 Thread 0x000001b37bdec800 nmethod 21037 0x000001b3031b2b90 code [0x000001b3031b2d60, 0x000001b3031b3058]
Event: 3475.446 Thread 0x000001b37bdec800 21048       2       com.android.tools.r8.ir.conversion.j::a (36 bytes)
Event: 3475.447 Thread 0x000001b37bdec800 nmethod 21048 0x000001b3031b3210 code [0x000001b3031b33c0, 0x000001b3031b34e8]
Event: 3475.449 Thread 0x000001b37bdec800 21049       2       com.android.tools.r8.internal.aj::a (65 bytes)

GC Heap History (20 events):
Event: 240.831 GC heap before
{Heap before GC invocations=36 (full 0):
 garbage-first heap   total 225280K, used 169704K [0x0000000080000000, 0x0000000100000000)
  region size 1024K, 68 young (69632K), 6 survivors (6144K)
 Metaspace       used 118831K, capacity 121843K, committed 122156K, reserved 1155072K
  class space    used 15091K, capacity 16245K, committed 16428K, reserved 1048576K
}
Event: 240.844 GC heap after
{Heap after GC invocations=37 (full 0):
 garbage-first heap   total 225280K, used 108434K [0x0000000080000000, 0x0000000100000000)
  region size 1024K, 2 young (2048K), 2 survivors (2048K)
 Metaspace       used 118831K, capacity 121843K, committed 122156K, reserved 1155072K
  class space    used 15091K, capacity 16245K, committed 16428K, reserved 1048576K
}
Event: 271.346 GC heap before
{Heap before GC invocations=37 (full 0):
 garbage-first heap   total 225280K, used 124818K [0x0000000080000000, 0x0000000100000000)
  region size 1024K, 11 young (11264K), 2 survivors (2048K)
 Metaspace       used 118939K, capacity 122016K, committed 122412K, reserved 1155072K
  class space    used 15099K, capacity 16255K, committed 16428K, reserved 1048576K
}
Event: 271.361 GC heap after
{Heap after GC invocations=38 (full 0):
 garbage-first heap   total 225280K, used 97472K [0x0000000080000000, 0x0000000100000000)
  region size 1024K, 2 young (2048K), 2 survivors (2048K)
 Metaspace       used 118939K, capacity 122016K, committed 122412K, reserved 1155072K
  class space    used 15099K, capacity 16255K, committed 16428K, reserved 1048576K
}
Event: 1792.554 GC heap before
{Heap before GC invocations=38 (full 0):
 garbage-first heap   total 225280K, used 169152K [0x0000000080000000, 0x0000000100000000)
  region size 1024K, 73 young (74752K), 2 survivors (2048K)
 Metaspace       used 119544K, capacity 122663K, committed 122924K, reserved 1155072K
  class space    used 15116K, capacity 16286K, committed 16428K, reserved 1048576K
}
Event: 1792.564 GC heap after
{Heap after GC invocations=39 (full 0):
 garbage-first heap   total 225280K, used 96220K [0x0000000080000000, 0x0000000100000000)
  region size 1024K, 1 young (1024K), 1 survivors (1024K)
 Metaspace       used 119544K, capacity 122663K, committed 122924K, reserved 1155072K
  class space    used 15116K, capacity 16286K, committed 16428K, reserved 1048576K
}
Event: 3462.699 GC heap before
{Heap before GC invocations=39 (full 0):
 garbage-first heap   total 225280K, used 163804K [0x0000000080000000, 0x0000000100000000)
  region size 1024K, 69 young (70656K), 1 survivors (1024K)
 Metaspace       used 119876K, capacity 122996K, committed 123180K, reserved 1157120K
  class space    used 15134K, capacity 16315K, committed 16428K, reserved 1048576K
}
Event: 3462.723 GC heap after
{Heap after GC invocations=40 (full 0):
 garbage-first heap   total 225280K, used 100400K [0x0000000080000000, 0x0000000100000000)
  region size 1024K, 5 young (5120K), 5 survivors (5120K)
 Metaspace       used 119876K, capacity 122996K, committed 123180K, reserved 1157120K
  class space    used 15134K, capacity 16315K, committed 16428K, reserved 1048576K
}
Event: 3471.152 GC heap before
{Heap before GC invocations=41 (full 0):
 garbage-first heap   total 225280K, used 192560K [0x0000000080000000, 0x0000000100000000)
  region size 1024K, 79 young (80896K), 5 survivors (5120K)
 Metaspace       used 119721K, capacity 122644K, committed 123436K, reserved 1157120K
  class space    used 15059K, capacity 16170K, committed 16428K, reserved 1048576K
}
Event: 3471.184 GC heap after
{Heap after GC invocations=42 (full 0):
 garbage-first heap   total 225280K, used 106383K [0x0000000080000000, 0x0000000100000000)
  region size 1024K, 10 young (10240K), 10 survivors (10240K)
 Metaspace       used 119721K, capacity 122644K, committed 123436K, reserved 1157120K
  class space    used 15059K, capacity 16170K, committed 16428K, reserved 1048576K
}
Event: 3471.187 GC heap before
{Heap before GC invocations=42 (full 0):
 garbage-first heap   total 225280K, used 107407K [0x0000000080000000, 0x0000000100000000)
  region size 1024K, 11 young (11264K), 10 survivors (10240K)
 Metaspace       used 119721K, capacity 122644K, committed 123436K, reserved 1157120K
  class space    used 15059K, capacity 16170K, committed 16428K, reserved 1048576K
}
Event: 3471.235 GC heap after
{Heap after GC invocations=43 (full 0):
 garbage-first heap   total 225280K, used 93833K [0x0000000080000000, 0x0000000100000000)
  region size 1024K, 1 young (1024K), 1 survivors (1024K)
 Metaspace       used 119721K, capacity 122644K, committed 123436K, reserved 1157120K
  class space    used 15059K, capacity 16170K, committed 16428K, reserved 1048576K
}
Event: 3471.347 GC heap before
{Heap before GC invocations=43 (full 0):
 garbage-first heap   total 225280K, used 103049K [0x0000000080000000, 0x0000000100000000)
  region size 1024K, 11 young (11264K), 1 survivors (1024K)
 Metaspace       used 119739K, capacity 122708K, committed 123436K, reserved 1157120K
  class space    used 15059K, capacity 16170K, committed 16428K, reserved 1048576K
}
Event: 3471.354 GC heap after
{Heap after GC invocations=44 (full 0):
 garbage-first heap   total 225280K, used 94888K [0x0000000080000000, 0x0000000100000000)
  region size 1024K, 1 young (1024K), 1 survivors (1024K)
 Metaspace       used 119739K, capacity 122708K, committed 123436K, reserved 1157120K
  class space    used 15059K, capacity 16170K, committed 16428K, reserved 1048576K
}
Event: 3474.175 GC heap before
{Heap before GC invocations=44 (full 0):
 garbage-first heap   total 225280K, used 133800K [0x0000000080000000, 0x0000000100000000)
  region size 1024K, 41 young (41984K), 1 survivors (1024K)
 Metaspace       used 119918K, capacity 122776K, committed 123436K, reserved 1157120K
  class space    used 15059K, capacity 16170K, committed 16428K, reserved 1048576K
}
Event: 3474.180 GC heap after
{Heap after GC invocations=45 (full 0):
 garbage-first heap   total 225280K, used 96900K [0x0000000080000000, 0x0000000100000000)
  region size 1024K, 3 young (3072K), 3 survivors (3072K)
 Metaspace       used 119918K, capacity 122776K, committed 123436K, reserved 1157120K
  class space    used 15059K, capacity 16170K, committed 16428K, reserved 1048576K
}
Event: 3475.385 GC heap before
{Heap before GC invocations=46 (full 0):
 garbage-first heap   total 225280K, used 174724K [0x0000000080000000, 0x0000000100000000)
  region size 1024K, 78 young (79872K), 3 survivors (3072K)
 Metaspace       used 120362K, capacity 123313K, committed 123948K, reserved 1157120K
  class space    used 15065K, capacity 16182K, committed 16428K, reserved 1048576K
}
Event: 3475.400 GC heap after
{Heap after GC invocations=47 (full 0):
 garbage-first heap   total 225280K, used 102346K [0x0000000080000000, 0x0000000100000000)
  region size 1024K, 10 young (10240K), 10 survivors (10240K)
 Metaspace       used 120362K, capacity 123313K, committed 123948K, reserved 1157120K
  class space    used 15065K, capacity 16182K, committed 16428K, reserved 1048576K
}
Event: 3475.405 GC heap before
{Heap before GC invocations=47 (full 0):
 garbage-first heap   total 225280K, used 103370K [0x0000000080000000, 0x0000000100000000)
  region size 1024K, 11 young (11264K), 10 survivors (10240K)
 Metaspace       used 120368K, capacity 123314K, committed 123948K, reserved 1157120K
  class space    used 15065K, capacity 16182K, committed 16428K, reserved 1048576K
}
Event: 3475.438 GC heap after
{Heap after GC invocations=48 (full 0):
 garbage-first heap   total 225280K, used 94747K [0x0000000080000000, 0x0000000100000000)
  region size 1024K, 2 young (2048K), 2 survivors (2048K)
 Metaspace       used 120368K, capacity 123314K, committed 123948K, reserved 1157120K
  class space    used 15065K, capacity 16182K, committed 16428K, reserved 1048576K
}

Deoptimization events (20 events):
Event: 3474.988 Thread 0x000001b30fc5f800 DEOPT PACKING pc=0x000001b3086d1cc4 sp=0x00000084e53f46d0
Event: 3474.988 Thread 0x000001b30fc5f800 DEOPT UNPACKING pc=0x000001b3000083af sp=0x00000084e53f4650 mode 2
Event: 3474.988 Thread 0x000001b30fc5f800 Uncommon trap: trap_request=0xffffffde fr.pc=0x000001b3086d1cc4 relative=0x00000000000000a4
Event: 3474.988 Thread 0x000001b30fc5f800 Uncommon trap: reason=class_check action=maybe_recompile pc=0x000001b3086d1cc4 method=com.sun.tools.javac.code.Types$$Lambda$1107/0x0000000100caa440.test(Ljava/lang/Object;Ljava/lang/Object;)Z @ 5 c2
Event: 3474.988 Thread 0x000001b30fc5f800 DEOPT PACKING pc=0x000001b3086d1cc4 sp=0x00000084e53f3d50
Event: 3474.988 Thread 0x000001b30fc5f800 DEOPT UNPACKING pc=0x000001b3000083af sp=0x00000084e53f3cd0 mode 2
Event: 3475.157 Thread 0x000001b311073800 DEOPT PACKING pc=0x000001b3021afcc6 sp=0x00000084e77fc060
Event: 3475.157 Thread 0x000001b311073800 DEOPT UNPACKING pc=0x000001b300028ede sp=0x00000084e77fb578 mode 0
Event: 3475.231 Thread 0x000001b311073800 Uncommon trap: trap_request=0xffffffd6 fr.pc=0x000001b3086f0188 relative=0x00000000000007a8
Event: 3475.231 Thread 0x000001b311073800 Uncommon trap: reason=array_check action=maybe_recompile pc=0x000001b3086f0188 method=java.util.ComparableTimSort.binarySort([Ljava/lang/Object;III)V @ 193 c2
Event: 3475.231 Thread 0x000001b311073800 DEOPT PACKING pc=0x000001b3086f0188 sp=0x00000084e77f8310
Event: 3475.231 Thread 0x000001b311073800 DEOPT UNPACKING pc=0x000001b3000083af sp=0x00000084e77f82b0 mode 2
Event: 3475.254 Thread 0x000001b37e8d2800 DEOPT PACKING pc=0x000001b30236c1ab sp=0x00000084e82fd9a0
Event: 3475.254 Thread 0x000001b37e8d2800 DEOPT UNPACKING pc=0x000001b300028ede sp=0x00000084e82fceb0 mode 0
Event: 3475.375 Thread 0x000001b37e8d9000 DEOPT PACKING pc=0x000001b303164c93 sp=0x00000084e84fc8d0
Event: 3475.375 Thread 0x000001b37e8d9000 DEOPT UNPACKING pc=0x000001b300028ede sp=0x00000084e84fc060 mode 0
Event: 3475.443 Thread 0x000001b37f1a9000 DEOPT PACKING pc=0x000001b303164c93 sp=0x00000084e79fc9c0
Event: 3475.443 Thread 0x000001b37f1a9000 DEOPT UNPACKING pc=0x000001b300028ede sp=0x00000084e79fc150 mode 0
Event: 3475.447 Thread 0x000001b37f1a9000 DEOPT PACKING pc=0x000001b303164c93 sp=0x00000084e79fc9b0
Event: 3475.447 Thread 0x000001b37f1a9000 DEOPT UNPACKING pc=0x000001b300028ede sp=0x00000084e79fc140 mode 0

Classes redefined (0 events):
No events

Internal exceptions (20 events):
Event: 3474.934 Thread 0x000001b30fc5f800 Exception <a 'sun/nio/fs/WindowsException'{0x000000008b645788}> (0x000000008b645788) thrown at [./src/hotspot/share/prims/jni.cpp, line 615]
Event: 3474.947 Thread 0x000001b30fc5f800 Exception <a 'sun/nio/fs/WindowsException'{0x000000008b5af618}> (0x000000008b5af618) thrown at [./src/hotspot/share/prims/jni.cpp, line 615]
Event: 3474.955 Thread 0x000001b30fc5f800 Exception <a 'sun/nio/fs/WindowsException'{0x000000008b5b66e0}> (0x000000008b5b66e0) thrown at [./src/hotspot/share/prims/jni.cpp, line 615]
Event: 3474.959 Thread 0x000001b30fc5f800 Exception <a 'sun/nio/fs/WindowsException'{0x000000008b5c5158}> (0x000000008b5c5158) thrown at [./src/hotspot/share/prims/jni.cpp, line 615]
Event: 3474.959 Thread 0x000001b30fc5f800 Exception <a 'sun/nio/fs/WindowsException'{0x000000008b5c52b8}> (0x000000008b5c52b8) thrown at [./src/hotspot/share/prims/jni.cpp, line 615]
Event: 3474.968 Thread 0x000001b30fc5f800 Exception <a 'sun/nio/fs/WindowsException'{0x000000008b40bb40}> (0x000000008b40bb40) thrown at [./src/hotspot/share/prims/jni.cpp, line 615]
Event: 3474.968 Thread 0x000001b30fc5f800 Exception <a 'sun/nio/fs/WindowsException'{0x000000008b40bca8}> (0x000000008b40bca8) thrown at [./src/hotspot/share/prims/jni.cpp, line 615]
Event: 3474.975 Thread 0x000001b30fc5f800 Exception <a 'sun/nio/fs/WindowsException'{0x000000008b437f90}> (0x000000008b437f90) thrown at [./src/hotspot/share/prims/jni.cpp, line 615]
Event: 3474.976 Thread 0x000001b30fc5f800 Exception <a 'sun/nio/fs/WindowsException'{0x000000008b4399f0}> (0x000000008b4399f0) thrown at [./src/hotspot/share/prims/jni.cpp, line 615]
Event: 3474.991 Thread 0x000001b30fc5f800 Exception <a 'sun/nio/fs/WindowsException'{0x000000008b478488}> (0x000000008b478488) thrown at [./src/hotspot/share/prims/jni.cpp, line 615]
Event: 3475.012 Thread 0x000001b30fc5f800 Exception <a 'sun/nio/fs/WindowsException'{0x000000008b319120}> (0x000000008b319120) thrown at [./src/hotspot/share/prims/jni.cpp, line 615]
Event: 3475.029 Thread 0x000001b30fc5f800 Exception <a 'sun/nio/fs/WindowsException'{0x000000008b3747e8}> (0x000000008b3747e8) thrown at [./src/hotspot/share/prims/jni.cpp, line 615]
Event: 3475.041 Thread 0x000001b30fc5f800 Exception <a 'sun/nio/fs/WindowsException'{0x000000008b3c6b78}> (0x000000008b3c6b78) thrown at [./src/hotspot/share/prims/jni.cpp, line 615]
Event: 3475.062 Thread 0x000001b30fc5f800 Exception <a 'sun/nio/fs/WindowsException'{0x000000008af28ef0}> (0x000000008af28ef0) thrown at [./src/hotspot/share/prims/jni.cpp, line 615]
Event: 3475.070 Thread 0x000001b30fc5f800 Exception <a 'sun/nio/fs/WindowsException'{0x000000008af559a0}> (0x000000008af559a0) thrown at [./src/hotspot/share/prims/jni.cpp, line 615]
Event: 3475.143 Thread 0x000001b30fc67000 Exception <a 'java/lang/NoSuchMethodError'{0x000000008ad395a0}: <clinit>> (0x000000008ad395a0) thrown at [./src/hotspot/share/prims/jni.cpp, line 1362]
Event: 3475.220 Thread 0x000001b311073800 Exception <a 'sun/nio/fs/WindowsException'{0x000000008aafce40}> (0x000000008aafce40) thrown at [./src/hotspot/share/prims/jni.cpp, line 615]
Event: 3475.232 Thread 0x000001b311073800 Exception <a 'java/lang/NoSuchMethodError'{0x000000008a92b7b8}: <clinit>> (0x000000008a92b7b8) thrown at [./src/hotspot/share/prims/jni.cpp, line 1362]
Event: 3475.246 Thread 0x000001b37e8d2800 Exception <a 'sun/nio/fs/WindowsException'{0x000000008a7f1ef8}> (0x000000008a7f1ef8) thrown at [./src/hotspot/share/prims/jni.cpp, line 615]
Event: 3475.378 Thread 0x000001b37e8d2800 Exception <a 'sun/nio/fs/WindowsException'{0x0000000088fcd410}> (0x0000000088fcd410) thrown at [./src/hotspot/share/prims/jni.cpp, line 615]

Events (20 events):
Event: 3475.165 Executing VM operation: RevokeBias
Event: 3475.165 Executing VM operation: RevokeBias done
Event: 3475.165 Executing VM operation: RevokeBias
Event: 3475.165 Executing VM operation: RevokeBias done
Event: 3475.166 Executing VM operation: RevokeBias
Event: 3475.166 Executing VM operation: RevokeBias done
Event: 3475.166 Executing VM operation: RevokeBias
Event: 3475.166 Executing VM operation: RevokeBias done
Event: 3475.186 Executing VM operation: RevokeBias
Event: 3475.187 Executing VM operation: RevokeBias done
Event: 3475.235 Thread 0x000001b37e8d2800 Thread added: 0x000001b37e8d2800
Event: 3475.237 Thread 0x000001b37e8d9000 Thread added: 0x000001b37e8d9000
Event: 3475.288 Executing VM operation: ICBufferFull
Event: 3475.289 Executing VM operation: ICBufferFull done
Event: 3475.349 Executing VM operation: ICBufferFull
Event: 3475.351 Executing VM operation: ICBufferFull done
Event: 3475.384 Executing VM operation: G1CollectForAllocation
Event: 3475.400 Executing VM operation: G1CollectForAllocation done
Event: 3475.405 Executing VM operation: G1CollectForAllocation
Event: 3475.438 Executing VM operation: G1CollectForAllocation done


Dynamic libraries:
0x00007ff7b4c30000 - 0x00007ff7b4c3a000 	D:\Program Files\Android\Android Studio\jre\bin\java.exe
0x00007ff90ace0000 - 0x00007ff90aeef000 	C:\WINDOWS\SYSTEM32\ntdll.dll
0x00007ff909930000 - 0x00007ff9099ed000 	C:\WINDOWS\System32\KERNEL32.DLL
0x00007ff908190000 - 0x00007ff908520000 	C:\WINDOWS\System32\KERNELBASE.dll
0x00007ff908550000 - 0x00007ff908661000 	C:\WINDOWS\System32\ucrtbase.dll
0x00007ff8f0030000 - 0x00007ff8f0049000 	D:\Program Files\Android\Android Studio\jre\bin\jli.dll
0x00007ff90a600000 - 0x00007ff90a7aa000 	C:\WINDOWS\System32\USER32.dll
0x00007ff908520000 - 0x00007ff908546000 	C:\WINDOWS\System32\win32u.dll
0x00007ff8e04d0000 - 0x00007ff8e0771000 	C:\WINDOWS\WinSxS\amd64_microsoft.windows.common-controls_6595b64144ccf1df_6.0.22533.1001_none_26146f93a8efa247\COMCTL32.dll
0x00007ff909900000 - 0x00007ff909929000 	C:\WINDOWS\System32\GDI32.dll
0x00007ff908790000 - 0x00007ff9088a7000 	C:\WINDOWS\System32\gdi32full.dll
0x00007ff9086f0000 - 0x00007ff90878a000 	C:\WINDOWS\System32\msvcp_win.dll
0x00007ff909a80000 - 0x00007ff909b24000 	C:\WINDOWS\System32\msvcrt.dll
0x00007ff8eff90000 - 0x00007ff8effa7000 	D:\Program Files\Android\Android Studio\jre\bin\VCRUNTIME140.dll
0x00007ff909140000 - 0x00007ff909171000 	C:\WINDOWS\System32\IMM32.DLL
0x00007ff8ca7c0000 - 0x00007ff8ca85d000 	D:\Program Files\Android\Android Studio\jre\bin\msvcp140.dll
0x00007ff8e46f0000 - 0x00007ff8e51bf000 	D:\Program Files\Android\Android Studio\jre\bin\server\jvm.dll
0x00007ff909b30000 - 0x00007ff909bde000 	C:\WINDOWS\System32\ADVAPI32.dll
0x00007ff909500000 - 0x00007ff9095a3000 	C:\WINDOWS\System32\sechost.dll
0x00007ff909c80000 - 0x00007ff909d9f000 	C:\WINDOWS\System32\RPCRT4.dll
0x00007ff90a7b0000 - 0x00007ff90a7b8000 	C:\WINDOWS\System32\PSAPI.DLL
0x00007ff8dc600000 - 0x00007ff8dc634000 	C:\WINDOWS\SYSTEM32\WINMM.dll
0x00007ff8e5a60000 - 0x00007ff8e5a69000 	C:\WINDOWS\SYSTEM32\WSOCK32.dll
0x00007ff8fc830000 - 0x00007ff8fc83a000 	C:\WINDOWS\SYSTEM32\VERSION.dll
0x00007ff909870000 - 0x00007ff9098e1000 	C:\WINDOWS\System32\WS2_32.dll
0x00007ff907300000 - 0x00007ff907318000 	C:\WINDOWS\SYSTEM32\kernel.appcore.dll
0x00007ff8e46d0000 - 0x00007ff8e46e1000 	D:\Program Files\Android\Android Studio\jre\bin\verify.dll
0x00007ff905df0000 - 0x00007ff906014000 	C:\WINDOWS\SYSTEM32\DBGHELP.DLL
0x00007ff909180000 - 0x00007ff9094fc000 	C:\WINDOWS\System32\combase.dll
0x00007ff908b40000 - 0x00007ff908c17000 	C:\WINDOWS\System32\OLEAUT32.dll
0x00007ff8fd470000 - 0x00007ff8fd4a1000 	C:\WINDOWS\SYSTEM32\dbgcore.DLL
0x00007ff908670000 - 0x00007ff9086eb000 	C:\WINDOWS\System32\bcryptPrimitives.dll
0x00007ff8e46a0000 - 0x00007ff8e46c9000 	D:\Program Files\Android\Android Studio\jre\bin\java.dll
0x00007ff8e4690000 - 0x00007ff8e469b000 	D:\Program Files\Android\Android Studio\jre\bin\jimage.dll
0x00007ff8e4670000 - 0x00007ff8e4688000 	D:\Program Files\Android\Android Studio\jre\bin\zip.dll
0x00007ff909dc0000 - 0x00007ff90a579000 	C:\WINDOWS\System32\SHELL32.dll
0x00007ff906250000 - 0x00007ff906aa5000 	C:\WINDOWS\SYSTEM32\windows.storage.dll
0x00007ff906110000 - 0x00007ff90624c000 	C:\WINDOWS\SYSTEM32\wintypes.dll
0x00007ff9095b0000 - 0x00007ff9096a1000 	C:\WINDOWS\System32\SHCORE.dll
0x00007ff90a7c0000 - 0x00007ff90a81b000 	C:\WINDOWS\System32\shlwapi.dll
0x00007ff9080c0000 - 0x00007ff9080e1000 	C:\WINDOWS\SYSTEM32\profapi.dll
0x00007ff8e4650000 - 0x00007ff8e466a000 	D:\Program Files\Android\Android Studio\jre\bin\net.dll
0x00007ff8fc710000 - 0x00007ff8fc822000 	C:\WINDOWS\SYSTEM32\WINHTTP.dll
0x00007ff907780000 - 0x00007ff9077e9000 	C:\WINDOWS\system32\mswsock.dll
0x00007ff8e4630000 - 0x00007ff8e4644000 	D:\Program Files\Android\Android Studio\jre\bin\nio.dll
0x00007ff8f00e0000 - 0x00007ff8f0107000 	C:\Users\vbinu\.gradle\native\8bec1ad78214c89d9ad589b4d07fe93259594b29d510b10fafb7a158f7737e5d\windows-amd64\native-platform.dll
0x00007ff8d0f60000 - 0x00007ff8d109d000 	C:\Users\vbinu\.gradle\native\53dbd7edfb1c66fb8903c78663c9afc45aea4f116125fa6feffd364cf09443e8\windows-amd64\native-platform-file-events.dll
0x00007ff8e4620000 - 0x00007ff8e462a000 	D:\Program Files\Android\Android Studio\jre\bin\management.dll
0x00007ff8e4610000 - 0x00007ff8e461c000 	D:\Program Files\Android\Android Studio\jre\bin\management_ext.dll
0x00007ff9079e0000 - 0x00007ff9079fb000 	C:\WINDOWS\SYSTEM32\CRYPTSP.dll
0x00007ff907260000 - 0x00007ff907295000 	C:\WINDOWS\system32\rsaenh.dll
0x00007ff907880000 - 0x00007ff9078a9000 	C:\WINDOWS\SYSTEM32\USERENV.dll
0x00007ff907b60000 - 0x00007ff907b88000 	C:\WINDOWS\SYSTEM32\bcrypt.dll
0x00007ff9079d0000 - 0x00007ff9079dc000 	C:\WINDOWS\SYSTEM32\CRYPTBASE.dll
0x00007ff906d50000 - 0x00007ff906d7d000 	C:\WINDOWS\SYSTEM32\IPHLPAPI.DLL
0x00007ff9098f0000 - 0x00007ff9098f9000 	C:\WINDOWS\System32\NSI.dll
0x00007ff8fb2c0000 - 0x00007ff8fb2d9000 	C:\WINDOWS\SYSTEM32\dhcpcsvc6.DLL
0x00007ff8fb2a0000 - 0x00007ff8fb2be000 	C:\WINDOWS\SYSTEM32\dhcpcsvc.DLL
0x00007ff906d80000 - 0x00007ff906e78000 	C:\WINDOWS\SYSTEM32\DNSAPI.dll
0x00007ff9053a0000 - 0x00007ff905433000 	C:\WINDOWS\system32\apphelp.dll
0x00007ff905700000 - 0x00007ff905727000 	D:\Program Files\Android\Android Studio\jre\bin\sunec.dll

dbghelp: loaded successfully - version: 4.0.5 - missing functions: none
symbol engine: initialized successfully - sym options: 0x614 - pdb path: .;D:\Program Files\Android\Android Studio\jre\bin;C:\WINDOWS\SYSTEM32;C:\WINDOWS\WinSxS\amd64_microsoft.windows.common-controls_6595b64144ccf1df_6.0.22533.1001_none_26146f93a8efa247;D:\Program Files\Android\Android Studio\jre\bin\server;C:\Users\vbinu\.gradle\native\8bec1ad78214c89d9ad589b4d07fe93259594b29d510b10fafb7a158f7737e5d\windows-amd64;C:\Users\vbinu\.gradle\native\53dbd7edfb1c66fb8903c78663c9afc45aea4f116125fa6feffd364cf09443e8\windows-amd64

VM Arguments:
jvm_args: --add-opens=java.base/java.util=ALL-UNNAMED --add-opens=java.base/java.lang=ALL-UNNAMED --add-opens=java.base/java.lang.invoke=ALL-UNNAMED --add-opens=java.base/java.util=ALL-UNNAMED --add-opens=java.prefs/java.util.prefs=ALL-UNNAMED --add-opens=java.prefs/java.util.prefs=ALL-UNNAMED --add-opens=java.base/java.nio.charset=ALL-UNNAMED --add-opens=java.base/java.net=ALL-UNNAMED --add-opens=java.base/java.util.concurrent.atomic=ALL-UNNAMED -Xmx2048m -Dfile.encoding=UTF-8 -Duser.country=PH -Duser.language=en -Duser.variant 
java_command: org.gradle.launcher.daemon.bootstrap.GradleDaemon 7.0.2
java_class_path (initial): C:\Users\vbinu\.gradle\wrapper\dists\gradle-7.0.2-bin\857tjihv64xamwrf0h14cai3r\gradle-7.0.2\lib\gradle-launcher-7.0.2.jar
Launcher Type: SUN_STANDARD

[Global flags]
     intx CICompilerCount                          = 3                                         {product} {ergonomic}
     uint ConcGCThreads                            = 1                                         {product} {ergonomic}
     uint G1ConcRefinementThreads                  = 4                                         {product} {ergonomic}
   size_t G1HeapRegionSize                         = 1048576                                   {product} {ergonomic}
    uintx GCDrainStackTargetSize                   = 64                                        {product} {ergonomic}
   size_t InitialHeapSize                          = 132120576                                 {product} {ergonomic}
   size_t MarkStackSize                            = 4194304                                   {product} {ergonomic}
   size_t MaxHeapSize                              = 2147483648                                {product} {command line}
   size_t MaxNewSize                               = 1287651328                                {product} {ergonomic}
   size_t MinHeapDeltaBytes                        = 1048576                                   {product} {ergonomic}
    uintx NonNMethodCodeHeapSize                   = 5830732                                {pd product} {ergonomic}
    uintx NonProfiledCodeHeapSize                  = 122913754                              {pd product} {ergonomic}
    uintx ProfiledCodeHeapSize                     = 122913754                              {pd product} {ergonomic}
    uintx ReservedCodeCacheSize                    = 251658240                              {pd product} {ergonomic}
     bool SegmentedCodeCache                       = true                                      {product} {ergonomic}
     bool UseCompressedClassPointers               = true                                 {lp64_product} {ergonomic}
     bool UseCompressedOops                        = true                                 {lp64_product} {ergonomic}
     bool UseG1GC                                  = true                                      {product} {ergonomic}
     bool UseLargePagesIndividualAllocation        = false                                  {pd product} {ergonomic}

Logging:
Log output configuration:
 #0: stdout all=warning uptime,level,tags
 #1: stderr all=off uptime,level,tags

Environment Variables:
PATH=C:\Program Files (x86)\Common Files\Oracle\Java\javapath;C:\ProgramData\Oracle\Java\javapath;C:\WINDOWS\system32;C:\WINDOWS;C:\WINDOWS\System32\Wbem;C:\WINDOWS\System32\WindowsPowerShell\v1.0\;C:\WINDOWS\System32\OpenSSH\;C:\Program Files (x86)\NVIDIA Corporation\PhysX\Common;%SystemRoot%\system32;%SystemRoot%;%SystemRoot%\System32\Wbem;%SYSTEMROOT%\System32\WindowsPowerShell\v1.0\;%SYSTEMROOT%\System32\OpenSSH\;C:\Users\vbinu\AppData\Local\Microsoft\WindowsApps;
USERNAME=Venzon
OS=Windows_NT
PROCESSOR_IDENTIFIER=Intel64 Family 6 Model 126 Stepping 5, GenuineIntel



---------------  S Y S T E M  ---------------

OS: Windows 10 , 64 bit Build 22533 (10.0.22533.1001)
OS uptime: 0 days 1:13 hours

CPU:total 4 (initial active 4) (2 cores per cpu, 2 threads per core) family 6 model 126 stepping 5 microcode 0x96, cmov, cx8, fxsr, mmx, sse, sse2, sse3, ssse3, sse4.1, sse4.2, popcnt, avx, avx2, aes, clmul, erms, 3dnowpref, lzcnt, ht, tsc, tscinvbit, bmi1, bmi2, adx, evex, sha, fma

Memory: 4k page, system-wide physical 7959M (566M free)
TotalPageFile size 13079M (AvailPageFile size 3831M)
current process WorkingSet (physical memory assigned to process): 459M, peak: 530M
current process commit charge ("private bytes"): 574M, peak: 577M

vm_info: OpenJDK 64-Bit Server VM (11.0.10+0-b96-7249189) for windows-amd64 JRE (11.0.10+0-b96-7249189), built on Mar 31 2021 21:44:00 by "builder" with MS VC++ 14.0 (VS2015)

END.
