#
# A fatal error has been detected by the Java Runtime Environment:
#
#  EXCEPTION_ACCESS_VIOLATION (0xc0000005) at pc=0x00007fffd4884d2b, pid=9840, tid=10968
#
# JRE version: OpenJDK Runtime Environment (11.0.10) (build 11.0.10+0-b96-7249189)
# Java VM: OpenJDK 64-Bit Server VM (11.0.10+0-b96-7249189, mixed mode, tiered, compressed oops, g1 gc, windows-amd64)
# Problematic frame:
# V  [jvm.dll+0x4f4d2b]
#
# No core dump will be written. Minidumps are not enabled by default on client versions of Windows
#
# If you would like to submit a bug report, please visit:
#   https://bugreport.java.com/bugreport/crash.jsp
#

---------------  S U M M A R Y ------------

Command Line: --add-opens=java.base/java.util=ALL-UNNAMED --add-opens=java.base/java.lang=ALL-UNNAMED --add-opens=java.base/java.lang.invoke=ALL-UNNAMED --add-opens=java.base/java.util=ALL-UNNAMED --add-opens=java.prefs/java.util.prefs=ALL-UNNAMED --add-opens=java.prefs/java.util.prefs=ALL-UNNAMED --add-opens=java.base/java.nio.charset=ALL-UNNAMED --add-opens=java.base/java.net=ALL-UNNAMED --add-opens=java.base/java.util.concurrent.atomic=ALL-UNNAMED -Xmx2048m -Dfile.encoding=UTF-8 -Duser.country=PH -Duser.language=en -Duser.variant org.gradle.launcher.daemon.bootstrap.GradleDaemon 7.0.2

Host: Intel(R) Core(TM) i3-1005G1 CPU @ 1.20GHz, 4 cores, 7G,  Windows 10 , 64 bit Build 22538 (10.0.22538.1000)
Time: Thu Jan 27 10:54:38 2022 Malay Peninsula Standard Time elapsed time: 593.553046 seconds (0d 0h 9m 53s)

---------------  T H R E A D  ---------------

Current thread (0x000002c40a139000):  JavaThread "C2 CompilerThread1" daemon [_thread_in_native, id=10968, stack(0x000000edf0500000,0x000000edf0600000)]


Current CompileTask:
C2: 593553 15561       4       groovyjarjarantlr4.v4.runtime.atn.PredictionContext::getCachedContext (297 bytes)

Stack: [0x000000edf0500000,0x000000edf0600000],  sp=0x000000edf05faf60,  free space=1003k
Native frames: (J=compiled Java code, j=interpreted, Vv=VM code, C=native code)
V  [jvm.dll+0x4f4d2b]
V  [jvm.dll+0x509743]
V  [jvm.dll+0x506b40]
V  [jvm.dll+0x506274]
V  [jvm.dll+0x203253]
V  [jvm.dll+0x1fd07c]
V  [jvm.dll+0x1fa77f]
V  [jvm.dll+0x18354c]
V  [jvm.dll+0x208ee7]
V  [jvm.dll+0x207731]
V  [jvm.dll+0x6eb1cf]
V  [jvm.dll+0x6e3d45]
V  [jvm.dll+0x5ebe96]
C  [ucrtbase.dll+0x293cc]
C  [KERNEL32.DLL+0x11350]
C  [ntdll.dll+0x51e78]


siginfo: EXCEPTION_ACCESS_VIOLATION (0xc0000005), reading address 0x000002840bc5abf8


Register to memory mapping:

RIP=0x00007fffd4884d2b jvm.dll
RAX=0x000002c4112d2600 points into unknown readable memory: 0x000002c4112d2278 | 78 22 2d 11 c4 02 00 00
RBX=0x000002840bc5abf0 is an unknown value
RCX=0x000000edf05fb4c0 is pointing into the stack for thread: 0x000002c40a139000
RDX=0x000002c405c6c890 points into unknown readable memory: 0x00007fffd4b6ddc8 | c8 dd b6 d4 ff 7f 00 00
RSP=0x000000edf05faf60 is pointing into the stack for thread: 0x000002c40a139000
RBP=0x000002c411447748 points into unknown readable memory: 0x00007fffd4beaa10 | 10 aa be d4 ff 7f 00 00
RSI=0x0000000000001b35 is an unknown value
RDI=0x000000edf05fb4e0 is pointing into the stack for thread: 0x000002c40a139000
R8 =0x0000000000200000 is an unknown value
R9 =0x0000000000200000 is an unknown value
R10=0x000002c40d4a8ce0 points into unknown readable memory: 0x000002c40d6483b0 | b0 83 64 0d c4 02 00 00
R11=0x000002c40d4aace0 points into unknown readable memory: 0x000002c410a7d8c0 | c0 d8 a7 10 c4 02 00 00
R12=0x0000000000000002 is an unknown value
R13=0x000002c4112d25a8 points into unknown readable memory: 0x00007fffd4be7ac0 | c0 7a be d4 ff 7f 00 00
R14=0x000002c4112d2278 points into unknown readable memory: 0x00007fffd4b74288 | 88 42 b7 d4 ff 7f 00 00
R15=0x000000000000006d is an unknown value


Registers:
RAX=0x000002c4112d2600, RBX=0x000002840bc5abf0, RCX=0x000000edf05fb4c0, RDX=0x000002c405c6c890
RSP=0x000000edf05faf60, RBP=0x000002c411447748, RSI=0x0000000000001b35, RDI=0x000000edf05fb4e0
R8 =0x0000000000200000, R9 =0x0000000000200000, R10=0x000002c40d4a8ce0, R11=0x000002c40d4aace0
R12=0x0000000000000002, R13=0x000002c4112d25a8, R14=0x000002c4112d2278, R15=0x000000000000006d
RIP=0x00007fffd4884d2b, EFLAGS=0x0000000000010206

Top of Stack: (sp=0x000000edf05faf60)
0x000000edf05faf60:   000002c406916f30 00007fffd444c61e
0x000000edf05faf70:   000002c40d4a8ce0 0000000000000800
0x000000edf05faf80:   000002c405c6c890 00007fffd4899743
0x000000edf05faf90:   0000000000000070 000000edf05fb4c0
0x000000edf05fafa0:   0000000000000100 00007fffd494bfba
0x000000edf05fafb0:   000000edf05fb0f0 000002c4112d25a8
0x000000edf05fafc0:   0000000000000003 000000edf05fb088
0x000000edf05fafd0:   00000000000000fc 00007fffd4896b40
0x000000edf05fafe0:   000000edf05fb4e0 000000edf05fb060
0x000000edf05faff0:   000002c405c6c890 00007fffd4897d73
0x000000edf05fb000:   0000000000000001 0000000000000002
0x000000edf05fb010:   000000edf05fb4c0 000000000000009c
0x000000edf05fb020:   000002c406916f30 0000000000000000
0x000000edf05fb030:   000000edf05fb140 00007fffd4896274
0x000000edf05fb040:   000000edf05fb4c0 000002c40bc5ac70
0x000000edf05fb050:   0000000000000003 000000edf05fb0f0 

Instructions: (pc=0x00007fffd4884d2b)
0x00007fffd4884c2b:   83 c4 20 5f c3 40 53 48 83 ec 20 48 8b d9 48 85
0x00007fffd4884c3b:   c9 74 21 8b 41 2c 24 0f 3c 08 75 18 ba 11 00 00
0x00007fffd4884c4b:   00 e8 7f 73 0c 00 48 85 c0 74 09 48 8b c3 48 83
0x00007fffd4884c5b:   c4 20 5b c3 80 3d 34 bf 49 00 00 74 20 48 85 db
0x00007fffd4884c6b:   74 1b 8b 43 2c 24 0f 3c 08 75 12 ba 10 00 00 00
0x00007fffd4884c7b:   48 8b cb e8 4d 73 0c 00 48 85 c0 75 ce 80 3d c8
0x00007fffd4884c8b:   bf 49 00 00 74 20 48 85 db 74 1b 8b 43 2c 24 0f
0x00007fffd4884c9b:   3c 08 75 12 ba 08 00 00 00 48 8b cb e8 24 73 0c
0x00007fffd4884cab:   00 48 85 c0 75 a5 33 c0 48 83 c4 20 5b c3 cc cc
0x00007fffd4884cbb:   cc cc cc cc cc 40 53 48 83 ec 20 48 8b d9 48 85
0x00007fffd4884ccb:   c9 74 20 8b 41 2c 24 0f 3c 08 75 17 e8 f4 72 0c
0x00007fffd4884cdb:   00 33 d2 48 85 c0 48 0f 45 d3 48 8b c2 48 83 c4
0x00007fffd4884ceb:   20 5b c3 33 c0 48 83 c4 20 5b c3 cc cc cc cc cc
0x00007fffd4884cfb:   cc cc cc cc cc 48 89 5c 24 08 48 89 74 24 10 57
0x00007fffd4884d0b:   48 83 ec 20 8b 72 28 48 8d 79 20 3b 77 08 73 0a
0x00007fffd4884d1b:   48 8b 5f 10 48 8b 1c f3 eb 02 33 db 48 83 e3 fe
0x00007fffd4884d2b:   48 8b 43 08 48 83 38 00 75 35 8b 4f 08 8b 43 28
0x00007fffd4884d3b:   3b c1 73 0a 48 8b 5f 10 48 8b 1c c3 eb 02 33 db
0x00007fffd4884d4b:   48 83 e3 fe 48 8b 43 08 48 83 38 00 74 df 8b 43
0x00007fffd4884d5b:   2c 83 e0 07 3c 05 75 07 48 8b 43 08 48 8b 18 3b
0x00007fffd4884d6b:   77 08 72 0a 8b d6 48 8b cf e8 47 76 0d 00 48 8b
0x00007fffd4884d7b:   47 10 48 8d 53 01 48 89 14 f0 48 8b c3 48 8b 5c
0x00007fffd4884d8b:   24 30 48 8b 74 24 38 48 83 c4 20 5f c3 cc cc cc
0x00007fffd4884d9b:   cc cc cc cc cc 48 89 5c 24 08 57 48 83 ec 20 48
0x00007fffd4884dab:   8b fa 48 8b d9 e8 4b 0f dc ff 84 c0 75 12 48 8b
0x00007fffd4884dbb:   83 90 09 00 00 48 8b 5c 24 30 48 83 c4 20 5f c3
0x00007fffd4884dcb:   8b 47 28 3b 43 28 73 15 8b c8 48 8b 43 30 48 8b
0x00007fffd4884ddb:   04 c8 48 8b 5c 24 30 48 83 c4 20 5f c3 33 c0 48
0x00007fffd4884deb:   8b 5c 24 30 48 83 c4 20 5f c3 cc cc cc cc cc cc
0x00007fffd4884dfb:   cc cc cc cc cc 48 89 5c 24 08 57 48 83 ec 20 83
0x00007fffd4884e0b:   79 04 00 48 8b d9 75 07 c7 41 04 01 00 00 00 8b
0x00007fffd4884e1b:   41 04 3b d0 7c 09 03 c0 3b d0 7d fa 89 41 04 ba 


Stack slot to memory mapping:
stack at sp + 0 slots: 0x000002c406916f30 points into unknown readable memory: 0x0055005c00000006 | 06 00 00 00 5c 00 55 00
stack at sp + 1 slots: 0x00007fffd444c61e jvm.dll
stack at sp + 2 slots: 0x000002c40d4a8ce0 points into unknown readable memory: 0x000002c40d6483b0 | b0 83 64 0d c4 02 00 00
stack at sp + 3 slots: 0x0000000000000800 is an unknown value
stack at sp + 4 slots: 0x000002c405c6c890 points into unknown readable memory: 0x00007fffd4b6ddc8 | c8 dd b6 d4 ff 7f 00 00
stack at sp + 5 slots: 0x00007fffd4899743 jvm.dll
stack at sp + 6 slots: 0x0000000000000070 is an unknown value
stack at sp + 7 slots: 0x000000edf05fb4c0 is pointing into the stack for thread: 0x000002c40a139000


---------------  P R O C E S S  ---------------

Threads class SMR info:
_java_thread_list=0x000002c411b97d00, length=38, elements={
0x000002c4680be000, 0x000002c47fc0d000, 0x000002c47fc0e000, 0x000002c47fc2d000,
0x000002c47fc30000, 0x000002c404843000, 0x000002c47fc35800, 0x000002c47fc38800,
0x000002c404845800, 0x000002c404842800, 0x000002c404844000, 0x000002c404846800,
0x000002c404847800, 0x000002c406878000, 0x000002c406878800, 0x000002c406877000,
0x000002c40687d800, 0x000002c407e8e000, 0x000002c407e8c800, 0x000002c407e8a000,
0x000002c407e89000, 0x000002c407e91800, 0x000002c407e93000, 0x000002c407e92000,
0x000002c409fb3000, 0x000002c409fc2000, 0x000002c409fb5800, 0x000002c409fb8000,
0x000002c409fb9000, 0x000002c409fb4000, 0x000002c409fb5000, 0x000002c409fba800,
0x000002c409fbc000, 0x000002c409fb6800, 0x000002c409fbd000, 0x000002c409fbe000,
0x000002c409fbe800, 0x000002c40a139000
}

Java Threads: ( => current thread )
  0x000002c4680be000 JavaThread "main" [_thread_blocked, id=4948, stack(0x000000edee300000,0x000000edee400000)]
  0x000002c47fc0d000 JavaThread "Reference Handler" daemon [_thread_blocked, id=7540, stack(0x000000edeea00000,0x000000edeeb00000)]
  0x000002c47fc0e000 JavaThread "Finalizer" daemon [_thread_blocked, id=11968, stack(0x000000edeeb00000,0x000000edeec00000)]
  0x000002c47fc2d000 JavaThread "Signal Dispatcher" daemon [_thread_blocked, id=11480, stack(0x000000edeec00000,0x000000edeed00000)]
  0x000002c47fc30000 JavaThread "Attach Listener" daemon [_thread_blocked, id=2444, stack(0x000000edeed00000,0x000000edeee00000)]
  0x000002c404843000 JavaThread "Service Thread" daemon [_thread_blocked, id=1680, stack(0x000000edeee00000,0x000000edeef00000)]
  0x000002c47fc35800 JavaThread "C2 CompilerThread0" daemon [_thread_in_native, id=1568, stack(0x000000edeef00000,0x000000edef000000)]
  0x000002c47fc38800 JavaThread "C1 CompilerThread0" daemon [_thread_blocked, id=7160, stack(0x000000edef000000,0x000000edef100000)]
  0x000002c404845800 JavaThread "Sweeper thread" daemon [_thread_blocked, id=11212, stack(0x000000edef100000,0x000000edef200000)]
  0x000002c404842800 JavaThread "Common-Cleaner" daemon [_thread_blocked, id=8412, stack(0x000000edef200000,0x000000edef300000)]
  0x000002c404844000 JavaThread "Daemon health stats" [_thread_blocked, id=2568, stack(0x000000edef700000,0x000000edef800000)]
  0x000002c404846800 JavaThread "Incoming local TCP Connector on port 50342" [_thread_in_native, id=8204, stack(0x000000edef400000,0x000000edef500000)]
  0x000002c404847800 JavaThread "Daemon periodic checks" [_thread_blocked, id=6256, stack(0x000000edef800000,0x000000edef900000)]
  0x000002c406878000 JavaThread "Cache worker for file hash cache (C:\Users\vbinu\.gradle\caches\7.0.2\fileHashes)" [_thread_blocked, id=4516, stack(0x000000edf0200000,0x000000edf0300000)]
  0x000002c406878800 JavaThread "File lock request listener" [_thread_in_native, id=2316, stack(0x000000edf0300000,0x000000edf0400000)]
  0x000002c406877000 JavaThread "Cache worker for journal cache (C:\Users\vbinu\.gradle\caches\journal-1)" [_thread_blocked, id=6344, stack(0x000000edf0400000,0x000000edf0500000)]
  0x000002c40687d800 JavaThread "File watcher server" daemon [_thread_in_native, id=2196, stack(0x000000edf0600000,0x000000edf0700000)]
  0x000002c407e8e000 JavaThread "File watcher consumer" daemon [_thread_blocked, id=5248, stack(0x000000edf0700000,0x000000edf0800000)]
  0x000002c407e8c800 JavaThread "Cache worker for execution history cache (C:\Users\vbinu\.gradle\caches\7.0.2\executionHistory)" [_thread_blocked, id=4556, stack(0x000000edf0b00000,0x000000edf0c00000)]
  0x000002c407e8a000 JavaThread "jar transforms" [_thread_blocked, id=5576, stack(0x000000edf0c00000,0x000000edf0d00000)]
  0x000002c407e89000 JavaThread "jar transforms Thread 2" [_thread_blocked, id=6616, stack(0x000000edf0d00000,0x000000edf0e00000)]
  0x000002c407e91800 JavaThread "Cache worker for file content cache (C:\Users\vbinu\.gradle\caches\7.0.2\fileContent)" [_thread_blocked, id=7040, stack(0x000000edf0e00000,0x000000edf0f00000)]
  0x000002c407e93000 JavaThread "jar transforms Thread 3" [_thread_blocked, id=676, stack(0x000000edf1000000,0x000000edf1100000)]
  0x000002c407e92000 JavaThread "jar transforms Thread 4" [_thread_blocked, id=11496, stack(0x000000edf1600000,0x000000edf1700000)]
  0x000002c409fb3000 JavaThread "Memory manager" [_thread_blocked, id=2980, stack(0x000000edf1700000,0x000000edf1800000)]
  0x000002c409fc2000 JavaThread "ForkJoinPool.commonPool-worker-5" daemon [_thread_blocked, id=2172, stack(0x000000edf2600000,0x000000edf2700000)]
  0x000002c409fb5800 JavaThread "Daemon Thread 4" [_thread_blocked, id=11904, stack(0x000000edee000000,0x000000edee100000)]
  0x000002c409fb8000 JavaThread "Handler for socket connection from /127.0.0.1:50342 to /127.0.0.1:50381" [_thread_in_native, id=5280, stack(0x000000edee100000,0x000000edee200000)]
  0x000002c409fb9000 JavaThread "Cancel handler" [_thread_blocked, id=6748, stack(0x000000edee200000,0x000000edee300000)]
  0x000002c409fb4000 JavaThread "Daemon worker Thread 4" [_thread_in_Java, id=9820, stack(0x000000edef900000,0x000000edefa00000)]
  0x000002c409fb5000 JavaThread "Asynchronous log dispatcher for DefaultDaemonConnection: socket connection from /127.0.0.1:50342 to /127.0.0.1:50381" [_thread_blocked, id=5796, stack(0x000000edefa00000,0x000000edefb00000)]
  0x000002c409fba800 JavaThread "Stdin handler" [_thread_blocked, id=9276, stack(0x000000edefb00000,0x000000edefc00000)]
  0x000002c409fbc000 JavaThread "Daemon client event forwarder" [_thread_blocked, id=9044, stack(0x000000edefc00000,0x000000edefd00000)]
  0x000002c409fb6800 JavaThread "Cache worker for file hash cache (D:\AndroidStudioProjects\taguigscholarship\.gradle\7.0.2\fileHashes)" [_thread_blocked, id=384, stack(0x000000edefd00000,0x000000edefe00000)]
  0x000002c409fbd000 JavaThread "Cache worker for checksums cache (D:\AndroidStudioProjects\taguigscholarship\.gradle\checksums)" [_thread_blocked, id=11916, stack(0x000000edefe00000,0x000000edeff00000)]
  0x000002c409fbe000 JavaThread "Cache worker for cache directory md-supplier (C:\Users\vbinu\.gradle\caches\7.0.2\md-supplier)" [_thread_blocked, id=10840, stack(0x000000edeff00000,0x000000edf0000000)]
  0x000002c409fbe800 JavaThread "Cache worker for cache directory md-rule (C:\Users\vbinu\.gradle\caches\7.0.2\md-rule)" [_thread_blocked, id=6120, stack(0x000000edf0000000,0x000000edf0100000)]
=>0x000002c40a139000 JavaThread "C2 CompilerThread1" daemon [_thread_in_native, id=10968, stack(0x000000edf0500000,0x000000edf0600000)]

Other Threads:
  0x000002c47fc0a000 VMThread "VM Thread" [stack: 0x000000edee900000,0x000000edeea00000] [id=3256]
  0x000002c404a49800 WatcherThread [stack: 0x000000edef300000,0x000000edef400000] [id=288]
  0x000002c4680d2000 GCTaskThread "GC Thread#0" [stack: 0x000000edee400000,0x000000edee500000] [id=3756]
  0x000002c4054e8800 GCTaskThread "GC Thread#1" [stack: 0x000000edef500000,0x000000edef600000] [id=476]
  0x000002c405262000 GCTaskThread "GC Thread#2" [stack: 0x000000edef600000,0x000000edef700000] [id=48]
  0x000002c40623e800 GCTaskThread "GC Thread#3" [stack: 0x000000edf0100000,0x000000edf0200000] [id=9180]
  0x000002c468103800 ConcurrentGCThread "G1 Main Marker" [stack: 0x000000edee500000,0x000000edee600000] [id=1416]
  0x000002c468105000 ConcurrentGCThread "G1 Conc#0" [stack: 0x000000edee600000,0x000000edee700000] [id=5956]
  0x000002c46817d800 ConcurrentGCThread "G1 Refine#0" [stack: 0x000000edee700000,0x000000edee800000] [id=1468]
  0x000002c409cff800 ConcurrentGCThread "G1 Refine#1" [stack: 0x000000edf1d00000,0x000000edf1e00000] [id=8080]
  0x000002c47fa58800 ConcurrentGCThread "G1 Young RemSet Sampling" [stack: 0x000000edee800000,0x000000edee900000] [id=8932]

Threads with active compile tasks:
C2 CompilerThread0 593614 15612       4       groovyjarjarantlr4.v4.runtime.atn.PredictionContextCache::getChild (74 bytes)
C2 CompilerThread1 593614 15561       4       groovyjarjarantlr4.v4.runtime.atn.PredictionContext::getCachedContext (297 bytes)

VM state:not at safepoint (normal execution)

VM Mutex/Monitor currently owned by a thread: None

Heap address: 0x0000000080000000, size: 2048 MB, Compressed Oops mode: 32-bit
Narrow klass base: 0x0000000000000000, Narrow klass shift: 3
Compressed class space size: 1073741824 Address: 0x0000000100000000

Heap:
 garbage-first heap   total 225280K, used 128634K [0x0000000080000000, 0x0000000100000000)
  region size 1024K, 17 young (17408K), 3 survivors (3072K)
 Metaspace       used 102711K, capacity 105266K, committed 105420K, reserved 1140736K
  class space    used 12952K, capacity 13917K, committed 14028K, reserved 1048576K
Heap Regions: E=young(eden), S=young(survivor), O=old, HS=humongous(starts), HC=humongous(continues), CS=collection set, F=free, A=archive, TAMS=top-at-mark-start (previous, next)
|   0|0x0000000080000000, 0x0000000080100000, 0x0000000080100000|100%| O|  |TAMS 0x0000000080100000, 0x0000000080100000| Untracked 
|   1|0x0000000080100000, 0x0000000080200000, 0x0000000080200000|100%| O|  |TAMS 0x0000000080200000, 0x0000000080200000| Untracked 
|   2|0x0000000080200000, 0x0000000080300000, 0x0000000080300000|100%| O|  |TAMS 0x0000000080300000, 0x0000000080300000| Untracked 
|   3|0x0000000080300000, 0x0000000080400000, 0x0000000080400000|100%|HS|  |TAMS 0x0000000080400000, 0x0000000080400000| Complete 
|   4|0x0000000080400000, 0x0000000080500000, 0x0000000080500000|100%|HC|  |TAMS 0x0000000080500000, 0x0000000080500000| Complete 
|   5|0x0000000080500000, 0x0000000080600000, 0x0000000080600000|100%|HC|  |TAMS 0x0000000080600000, 0x0000000080600000| Complete 
|   6|0x0000000080600000, 0x0000000080700000, 0x0000000080700000|100%| O|  |TAMS 0x0000000080700000, 0x0000000080700000| Untracked 
|   7|0x0000000080700000, 0x0000000080800000, 0x0000000080800000|100%| O|  |TAMS 0x0000000080800000, 0x0000000080800000| Untracked 
|   8|0x0000000080800000, 0x0000000080900000, 0x0000000080900000|100%| O|  |TAMS 0x0000000080900000, 0x0000000080900000| Untracked 
|   9|0x0000000080900000, 0x0000000080a00000, 0x0000000080a00000|100%| O|  |TAMS 0x0000000080a00000, 0x0000000080a00000| Untracked 
|  10|0x0000000080a00000, 0x0000000080b00000, 0x0000000080b00000|100%| O|  |TAMS 0x0000000080b00000, 0x0000000080b00000| Untracked 
|  11|0x0000000080b00000, 0x0000000080c00000, 0x0000000080c00000|100%| O|  |TAMS 0x0000000080c00000, 0x0000000080c00000| Untracked 
|  12|0x0000000080c00000, 0x0000000080d00000, 0x0000000080d00000|100%| O|  |TAMS 0x0000000080d00000, 0x0000000080d00000| Untracked 
|  13|0x0000000080d00000, 0x0000000080e00000, 0x0000000080e00000|100%| O|  |TAMS 0x0000000080e00000, 0x0000000080e00000| Untracked 
|  14|0x0000000080e00000, 0x0000000080f00000, 0x0000000080f00000|100%| O|  |TAMS 0x0000000080f00000, 0x0000000080f00000| Untracked 
|  15|0x0000000080f00000, 0x0000000081000000, 0x0000000081000000|100%| O|  |TAMS 0x0000000081000000, 0x0000000081000000| Untracked 
|  16|0x0000000081000000, 0x0000000081100000, 0x0000000081100000|100%| O|  |TAMS 0x0000000081100000, 0x0000000081100000| Untracked 
|  17|0x0000000081100000, 0x0000000081200000, 0x0000000081200000|100%|HS|  |TAMS 0x0000000081200000, 0x0000000081200000| Complete 
|  18|0x0000000081200000, 0x0000000081300000, 0x0000000081300000|100%| O|  |TAMS 0x0000000081300000, 0x0000000081300000| Untracked 
|  19|0x0000000081300000, 0x0000000081400000, 0x0000000081400000|100%| O|  |TAMS 0x0000000081400000, 0x0000000081400000| Untracked 
|  20|0x0000000081400000, 0x0000000081500000, 0x0000000081500000|100%| O|  |TAMS 0x0000000081500000, 0x0000000081500000| Untracked 
|  21|0x0000000081500000, 0x0000000081600000, 0x0000000081600000|100%| O|  |TAMS 0x0000000081600000, 0x0000000081600000| Untracked 
|  22|0x0000000081600000, 0x0000000081700000, 0x0000000081700000|100%| O|  |TAMS 0x0000000081700000, 0x0000000081700000| Untracked 
|  23|0x0000000081700000, 0x0000000081800000, 0x0000000081800000|100%|HS|  |TAMS 0x0000000081800000, 0x0000000081800000| Complete 
|  24|0x0000000081800000, 0x0000000081900000, 0x0000000081900000|100%|HS|  |TAMS 0x0000000081900000, 0x0000000081900000| Complete 
|  25|0x0000000081900000, 0x0000000081a00000, 0x0000000081a00000|100%|HC|  |TAMS 0x0000000081a00000, 0x0000000081a00000| Complete 
|  26|0x0000000081a00000, 0x0000000081b00000, 0x0000000081b00000|100%| O|  |TAMS 0x0000000081b00000, 0x0000000081b00000| Untracked 
|  27|0x0000000081b00000, 0x0000000081c00000, 0x0000000081c00000|100%| O|  |TAMS 0x0000000081c00000, 0x0000000081c00000| Untracked 
|  28|0x0000000081c00000, 0x0000000081d00000, 0x0000000081d00000|100%| O|  |TAMS 0x0000000081d00000, 0x0000000081d00000| Untracked 
|  29|0x0000000081d00000, 0x0000000081e00000, 0x0000000081e00000|100%| O|  |TAMS 0x0000000081e00000, 0x0000000081e00000| Untracked 
|  30|0x0000000081e00000, 0x0000000081f00000, 0x0000000081f00000|100%| O|  |TAMS 0x0000000081f00000, 0x0000000081f00000| Untracked 
|  31|0x0000000081f00000, 0x0000000082000000, 0x0000000082000000|100%| O|  |TAMS 0x0000000082000000, 0x0000000082000000| Untracked 
|  32|0x0000000082000000, 0x0000000082100000, 0x0000000082100000|100%| O|  |TAMS 0x0000000082100000, 0x0000000082100000| Untracked 
|  33|0x0000000082100000, 0x0000000082200000, 0x0000000082200000|100%| O|  |TAMS 0x0000000082200000, 0x0000000082200000| Untracked 
|  34|0x0000000082200000, 0x0000000082300000, 0x0000000082300000|100%| O|  |TAMS 0x0000000082300000, 0x0000000082300000| Untracked 
|  35|0x0000000082300000, 0x0000000082400000, 0x0000000082400000|100%| O|  |TAMS 0x0000000082400000, 0x0000000082400000| Untracked 
|  36|0x0000000082400000, 0x0000000082500000, 0x0000000082500000|100%| O|  |TAMS 0x0000000082500000, 0x0000000082500000| Untracked 
|  37|0x0000000082500000, 0x0000000082600000, 0x0000000082600000|100%| O|  |TAMS 0x0000000082600000, 0x0000000082600000| Untracked 
|  38|0x0000000082600000, 0x0000000082700000, 0x0000000082700000|100%| O|  |TAMS 0x0000000082700000, 0x0000000082700000| Untracked 
|  39|0x0000000082700000, 0x0000000082800000, 0x0000000082800000|100%| O|  |TAMS 0x0000000082800000, 0x0000000082800000| Untracked 
|  40|0x0000000082800000, 0x0000000082900000, 0x0000000082900000|100%| O|  |TAMS 0x0000000082900000, 0x0000000082900000| Untracked 
|  41|0x0000000082900000, 0x0000000082a00000, 0x0000000082a00000|100%| O|  |TAMS 0x0000000082a00000, 0x0000000082a00000| Untracked 
|  42|0x0000000082a00000, 0x0000000082b00000, 0x0000000082b00000|100%| O|  |TAMS 0x0000000082b00000, 0x0000000082b00000| Untracked 
|  43|0x0000000082b00000, 0x0000000082c00000, 0x0000000082c00000|100%| O|  |TAMS 0x0000000082c00000, 0x0000000082c00000| Untracked 
|  44|0x0000000082c00000, 0x0000000082d00000, 0x0000000082d00000|100%| O|  |TAMS 0x0000000082d00000, 0x0000000082d00000| Untracked 
|  45|0x0000000082d00000, 0x0000000082e00000, 0x0000000082e00000|100%| O|  |TAMS 0x0000000082e00000, 0x0000000082e00000| Untracked 
|  46|0x0000000082e00000, 0x0000000082f00000, 0x0000000082f00000|100%| O|  |TAMS 0x0000000082f00000, 0x0000000082f00000| Untracked 
|  47|0x0000000082f00000, 0x0000000083000000, 0x0000000083000000|100%| O|  |TAMS 0x0000000083000000, 0x0000000083000000| Untracked 
|  48|0x0000000083000000, 0x0000000083100000, 0x0000000083100000|100%| O|  |TAMS 0x0000000083100000, 0x0000000083100000| Untracked 
|  49|0x0000000083100000, 0x0000000083200000, 0x0000000083200000|100%| O|  |TAMS 0x0000000083200000, 0x0000000083200000| Untracked 
|  50|0x0000000083200000, 0x0000000083300000, 0x0000000083300000|100%| O|  |TAMS 0x0000000083300000, 0x0000000083300000| Untracked 
|  51|0x0000000083300000, 0x0000000083400000, 0x0000000083400000|100%| O|  |TAMS 0x0000000083400000, 0x0000000083400000| Untracked 
|  52|0x0000000083400000, 0x0000000083500000, 0x0000000083500000|100%| O|  |TAMS 0x0000000083500000, 0x0000000083500000| Untracked 
|  53|0x0000000083500000, 0x0000000083600000, 0x0000000083600000|100%| O|  |TAMS 0x0000000083600000, 0x0000000083600000| Untracked 
|  54|0x0000000083600000, 0x0000000083700000, 0x0000000083700000|100%| O|  |TAMS 0x0000000083700000, 0x0000000083700000| Untracked 
|  55|0x0000000083700000, 0x0000000083800000, 0x0000000083800000|100%| O|  |TAMS 0x0000000083800000, 0x0000000083800000| Untracked 
|  56|0x0000000083800000, 0x0000000083900000, 0x0000000083900000|100%| O|  |TAMS 0x0000000083900000, 0x0000000083900000| Untracked 
|  57|0x0000000083900000, 0x0000000083a00000, 0x0000000083a00000|100%| O|  |TAMS 0x0000000083a00000, 0x0000000083a00000| Untracked 
|  58|0x0000000083a00000, 0x0000000083b00000, 0x0000000083b00000|100%| O|  |TAMS 0x0000000083b00000, 0x0000000083b00000| Untracked 
|  59|0x0000000083b00000, 0x0000000083c00000, 0x0000000083c00000|100%| O|  |TAMS 0x0000000083c00000, 0x0000000083c00000| Untracked 
|  60|0x0000000083c00000, 0x0000000083d00000, 0x0000000083d00000|100%| O|  |TAMS 0x0000000083c00000, 0x0000000083d00000| Untracked 
|  61|0x0000000083d00000, 0x0000000083e00000, 0x0000000083e00000|100%| O|  |TAMS 0x0000000083d00000, 0x0000000083e00000| Untracked 
|  62|0x0000000083e00000, 0x0000000083f00000, 0x0000000083f00000|100%| O|  |TAMS 0x0000000083e00000, 0x0000000083f00000| Untracked 
|  63|0x0000000083f00000, 0x0000000084000000, 0x0000000084000000|100%| O|  |TAMS 0x0000000083f00000, 0x0000000084000000| Untracked 
|  64|0x0000000084000000, 0x0000000084100000, 0x0000000084100000|100%| O|  |TAMS 0x0000000084100000, 0x0000000084100000| Untracked 
|  65|0x0000000084100000, 0x0000000084200000, 0x0000000084200000|100%| O|  |TAMS 0x0000000084200000, 0x0000000084200000| Untracked 
|  66|0x0000000084200000, 0x0000000084300000, 0x0000000084300000|100%| O|  |TAMS 0x0000000084300000, 0x0000000084300000| Untracked 
|  67|0x0000000084300000, 0x0000000084400000, 0x0000000084400000|100%| O|  |TAMS 0x0000000084400000, 0x0000000084400000| Untracked 
|  68|0x0000000084400000, 0x0000000084400000, 0x0000000084500000|  0%| F|  |TAMS 0x0000000084400000, 0x0000000084400000| Untracked 
|  69|0x0000000084500000, 0x0000000084500000, 0x0000000084600000|  0%| F|  |TAMS 0x0000000084500000, 0x0000000084500000| Untracked 
|  70|0x0000000084600000, 0x0000000084700000, 0x0000000084700000|100%| O|  |TAMS 0x0000000084600000, 0x0000000084700000| Untracked 
|  71|0x0000000084700000, 0x0000000084700000, 0x0000000084800000|  0%| F|  |TAMS 0x0000000084700000, 0x0000000084700000| Untracked 
|  72|0x0000000084800000, 0x0000000084900000, 0x0000000084900000|100%| O|  |TAMS 0x0000000084800000, 0x0000000084900000| Untracked 
|  73|0x0000000084900000, 0x0000000084a00000, 0x0000000084a00000|100%| O|  |TAMS 0x0000000084900000, 0x0000000084a00000| Untracked 
|  74|0x0000000084a00000, 0x0000000084ab3800, 0x0000000084b00000| 70%| O|  |TAMS 0x0000000084a00000, 0x0000000084ab3800| Untracked 
|  75|0x0000000084b00000, 0x0000000084c00000, 0x0000000084c00000|100%| O|  |TAMS 0x0000000084c00000, 0x0000000084c00000| Untracked 
|  76|0x0000000084c00000, 0x0000000084d00000, 0x0000000084d00000|100%| O|  |TAMS 0x0000000084d00000, 0x0000000084d00000| Untracked 
|  77|0x0000000084d00000, 0x0000000084e00000, 0x0000000084e00000|100%| O|  |TAMS 0x0000000084e00000, 0x0000000084e00000| Untracked 
|  78|0x0000000084e00000, 0x0000000084f00000, 0x0000000084f00000|100%| O|  |TAMS 0x0000000084f00000, 0x0000000084f00000| Untracked 
|  79|0x0000000084f00000, 0x0000000085000000, 0x0000000085000000|100%| O|  |TAMS 0x0000000085000000, 0x0000000085000000| Untracked 
|  80|0x0000000085000000, 0x0000000085000000, 0x0000000085100000|  0%| F|  |TAMS 0x0000000085000000, 0x0000000085000000| Untracked 
|  81|0x0000000085100000, 0x0000000085100000, 0x0000000085200000|  0%| F|  |TAMS 0x0000000085100000, 0x0000000085100000| Untracked 
|  82|0x0000000085200000, 0x0000000085300000, 0x0000000085300000|100%|HS|  |TAMS 0x0000000085200000, 0x0000000085300000| Complete 
|  83|0x0000000085300000, 0x0000000085400000, 0x0000000085400000|100%|HC|  |TAMS 0x0000000085300000, 0x0000000085400000| Complete 
|  84|0x0000000085400000, 0x0000000085500000, 0x0000000085500000|100%| O|  |TAMS 0x0000000085500000, 0x0000000085500000| Untracked 
|  85|0x0000000085500000, 0x0000000085600000, 0x0000000085600000|100%| O|  |TAMS 0x0000000085600000, 0x0000000085600000| Untracked 
|  86|0x0000000085600000, 0x0000000085700000, 0x0000000085700000|100%| O|  |TAMS 0x0000000085700000, 0x0000000085700000| Untracked 
|  87|0x0000000085700000, 0x0000000085800000, 0x0000000085800000|100%|HS|  |TAMS 0x0000000085700000, 0x0000000085800000| Complete 
|  88|0x0000000085800000, 0x0000000085900000, 0x0000000085900000|100%|HC|  |TAMS 0x0000000085800000, 0x0000000085900000| Complete 
|  89|0x0000000085900000, 0x0000000085a00000, 0x0000000085a00000|100%|HC|  |TAMS 0x0000000085900000, 0x0000000085a00000| Complete 
|  90|0x0000000085a00000, 0x0000000085b00000, 0x0000000085b00000|100%| O|  |TAMS 0x0000000085b00000, 0x0000000085b00000| Untracked 
|  91|0x0000000085b00000, 0x0000000085c00000, 0x0000000085c00000|100%| O|  |TAMS 0x0000000085c00000, 0x0000000085c00000| Untracked 
|  92|0x0000000085c00000, 0x0000000085d00000, 0x0000000085d00000|100%| O|  |TAMS 0x0000000085d00000, 0x0000000085d00000| Untracked 
|  93|0x0000000085d00000, 0x0000000085e00000, 0x0000000085e00000|100%| O|  |TAMS 0x0000000085e00000, 0x0000000085e00000| Untracked 
|  94|0x0000000085e00000, 0x0000000085f00000, 0x0000000085f00000|100%|HS|  |TAMS 0x0000000085e00000, 0x0000000085f00000| Complete 
|  95|0x0000000085f00000, 0x0000000086000000, 0x0000000086000000|100%|HC|  |TAMS 0x0000000085f00000, 0x0000000086000000| Complete 
|  96|0x0000000086000000, 0x0000000086100000, 0x0000000086100000|100%|HC|  |TAMS 0x0000000086000000, 0x0000000086100000| Complete 
|  97|0x0000000086100000, 0x0000000086200000, 0x0000000086200000|100%|HC|  |TAMS 0x0000000086100000, 0x0000000086200000| Complete 
|  98|0x0000000086200000, 0x0000000086300000, 0x0000000086300000|100%|HC|  |TAMS 0x0000000086200000, 0x0000000086300000| Complete 
|  99|0x0000000086300000, 0x0000000086400000, 0x0000000086400000|100%|HS|  |TAMS 0x0000000086300000, 0x0000000086300000| Complete 
| 100|0x0000000086400000, 0x0000000086500000, 0x0000000086500000|100%|HC|  |TAMS 0x0000000086400000, 0x0000000086400000| Complete 
| 101|0x0000000086500000, 0x0000000086600000, 0x0000000086600000|100%|HC|  |TAMS 0x0000000086500000, 0x0000000086500000| Complete 
| 102|0x0000000086600000, 0x0000000086700000, 0x0000000086700000|100%| O|  |TAMS 0x0000000086700000, 0x0000000086700000| Untracked 
| 103|0x0000000086700000, 0x0000000086800000, 0x0000000086800000|100%| O|  |TAMS 0x0000000086800000, 0x0000000086800000| Untracked 
| 104|0x0000000086800000, 0x0000000086900000, 0x0000000086900000|100%| O|  |TAMS 0x0000000086900000, 0x0000000086900000| Untracked 
| 105|0x0000000086900000, 0x0000000086a00000, 0x0000000086a00000|100%| O|  |TAMS 0x0000000086a00000, 0x0000000086a00000| Untracked 
| 106|0x0000000086a00000, 0x0000000086a00000, 0x0000000086b00000|  0%| F|  |TAMS 0x0000000086a00000, 0x0000000086a00000| Untracked 
| 107|0x0000000086b00000, 0x0000000086b00000, 0x0000000086c00000|  0%| F|  |TAMS 0x0000000086b00000, 0x0000000086b00000| Untracked 
| 108|0x0000000086c00000, 0x0000000086d00000, 0x0000000086d00000|100%| O|  |TAMS 0x0000000086d00000, 0x0000000086d00000| Untracked 
| 109|0x0000000086d00000, 0x0000000086d00000, 0x0000000086e00000|  0%| F|  |TAMS 0x0000000086d00000, 0x0000000086d00000| Untracked 
| 110|0x0000000086e00000, 0x0000000086e00000, 0x0000000086f00000|  0%| F|  |TAMS 0x0000000086e00000, 0x0000000086e00000| Untracked 
| 111|0x0000000086f00000, 0x0000000086f00000, 0x0000000087000000|  0%| F|  |TAMS 0x0000000086f00000, 0x0000000086f00000| Untracked 
| 112|0x0000000087000000, 0x0000000087000000, 0x0000000087100000|  0%| F|  |TAMS 0x0000000087000000, 0x0000000087000000| Untracked 
| 113|0x0000000087100000, 0x0000000087100000, 0x0000000087200000|  0%| F|  |TAMS 0x0000000087100000, 0x0000000087100000| Untracked 
| 114|0x0000000087200000, 0x0000000087200000, 0x0000000087300000|  0%| F|  |TAMS 0x0000000087200000, 0x0000000087200000| Untracked 
| 115|0x0000000087300000, 0x0000000087300000, 0x0000000087400000|  0%| F|  |TAMS 0x0000000087300000, 0x0000000087300000| Untracked 
| 116|0x0000000087400000, 0x0000000087400000, 0x0000000087500000|  0%| F|  |TAMS 0x0000000087400000, 0x0000000087400000| Untracked 
| 117|0x0000000087500000, 0x0000000087500000, 0x0000000087600000|  0%| F|  |TAMS 0x0000000087500000, 0x0000000087500000| Untracked 
| 118|0x0000000087600000, 0x0000000087700000, 0x0000000087700000|100%| O|  |TAMS 0x0000000087700000, 0x0000000087700000| Untracked 
| 119|0x0000000087700000, 0x0000000087800000, 0x0000000087800000|100%| O|  |TAMS 0x0000000087800000, 0x0000000087800000| Untracked 
| 120|0x0000000087800000, 0x0000000087900000, 0x0000000087900000|100%| O|  |TAMS 0x0000000087900000, 0x0000000087900000| Untracked 
| 121|0x0000000087900000, 0x0000000087900000, 0x0000000087a00000|  0%| F|  |TAMS 0x0000000087900000, 0x0000000087900000| Untracked 
| 122|0x0000000087a00000, 0x0000000087a00000, 0x0000000087b00000|  0%| F|  |TAMS 0x0000000087a00000, 0x0000000087a00000| Untracked 
| 123|0x0000000087b00000, 0x0000000087c00000, 0x0000000087c00000|100%|HS|  |TAMS 0x0000000087b00000, 0x0000000087c00000| Complete 
| 124|0x0000000087c00000, 0x0000000087d00000, 0x0000000087d00000|100%|HC|  |TAMS 0x0000000087c00000, 0x0000000087d00000| Complete 
| 125|0x0000000087d00000, 0x0000000087e00000, 0x0000000087e00000|100%|HC|  |TAMS 0x0000000087d00000, 0x0000000087e00000| Complete 
| 126|0x0000000087e00000, 0x0000000087f00000, 0x0000000087f00000|100%|HC|  |TAMS 0x0000000087e00000, 0x0000000087f00000| Complete 
| 127|0x0000000087f00000, 0x0000000088000000, 0x0000000088000000|100%|HC|  |TAMS 0x0000000087f00000, 0x0000000088000000| Complete 
| 128|0x0000000088000000, 0x0000000088000000, 0x0000000088100000|  0%| F|  |TAMS 0x0000000088000000, 0x0000000088000000| Untracked 
| 129|0x0000000088100000, 0x0000000088100000, 0x0000000088200000|  0%| F|  |TAMS 0x0000000088100000, 0x0000000088100000| Untracked 
| 130|0x0000000088200000, 0x0000000088200000, 0x0000000088300000|  0%| F|  |TAMS 0x0000000088200000, 0x0000000088200000| Untracked 
| 131|0x0000000088300000, 0x0000000088300000, 0x0000000088400000|  0%| F|  |TAMS 0x0000000088300000, 0x0000000088300000| Untracked 
| 132|0x0000000088400000, 0x0000000088400000, 0x0000000088500000|  0%| F|  |TAMS 0x0000000088400000, 0x0000000088400000| Untracked 
| 133|0x0000000088500000, 0x0000000088500000, 0x0000000088600000|  0%| F|  |TAMS 0x0000000088500000, 0x0000000088500000| Untracked 
| 134|0x0000000088600000, 0x0000000088600000, 0x0000000088700000|  0%| F|  |TAMS 0x0000000088600000, 0x0000000088600000| Untracked 
| 135|0x0000000088700000, 0x0000000088700000, 0x0000000088800000|  0%| F|  |TAMS 0x0000000088700000, 0x0000000088700000| Untracked 
| 136|0x0000000088800000, 0x0000000088800000, 0x0000000088900000|  0%| F|  |TAMS 0x0000000088800000, 0x0000000088800000| Untracked 
| 137|0x0000000088900000, 0x0000000088900000, 0x0000000088a00000|  0%| F|  |TAMS 0x0000000088900000, 0x0000000088900000| Untracked 
| 138|0x0000000088a00000, 0x0000000088a00000, 0x0000000088b00000|  0%| F|  |TAMS 0x0000000088a00000, 0x0000000088a00000| Untracked 
| 139|0x0000000088b00000, 0x0000000088b00000, 0x0000000088c00000|  0%| F|  |TAMS 0x0000000088b00000, 0x0000000088b00000| Untracked 
| 140|0x0000000088c00000, 0x0000000088c00000, 0x0000000088d00000|  0%| F|  |TAMS 0x0000000088c00000, 0x0000000088c00000| Untracked 
| 141|0x0000000088d00000, 0x0000000088d00000, 0x0000000088e00000|  0%| F|  |TAMS 0x0000000088d00000, 0x0000000088d00000| Untracked 
| 142|0x0000000088e00000, 0x0000000088e00000, 0x0000000088f00000|  0%| F|  |TAMS 0x0000000088e00000, 0x0000000088e00000| Untracked 
| 143|0x0000000088f00000, 0x0000000088f00000, 0x0000000089000000|  0%| F|  |TAMS 0x0000000088f00000, 0x0000000088f00000| Untracked 
| 144|0x0000000089000000, 0x0000000089000000, 0x0000000089100000|  0%| F|  |TAMS 0x0000000089000000, 0x0000000089000000| Untracked 
| 145|0x0000000089100000, 0x0000000089100000, 0x0000000089200000|  0%| F|  |TAMS 0x0000000089100000, 0x0000000089100000| Untracked 
| 146|0x0000000089200000, 0x0000000089200000, 0x0000000089300000|  0%| F|  |TAMS 0x0000000089200000, 0x0000000089200000| Untracked 
| 147|0x0000000089300000, 0x0000000089300000, 0x0000000089400000|  0%| F|  |TAMS 0x0000000089300000, 0x0000000089300000| Untracked 
| 148|0x0000000089400000, 0x0000000089400000, 0x0000000089500000|  0%| F|  |TAMS 0x0000000089400000, 0x0000000089400000| Untracked 
| 149|0x0000000089500000, 0x0000000089500000, 0x0000000089600000|  0%| F|  |TAMS 0x0000000089500000, 0x0000000089500000| Untracked 
| 150|0x0000000089600000, 0x0000000089600000, 0x0000000089700000|  0%| F|  |TAMS 0x0000000089600000, 0x0000000089600000| Untracked 
| 151|0x0000000089700000, 0x0000000089700000, 0x0000000089800000|  0%| F|  |TAMS 0x0000000089700000, 0x0000000089700000| Untracked 
| 152|0x0000000089800000, 0x0000000089800000, 0x0000000089900000|  0%| F|  |TAMS 0x0000000089800000, 0x0000000089800000| Untracked 
| 153|0x0000000089900000, 0x0000000089900000, 0x0000000089a00000|  0%| F|  |TAMS 0x0000000089900000, 0x0000000089900000| Untracked 
| 154|0x0000000089a00000, 0x0000000089a00000, 0x0000000089b00000|  0%| F|  |TAMS 0x0000000089a00000, 0x0000000089a00000| Untracked 
| 155|0x0000000089b00000, 0x0000000089b00000, 0x0000000089c00000|  0%| F|  |TAMS 0x0000000089b00000, 0x0000000089b00000| Untracked 
| 156|0x0000000089c00000, 0x0000000089c00000, 0x0000000089d00000|  0%| F|  |TAMS 0x0000000089c00000, 0x0000000089c00000| Untracked 
| 157|0x0000000089d00000, 0x0000000089deb250, 0x0000000089e00000| 91%| S|CS|TAMS 0x0000000089d00000, 0x0000000089d00000| Complete 
| 158|0x0000000089e00000, 0x0000000089f00000, 0x0000000089f00000|100%| S|CS|TAMS 0x0000000089e00000, 0x0000000089e00000| Complete 
| 159|0x0000000089f00000, 0x000000008a000000, 0x000000008a000000|100%| S|CS|TAMS 0x0000000089f00000, 0x0000000089f00000| Complete 
| 160|0x000000008a000000, 0x000000008a000000, 0x000000008a100000|  0%| F|  |TAMS 0x000000008a000000, 0x000000008a000000| Untracked 
| 161|0x000000008a100000, 0x000000008a100000, 0x000000008a200000|  0%| F|  |TAMS 0x000000008a100000, 0x000000008a100000| Untracked 
| 162|0x000000008a200000, 0x000000008a200000, 0x000000008a300000|  0%| F|  |TAMS 0x000000008a200000, 0x000000008a200000| Untracked 
| 163|0x000000008a300000, 0x000000008a300000, 0x000000008a400000|  0%| F|  |TAMS 0x000000008a300000, 0x000000008a300000| Untracked 
| 164|0x000000008a400000, 0x000000008a400000, 0x000000008a500000|  0%| F|  |TAMS 0x000000008a400000, 0x000000008a400000| Untracked 
| 165|0x000000008a500000, 0x000000008a500000, 0x000000008a600000|  0%| F|  |TAMS 0x000000008a500000, 0x000000008a500000| Untracked 
| 166|0x000000008a600000, 0x000000008a600000, 0x000000008a700000|  0%| F|  |TAMS 0x000000008a600000, 0x000000008a600000| Untracked 
| 167|0x000000008a700000, 0x000000008a700000, 0x000000008a800000|  0%| F|  |TAMS 0x000000008a700000, 0x000000008a700000| Untracked 
| 168|0x000000008a800000, 0x000000008a800000, 0x000000008a900000|  0%| F|  |TAMS 0x000000008a800000, 0x000000008a800000| Untracked 
| 169|0x000000008a900000, 0x000000008a900000, 0x000000008aa00000|  0%| F|  |TAMS 0x000000008a900000, 0x000000008a900000| Untracked 
| 170|0x000000008aa00000, 0x000000008aa00000, 0x000000008ab00000|  0%| F|  |TAMS 0x000000008aa00000, 0x000000008aa00000| Untracked 
| 171|0x000000008ab00000, 0x000000008ab00000, 0x000000008ac00000|  0%| F|  |TAMS 0x000000008ab00000, 0x000000008ab00000| Untracked 
| 172|0x000000008ac00000, 0x000000008ac00000, 0x000000008ad00000|  0%| F|  |TAMS 0x000000008ac00000, 0x000000008ac00000| Untracked 
| 173|0x000000008ad00000, 0x000000008ad00000, 0x000000008ae00000|  0%| F|  |TAMS 0x000000008ad00000, 0x000000008ad00000| Untracked 
| 174|0x000000008ae00000, 0x000000008ae00000, 0x000000008af00000|  0%| F|  |TAMS 0x000000008ae00000, 0x000000008ae00000| Untracked 
| 175|0x000000008af00000, 0x000000008af00000, 0x000000008b000000|  0%| F|  |TAMS 0x000000008af00000, 0x000000008af00000| Untracked 
| 176|0x000000008b000000, 0x000000008b000000, 0x000000008b100000|  0%| F|  |TAMS 0x000000008b000000, 0x000000008b000000| Untracked 
| 177|0x000000008b100000, 0x000000008b100000, 0x000000008b200000|  0%| F|  |TAMS 0x000000008b100000, 0x000000008b100000| Untracked 
| 178|0x000000008b200000, 0x000000008b200000, 0x000000008b300000|  0%| F|  |TAMS 0x000000008b200000, 0x000000008b200000| Untracked 
| 179|0x000000008b300000, 0x000000008b300000, 0x000000008b400000|  0%| F|  |TAMS 0x000000008b300000, 0x000000008b300000| Untracked 
| 180|0x000000008b400000, 0x000000008b400000, 0x000000008b500000|  0%| F|  |TAMS 0x000000008b400000, 0x000000008b400000| Untracked 
| 181|0x000000008b500000, 0x000000008b500000, 0x000000008b600000|  0%| F|  |TAMS 0x000000008b500000, 0x000000008b500000| Untracked 
| 182|0x000000008b600000, 0x000000008b600000, 0x000000008b700000|  0%| F|  |TAMS 0x000000008b600000, 0x000000008b600000| Untracked 
| 183|0x000000008b700000, 0x000000008b700000, 0x000000008b800000|  0%| F|  |TAMS 0x000000008b700000, 0x000000008b700000| Untracked 
| 184|0x000000008b800000, 0x000000008b800000, 0x000000008b900000|  0%| F|  |TAMS 0x000000008b800000, 0x000000008b800000| Untracked 
| 185|0x000000008b900000, 0x000000008b900000, 0x000000008ba00000|  0%| F|  |TAMS 0x000000008b900000, 0x000000008b900000| Untracked 
| 186|0x000000008ba00000, 0x000000008ba00000, 0x000000008bb00000|  0%| F|  |TAMS 0x000000008ba00000, 0x000000008ba00000| Untracked 
| 187|0x000000008bb00000, 0x000000008bb00000, 0x000000008bc00000|  0%| F|  |TAMS 0x000000008bb00000, 0x000000008bb00000| Untracked 
| 188|0x000000008bc00000, 0x000000008bc00000, 0x000000008bd00000|  0%| F|  |TAMS 0x000000008bc00000, 0x000000008bc00000| Untracked 
| 189|0x000000008bd00000, 0x000000008bd00000, 0x000000008be00000|  0%| F|  |TAMS 0x000000008bd00000, 0x000000008bd00000| Untracked 
| 190|0x000000008be00000, 0x000000008be00000, 0x000000008bf00000|  0%| F|  |TAMS 0x000000008be00000, 0x000000008be00000| Untracked 
| 191|0x000000008bf00000, 0x000000008bf00000, 0x000000008c000000|  0%| F|  |TAMS 0x000000008bf00000, 0x000000008bf00000| Untracked 
| 192|0x000000008c000000, 0x000000008c000000, 0x000000008c100000|  0%| F|  |TAMS 0x000000008c000000, 0x000000008c000000| Untracked 
| 193|0x000000008c100000, 0x000000008c100000, 0x000000008c200000|  0%| F|  |TAMS 0x000000008c100000, 0x000000008c100000| Untracked 
| 194|0x000000008c200000, 0x000000008c200000, 0x000000008c300000|  0%| F|  |TAMS 0x000000008c200000, 0x000000008c200000| Untracked 
| 195|0x000000008c300000, 0x000000008c300000, 0x000000008c400000|  0%| F|  |TAMS 0x000000008c300000, 0x000000008c300000| Untracked 
| 196|0x000000008c400000, 0x000000008c400000, 0x000000008c500000|  0%| F|  |TAMS 0x000000008c400000, 0x000000008c400000| Untracked 
| 197|0x000000008c500000, 0x000000008c500000, 0x000000008c600000|  0%| F|  |TAMS 0x000000008c500000, 0x000000008c500000| Untracked 
| 198|0x000000008c600000, 0x000000008c600000, 0x000000008c700000|  0%| F|  |TAMS 0x000000008c600000, 0x000000008c600000| Untracked 
| 199|0x000000008c700000, 0x000000008c700000, 0x000000008c800000|  0%| F|  |TAMS 0x000000008c700000, 0x000000008c700000| Untracked 
| 200|0x000000008c800000, 0x000000008c800000, 0x000000008c900000|  0%| F|  |TAMS 0x000000008c800000, 0x000000008c800000| Untracked 
| 201|0x000000008c900000, 0x000000008c900000, 0x000000008ca00000|  0%| F|  |TAMS 0x000000008c900000, 0x000000008c900000| Untracked 
| 202|0x000000008ca00000, 0x000000008ca00000, 0x000000008cb00000|  0%| F|  |TAMS 0x000000008ca00000, 0x000000008ca00000| Untracked 
| 203|0x000000008cb00000, 0x000000008cb00000, 0x000000008cc00000|  0%| F|  |TAMS 0x000000008cb00000, 0x000000008cb00000| Untracked 
| 204|0x000000008cc00000, 0x000000008cc00000, 0x000000008cd00000|  0%| F|  |TAMS 0x000000008cc00000, 0x000000008cc00000| Untracked 
| 205|0x000000008cd00000, 0x000000008cd80800, 0x000000008ce00000| 50%| E|  |TAMS 0x000000008cd00000, 0x000000008cd00000| Complete 
| 206|0x000000008ce00000, 0x000000008cf00000, 0x000000008cf00000|100%| E|CS|TAMS 0x000000008ce00000, 0x000000008ce00000| Complete 
| 207|0x000000008cf00000, 0x000000008d000000, 0x000000008d000000|100%| E|CS|TAMS 0x000000008cf00000, 0x000000008cf00000| Complete 
| 208|0x000000008d000000, 0x000000008d100000, 0x000000008d100000|100%| E|CS|TAMS 0x000000008d000000, 0x000000008d000000| Complete 
| 209|0x000000008d100000, 0x000000008d200000, 0x000000008d200000|100%| E|CS|TAMS 0x000000008d100000, 0x000000008d100000| Complete 
| 210|0x000000008d200000, 0x000000008d300000, 0x000000008d300000|100%| E|CS|TAMS 0x000000008d200000, 0x000000008d200000| Complete 
| 211|0x000000008d300000, 0x000000008d400000, 0x000000008d400000|100%| E|CS|TAMS 0x000000008d300000, 0x000000008d300000| Complete 
| 212|0x000000008d400000, 0x000000008d500000, 0x000000008d500000|100%| E|CS|TAMS 0x000000008d400000, 0x000000008d400000| Complete 
| 213|0x000000008d500000, 0x000000008d600000, 0x000000008d600000|100%| E|CS|TAMS 0x000000008d500000, 0x000000008d500000| Complete 
| 214|0x000000008d600000, 0x000000008d700000, 0x000000008d700000|100%| E|CS|TAMS 0x000000008d600000, 0x000000008d600000| Complete 
| 215|0x000000008d700000, 0x000000008d800000, 0x000000008d800000|100%| E|CS|TAMS 0x000000008d700000, 0x000000008d700000| Complete 
| 216|0x000000008d800000, 0x000000008d900000, 0x000000008d900000|100%| E|CS|TAMS 0x000000008d800000, 0x000000008d800000| Complete 
| 217|0x000000008d900000, 0x000000008da00000, 0x000000008da00000|100%| E|CS|TAMS 0x000000008d900000, 0x000000008d900000| Complete 
| 218|0x000000008da00000, 0x000000008db00000, 0x000000008db00000|100%| E|CS|TAMS 0x000000008da00000, 0x000000008da00000| Complete 
| 219|0x000000008db00000, 0x000000008dc00000, 0x000000008dc00000|100%| E|CS|TAMS 0x000000008db00000, 0x000000008db00000| Complete 

Card table byte_map: [0x000002c47cdb0000,0x000002c47d1b0000] _byte_map_base: 0x000002c47c9b0000

Marking Bits (Prev, Next): (CMBitMap*) 0x000002c4680faca8, (CMBitMap*) 0x000002c4680face0
 Prev Bits: [0x000002c47d5b0000, 0x000002c47f5b0000)
 Next Bits: [0x000002c400000000, 0x000002c402000000)

Polling page: 0x000002c468180000

Metaspace:

Usage:
  Non-class:     89.21 MB capacity,    87.66 MB ( 98%) used,     1.25 MB (  1%) free+waste,   304.69 KB ( <1%) overhead. 
      Class:     13.59 MB capacity,    12.65 MB ( 93%) used,   830.08 KB (  6%) free+waste,   134.75 KB ( <1%) overhead. 
       Both:    102.80 MB capacity,   100.30 MB ( 98%) used,     2.07 MB (  2%) free+waste,   439.44 KB ( <1%) overhead. 

Virtual space:
  Non-class space:       90.00 MB reserved,      89.25 MB (>99%) committed 
      Class space:        1.00 GB reserved,      13.70 MB (  1%) committed 
             Both:        1.09 GB reserved,     102.95 MB (  9%) committed 

Chunk freelists:
   Non-Class:  3.00 KB
       Class:  3.00 KB
        Both:  6.00 KB

MaxMetaspaceSize: 17179869184.00 GB
CompressedClassSpaceSize: 1.00 GB

CodeHeap 'non-profiled nmethods': size=120064Kb used=10742Kb max_used=10742Kb free=109321Kb
 bounds [0x000002c474e20000, 0x000002c4758a0000, 0x000002c47c360000]
CodeHeap 'profiled nmethods': size=120000Kb used=34299Kb max_used=34299Kb free=85700Kb
 bounds [0x000002c46d8f0000, 0x000002c46fa70000, 0x000002c474e20000]
CodeHeap 'non-nmethods': size=5696Kb used=2338Kb max_used=2425Kb free=3357Kb
 bounds [0x000002c46d360000, 0x000002c46d5d0000, 0x000002c46d8f0000]
 total_blobs=16650 nmethods=15711 adapters=849
 compilation: enabled
              stopped_count=0, restarted_count=0
 full_count=0

Compilation events (20 events):
Event: 593.498 Thread 0x000002c47fc35800 nmethod 15519 0x000002c47589a390 code [0x000002c47589a520, 0x000002c47589a598]
Event: 593.498 Thread 0x000002c47fc35800 15539       4       groovyjarjarantlr4.v4.runtime.atn.PredictionContext$IdentityEqualityComparator::hashCode (9 bytes)
Event: 593.498 Thread 0x000002c47fc35800 nmethod 15539 0x000002c47589a610 code [0x000002c47589a7a0, 0x000002c47589a858]
Event: 593.499 Thread 0x000002c47fc35800 15570       4       groovyjarjarantlr4.v4.runtime.atn.EmptyPredictionContext::equals (11 bytes)
Event: 593.499 Thread 0x000002c47fc35800 nmethod 15570 0x000002c47589a910 code [0x000002c47589aaa0, 0x000002c47589ab18]
Event: 593.499 Thread 0x000002c47fc35800 15573       4       groovyjarjarantlr4.v4.runtime.atn.ATNConfig::equals (18 bytes)
Event: 593.504 Thread 0x000002c47fc35800 nmethod 15573 0x000002c47589ab90 code [0x000002c47589ada0, 0x000002c47589b3a8]
Event: 593.504 Thread 0x000002c47fc35800 15575       4       groovyjarjarantlr4.v4.runtime.atn.ATNConfig::equals (125 bytes)
Event: 593.508 Thread 0x000002c47fc35800 nmethod 15575 0x000002c47589b910 code [0x000002c47589bb20, 0x000002c47589c0c8]
Event: 593.508 Thread 0x000002c47fc35800 15584       4       java.lang.Long::equals (30 bytes)
Event: 593.509 Thread 0x000002c47fc35800 nmethod 15584 0x000002c47589c610 code [0x000002c47589c7a0, 0x000002c47589c858]
Event: 593.509 Thread 0x000002c47fc35800 15403       4       groovyjarjarantlr4.v4.runtime.atn.ArrayPredictionContext::size (6 bytes)
Event: 593.509 Thread 0x000002c47fc35800 nmethod 15403 0x000002c47589c910 code [0x000002c47589caa0, 0x000002c47589cb18]
Event: 593.509 Thread 0x000002c47fc35800 15596       4       groovyjarjarantlr4.v4.runtime.atn.ATNConfigSet::updatePropertiesForMergedConfig (42 bytes)
Event: 593.509 Thread 0x000002c47fc35800 nmethod 15596 0x000002c47589cb90 code [0x000002c47589cd20, 0x000002c47589cdb8]
Event: 593.509 Thread 0x000002c47fc35800 15598       4       groovyjarjarantlr4.v4.runtime.atn.PredictionContextCache$IdentityCommutativePredictionContextOperands::hashCode (16 bytes)
Event: 593.509 Thread 0x000002c47fc35800 nmethod 15598 0x000002c47589ce90 code [0x000002c47589d020, 0x000002c47589d0b8]
Event: 593.509 Thread 0x000002c47fc35800 15613       4       groovyjarjarantlr4.v4.runtime.atn.SingletonPredictionContext::<init> (46 bytes)
Event: 593.511 Thread 0x000002c47fc35800 nmethod 15613 0x000002c47589d190 code [0x000002c47589d320, 0x000002c47589d4f8]
Event: 593.511 Thread 0x000002c47fc35800 15612       4       groovyjarjarantlr4.v4.runtime.atn.PredictionContextCache::getChild (74 bytes)

GC Heap History (20 events):
Event: 248.430 GC heap before
{Heap before GC invocations=26 (full 0):
 garbage-first heap   total 225280K, used 122292K [0x0000000080000000, 0x0000000100000000)
  region size 1024K, 11 young (11264K), 8 survivors (8192K)
 Metaspace       used 95921K, capacity 98299K, committed 98636K, reserved 1134592K
  class space    used 12098K, capacity 12964K, committed 13132K, reserved 1048576K
}
Event: 248.439 GC heap after
{Heap after GC invocations=27 (full 0):
 garbage-first heap   total 225280K, used 118652K [0x0000000080000000, 0x0000000100000000)
  region size 1024K, 2 young (2048K), 2 survivors (2048K)
 Metaspace       used 95921K, capacity 98299K, committed 98636K, reserved 1134592K
  class space    used 12098K, capacity 12964K, committed 13132K, reserved 1048576K
}
Event: 248.819 GC heap before
{Heap before GC invocations=27 (full 0):
 garbage-first heap   total 225280K, used 154492K [0x0000000080000000, 0x0000000100000000)
  region size 1024K, 39 young (39936K), 2 survivors (2048K)
 Metaspace       used 96027K, capacity 98369K, committed 98636K, reserved 1134592K
  class space    used 12099K, capacity 12965K, committed 13132K, reserved 1048576K
}
Event: 248.825 GC heap after
{Heap after GC invocations=28 (full 0):
 garbage-first heap   total 225280K, used 118985K [0x0000000080000000, 0x0000000100000000)
  region size 1024K, 2 young (2048K), 2 survivors (2048K)
 Metaspace       used 96027K, capacity 98369K, committed 98636K, reserved 1134592K
  class space    used 12099K, capacity 12965K, committed 13132K, reserved 1048576K
}
Event: 396.635 GC heap before
{Heap before GC invocations=29 (full 0):
 garbage-first heap   total 225280K, used 169161K [0x0000000080000000, 0x0000000100000000)
  region size 1024K, 57 young (58368K), 2 survivors (2048K)
 Metaspace       used 96591K, capacity 98928K, committed 99148K, reserved 1134592K
  class space    used 12111K, capacity 12983K, committed 13132K, reserved 1048576K
}
Event: 396.649 GC heap after
{Heap after GC invocations=30 (full 0):
 garbage-first heap   total 225280K, used 118974K [0x0000000080000000, 0x0000000100000000)
  region size 1024K, 8 young (8192K), 8 survivors (8192K)
 Metaspace       used 96591K, capacity 98928K, committed 99148K, reserved 1134592K
  class space    used 12111K, capacity 12983K, committed 13132K, reserved 1048576K
}
Event: 396.668 GC heap before
{Heap before GC invocations=30 (full 0):
 garbage-first heap   total 225280K, used 122046K [0x0000000080000000, 0x0000000100000000)
  region size 1024K, 11 young (11264K), 8 survivors (8192K)
 Metaspace       used 96597K, capacity 98928K, committed 99148K, reserved 1134592K
  class space    used 12112K, capacity 12983K, committed 13132K, reserved 1048576K
}
Event: 396.690 GC heap after
{Heap after GC invocations=31 (full 0):
 garbage-first heap   total 225280K, used 106840K [0x0000000080000000, 0x0000000100000000)
  region size 1024K, 1 young (1024K), 1 survivors (1024K)
 Metaspace       used 96597K, capacity 98928K, committed 99148K, reserved 1134592K
  class space    used 12112K, capacity 12983K, committed 13132K, reserved 1048576K
}
Event: 396.774 GC heap before
{Heap before GC invocations=31 (full 0):
 garbage-first heap   total 225280K, used 119128K [0x0000000080000000, 0x0000000100000000)
  region size 1024K, 15 young (15360K), 1 survivors (1024K)
 Metaspace       used 96609K, capacity 98992K, committed 99404K, reserved 1136640K
  class space    used 12112K, capacity 12983K, committed 13132K, reserved 1048576K
}
Event: 396.786 GC heap after
{Heap after GC invocations=32 (full 0):
 garbage-first heap   total 225280K, used 112312K [0x0000000080000000, 0x0000000100000000)
  region size 1024K, 7 young (7168K), 7 survivors (7168K)
 Metaspace       used 96609K, capacity 98992K, committed 99404K, reserved 1136640K
  class space    used 12112K, capacity 12983K, committed 13132K, reserved 1048576K
}
Event: 398.452 GC heap before
{Heap before GC invocations=33 (full 0):
 garbage-first heap   total 225280K, used 178872K [0x0000000080000000, 0x0000000100000000)
  region size 1024K, 60 young (61440K), 7 survivors (7168K)
 Metaspace       used 96783K, capacity 99194K, committed 99404K, reserved 1136640K
  class space    used 12124K, capacity 13006K, committed 13132K, reserved 1048576K
}
Event: 398.462 GC heap after
{Heap after GC invocations=34 (full 0):
 garbage-first heap   total 225280K, used 113023K [0x0000000080000000, 0x0000000100000000)
  region size 1024K, 7 young (7168K), 7 survivors (7168K)
 Metaspace       used 96783K, capacity 99194K, committed 99404K, reserved 1136640K
  class space    used 12124K, capacity 13006K, committed 13132K, reserved 1048576K
}
Event: 398.469 GC heap before
{Heap before GC invocations=34 (full 0):
 garbage-first heap   total 225280K, used 117119K [0x0000000080000000, 0x0000000100000000)
  region size 1024K, 11 young (11264K), 7 survivors (7168K)
 Metaspace       used 96787K, capacity 99194K, committed 99404K, reserved 1136640K
  class space    used 12124K, capacity 13006K, committed 13132K, reserved 1048576K
}
Event: 398.477 GC heap after
{Heap after GC invocations=35 (full 0):
 garbage-first heap   total 225280K, used 104448K [0x0000000080000000, 0x0000000100000000)
  region size 1024K, 1 young (1024K), 1 survivors (1024K)
 Metaspace       used 96787K, capacity 99194K, committed 99404K, reserved 1136640K
  class space    used 12124K, capacity 13006K, committed 13132K, reserved 1048576K
}
Event: 398.705 GC heap before
{Heap before GC invocations=35 (full 0):
 garbage-first heap   total 225280K, used 138240K [0x0000000080000000, 0x0000000100000000)
  region size 1024K, 36 young (36864K), 1 survivors (1024K)
 Metaspace       used 96839K, capacity 99270K, committed 99404K, reserved 1136640K
  class space    used 12125K, capacity 13008K, committed 13132K, reserved 1048576K
}
Event: 398.710 GC heap after
{Heap after GC invocations=36 (full 0):
 garbage-first heap   total 225280K, used 104988K [0x0000000080000000, 0x0000000100000000)
  region size 1024K, 2 young (2048K), 2 survivors (2048K)
 Metaspace       used 96839K, capacity 99270K, committed 99404K, reserved 1136640K
  class space    used 12125K, capacity 13008K, committed 13132K, reserved 1048576K
}
Event: 592.853 GC heap before
{Heap before GC invocations=37 (full 0):
 garbage-first heap   total 225280K, used 185884K [0x0000000080000000, 0x0000000100000000)
  region size 1024K, 68 young (69632K), 2 survivors (2048K)
 Metaspace       used 100641K, capacity 103140K, committed 103372K, reserved 1138688K
  class space    used 12714K, capacity 13660K, committed 13772K, reserved 1048576K
}
Event: 592.863 GC heap after
{Heap after GC invocations=38 (full 0):
 garbage-first heap   total 225280K, used 116788K [0x0000000080000000, 0x0000000100000000)
  region size 1024K, 7 young (7168K), 7 survivors (7168K)
 Metaspace       used 100641K, capacity 103140K, committed 103372K, reserved 1138688K
  class space    used 12714K, capacity 13660K, committed 13772K, reserved 1048576K
}
Event: 592.877 GC heap before
{Heap before GC invocations=38 (full 0):
 garbage-first heap   total 225280K, used 120884K [0x0000000080000000, 0x0000000100000000)
  region size 1024K, 11 young (11264K), 7 survivors (7168K)
 Metaspace       used 100642K, capacity 103140K, committed 103372K, reserved 1138688K
  class space    used 12714K, capacity 13660K, committed 13772K, reserved 1048576K
}
Event: 592.884 GC heap after
{Heap after GC invocations=39 (full 0):
 garbage-first heap   total 225280K, used 110051K [0x0000000080000000, 0x0000000100000000)
  region size 1024K, 1 young (1024K), 1 survivors (1024K)
 Metaspace       used 100642K, capacity 103140K, committed 103372K, reserved 1138688K
  class space    used 12714K, capacity 13660K, committed 13772K, reserved 1048576K
}

Deoptimization events (20 events):
Event: 593.346 Thread 0x000002c409fb4000 Uncommon trap: trap_request=0xffffffde fr.pc=0x000002c475517d2c relative=0x000000000000010c
Event: 593.346 Thread 0x000002c409fb4000 Uncommon trap: reason=class_check action=maybe_recompile pc=0x000002c475517d2c method=java.lang.reflect.Array.newInstance(Ljava/lang/Class;I)Ljava/lang/Object; @ 2 c2
Event: 593.346 Thread 0x000002c409fb4000 DEOPT PACKING pc=0x000002c475517d2c sp=0x000000edef9f9260
Event: 593.346 Thread 0x000002c409fb4000 DEOPT UNPACKING pc=0x000002c46d3683af sp=0x000000edef9f91f8 mode 2
Event: 593.383 Thread 0x000002c409fb4000 Uncommon trap: trap_request=0xffffff4d fr.pc=0x000002c47540ef18 relative=0x00000000000003b8
Event: 593.383 Thread 0x000002c409fb4000 Uncommon trap: reason=unstable_if action=reinterpret pc=0x000002c47540ef18 method=java.io.WinNTFileSystem.prefixLength(Ljava/lang/String;)I @ 42 c2
Event: 593.383 Thread 0x000002c409fb4000 DEOPT PACKING pc=0x000002c47540ef18 sp=0x000000edef9f9490
Event: 593.383 Thread 0x000002c409fb4000 DEOPT UNPACKING pc=0x000002c46d3683af sp=0x000000edef9f93c8 mode 2
Event: 593.383 Thread 0x000002c409fb4000 Uncommon trap: trap_request=0xffffff4d fr.pc=0x000002c475091634 relative=0x00000000000002d4
Event: 593.383 Thread 0x000002c409fb4000 Uncommon trap: reason=unstable_if action=reinterpret pc=0x000002c475091634 method=java.io.WinNTFileSystem.prefixLength(Ljava/lang/String;)I @ 42 c2
Event: 593.383 Thread 0x000002c409fb4000 DEOPT PACKING pc=0x000002c475091634 sp=0x000000edef9f94f0
Event: 593.383 Thread 0x000002c409fb4000 DEOPT UNPACKING pc=0x000002c46d3683af sp=0x000000edef9f9478 mode 2
Event: 593.383 Thread 0x000002c409fb4000 Uncommon trap: trap_request=0xffffff4d fr.pc=0x000002c47545f1ac relative=0x000000000000128c
Event: 593.383 Thread 0x000002c409fb4000 Uncommon trap: reason=unstable_if action=reinterpret pc=0x000002c47545f1ac method=sun.nio.fs.WindowsPathParser.parse(Ljava/lang/String;Z)Lsun/nio/fs/WindowsPathParser$Result; @ 45 c2
Event: 593.383 Thread 0x000002c409fb4000 DEOPT PACKING pc=0x000002c47545f1ac sp=0x000000edef9f9410
Event: 593.383 Thread 0x000002c409fb4000 DEOPT UNPACKING pc=0x000002c46d3683af sp=0x000000edef9f93d8 mode 2
Event: 593.409 Thread 0x000002c409fb4000 Uncommon trap: trap_request=0xffffffc6 fr.pc=0x000002c4755dc210 relative=0x0000000000000e10
Event: 593.409 Thread 0x000002c409fb4000 Uncommon trap: reason=bimorphic_or_optimized_type_check action=maybe_recompile pc=0x000002c4755dc210 method=java.nio.charset.CharsetEncoder.encode(Ljava/nio/CharBuffer;Ljava/nio/ByteBuffer;Z)Ljava/nio/charset/CoderResult; @ 57 c2
Event: 593.409 Thread 0x000002c409fb4000 DEOPT PACKING pc=0x000002c4755dc210 sp=0x000000edef9fa8b0
Event: 593.409 Thread 0x000002c409fb4000 DEOPT UNPACKING pc=0x000002c46d3683af sp=0x000000edef9fa858 mode 2

Classes redefined (0 events):
No events

Internal exceptions (20 events):
Event: 592.334 Thread 0x000002c409fb4000 Exception <a 'java/lang/ClassNotFoundException'{0x000000008c953b58}: sync_studio_tooling455_2v1f4f7wgjfcja7muoc9rg02mBeanInfo> (0x000000008c953b58) thrown at [./src/hotspot/share/classfile/systemDictionary.cpp, line 231]
Event: 592.335 Thread 0x000002c409fb4000 Exception <a 'java/lang/ClassNotFoundException'{0x000000008c9688c8}: org/gradle/initialization/InitScriptBeanInfo> (0x000000008c9688c8) thrown at [./src/hotspot/share/classfile/systemDictionary.cpp, line 231]
Event: 592.335 Thread 0x000002c409fb4000 Exception <a 'java/lang/ClassNotFoundException'{0x000000008c97d800}: org/gradle/initialization/InitScriptCustomizer> (0x000000008c97d800) thrown at [./src/hotspot/share/classfile/systemDictionary.cpp, line 231]
Event: 592.336 Thread 0x000002c409fb4000 Exception <a 'java/lang/ClassNotFoundException'{0x000000008c992360}: sync_studio_tooling455_2v1f4f7wgjfcja7muoc9rg02mCustomizer> (0x000000008c992360) thrown at [./src/hotspot/share/classfile/systemDictionary.cpp, line 231]
Event: 592.361 Thread 0x000002c407e92000 Exception <a 'sun/nio/fs/WindowsException'{0x000000008d246270}> (0x000000008d246270) thrown at [./src/hotspot/share/prims/jni.cpp, line 615]
Event: 592.367 Thread 0x000002c407e92000 Exception <a 'sun/nio/fs/WindowsException'{0x000000008c703c78}> (0x000000008c703c78) thrown at [./src/hotspot/share/prims/jni.cpp, line 615]
Event: 592.367 Thread 0x000002c407e92000 Exception <a 'sun/nio/fs/WindowsException'{0x000000008c703de0}> (0x000000008c703de0) thrown at [./src/hotspot/share/prims/jni.cpp, line 615]
Event: 592.372 Thread 0x000002c409fb4000 Exception <a 'java/lang/ClassNotFoundException'{0x000000008c772f58}: sync_studio_tooling455_2v1f4f7wgjfcja7muoc9rg02mBeanInfo> (0x000000008c772f58) thrown at [./src/hotspot/share/classfile/systemDictionary.cpp, line 231]
Event: 592.372 Thread 0x000002c409fb4000 Exception <a 'java/lang/ClassNotFoundException'{0x000000008c77f700}: sync_studio_tooling455_2v1f4f7wgjfcja7muoc9rg02mCustomizer> (0x000000008c77f700) thrown at [./src/hotspot/share/classfile/systemDictionary.cpp, line 231]
Event: 592.399 Thread 0x000002c409fb4000 Exception <a 'java/lang/ClassNotFoundException'{0x000000008c629530}: org/gradle/invocation/DefaultGradle_DecoratedBeanInfo> (0x000000008c629530) thrown at [./src/hotspot/share/classfile/systemDictionary.cpp, line 231]
Event: 592.399 Thread 0x000002c409fb4000 Exception <a 'java/lang/ClassNotFoundException'{0x000000008c6d9508}: org/gradle/invocation/DefaultGradleBeanInfo> (0x000000008c6d9508) thrown at [./src/hotspot/share/classfile/systemDictionary.cpp, line 231]
Event: 592.400 Thread 0x000002c409fb4000 Exception <a 'java/lang/ClassNotFoundException'{0x000000008c6fcaf0}: org/gradle/invocation/DefaultGradleCustomizer> (0x000000008c6fcaf0) thrown at [./src/hotspot/share/classfile/systemDictionary.cpp, line 231]
Event: 592.402 Thread 0x000002c409fb4000 Exception <a 'java/lang/ClassNotFoundException'{0x000000008c5501f0}: org/gradle/invocation/DefaultGradle_DecoratedCustomizer> (0x000000008c5501f0) thrown at [./src/hotspot/share/classfile/systemDictionary.cpp, line 231]
Event: 593.148 Thread 0x000002c409fb4000 Exception <a 'java/lang/NoSuchMethodError'{0x000000008ad68c18}: 'void java.lang.invoke.DirectMethodHandle$Holder.invokeSpecialIFC(java.lang.Object, java.lang.Object, java.lang.Object)'> (0x000000008ad68c18) thrown at [./src/hotspot/share/interpreter/linkResolver.cpp, line 773]
Event: 593.269 Thread 0x000002c409fb4000 Exception <a 'java/lang/NoSuchMethodError'{0x000000008a8e6c28}: 'int java.lang.invoke.DirectMethodHandle$Holder.invokeStatic(java.lang.Object, int, java.lang.Object, java.lang.Object)'> (0x000000008a8e6c28) thrown at [./src/hotspot/share/interpreter/linkResolver.cpp, line 773]
Event: 593.422 Thread 0x000002c407e8a000 Exception <a 'sun/nio/fs/WindowsException'{0x000000008a29a810}> (0x000000008a29a810) thrown at [./src/hotspot/share/prims/jni.cpp, line 615]
Event: 593.430 Thread 0x000002c407e8a000 Exception <a 'sun/nio/fs/WindowsException'{0x000000008a125b90}> (0x000000008a125b90) thrown at [./src/hotspot/share/prims/jni.cpp, line 615]
Event: 593.431 Thread 0x000002c407e8a000 Exception <a 'sun/nio/fs/WindowsException'{0x000000008a125d08}> (0x000000008a125d08) thrown at [./src/hotspot/share/prims/jni.cpp, line 615]
Event: 593.438 Thread 0x000002c409fb4000 Exception <a 'java/lang/ClassNotFoundException'{0x000000008a160fe0}: ijinit3_5fot27nht3z7ay62hn0etl6o7BeanInfo> (0x000000008a160fe0) thrown at [./src/hotspot/share/classfile/systemDictionary.cpp, line 231]
Event: 593.438 Thread 0x000002c409fb4000 Exception <a 'java/lang/ClassNotFoundException'{0x000000008a16c710}: ijinit3_5fot27nht3z7ay62hn0etl6o7Customizer> (0x000000008a16c710) thrown at [./src/hotspot/share/classfile/systemDictionary.cpp, line 231]

Events (20 events):
Event: 593.439 Executing VM operation: RevokeBias
Event: 593.439 Executing VM operation: RevokeBias done
Event: 593.439 Executing VM operation: RevokeBias
Event: 593.439 Executing VM operation: RevokeBias done
Event: 593.440 loading class groovy/runtime/metaclass/ijinit3_5fot27nht3z7ay62hn0etl6o7$_run_closure1MetaClass
Event: 593.440 loading class groovy/runtime/metaclass/ijinit3_5fot27nht3z7ay62hn0etl6o7$_run_closure1MetaClass done
Event: 593.440 Executing VM operation: RevokeBias
Event: 593.440 Executing VM operation: RevokeBias done
Event: 593.440 Executing VM operation: RevokeBias
Event: 593.440 Executing VM operation: RevokeBias done
Event: 593.440 Executing VM operation: RevokeBias
Event: 593.440 Executing VM operation: RevokeBias done
Event: 593.441 loading class groovy/runtime/metaclass/ijinit3_5fot27nht3z7ay62hn0etl6o7$_run_closure1$_closure2MetaClass
Event: 593.441 loading class groovy/runtime/metaclass/ijinit3_5fot27nht3z7ay62hn0etl6o7$_run_closure1$_closure2MetaClass done
Event: 593.442 Executing VM operation: RevokeBias
Event: 593.442 Executing VM operation: RevokeBias done
Event: 593.442 Executing VM operation: RevokeBias
Event: 593.442 Executing VM operation: RevokeBias done
Event: 593.442 Executing VM operation: RevokeBias
Event: 593.442 Executing VM operation: RevokeBias done


Dynamic libraries:
0x00007ff606090000 - 0x00007ff60609a000 	D:\Program Files\Android\Android Studio\jre\bin\java.exe
0x00007ff80f1a0000 - 0x00007ff80f3af000 	C:\WINDOWS\SYSTEM32\ntdll.dll
0x00007ff80d8c0000 - 0x00007ff80d97d000 	C:\WINDOWS\System32\KERNEL32.DLL
0x00007ff80c6d0000 - 0x00007ff80ca63000 	C:\WINDOWS\System32\KERNELBASE.dll
0x00007ff808cf0000 - 0x00007ff808d83000 	C:\WINDOWS\SYSTEM32\apphelp.dll
0x00007ff80ccf0000 - 0x00007ff80ce01000 	C:\WINDOWS\System32\ucrtbase.dll
0x00007ff806180000 - 0x00007ff806197000 	D:\Program Files\Android\Android Studio\jre\bin\VCRUNTIME140.dll
0x00007ff802eb0000 - 0x00007ff802ec9000 	D:\Program Files\Android\Android Studio\jre\bin\jli.dll
0x00007ff80d2d0000 - 0x00007ff80d47a000 	C:\WINDOWS\System32\USER32.dll
0x00007ff80c6a0000 - 0x00007ff80c6c6000 	C:\WINDOWS\System32\win32u.dll
0x00007ff80b830000 - 0x00007ff80bad1000 	C:\WINDOWS\WinSxS\amd64_microsoft.windows.common-controls_6595b64144ccf1df_6.0.22538.1000_none_28c1e1652686b6b3\COMCTL32.dll
0x00007ff80ded0000 - 0x00007ff80df74000 	C:\WINDOWS\System32\msvcrt.dll
0x00007ff80eac0000 - 0x00007ff80eae9000 	C:\WINDOWS\System32\GDI32.dll
0x00007ff80cb10000 - 0x00007ff80cc26000 	C:\WINDOWS\System32\gdi32full.dll
0x00007ff80ca70000 - 0x00007ff80cb0a000 	C:\WINDOWS\System32\msvcp_win.dll
0x00007ff80e8c0000 - 0x00007ff80e8f1000 	C:\WINDOWS\System32\IMM32.DLL
0x00007fffe9fa0000 - 0x00007fffea03d000 	D:\Program Files\Android\Android Studio\jre\bin\msvcp140.dll
0x00007fffd4390000 - 0x00007fffd4e5f000 	D:\Program Files\Android\Android Studio\jre\bin\server\jvm.dll
0x00007ff80d760000 - 0x00007ff80d80e000 	C:\WINDOWS\System32\ADVAPI32.dll
0x00007ff80de20000 - 0x00007ff80dec5000 	C:\WINDOWS\System32\sechost.dll
0x00007ff80e740000 - 0x00007ff80e85f000 	C:\WINDOWS\System32\RPCRT4.dll
0x00007ff80d230000 - 0x00007ff80d238000 	C:\WINDOWS\System32\PSAPI.DLL
0x00007ffff7de0000 - 0x00007ffff7de9000 	C:\WINDOWS\SYSTEM32\WSOCK32.dll
0x00007ff80cff0000 - 0x00007ff80d061000 	C:\WINDOWS\System32\WS2_32.dll
0x00007ff805550000 - 0x00007ff805584000 	C:\WINDOWS\SYSTEM32\WINMM.dll
0x00007ff804a10000 - 0x00007ff804a1a000 	C:\WINDOWS\SYSTEM32\VERSION.dll
0x00007ff80b060000 - 0x00007ff80b077000 	C:\WINDOWS\SYSTEM32\kernel.appcore.dll
0x00007ffff6c20000 - 0x00007ffff6c31000 	D:\Program Files\Android\Android Studio\jre\bin\verify.dll
0x00007ff80bfb0000 - 0x00007ff80c1d4000 	C:\WINDOWS\SYSTEM32\DBGHELP.DLL
0x00007ff80ec10000 - 0x00007ff80ef8c000 	C:\WINDOWS\System32\combase.dll
0x00007ff80d4e0000 - 0x00007ff80d5b7000 	C:\WINDOWS\System32\OLEAUT32.dll
0x00007ff80bca0000 - 0x00007ff80bcd1000 	C:\WINDOWS\SYSTEM32\dbgcore.DLL
0x00007ff80ce10000 - 0x00007ff80ce8b000 	C:\WINDOWS\System32\bcryptPrimitives.dll
0x00007ffff3bc0000 - 0x00007ffff3be9000 	D:\Program Files\Android\Android Studio\jre\bin\java.dll
0x00007ffff5ac0000 - 0x00007ffff5acb000 	D:\Program Files\Android\Android Studio\jre\bin\jimage.dll
0x00007ffff43b0000 - 0x00007ffff43c8000 	D:\Program Files\Android\Android Studio\jre\bin\zip.dll
0x00007ff80df80000 - 0x00007ff80e73d000 	C:\WINDOWS\System32\SHELL32.dll
0x00007ff809cd0000 - 0x00007ff80a526000 	C:\WINDOWS\SYSTEM32\windows.storage.dll
0x00007ff809b90000 - 0x00007ff809ccc000 	C:\WINDOWS\SYSTEM32\wintypes.dll
0x00007ff80d130000 - 0x00007ff80d221000 	C:\WINDOWS\System32\SHCORE.dll
0x00007ff80f100000 - 0x00007ff80f15b000 	C:\WINDOWS\System32\shlwapi.dll
0x00007ff80c560000 - 0x00007ff80c581000 	C:\WINDOWS\SYSTEM32\profapi.dll
0x00007ffff4230000 - 0x00007ffff424a000 	D:\Program Files\Android\Android Studio\jre\bin\net.dll
0x00007ff804560000 - 0x00007ff804671000 	C:\WINDOWS\SYSTEM32\WINHTTP.dll
0x00007ff80b4a0000 - 0x00007ff80b509000 	C:\WINDOWS\system32\mswsock.dll
0x00007ffff3ba0000 - 0x00007ffff3bb4000 	D:\Program Files\Android\Android Studio\jre\bin\nio.dll
0x00007ffff5f40000 - 0x00007ffff5f67000 	C:\Users\vbinu\.gradle\native\8bec1ad78214c89d9ad589b4d07fe93259594b29d510b10fafb7a158f7737e5d\windows-amd64\native-platform.dll
0x00007fffcf530000 - 0x00007fffcf66d000 	C:\Users\vbinu\.gradle\native\53dbd7edfb1c66fb8903c78663c9afc45aea4f116125fa6feffd364cf09443e8\windows-amd64\native-platform-file-events.dll
0x00007ff808a00000 - 0x00007ff808a0a000 	D:\Program Files\Android\Android Studio\jre\bin\management.dll
0x00007ff8089a0000 - 0x00007ff8089ac000 	D:\Program Files\Android\Android Studio\jre\bin\management_ext.dll
0x00007ff80c2d0000 - 0x00007ff80c2ec000 	C:\WINDOWS\SYSTEM32\CRYPTSP.dll
0x00007ff80afc0000 - 0x00007ff80aff5000 	C:\WINDOWS\system32\rsaenh.dll
0x00007ff80b6c0000 - 0x00007ff80b6e9000 	C:\WINDOWS\SYSTEM32\USERENV.dll
0x00007ff80bf80000 - 0x00007ff80bfa8000 	C:\WINDOWS\SYSTEM32\bcrypt.dll
0x00007ff80b760000 - 0x00007ff80b76c000 	C:\WINDOWS\SYSTEM32\CRYPTBASE.dll
0x00007ff80a9a0000 - 0x00007ff80a9cd000 	C:\WINDOWS\SYSTEM32\IPHLPAPI.DLL
0x00007ff80d8b0000 - 0x00007ff80d8b9000 	C:\WINDOWS\System32\NSI.dll
0x00007ff803cc0000 - 0x00007ff803cd9000 	C:\WINDOWS\SYSTEM32\dhcpcsvc6.DLL
0x00007ff803ca0000 - 0x00007ff803cbf000 	C:\WINDOWS\SYSTEM32\dhcpcsvc.DLL
0x00007ff80a9d0000 - 0x00007ff80aac6000 	C:\WINDOWS\SYSTEM32\DNSAPI.dll
0x00007ffff5f70000 - 0x00007ffff5f97000 	D:\Program Files\Android\Android Studio\jre\bin\sunec.dll

dbghelp: loaded successfully - version: 4.0.5 - missing functions: none
symbol engine: initialized successfully - sym options: 0x614 - pdb path: .;D:\Program Files\Android\Android Studio\jre\bin;C:\WINDOWS\SYSTEM32;C:\WINDOWS\WinSxS\amd64_microsoft.windows.common-controls_6595b64144ccf1df_6.0.22538.1000_none_28c1e1652686b6b3;D:\Program Files\Android\Android Studio\jre\bin\server;C:\Users\vbinu\.gradle\native\8bec1ad78214c89d9ad589b4d07fe93259594b29d510b10fafb7a158f7737e5d\windows-amd64;C:\Users\vbinu\.gradle\native\53dbd7edfb1c66fb8903c78663c9afc45aea4f116125fa6feffd364cf09443e8\windows-amd64

VM Arguments:
jvm_args: --add-opens=java.base/java.util=ALL-UNNAMED --add-opens=java.base/java.lang=ALL-UNNAMED --add-opens=java.base/java.lang.invoke=ALL-UNNAMED --add-opens=java.base/java.util=ALL-UNNAMED --add-opens=java.prefs/java.util.prefs=ALL-UNNAMED --add-opens=java.prefs/java.util.prefs=ALL-UNNAMED --add-opens=java.base/java.nio.charset=ALL-UNNAMED --add-opens=java.base/java.net=ALL-UNNAMED --add-opens=java.base/java.util.concurrent.atomic=ALL-UNNAMED -Xmx2048m -Dfile.encoding=UTF-8 -Duser.country=PH -Duser.language=en -Duser.variant 
java_command: org.gradle.launcher.daemon.bootstrap.GradleDaemon 7.0.2
java_class_path (initial): C:\Users\vbinu\.gradle\wrapper\dists\gradle-7.0.2-bin\857tjihv64xamwrf0h14cai3r\gradle-7.0.2\lib\gradle-launcher-7.0.2.jar
Launcher Type: SUN_STANDARD

[Global flags]
     intx CICompilerCount                          = 3                                         {product} {ergonomic}
     uint ConcGCThreads                            = 1                                         {product} {ergonomic}
     uint G1ConcRefinementThreads                  = 4                                         {product} {ergonomic}
   size_t G1HeapRegionSize                         = 1048576                                   {product} {ergonomic}
    uintx GCDrainStackTargetSize                   = 64                                        {product} {ergonomic}
   size_t InitialHeapSize                          = 132120576                                 {product} {ergonomic}
   size_t MarkStackSize                            = 4194304                                   {product} {ergonomic}
   size_t MaxHeapSize                              = 2147483648                                {product} {command line}
   size_t MaxNewSize                               = 1287651328                                {product} {ergonomic}
   size_t MinHeapDeltaBytes                        = 1048576                                   {product} {ergonomic}
    uintx NonNMethodCodeHeapSize                   = 5830732                                {pd product} {ergonomic}
    uintx NonProfiledCodeHeapSize                  = 122913754                              {pd product} {ergonomic}
    uintx ProfiledCodeHeapSize                     = 122913754                              {pd product} {ergonomic}
    uintx ReservedCodeCacheSize                    = 251658240                              {pd product} {ergonomic}
     bool SegmentedCodeCache                       = true                                      {product} {ergonomic}
     bool UseCompressedClassPointers               = true                                 {lp64_product} {ergonomic}
     bool UseCompressedOops                        = true                                 {lp64_product} {ergonomic}
     bool UseG1GC                                  = true                                      {product} {ergonomic}
     bool UseLargePagesIndividualAllocation        = false                                  {pd product} {ergonomic}

Logging:
Log output configuration:
 #0: stdout all=warning uptime,level,tags
 #1: stderr all=off uptime,level,tags

Environment Variables:
PATH=C:\Program Files (x86)\Common Files\Oracle\Java\javapath;C:\ProgramData\Oracle\Java\javapath;C:\WINDOWS\system32;C:\WINDOWS;C:\WINDOWS\System32\Wbem;C:\WINDOWS\System32\WindowsPowerShell\v1.0\;C:\WINDOWS\System32\OpenSSH\;C:\Program Files (x86)\NVIDIA Corporation\PhysX\Common;%SystemRoot%\system32;%SystemRoot%;%SystemRoot%\System32\Wbem;%SYSTEMROOT%\System32\WindowsPowerShell\v1.0\;%SYSTEMROOT%\System32\OpenSSH\;C:\Users\vbinu\AppData\Local\Microsoft\WindowsApps;C:\Users\vbinu\OneDrive\Desktop\platform-tools;
USERNAME=Venzon
OS=Windows_NT
PROCESSOR_IDENTIFIER=Intel64 Family 6 Model 126 Stepping 5, GenuineIntel



---------------  S Y S T E M  ---------------

OS: Windows 10 , 64 bit Build 22538 (10.0.22538.1000)
OS uptime: 0 days 0:42 hours

CPU:total 4 (initial active 4) (2 cores per cpu, 2 threads per core) family 6 model 126 stepping 5 microcode 0x96, cmov, cx8, fxsr, mmx, sse, sse2, sse3, ssse3, sse4.1, sse4.2, popcnt, avx, avx2, aes, clmul, erms, 3dnowpref, lzcnt, ht, tsc, tscinvbit, bmi1, bmi2, adx, evex, sha, fma

Memory: 4k page, system-wide physical 7959M (2088M free)
TotalPageFile size 13335M (AvailPageFile size 6317M)
current process WorkingSet (physical memory assigned to process): 519M, peak: 522M
current process commit charge ("private bytes"): 543M, peak: 548M

vm_info: OpenJDK 64-Bit Server VM (11.0.10+0-b96-7249189) for windows-amd64 JRE (11.0.10+0-b96-7249189), built on Mar 31 2021 21:44:00 by "builder" with MS VC++ 14.0 (VS2015)

END.
