#
# A fatal error has been detected by the Java Runtime Environment:
#
#  EXCEPTION_ACCESS_VIOLATION (0xc0000005) at pc=0x00007ff8c2315159, pid=9860, tid=10404
#
# JRE version: OpenJDK Runtime Environment (11.0.10) (build 11.0.10+0-b96-7249189)
# Java VM: OpenJDK 64-Bit Server VM (11.0.10+0-b96-7249189, mixed mode, tiered, compressed oops, g1 gc, windows-amd64)
# Problematic frame:
# V  [jvm.dll+0x2b5159]
#
# No core dump will be written. Minidumps are not enabled by default on client versions of Windows
#
# If you would like to submit a bug report, please visit:
#   https://bugreport.java.com/bugreport/crash.jsp
#

---------------  S U M M A R Y ------------

Command Line: --add-opens=java.base/java.util=ALL-UNNAMED --add-opens=java.base/java.lang=ALL-UNNAMED --add-opens=java.base/java.lang.invoke=ALL-UNNAMED --add-opens=java.base/java.util=ALL-UNNAMED --add-opens=java.prefs/java.util.prefs=ALL-UNNAMED --add-opens=java.prefs/java.util.prefs=ALL-UNNAMED --add-opens=java.base/java.nio.charset=ALL-UNNAMED --add-opens=java.base/java.net=ALL-UNNAMED --add-opens=java.base/java.util.concurrent.atomic=ALL-UNNAMED -Xmx2048m -Dfile.encoding=UTF-8 -Duser.country=PH -Duser.language=en -Duser.variant org.gradle.launcher.daemon.bootstrap.GradleDaemon 7.0.2

Host: Intel(R) Core(TM) i3-1005G1 CPU @ 1.20GHz, 4 cores, 7G,  Windows 10 , 64 bit Build 22538 (10.0.22538.1000)
Time: Thu Jan 27 18:23:00 2022 Malay Peninsula Standard Time elapsed time: 144.744890 seconds (0d 0h 2m 24s)

---------------  T H R E A D  ---------------

Current thread (0x000001f09a2d0000):  JavaThread "C2 CompilerThread0" daemon [_thread_in_native, id=10404, stack(0x000000eab6400000,0x000000eab6500000)]


Current CompileTask:
C2: 144744 11724       4       com.android.utils.XmlUtils::append (647 bytes)

Stack: [0x000000eab6400000,0x000000eab6500000],  sp=0x000000eab64faab0,  free space=1002k
Native frames: (J=compiled Java code, j=interpreted, Vv=VM code, C=native code)
V  [jvm.dll+0x2b5159]
V  [jvm.dll+0x506028]
V  [jvm.dll+0x203253]
V  [jvm.dll+0x1fd07c]
V  [jvm.dll+0x1fa77f]
V  [jvm.dll+0x18354c]
V  [jvm.dll+0x208ee7]
V  [jvm.dll+0x207731]
V  [jvm.dll+0x6eb1cf]
V  [jvm.dll+0x6e3d45]
V  [jvm.dll+0x5ebe96]
C  [ucrtbase.dll+0x293cc]
C  [KERNEL32.DLL+0x11350]
C  [ntdll.dll+0x51e78]


siginfo: EXCEPTION_ACCESS_VIOLATION (0xc0000005), reading address 0x000001b0a707df88


Register to memory mapping:

RIP=0x00007ff8c2315159 jvm.dll
RAX=0x0000000000003051 is an unknown value
RBX=0x000001f0a707df80 points into unknown readable memory: 0x000001f0a3655ef8 | f8 5e 65 a3 f0 01 00 00
RCX=0x0 is NULL
RDX=0x000001b0a707df80 is an unknown value
RSP=0x000000eab64faab0 is pointing into the stack for thread: 0x000001f09a2d0000
RBP=0x000001f0a704e050 points into unknown readable memory: 0x0000000000000000 | 00 00 00 00 00 00 00 00
RSI=0x0 is NULL
RDI=0x0 is NULL
R8 =0x000001f0a707e070 points into unknown readable memory: 0x000001f0a3654fe8 | e8 4f 65 a3 f0 01 00 00
R9 =0x000001f0a707e0c0 points into unknown readable memory: 0x000001f0a36551c0 | c0 51 65 a3 f0 01 00 00
R10=0x0000000000000081 is an unknown value
R11=0x000001f0a707e070 points into unknown readable memory: 0x000001f0a3654fe8 | e8 4f 65 a3 f0 01 00 00
R12=0x000001f0a3bf9cb0 points into unknown readable memory: 0x000001f0a704e040 | 40 e0 04 a7 f0 01 00 00
R13=0x000001f0a3655fa8 points into unknown readable memory: 0x00007ff8c2844288 | 88 42 84 c2 f8 7f 00 00
R14=0x000001f0a707e020 points into unknown readable memory: 0x000001f0a3655fa8 | a8 5f 65 a3 f0 01 00 00
R15=0x000001f0a4642870 points into unknown readable memory: 0xffffffff00000001 | 01 00 00 00 ff ff ff ff


Registers:
RAX=0x0000000000003051, RBX=0x000001f0a707df80, RCX=0x0000000000000000, RDX=0x000001b0a707df80
RSP=0x000000eab64faab0, RBP=0x000001f0a704e050, RSI=0x0000000000000000, RDI=0x0000000000000000
R8 =0x000001f0a707e070, R9 =0x000001f0a707e0c0, R10=0x0000000000000081, R11=0x000001f0a707e070
R12=0x000001f0a3bf9cb0, R13=0x000001f0a3655fa8, R14=0x000001f0a707e020, R15=0x000001f0a4642870
RIP=0x00007ff8c2315159, EFLAGS=0x0000000000010246

Top of Stack: (sp=0x000000eab64faab0)
0x000000eab64faab0:   000001f0a707e1b0 000001f0a704e050
0x000000eab64faac0:   0000000000000000 0000000000000003
0x000000eab64faad0:   0000000000000998 000001f0a704e050
0x000000eab64faae0:   000001f09a282f20 000001f0a3bf9cb0
0x000000eab64faaf0:   000001f0a3c068d0 00000000001f8ac8
0x000000eab64fab00:   000001f0a3c068d0 00007ff8c28cde48
0x000000eab64fab10:   000001f09a282f20 00007ff800000200
0x000000eab64fab20:   000001f09e337d90 0000000000000001
0x000000eab64fab30:   00000000563978a4 000001f09a282f20
0x000000eab64fab40:   0000000000000006 000001f09a2beb30
0x000000eab64fab50:   0000000000000000 000000eab64fb000
0x000000eab64fab60:   000000eab64fda01 000000eab64fac80
0x000000eab64fab70:   0000000000000000 00007ff8c2566028
0x000000eab64fab80:   000000eab64fb000 000000ea000010a2
0x000000eab64fab90:   000001f0a4642870 000001f0a707e020
0x000000eab64faba0:   000001f09a282f20 00007ff800002000 

Instructions: (pc=0x00007ff8c2315159)
0x00007ff8c2315059:   00 00 e8 80 7c 45 00 4d 8b cf 48 8d 54 24 58 4c
0x00007ff8c2315069:   8b c7 48 8b cd e8 3d fc ff ff 89 84 24 d8 00 00
0x00007ff8c2315079:   00 48 89 75 08 48 89 6d 18 8d 48 ff 48 63 d1 48
0x00007ff8c2315089:   83 fa 01 0f 8e d5 03 00 00 4c 8d 34 92 49 c1 e6
0x00007ff8c2315099:   04 4c 03 f5 48 ff ca 4c 89 b4 24 e8 00 00 00 48
0x00007ff8c23150a9:   89 54 24 20 0f 1f 00 4d 8b 2e 8b fe 41 83 7d 18
0x00007ff8c23150b9:   00 0f 86 b2 00 00 00 8b c7 48 8d 1c c5 00 00 00
0x00007ff8c23150c9:   00 49 8b 45 08 48 8b 0c 03 48 85 c9 0f 84 8b 00
0x00007ff8c23150d9:   00 00 48 8b 01 ff 50 10 84 c0 0f 84 7d 00 00 00
0x00007ff8c23150e9:   49 8b 45 08 48 8b 0c 03 8b 41 28 41 8b 0c 87 83
0x00007ff8c23150f9:   f9 ff 74 69 48 8d 1c 89 48 c1 e3 04 48 03 dd 48
0x00007ff8c2315109:   8b 4b 20 48 85 c9 75 06 48 8b 53 18 eb 42 48 83
0x00007ff8c2315119:   79 20 00 74 25 e8 4d fb ff ff 4c 8b 43 20 48 8b
0x00007ff8c2315129:   43 18 49 8b 50 18 8b 48 08 39 4a 08 73 04 48 89
0x00007ff8c2315139:   53 18 49 8b 40 20 48 89 43 20 48 8b 43 20 48 8b
0x00007ff8c2315149:   4b 18 48 8b 50 18 8b 41 08 39 42 08 48 0f 43 d1
0x00007ff8c2315159:   8b 42 08 41 3b 46 08 73 04 41 89 46 08 ff c7 41
0x00007ff8c2315169:   3b 7d 18 0f 82 4e ff ff ff 41 8b 46 08 4c 8b c5
0x00007ff8c2315179:   49 8b d6 48 8d 0c 80 48 03 c9 48 8b 44 cd 38 49
0x00007ff8c2315189:   89 46 38 4c 89 74 cd 38 49 8b 4e 10 e8 b6 04 00
0x00007ff8c2315199:   00 49 8b 46 10 48 8b 58 38 48 85 db 74 6a 48 8b
0x00007ff8c23151a9:   4b 20 48 85 c9 75 06 48 8b 53 18 eb 42 48 83 79
0x00007ff8c23151b9:   20 00 74 25 e8 ae fa ff ff 4c 8b 43 20 48 8b 43
0x00007ff8c23151c9:   18 49 8b 50 18 8b 48 08 39 4a 08 73 04 48 89 53
0x00007ff8c23151d9:   18 49 8b 40 20 48 89 43 20 48 8b 43 20 48 8b 4b
0x00007ff8c23151e9:   18 48 8b 50 18 8b 41 08 39 42 08 48 0f 43 d1 8b
0x00007ff8c23151f9:   43 08 39 42 08 72 04 49 8b 56 10 48 89 53 30 48
0x00007ff8c2315209:   8b 5b 38 48 85 db 75 96 48 8b bc 24 d0 00 00 00
0x00007ff8c2315219:   80 bf b0 09 00 00 00 0f 85 13 02 00 00 41 8b 45
0x00007ff8c2315229:   2c 24 3f 3c 20 0f 85 05 02 00 00 41 bf 01 00 00
0x00007ff8c2315239:   00 45 39 7d 18 0f 86 ed 01 00 00 0f 1f 40 00 0f
0x00007ff8c2315249:   1f 84 00 00 00 00 00 49 8b 45 08 41 8b cf 48 8b 


Stack slot to memory mapping:
stack at sp + 0 slots: 0x000001f0a707e1b0 points into unknown readable memory: 0x000001f0a36552a8 | a8 52 65 a3 f0 01 00 00
stack at sp + 1 slots: 0x000001f0a704e050 points into unknown readable memory: 0x0000000000000000 | 00 00 00 00 00 00 00 00
stack at sp + 2 slots: 0x0 is NULL
stack at sp + 3 slots: 0x0000000000000003 is an unknown value
stack at sp + 4 slots: 0x0000000000000998 is an unknown value
stack at sp + 5 slots: 0x000001f0a704e050 points into unknown readable memory: 0x0000000000000000 | 00 00 00 00 00 00 00 00
stack at sp + 6 slots: 0x000001f09a282f20 points into unknown readable memory: 0x000001f000000006 | 06 00 00 00 f0 01 00 00
stack at sp + 7 slots: 0x000001f0a3bf9cb0 points into unknown readable memory: 0x000001f0a704e040 | 40 e0 04 a7 f0 01 00 00


---------------  P R O C E S S  ---------------

Threads class SMR info:
_java_thread_list=0x000001f09d803b30, length=48, elements={
0x000001f0ff85a000, 0x000001f09a2ac000, 0x000001f09a2b8800, 0x000001f09ac42800,
0x000001f09a2cc800, 0x000001f09a2cd800, 0x000001f09a2d0000, 0x000001f09a2d2800,
0x000001f09a2ed000, 0x000001f09ad8d000, 0x000001f09cc66800, 0x000001f09bc4d000,
0x000001f09ba26800, 0x000001f09d700000, 0x000001f09d6fc800, 0x000001f09d6fd800,
0x000001f09d6ff000, 0x000001f09d701000, 0x000001f09dad3800, 0x000001f09dad7800,
0x000001f09dad6000, 0x000001f09dada800, 0x000001f09dadb800, 0x000001f09dae1000,
0x000001f09dae0800, 0x000001f09dad8000, 0x000001f09dad6800, 0x000001f09dad4000,
0x000001f09dadc800, 0x000001f09dadd000, 0x000001f09dadf000, 0x000001f09dadf800,
0x000001f09d6fb000, 0x000001f09d6fc000, 0x000001f09d6fe800, 0x000001f0a0a96800,
0x000001f0a0a97800, 0x000001f0a0a98000, 0x000001f0a0a94000, 0x000001f0a0a95000,
0x000001f0a0a96000, 0x000001f0a0a92800, 0x000001f0a0a9d000, 0x000001f0a0a9a000,
0x000001f0a0a9e000, 0x000001f0a0a9c800, 0x000001f0a0a9f000, 0x000001f0a0a99000
}

Java Threads: ( => current thread )
  0x000001f0ff85a000 JavaThread "main" [_thread_blocked, id=10004, stack(0x000000eab5800000,0x000000eab5900000)]
  0x000001f09a2ac000 JavaThread "Reference Handler" daemon [_thread_blocked, id=2932, stack(0x000000eab5f00000,0x000000eab6000000)]
  0x000001f09a2b8800 JavaThread "Finalizer" daemon [_thread_blocked, id=4036, stack(0x000000eab6000000,0x000000eab6100000)]
  0x000001f09ac42800 JavaThread "Signal Dispatcher" daemon [_thread_blocked, id=3388, stack(0x000000eab6100000,0x000000eab6200000)]
  0x000001f09a2cc800 JavaThread "Attach Listener" daemon [_thread_blocked, id=3672, stack(0x000000eab6200000,0x000000eab6300000)]
  0x000001f09a2cd800 JavaThread "Service Thread" daemon [_thread_blocked, id=3680, stack(0x000000eab6300000,0x000000eab6400000)]
=>0x000001f09a2d0000 JavaThread "C2 CompilerThread0" daemon [_thread_in_native, id=10404, stack(0x000000eab6400000,0x000000eab6500000)]
  0x000001f09a2d2800 JavaThread "C1 CompilerThread0" daemon [_thread_blocked, id=3840, stack(0x000000eab6500000,0x000000eab6600000)]
  0x000001f09a2ed000 JavaThread "Sweeper thread" daemon [_thread_blocked, id=3712, stack(0x000000eab6600000,0x000000eab6700000)]
  0x000001f09ad8d000 JavaThread "Common-Cleaner" daemon [_thread_blocked, id=3308, stack(0x000000eab6700000,0x000000eab6800000)]
  0x000001f09cc66800 JavaThread "Daemon health stats" [_thread_blocked, id=772, stack(0x000000eab6c00000,0x000000eab6d00000)]
  0x000001f09bc4d000 JavaThread "Incoming local TCP Connector on port 49845" [_thread_in_native, id=3280, stack(0x000000eab6b00000,0x000000eab6c00000)]
  0x000001f09ba26800 JavaThread "Daemon periodic checks" [_thread_blocked, id=11228, stack(0x000000eab6d00000,0x000000eab6e00000)]
  0x000001f09d700000 JavaThread "Cache worker for file hash cache (C:\Users\vbinu\.gradle\caches\7.0.2\fileHashes)" [_thread_blocked, id=5268, stack(0x000000eab7600000,0x000000eab7700000)]
  0x000001f09d6fc800 JavaThread "File lock request listener" [_thread_in_native, id=7304, stack(0x000000eab7700000,0x000000eab7800000)]
  0x000001f09d6fd800 JavaThread "Cache worker for journal cache (C:\Users\vbinu\.gradle\caches\journal-1)" [_thread_blocked, id=5388, stack(0x000000eab7800000,0x000000eab7900000)]
  0x000001f09d6ff000 JavaThread "File watcher server" daemon [_thread_in_native, id=8608, stack(0x000000eab7b00000,0x000000eab7c00000)]
  0x000001f09d701000 JavaThread "File watcher consumer" daemon [_thread_blocked, id=8632, stack(0x000000eab7c00000,0x000000eab7d00000)]
  0x000001f09dad3800 JavaThread "Cache worker for execution history cache (C:\Users\vbinu\.gradle\caches\7.0.2\executionHistory)" [_thread_blocked, id=1216, stack(0x000000eab8000000,0x000000eab8100000)]
  0x000001f09dad7800 JavaThread "jar transforms" [_thread_blocked, id=2164, stack(0x000000eab8100000,0x000000eab8200000)]
  0x000001f09dad6000 JavaThread "jar transforms Thread 2" [_thread_blocked, id=3348, stack(0x000000eab8200000,0x000000eab8300000)]
  0x000001f09dada800 JavaThread "Cache worker for file content cache (C:\Users\vbinu\.gradle\caches\7.0.2\fileContent)" [_thread_blocked, id=8092, stack(0x000000eab7900000,0x000000eab7a00000)]
  0x000001f09dadb800 JavaThread "jar transforms Thread 3" [_thread_blocked, id=3772, stack(0x000000eab8300000,0x000000eab8400000)]
  0x000001f09dae1000 JavaThread "jar transforms Thread 4" [_thread_blocked, id=6060, stack(0x000000eab8a00000,0x000000eab8b00000)]
  0x000001f09dae0800 JavaThread "Memory manager" [_thread_blocked, id=9116, stack(0x000000eab8c00000,0x000000eab8d00000)]
  0x000001f09dad8000 JavaThread "Daemon Thread 2" [_thread_blocked, id=9912, stack(0x000000eab5500000,0x000000eab5600000)]
  0x000001f09dad6800 JavaThread "Handler for socket connection from /127.0.0.1:49845 to /127.0.0.1:49947" [_thread_in_native, id=10064, stack(0x000000eab5600000,0x000000eab5700000)]
  0x000001f09dad4000 JavaThread "Cancel handler" [_thread_blocked, id=6172, stack(0x000000eab5700000,0x000000eab5800000)]
  0x000001f09dadc800 JavaThread "Daemon worker Thread 2" [_thread_blocked, id=6984, stack(0x000000eab6e00000,0x000000eab6f00000)]
  0x000001f09dadd000 JavaThread "Asynchronous log dispatcher for DefaultDaemonConnection: socket connection from /127.0.0.1:49845 to /127.0.0.1:49947" [_thread_blocked, id=8624, stack(0x000000eab6f00000,0x000000eab7000000)]
  0x000001f09dadf000 JavaThread "Stdin handler" [_thread_blocked, id=10656, stack(0x000000eab7000000,0x000000eab7100000)]
  0x000001f09dadf800 JavaThread "Daemon client event forwarder" [_thread_blocked, id=2548, stack(0x000000eab7100000,0x000000eab7200000)]
  0x000001f09d6fb000 JavaThread "Cache worker for file hash cache (D:\AndroidStudioProjects\taguigscholarship\.gradle\7.0.2\fileHashes)" [_thread_blocked, id=3660, stack(0x000000eab7200000,0x000000eab7300000)]
  0x000001f09d6fc000 JavaThread "Cache worker for checksums cache (D:\AndroidStudioProjects\taguigscholarship\.gradle\checksums)" [_thread_blocked, id=3568, stack(0x000000eab7400000,0x000000eab7500000)]
  0x000001f09d6fe800 JavaThread "Cache worker for cache directory md-supplier (C:\Users\vbinu\.gradle\caches\7.0.2\md-supplier)" [_thread_blocked, id=10524, stack(0x000000eab7a00000,0x000000eab7b00000)]
  0x000001f0a0a96800 JavaThread "Cache worker for cache directory md-rule (C:\Users\vbinu\.gradle\caches\7.0.2\md-rule)" [_thread_blocked, id=3940, stack(0x000000eab7d00000,0x000000eab7e00000)]
  0x000001f0a0a97800 JavaThread "Cache worker for dependencies-accessors (D:\AndroidStudioProjects\taguigscholarship\.gradle\7.0.2\dependencies-accessors)" [_thread_blocked, id=4500, stack(0x000000eab7300000,0x000000eab7400000)]
  0x000001f0a0a98000 JavaThread "Cache worker for Build Output Cleanup Cache (D:\AndroidStudioProjects\taguigscholarship\.gradle\buildOutputCleanup)" [_thread_blocked, id=3612, stack(0x000000eab7e00000,0x000000eab7f00000)]
  0x000001f0a0a94000 JavaThread "Build operations" [_thread_blocked, id=7608, stack(0x000000eab8400000,0x000000eab8500000)]
  0x000001f0a0a95000 JavaThread "Build operations Thread 2" [_thread_blocked, id=2616, stack(0x000000eab8500000,0x000000eab8600000)]
  0x000001f0a0a96000 JavaThread "Build operations Thread 3" [_thread_blocked, id=9784, stack(0x000000eab8600000,0x000000eab8700000)]
  0x000001f0a0a92800 JavaThread "Build operations Thread 4" [_thread_blocked, id=1728, stack(0x000000eab8700000,0x000000eab8800000)]
  0x000001f0a0a9d000 JavaThread "build event listener" [_thread_blocked, id=9720, stack(0x000000eab8800000,0x000000eab8900000)]
  0x000001f0a0a9a000 JavaThread "Execution worker for ':'" [_thread_in_Java, id=9888, stack(0x000000eab8900000,0x000000eab8a00000)]
  0x000001f0a0a9e000 JavaThread "Execution worker for ':' Thread 2" [_thread_blocked, id=7484, stack(0x000000eab8b00000,0x000000eab8c00000)]
  0x000001f0a0a9c800 JavaThread "Execution worker for ':' Thread 3" [_thread_blocked, id=9380, stack(0x000000eab8d00000,0x000000eab8e00000)]
  0x000001f0a0a9f000 JavaThread "Cache worker for execution history cache (D:\AndroidStudioProjects\taguigscholarship\.gradle\7.0.2\executionHistory)" [_thread_blocked, id=7348, stack(0x000000eab8e00000,0x000000eab8f00000)]
  0x000001f0a0a99000 JavaThread "C2 CompilerThread1" daemon [_thread_in_native, id=1160, stack(0x000000eab7f00000,0x000000eab8000000)]

Other Threads:
  0x000001f09a2aa000 VMThread "VM Thread" [stack: 0x000000eab5e00000,0x000000eab5f00000] [id=2920]
  0x000001f09adaf000 WatcherThread [stack: 0x000000eab6800000,0x000000eab6900000] [id=5432]
  0x000001f0ff873800 GCTaskThread "GC Thread#0" [stack: 0x000000eab5900000,0x000000eab5a00000] [id=1488]
  0x000001f09b69f800 GCTaskThread "GC Thread#1" [stack: 0x000000eab6900000,0x000000eab6a00000] [id=2400]
  0x000001f09b1f3000 GCTaskThread "GC Thread#2" [stack: 0x000000eab6a00000,0x000000eab6b00000] [id=2516]
  0x000001f09c6b8800 GCTaskThread "GC Thread#3" [stack: 0x000000eab7500000,0x000000eab7600000] [id=1200]
  0x000001f0ff8a3800 ConcurrentGCThread "G1 Main Marker" [stack: 0x000000eab5a00000,0x000000eab5b00000] [id=10400]
  0x000001f0ff8a5800 ConcurrentGCThread "G1 Conc#0" [stack: 0x000000eab5b00000,0x000000eab5c00000] [id=10380]
  0x000001f0ff926000 ConcurrentGCThread "G1 Refine#0" [stack: 0x000000eab5c00000,0x000000eab5d00000] [id=9884]
  0x000001f0ff929000 ConcurrentGCThread "G1 Young RemSet Sampling" [stack: 0x000000eab5d00000,0x000000eab5e00000] [id=9892]

Threads with active compile tasks:
C2 CompilerThread0 144799 11724       4       com.android.utils.XmlUtils::append (647 bytes)
C2 CompilerThread1 144799 11690       4       com.android.ide.common.resources.NodeUtils::duplicateNode (315 bytes)

VM state:not at safepoint (normal execution)

VM Mutex/Monitor currently owned by a thread: None

Heap address: 0x0000000080000000, size: 2048 MB, Compressed Oops mode: 32-bit
Narrow klass base: 0x0000000000000000, Narrow klass shift: 3
Compressed class space size: 1073741824 Address: 0x0000000100000000

Heap:
 garbage-first heap   total 129024K, used 112699K [0x0000000080000000, 0x0000000100000000)
  region size 1024K, 13 young (13312K), 2 survivors (2048K)
 Metaspace       used 85924K, capacity 88043K, committed 88320K, reserved 1126400K
  class space    used 10965K, capacity 11739K, committed 11776K, reserved 1048576K
Heap Regions: E=young(eden), S=young(survivor), O=old, HS=humongous(starts), HC=humongous(continues), CS=collection set, F=free, A=archive, TAMS=top-at-mark-start (previous, next)
|   0|0x0000000080000000, 0x0000000080100000, 0x0000000080100000|100%| O|  |TAMS 0x0000000080100000, 0x0000000080000000| Untracked 
|   1|0x0000000080100000, 0x0000000080200000, 0x0000000080200000|100%| O|  |TAMS 0x0000000080200000, 0x0000000080100000| Untracked 
|   2|0x0000000080200000, 0x0000000080300000, 0x0000000080300000|100%| O|  |TAMS 0x0000000080300000, 0x0000000080200000| Untracked 
|   3|0x0000000080300000, 0x0000000080400000, 0x0000000080400000|100%|HS|  |TAMS 0x0000000080400000, 0x0000000080300000| Complete 
|   4|0x0000000080400000, 0x0000000080500000, 0x0000000080500000|100%|HC|  |TAMS 0x0000000080500000, 0x0000000080400000| Complete 
|   5|0x0000000080500000, 0x0000000080600000, 0x0000000080600000|100%|HC|  |TAMS 0x0000000080600000, 0x0000000080500000| Complete 
|   6|0x0000000080600000, 0x0000000080700000, 0x0000000080700000|100%| O|  |TAMS 0x0000000080700000, 0x0000000080600000| Untracked 
|   7|0x0000000080700000, 0x0000000080800000, 0x0000000080800000|100%| O|  |TAMS 0x0000000080800000, 0x0000000080700000| Untracked 
|   8|0x0000000080800000, 0x0000000080900000, 0x0000000080900000|100%| O|  |TAMS 0x0000000080900000, 0x0000000080800000| Untracked 
|   9|0x0000000080900000, 0x0000000080a00000, 0x0000000080a00000|100%| O|  |TAMS 0x0000000080a00000, 0x0000000080900000| Complete 
|  10|0x0000000080a00000, 0x0000000080b00000, 0x0000000080b00000|100%| O|  |TAMS 0x0000000080b00000, 0x0000000080a00000| Untracked 
|  11|0x0000000080b00000, 0x0000000080c00000, 0x0000000080c00000|100%|HS|  |TAMS 0x0000000080b00000, 0x0000000080b00000| Complete 
|  12|0x0000000080c00000, 0x0000000080d00000, 0x0000000080d00000|100%| O|  |TAMS 0x0000000080d00000, 0x0000000080c00000| Untracked 
|  13|0x0000000080d00000, 0x0000000080e00000, 0x0000000080e00000|100%| O|  |TAMS 0x0000000080e00000, 0x0000000080d00000| Untracked 
|  14|0x0000000080e00000, 0x0000000080f00000, 0x0000000080f00000|100%| O|  |TAMS 0x0000000080f00000, 0x0000000080e00000| Untracked 
|  15|0x0000000080f00000, 0x0000000081000000, 0x0000000081000000|100%| O|  |TAMS 0x0000000081000000, 0x0000000080f00000| Untracked 
|  16|0x0000000081000000, 0x0000000081100000, 0x0000000081100000|100%|HS|  |TAMS 0x0000000081100000, 0x0000000081000000| Complete 
|  17|0x0000000081100000, 0x0000000081200000, 0x0000000081200000|100%| O|  |TAMS 0x0000000081200000, 0x0000000081100000| Untracked 
|  18|0x0000000081200000, 0x0000000081300000, 0x0000000081300000|100%| O|  |TAMS 0x0000000081300000, 0x0000000081200000| Untracked 
|  19|0x0000000081300000, 0x0000000081400000, 0x0000000081400000|100%| O|  |TAMS 0x0000000081400000, 0x0000000081300000| Untracked 
|  20|0x0000000081400000, 0x0000000081500000, 0x0000000081500000|100%| O|  |TAMS 0x0000000081500000, 0x0000000081400000| Untracked 
|  21|0x0000000081500000, 0x0000000081600000, 0x0000000081600000|100%| O|  |TAMS 0x0000000081600000, 0x0000000081500000| Untracked 
|  22|0x0000000081600000, 0x0000000081700000, 0x0000000081700000|100%| O|  |TAMS 0x0000000081700000, 0x0000000081600000| Untracked 
|  23|0x0000000081700000, 0x0000000081800000, 0x0000000081800000|100%| O|  |TAMS 0x0000000081800000, 0x0000000081700000| Untracked 
|  24|0x0000000081800000, 0x0000000081900000, 0x0000000081900000|100%| O|  |TAMS 0x0000000081900000, 0x0000000081800000| Untracked 
|  25|0x0000000081900000, 0x0000000081a00000, 0x0000000081a00000|100%| O|  |TAMS 0x0000000081a00000, 0x0000000081900000| Untracked 
|  26|0x0000000081a00000, 0x0000000081b00000, 0x0000000081b00000|100%| O|  |TAMS 0x0000000081b00000, 0x0000000081a00000| Complete 
|  27|0x0000000081b00000, 0x0000000081c00000, 0x0000000081c00000|100%|HS|  |TAMS 0x0000000081c00000, 0x0000000081b00000| Complete 
|  28|0x0000000081c00000, 0x0000000081d00000, 0x0000000081d00000|100%|HS|  |TAMS 0x0000000081d00000, 0x0000000081c00000| Complete 
|  29|0x0000000081d00000, 0x0000000081e00000, 0x0000000081e00000|100%|HC|  |TAMS 0x0000000081e00000, 0x0000000081d00000| Complete 
|  30|0x0000000081e00000, 0x0000000081f00000, 0x0000000081f00000|100%| O|  |TAMS 0x0000000081f00000, 0x0000000081e00000| Untracked 
|  31|0x0000000081f00000, 0x0000000081f00000, 0x0000000082000000|  0%| F|  |TAMS 0x0000000081f00000, 0x0000000081f00000| Untracked 
|  32|0x0000000082000000, 0x0000000082100000, 0x0000000082100000|100%| O|  |TAMS 0x0000000082100000, 0x0000000082000000| Complete 
|  33|0x0000000082100000, 0x0000000082200000, 0x0000000082200000|100%| O|  |TAMS 0x0000000082200000, 0x0000000082100000| Untracked 
|  34|0x0000000082200000, 0x0000000082300000, 0x0000000082300000|100%| O|  |TAMS 0x0000000082300000, 0x0000000082200000| Untracked 
|  35|0x0000000082300000, 0x0000000082400000, 0x0000000082400000|100%| O|  |TAMS 0x0000000082400000, 0x0000000082300000| Complete 
|  36|0x0000000082400000, 0x0000000082500000, 0x0000000082500000|100%| O|  |TAMS 0x0000000082500000, 0x0000000082400000| Complete 
|  37|0x0000000082500000, 0x0000000082600000, 0x0000000082600000|100%| O|  |TAMS 0x0000000082600000, 0x0000000082500000| Untracked 
|  38|0x0000000082600000, 0x0000000082700000, 0x0000000082700000|100%| O|  |TAMS 0x0000000082700000, 0x0000000082600000| Untracked 
|  39|0x0000000082700000, 0x0000000082800000, 0x0000000082800000|100%| O|  |TAMS 0x0000000082800000, 0x0000000082700000| Untracked 
|  40|0x0000000082800000, 0x0000000082900000, 0x0000000082900000|100%| O|  |TAMS 0x0000000082900000, 0x0000000082800000| Untracked 
|  41|0x0000000082900000, 0x0000000082a00000, 0x0000000082a00000|100%| O|  |TAMS 0x0000000082a00000, 0x0000000082900000| Complete 
|  42|0x0000000082a00000, 0x0000000082b00000, 0x0000000082b00000|100%| O|  |TAMS 0x0000000082b00000, 0x0000000082a00000| Complete 
|  43|0x0000000082b00000, 0x0000000082c00000, 0x0000000082c00000|100%| O|  |TAMS 0x0000000082c00000, 0x0000000082b00000| Untracked 
|  44|0x0000000082c00000, 0x0000000082d00000, 0x0000000082d00000|100%| O|  |TAMS 0x0000000082d00000, 0x0000000082c00000| Untracked 
|  45|0x0000000082d00000, 0x0000000082e00000, 0x0000000082e00000|100%| O|  |TAMS 0x0000000082e00000, 0x0000000082d00000| Untracked 
|  46|0x0000000082e00000, 0x0000000082f00000, 0x0000000082f00000|100%| O|  |TAMS 0x0000000082f00000, 0x0000000082e00000| Untracked 
|  47|0x0000000082f00000, 0x0000000083000000, 0x0000000083000000|100%| O|  |TAMS 0x0000000083000000, 0x0000000082f00000| Complete 
|  48|0x0000000083000000, 0x0000000083100000, 0x0000000083100000|100%| O|  |TAMS 0x0000000083100000, 0x0000000083000000| Untracked 
|  49|0x0000000083100000, 0x0000000083200000, 0x0000000083200000|100%| O|  |TAMS 0x0000000083200000, 0x0000000083100000| Untracked 
|  50|0x0000000083200000, 0x0000000083300000, 0x0000000083300000|100%| O|  |TAMS 0x0000000083300000, 0x0000000083200000| Complete 
|  51|0x0000000083300000, 0x0000000083400000, 0x0000000083400000|100%| O|  |TAMS 0x0000000083400000, 0x0000000083300000| Complete 
|  52|0x0000000083400000, 0x0000000083500000, 0x0000000083500000|100%| O|  |TAMS 0x0000000083500000, 0x0000000083400000| Untracked 
|  53|0x0000000083500000, 0x0000000083500000, 0x0000000083600000|  0%| F|  |TAMS 0x0000000083500000, 0x0000000083500000| Untracked 
|  54|0x0000000083600000, 0x0000000083700000, 0x0000000083700000|100%| O|  |TAMS 0x0000000083700000, 0x0000000083600000| Complete 
|  55|0x0000000083700000, 0x0000000083800000, 0x0000000083800000|100%| O|  |TAMS 0x0000000083800000, 0x0000000083700000| Untracked 
|  56|0x0000000083800000, 0x0000000083900000, 0x0000000083900000|100%| O|  |TAMS 0x0000000083900000, 0x0000000083800000| Complete 
|  57|0x0000000083900000, 0x0000000083900000, 0x0000000083a00000|  0%| F|  |TAMS 0x0000000083900000, 0x0000000083900000| Untracked 
|  58|0x0000000083a00000, 0x0000000083b00000, 0x0000000083b00000|100%| O|  |TAMS 0x0000000083b00000, 0x0000000083a00000| Complete 
|  59|0x0000000083b00000, 0x0000000083b00000, 0x0000000083c00000|  0%| F|  |TAMS 0x0000000083b00000, 0x0000000083b00000| Untracked 
|  60|0x0000000083c00000, 0x0000000083d00000, 0x0000000083d00000|100%| O|  |TAMS 0x0000000083d00000, 0x0000000083c00000| Complete 
|  61|0x0000000083d00000, 0x0000000083e00000, 0x0000000083e00000|100%| O|  |TAMS 0x0000000083e00000, 0x0000000083d00000| Untracked 
|  62|0x0000000083e00000, 0x0000000083f00000, 0x0000000083f00000|100%| O|  |TAMS 0x0000000083f00000, 0x0000000083e00000| Complete 
|  63|0x0000000083f00000, 0x0000000084000000, 0x0000000084000000|100%| O|  |TAMS 0x0000000084000000, 0x0000000083f00000| Complete 
|  64|0x0000000084000000, 0x0000000084100000, 0x0000000084100000|100%| O|  |TAMS 0x0000000084100000, 0x0000000084000000| Complete 
|  65|0x0000000084100000, 0x0000000084200000, 0x0000000084200000|100%| O|  |TAMS 0x0000000084200000, 0x0000000084100000| Complete 
|  66|0x0000000084200000, 0x0000000084300000, 0x0000000084300000|100%| O|  |TAMS 0x0000000084300000, 0x0000000084200000| Complete 
|  67|0x0000000084300000, 0x0000000084400000, 0x0000000084400000|100%| O|  |TAMS 0x0000000084400000, 0x0000000084300000| Complete 
|  68|0x0000000084400000, 0x0000000084500000, 0x0000000084500000|100%| O|  |TAMS 0x0000000084500000, 0x0000000084400000| Complete 
|  69|0x0000000084500000, 0x0000000084600000, 0x0000000084600000|100%| O|  |TAMS 0x0000000084600000, 0x0000000084500000| Untracked 
|  70|0x0000000084600000, 0x0000000084700000, 0x0000000084700000|100%| O|  |TAMS 0x0000000084700000, 0x0000000084600000| Untracked 
|  71|0x0000000084700000, 0x0000000084800000, 0x0000000084800000|100%| O|  |TAMS 0x0000000084800000, 0x0000000084700000| Complete 
|  72|0x0000000084800000, 0x0000000084900000, 0x0000000084900000|100%| O|  |TAMS 0x0000000084900000, 0x0000000084800000| Untracked 
|  73|0x0000000084900000, 0x0000000084a00000, 0x0000000084a00000|100%| O|  |TAMS 0x0000000084a00000, 0x0000000084900000| Complete 
|  74|0x0000000084a00000, 0x0000000084b00000, 0x0000000084b00000|100%| O|  |TAMS 0x0000000084b00000, 0x0000000084a00000| Untracked 
|  75|0x0000000084b00000, 0x0000000084c00000, 0x0000000084c00000|100%| O|  |TAMS 0x0000000084c00000, 0x0000000084b00000| Untracked 
|  76|0x0000000084c00000, 0x0000000084d00000, 0x0000000084d00000|100%| O|  |TAMS 0x0000000084d00000, 0x0000000084c00000| Untracked 
|  77|0x0000000084d00000, 0x0000000084e00000, 0x0000000084e00000|100%| O|  |TAMS 0x0000000084e00000, 0x0000000084d00000| Untracked 
|  78|0x0000000084e00000, 0x0000000084f00000, 0x0000000084f00000|100%| O|  |TAMS 0x0000000084f00000, 0x0000000084e00000| Untracked 
|  79|0x0000000084f00000, 0x0000000085000000, 0x0000000085000000|100%| O|  |TAMS 0x0000000085000000, 0x0000000084f00000| Untracked 
|  80|0x0000000085000000, 0x0000000085100000, 0x0000000085100000|100%| O|  |TAMS 0x0000000085100000, 0x0000000085000000| Untracked 
|  81|0x0000000085100000, 0x0000000085200000, 0x0000000085200000|100%| O|  |TAMS 0x0000000085200000, 0x0000000085100000| Untracked 
|  82|0x0000000085200000, 0x0000000085300000, 0x0000000085300000|100%| O|  |TAMS 0x0000000085300000, 0x0000000085200000| Untracked 
|  83|0x0000000085300000, 0x0000000085400000, 0x0000000085400000|100%| O|  |TAMS 0x0000000085400000, 0x0000000085300000| Untracked 
|  84|0x0000000085400000, 0x0000000085500000, 0x0000000085500000|100%| O|  |TAMS 0x0000000085500000, 0x0000000085400000| Complete 
|  85|0x0000000085500000, 0x0000000085600000, 0x0000000085600000|100%| O|  |TAMS 0x0000000085600000, 0x0000000085500000| Untracked 
|  86|0x0000000085600000, 0x0000000085700000, 0x0000000085700000|100%| O|  |TAMS 0x0000000085700000, 0x0000000085600000| Untracked 
|  87|0x0000000085700000, 0x0000000085800000, 0x0000000085800000|100%| O|  |TAMS 0x0000000085800000, 0x0000000085700000| Untracked 
|  88|0x0000000085800000, 0x0000000085900000, 0x0000000085900000|100%| O|  |TAMS 0x0000000085900000, 0x0000000085800000| Untracked 
|  89|0x0000000085900000, 0x0000000085a00000, 0x0000000085a00000|100%| O|  |TAMS 0x0000000085a00000, 0x0000000085900000| Complete 
|  90|0x0000000085a00000, 0x0000000085b00000, 0x0000000085b00000|100%|HS|  |TAMS 0x0000000085a00000, 0x0000000085a00000| Complete 
|  91|0x0000000085b00000, 0x0000000085c00000, 0x0000000085c00000|100%|HC|  |TAMS 0x0000000085b00000, 0x0000000085b00000| Complete 
|  92|0x0000000085c00000, 0x0000000085d00000, 0x0000000085d00000|100%|HS|  |TAMS 0x0000000085c00000, 0x0000000085c00000| Complete 
|  93|0x0000000085d00000, 0x0000000085e00000, 0x0000000085e00000|100%|HC|  |TAMS 0x0000000085d00000, 0x0000000085d00000| Complete 
|  94|0x0000000085e00000, 0x0000000085f00000, 0x0000000085f00000|100%|HC|  |TAMS 0x0000000085e00000, 0x0000000085e00000| Complete 
|  95|0x0000000085f00000, 0x0000000086000000, 0x0000000086000000|100%|HC|  |TAMS 0x0000000085f00000, 0x0000000085f00000| Complete 
|  96|0x0000000086000000, 0x0000000086100000, 0x0000000086100000|100%|HS|  |TAMS 0x0000000086000000, 0x0000000086000000| Complete 
|  97|0x0000000086100000, 0x0000000086200000, 0x0000000086200000|100%|HC|  |TAMS 0x0000000086100000, 0x0000000086100000| Complete 
|  98|0x0000000086200000, 0x0000000086300000, 0x0000000086300000|100%|HS|  |TAMS 0x0000000086200000, 0x0000000086200000| Complete 
|  99|0x0000000086300000, 0x0000000086400000, 0x0000000086400000|100%|HC|  |TAMS 0x0000000086300000, 0x0000000086300000| Complete 
| 100|0x0000000086400000, 0x0000000086500000, 0x0000000086500000|100%|HC|  |TAMS 0x0000000086400000, 0x0000000086400000| Complete 
| 101|0x0000000086500000, 0x0000000086600000, 0x0000000086600000|100%|HS|  |TAMS 0x0000000086500000, 0x0000000086500000| Complete 
| 102|0x0000000086600000, 0x0000000086700000, 0x0000000086700000|100%|HC|  |TAMS 0x0000000086600000, 0x0000000086600000| Complete 
| 103|0x0000000086700000, 0x0000000086800000, 0x0000000086800000|100%|HC|  |TAMS 0x0000000086700000, 0x0000000086700000| Complete 
| 104|0x0000000086800000, 0x0000000086800000, 0x0000000086900000|  0%| F|  |TAMS 0x0000000086800000, 0x0000000086800000| Untracked 
| 105|0x0000000086900000, 0x0000000086900000, 0x0000000086a00000|  0%| F|  |TAMS 0x0000000086900000, 0x0000000086900000| Untracked 
| 106|0x0000000086a00000, 0x0000000086a00000, 0x0000000086b00000|  0%| F|  |TAMS 0x0000000086a00000, 0x0000000086a00000| Untracked 
| 107|0x0000000086b00000, 0x0000000086b00000, 0x0000000086c00000|  0%| F|  |TAMS 0x0000000086b00000, 0x0000000086b00000| Untracked 
| 108|0x0000000086c00000, 0x0000000086c0ef60, 0x0000000086d00000|  5%| S|CS|TAMS 0x0000000086c00000, 0x0000000086c00000| Complete 
| 109|0x0000000086d00000, 0x0000000086e00000, 0x0000000086e00000|100%| S|CS|TAMS 0x0000000086d00000, 0x0000000086d00000| Complete 
| 110|0x0000000086e00000, 0x0000000086e00000, 0x0000000086f00000|  0%| F|  |TAMS 0x0000000086e00000, 0x0000000086e00000| Untracked 
| 111|0x0000000086f00000, 0x0000000086f00000, 0x0000000087000000|  0%| F|  |TAMS 0x0000000086f00000, 0x0000000086f00000| Untracked 
| 112|0x0000000087000000, 0x0000000087000000, 0x0000000087100000|  0%| F|  |TAMS 0x0000000087000000, 0x0000000087000000| Untracked 
| 113|0x0000000087100000, 0x0000000087100000, 0x0000000087200000|  0%| F|  |TAMS 0x0000000087100000, 0x0000000087100000| Untracked 
| 114|0x0000000087200000, 0x0000000087200000, 0x0000000087300000|  0%| F|  |TAMS 0x0000000087200000, 0x0000000087200000| Untracked 
| 115|0x0000000087300000, 0x000000008733d238, 0x0000000087400000| 23%| E|  |TAMS 0x0000000087300000, 0x0000000087300000| Complete 
| 116|0x0000000087400000, 0x0000000087500000, 0x0000000087500000|100%| E|CS|TAMS 0x0000000087400000, 0x0000000087400000| Complete 
| 117|0x0000000087500000, 0x0000000087600000, 0x0000000087600000|100%| E|CS|TAMS 0x0000000087500000, 0x0000000087500000| Complete 
| 118|0x0000000087600000, 0x0000000087700000, 0x0000000087700000|100%| E|  |TAMS 0x0000000087600000, 0x0000000087600000| Complete 
| 119|0x0000000087700000, 0x0000000087800000, 0x0000000087800000|100%| E|CS|TAMS 0x0000000087700000, 0x0000000087700000| Complete 
| 120|0x0000000087800000, 0x0000000087900000, 0x0000000087900000|100%| E|CS|TAMS 0x0000000087800000, 0x0000000087800000| Complete 
| 121|0x0000000087900000, 0x0000000087a00000, 0x0000000087a00000|100%| E|CS|TAMS 0x0000000087900000, 0x0000000087900000| Complete 
| 122|0x0000000087a00000, 0x0000000087b00000, 0x0000000087b00000|100%| E|CS|TAMS 0x0000000087a00000, 0x0000000087a00000| Complete 
| 123|0x0000000087b00000, 0x0000000087c00000, 0x0000000087c00000|100%| E|CS|TAMS 0x0000000087b00000, 0x0000000087b00000| Complete 
| 124|0x0000000087c00000, 0x0000000087d00000, 0x0000000087d00000|100%| E|CS|TAMS 0x0000000087c00000, 0x0000000087c00000| Complete 
| 125|0x0000000087d00000, 0x0000000087e00000, 0x0000000087e00000|100%| E|CS|TAMS 0x0000000087d00000, 0x0000000087d00000| Complete 

Card table byte_map: [0x000001f093460000,0x000001f093860000] _byte_map_base: 0x000001f093060000

Marking Bits (Prev, Next): (CMBitMap*) 0x000001f0ff89abe0, (CMBitMap*) 0x000001f0ff89aba8
 Prev Bits: [0x000001f095c60000, 0x000001f097c60000)
 Next Bits: [0x000001f093c60000, 0x000001f095c60000)

Polling page: 0x000001f080000000

Metaspace:

Usage:
  Non-class:     74.52 MB capacity,    73.21 MB ( 98%) used,     1.07 MB (  1%) free+waste,   244.44 KB ( <1%) overhead. 
      Class:     11.50 MB capacity,    10.71 MB ( 93%) used,   695.31 KB (  6%) free+waste,   108.19 KB ( <1%) overhead. 
       Both:     86.01 MB capacity,    83.92 MB ( 98%) used,     1.74 MB (  2%) free+waste,   352.63 KB ( <1%) overhead. 

Virtual space:
  Non-class space:       76.00 MB reserved,      74.75 MB ( 98%) committed 
      Class space:        1.00 GB reserved,      11.50 MB (  1%) committed 
             Both:        1.07 GB reserved,      86.25 MB (  8%) committed 

Chunk freelists:
   Non-Class:  48.00 KB
       Class:  5.00 KB
        Both:  53.00 KB

MaxMetaspaceSize: 17179869184.00 GB
CompressedClassSpaceSize: 1.00 GB

CodeHeap 'non-profiled nmethods': size=120064Kb used=8495Kb max_used=8495Kb free=111568Kb
 bounds [0x000001f08b4f0000, 0x000001f08bd40000, 0x000001f092a30000]
CodeHeap 'profiled nmethods': size=120000Kb used=25396Kb max_used=25396Kb free=94603Kb
 bounds [0x000001f083fc0000, 0x000001f085890000, 0x000001f08b4f0000]
CodeHeap 'non-nmethods': size=5696Kb used=2297Kb max_used=2353Kb free=3398Kb
 bounds [0x000001f083a30000, 0x000001f083ca0000, 0x000001f083fc0000]
 total_blobs=12570 nmethods=11684 adapters=795
 compilation: enabled
              stopped_count=0, restarted_count=0
 full_count=0

Compilation events (20 events):
Event: 144.530 Thread 0x000001f09a2d2800 11715       2       java.lang.StringUTF16::lastIndexOf (47 bytes)
Event: 144.530 Thread 0x000001f09a2d2800 nmethod 11715 0x000001f08586ef10 code [0x000001f08586f0c0, 0x000001f08586f268]
Event: 144.537 Thread 0x000001f09a2d2800 11717 %     3       com.android.utils.XmlUtils::append @ 378 (647 bytes)
Event: 144.540 Thread 0x000001f09a2d2800 nmethod 11717% 0x000001f08586f390 code [0x000001f08586fba0, 0x000001f085873e48]
Event: 144.541 Thread 0x000001f09a2d2800 11718       3       com.android.utils.XmlUtils::append (647 bytes)
Event: 144.543 Thread 0x000001f09a2d2800 nmethod 11718 0x000001f085875590 code [0x000001f085875d80, 0x000001f085879c08]
Event: 144.551 Thread 0x000001f09a2d0000 nmethod 11678 0x000001f08bd2eb90 code [0x000001f08bd2f080, 0x000001f08bd32800]
Event: 144.551 Thread 0x000001f09a2d0000 11712       4       com.android.utils.XmlUtils::toXmlAttributeValue (89 bytes)
Event: 144.560 Thread 0x000001f09a2d2800 11722 %     3       java.lang.StringUTF16::lastIndexOf @ 17 (47 bytes)
Event: 144.560 Thread 0x000001f09a2d2800 nmethod 11722% 0x000001f08587b210 code [0x000001f08587b3e0, 0x000001f08587b748]
Event: 144.562 Thread 0x000001f09a2d0000 nmethod 11712 0x000001f08bd34a10 code [0x000001f08bd34be0, 0x000001f08bd35258]
Event: 144.562 Thread 0x000001f09a2d0000 11719       4       com.android.utils.XmlUtils::toXmlTextValue (65 bytes)
Event: 144.564 Thread 0x000001f09a2d2800 11723       3       java.lang.StringUTF16::lastIndexOf (47 bytes)
Event: 144.565 Thread 0x000001f09a2d2800 nmethod 11723 0x000001f08587b890 code [0x000001f08587ba60, 0x000001f08587bd68]
Event: 144.568 Thread 0x000001f09a2d0000 nmethod 11719 0x000001f08bd35590 code [0x000001f08bd35720, 0x000001f08bd35a38]
Event: 144.568 Thread 0x000001f09a2d0000 11724       4       com.android.utils.XmlUtils::append (647 bytes)
Event: 144.579 Thread 0x000001f0a0a99000 nmethod 11680 0x000001f08bd35b90 code [0x000001f08bd35ea0, 0x000001f08bd39b30]
Event: 144.579 Thread 0x000001f0a0a99000 11725       4       com.google.common.base.CharMatcher::countIn (39 bytes)
Event: 144.585 Thread 0x000001f0a0a99000 nmethod 11725 0x000001f08bd3b710 code [0x000001f08bd3b8c0, 0x000001f08bd3bb78]
Event: 144.585 Thread 0x000001f0a0a99000 11690       4       com.android.ide.common.resources.NodeUtils::duplicateNode (315 bytes)

GC Heap History (20 events):
Event: 35.121 GC heap before
{Heap before GC invocations=20 (full 0):
 garbage-first heap   total 129024K, used 102671K [0x0000000080000000, 0x0000000100000000)
  region size 1024K, 49 young (50176K), 6 survivors (6144K)
 Metaspace       used 78759K, capacity 80713K, committed 80896K, reserved 1120256K
  class space    used 10282K, capacity 10989K, committed 11008K, reserved 1048576K
}
Event: 35.136 GC heap after
{Heap after GC invocations=21 (full 0):
 garbage-first heap   total 129024K, used 62371K [0x0000000080000000, 0x0000000100000000)
  region size 1024K, 7 young (7168K), 7 survivors (7168K)
 Metaspace       used 78759K, capacity 80713K, committed 80896K, reserved 1120256K
  class space    used 10282K, capacity 10989K, committed 11008K, reserved 1048576K
}
Event: 36.987 GC heap before
{Heap before GC invocations=21 (full 0):
 garbage-first heap   total 129024K, used 102307K [0x0000000080000000, 0x0000000100000000)
  region size 1024K, 47 young (48128K), 7 survivors (7168K)
 Metaspace       used 79351K, capacity 81314K, committed 81408K, reserved 1120256K
  class space    used 10306K, capacity 11006K, committed 11008K, reserved 1048576K
}
Event: 37.007 GC heap after
{Heap after GC invocations=22 (full 0):
 garbage-first heap   total 129024K, used 65034K [0x0000000080000000, 0x0000000100000000)
  region size 1024K, 3 young (3072K), 3 survivors (3072K)
 Metaspace       used 79351K, capacity 81314K, committed 81408K, reserved 1120256K
  class space    used 10306K, capacity 11006K, committed 11008K, reserved 1048576K
}
Event: 39.921 GC heap before
{Heap before GC invocations=22 (full 0):
 garbage-first heap   total 129024K, used 103946K [0x0000000080000000, 0x0000000100000000)
  region size 1024K, 42 young (43008K), 3 survivors (3072K)
 Metaspace       used 79762K, capacity 81790K, committed 82048K, reserved 1120256K
  class space    used 10343K, capacity 11087K, committed 11136K, reserved 1048576K
}
Event: 39.927 GC heap after
{Heap after GC invocations=23 (full 0):
 garbage-first heap   total 129024K, used 67423K [0x0000000080000000, 0x0000000100000000)
  region size 1024K, 6 young (6144K), 6 survivors (6144K)
 Metaspace       used 79762K, capacity 81790K, committed 82048K, reserved 1120256K
  class space    used 10343K, capacity 11087K, committed 11136K, reserved 1048576K
}
Event: 43.153 GC heap before
{Heap before GC invocations=24 (full 0):
 garbage-first heap   total 129024K, used 104287K [0x0000000080000000, 0x0000000100000000)
  region size 1024K, 43 young (44032K), 6 survivors (6144K)
 Metaspace       used 80078K, capacity 82045K, committed 82304K, reserved 1120256K
  class space    used 10372K, capacity 11095K, committed 11136K, reserved 1048576K
}
Event: 43.167 GC heap after
{Heap after GC invocations=25 (full 0):
 garbage-first heap   total 129024K, used 69474K [0x0000000080000000, 0x0000000100000000)
  region size 1024K, 5 young (5120K), 5 survivors (5120K)
 Metaspace       used 80078K, capacity 82045K, committed 82304K, reserved 1120256K
  class space    used 10372K, capacity 11095K, committed 11136K, reserved 1048576K
}
Event: 45.167 GC heap before
{Heap before GC invocations=25 (full 0):
 garbage-first heap   total 129024K, used 106338K [0x0000000080000000, 0x0000000100000000)
  region size 1024K, 42 young (43008K), 5 survivors (5120K)
 Metaspace       used 80194K, capacity 82159K, committed 82304K, reserved 1120256K
  class space    used 10387K, capacity 11132K, committed 11136K, reserved 1048576K
}
Event: 45.178 GC heap after
{Heap after GC invocations=26 (full 0):
 garbage-first heap   total 129024K, used 71292K [0x0000000080000000, 0x0000000100000000)
  region size 1024K, 4 young (4096K), 4 survivors (4096K)
 Metaspace       used 80194K, capacity 82159K, committed 82304K, reserved 1120256K
  class space    used 10387K, capacity 11132K, committed 11136K, reserved 1048576K
}
Event: 142.630 GC heap before
{Heap before GC invocations=27 (full 0):
 garbage-first heap   total 129024K, used 107132K [0x0000000080000000, 0x0000000100000000)
  region size 1024K, 40 young (40960K), 4 survivors (4096K)
 Metaspace       used 81591K, capacity 83713K, committed 83840K, reserved 1122304K
  class space    used 10513K, capacity 11323K, committed 11392K, reserved 1048576K
}
Event: 142.639 GC heap after
{Heap after GC invocations=28 (full 0):
 garbage-first heap   total 129024K, used 75118K [0x0000000080000000, 0x0000000100000000)
  region size 1024K, 5 young (5120K), 5 survivors (5120K)
 Metaspace       used 81591K, capacity 83713K, committed 83840K, reserved 1122304K
  class space    used 10513K, capacity 11323K, committed 11392K, reserved 1048576K
}
Event: 143.109 GC heap before
{Heap before GC invocations=28 (full 0):
 garbage-first heap   total 129024K, used 88430K [0x0000000080000000, 0x0000000100000000)
  region size 1024K, 20 young (20480K), 5 survivors (5120K)
 Metaspace       used 82559K, capacity 84693K, committed 84864K, reserved 1122304K
  class space    used 10572K, capacity 11368K, committed 11392K, reserved 1048576K
}
Event: 143.121 GC heap after
{Heap after GC invocations=29 (full 0):
 garbage-first heap   total 129024K, used 76869K [0x0000000080000000, 0x0000000100000000)
  region size 1024K, 2 young (2048K), 2 survivors (2048K)
 Metaspace       used 82559K, capacity 84693K, committed 84864K, reserved 1122304K
  class space    used 10572K, capacity 11368K, committed 11392K, reserved 1048576K
}
Event: 143.798 GC heap before
{Heap before GC invocations=30 (full 0):
 garbage-first heap   total 129024K, used 101445K [0x0000000080000000, 0x0000000100000000)
  region size 1024K, 25 young (25600K), 2 survivors (2048K)
 Metaspace       used 83429K, capacity 85551K, committed 85760K, reserved 1124352K
  class space    used 10666K, capacity 11442K, committed 11520K, reserved 1048576K
}
Event: 143.810 GC heap after
{Heap after GC invocations=31 (full 0):
 garbage-first heap   total 129024K, used 88500K [0x0000000080000000, 0x0000000100000000)
  region size 1024K, 4 young (4096K), 4 survivors (4096K)
 Metaspace       used 83429K, capacity 85551K, committed 85760K, reserved 1124352K
  class space    used 10666K, capacity 11442K, committed 11520K, reserved 1048576K
}
Event: 143.828 GC heap before
{Heap before GC invocations=31 (full 0):
 garbage-first heap   total 129024K, used 90548K [0x0000000080000000, 0x0000000100000000)
  region size 1024K, 6 young (6144K), 4 survivors (4096K)
 Metaspace       used 83482K, capacity 85615K, committed 85760K, reserved 1124352K
  class space    used 10673K, capacity 11442K, committed 11520K, reserved 1048576K
}
Event: 143.841 GC heap after
{Heap after GC invocations=32 (full 0):
 garbage-first heap   total 129024K, used 88064K [0x0000000080000000, 0x0000000100000000)
  region size 1024K, 1 young (1024K), 1 survivors (1024K)
 Metaspace       used 83482K, capacity 85615K, committed 85760K, reserved 1124352K
  class space    used 10673K, capacity 11442K, committed 11520K, reserved 1048576K
}
Event: 144.294 GC heap before
{Heap before GC invocations=32 (full 0):
 garbage-first heap   total 129024K, used 103424K [0x0000000080000000, 0x0000000100000000)
  region size 1024K, 16 young (16384K), 1 survivors (1024K)
 Metaspace       used 85559K, capacity 87720K, committed 87808K, reserved 1126400K
  class space    used 10936K, capacity 11738K, committed 11776K, reserved 1048576K
}
Event: 144.298 GC heap after
{Heap after GC invocations=33 (full 0):
 garbage-first heap   total 129024K, used 88123K [0x0000000080000000, 0x0000000100000000)
  region size 1024K, 2 young (2048K), 2 survivors (2048K)
 Metaspace       used 85559K, capacity 87720K, committed 87808K, reserved 1126400K
  class space    used 10936K, capacity 11738K, committed 11776K, reserved 1048576K
}

Deoptimization events (20 events):
Event: 144.437 Thread 0x000001f0a0a9a000 Uncommon trap: trap_request=0xffffffde fr.pc=0x000001f08bd28b20 relative=0x00000000000002e0
Event: 144.437 Thread 0x000001f0a0a9a000 Uncommon trap: reason=class_check action=maybe_recompile pc=0x000001f08bd28b20 method=com.android.ide.common.resources.NodeUtils.processSingleNodeNamespace(Lorg/w3c/dom/Node;Lorg/w3c/dom/Document;)Z @ 100 c2
Event: 144.437 Thread 0x000001f0a0a9a000 DEOPT PACKING pc=0x000001f08bd28b20 sp=0x000000eab89fa260
Event: 144.437 Thread 0x000001f0a0a9a000 DEOPT UNPACKING pc=0x000001f083a383af sp=0x000000eab89fa1e8 mode 2
Event: 144.470 Thread 0x000001f0a0a9a000 DEOPT PACKING pc=0x000001f08578db36 sp=0x000000eab89fa0c0
Event: 144.470 Thread 0x000001f0a0a9a000 DEOPT UNPACKING pc=0x000001f083a58ede sp=0x000000eab89f9560 mode 0
Event: 144.507 Thread 0x000001f0a0a9a000 DEOPT PACKING pc=0x000001f0858623f8 sp=0x000000eab89f9fd0
Event: 144.507 Thread 0x000001f0a0a9a000 DEOPT UNPACKING pc=0x000001f083a58ede sp=0x000000eab89f9500 mode 0
Event: 144.523 Thread 0x000001f0a0a9a000 DEOPT PACKING pc=0x000001f085866b50 sp=0x000000eab89f9910
Event: 144.523 Thread 0x000001f0a0a9a000 DEOPT UNPACKING pc=0x000001f083a58ede sp=0x000000eab89f8e40 mode 0
Event: 144.528 Thread 0x000001f0a0a9a000 DEOPT PACKING pc=0x000001f085868f44 sp=0x000000eab89f98f0
Event: 144.528 Thread 0x000001f0a0a9a000 DEOPT UNPACKING pc=0x000001f083a58ede sp=0x000000eab89f8d88 mode 0
Event: 144.544 Thread 0x000001f0a0a9a000 DEOPT PACKING pc=0x000001f0858643e0 sp=0x000000eab89f9bb0
Event: 144.544 Thread 0x000001f0a0a9a000 DEOPT UNPACKING pc=0x000001f083a58ede sp=0x000000eab89f9150 mode 0
Event: 144.564 Thread 0x000001f0a0a9a000 DEOPT PACKING pc=0x000001f08586f1de sp=0x000000eab89f98f0
Event: 144.564 Thread 0x000001f0a0a9a000 DEOPT UNPACKING pc=0x000001f083a58ede sp=0x000000eab89f8d88 mode 0
Event: 144.576 Thread 0x000001f0a0a9a000 Uncommon trap: trap_request=0xffffff4d fr.pc=0x000001f08b559240 relative=0x0000000000000380
Event: 144.576 Thread 0x000001f0a0a9a000 Uncommon trap: reason=unstable_if action=reinterpret pc=0x000001f08b559240 method=java.lang.AbstractStringBuilder.isLatin1()Z @ 10 c2
Event: 144.576 Thread 0x000001f0a0a9a000 DEOPT PACKING pc=0x000001f08b559240 sp=0x000000eab89fa350
Event: 144.576 Thread 0x000001f0a0a9a000 DEOPT UNPACKING pc=0x000001f083a383af sp=0x000000eab89fa2d0 mode 2

Classes redefined (0 events):
No events

Internal exceptions (20 events):
Event: 40.741 Thread 0x000001f09c750800 Exception <a 'java/lang/NoSuchMethodError'{0x00000000876ee118}: <clinit>> (0x00000000876ee118) thrown at [./src/hotspot/share/prims/jni.cpp, line 1362]
Event: 40.742 Thread 0x000001f09c750800 Exception <a 'java/lang/NoSuchMethodError'{0x00000000876f1070}: <clinit>> (0x00000000876f1070) thrown at [./src/hotspot/share/prims/jni.cpp, line 1362]
Event: 40.746 Thread 0x000001f09c750800 Exception <a 'java/lang/NoSuchMethodError'{0x00000000875176a0}: <clinit>> (0x00000000875176a0) thrown at [./src/hotspot/share/prims/jni.cpp, line 1362]
Event: 40.746 Thread 0x000001f09c750800 Exception <a 'java/lang/NoSuchMethodError'{0x0000000087519378}: <clinit>> (0x0000000087519378) thrown at [./src/hotspot/share/prims/jni.cpp, line 1362]
Event: 41.397 Thread 0x000001f09c750800 Exception <a 'java/lang/NoSuchMethodError'{0x0000000086bda830}: 'int java.lang.invoke.DirectMethodHandle$Holder.invokeSpecial(java.lang.Object, java.lang.Object, java.lang.Object, java.lang.Object, java.lang.Object)'> (0x0000000086bda830) thrown at [./src/hotspot/share/interpreter/linkResolver.cpp, line 773]
Event: 46.789 Thread 0x000001f09c750800 Exception <a 'java/lang/NoSuchMethodError'{0x0000000087601bb0}: 'int java.lang.invoke.DirectMethodHandle$Holder.invokeVirtual(java.lang.Object, java.lang.Object, java.lang.Object)'> (0x0000000087601bb0) thrown at [./src/hotspot/share/interpreter/linkResolver.cpp, line 773]
Event: 46.861 Thread 0x000001f09c750800 Implicit null exception at 0x000001f08bbef92f to 0x000001f08bbef97c
Event: 55.898 Thread 0x000001f09ba26800 Implicit null exception at 0x000001f08b525874 to 0x000001f08b525d74
Event: 55.898 Thread 0x000001f09ba26800 Implicit null exception at 0x000001f08b8baa14 to 0x000001f08b8bb044
Event: 141.512 Thread 0x000001f09dadc800 Implicit null exception at 0x000001f08bb32782 to 0x000001f08bb332fc
Event: 141.512 Thread 0x000001f09dadc800 Implicit null exception at 0x000001f08bc2c313 to 0x000001f08bc321dc
Event: 142.314 Thread 0x000001f09dadc800 Exception <a 'sun/nio/fs/WindowsException'{0x00000000861a8390}> (0x00000000861a8390) thrown at [./src/hotspot/share/prims/jni.cpp, line 615]
Event: 142.436 Thread 0x000001f09dadc800 Exception <a 'java/lang/NoClassDefFoundError'{0x0000000085e81c10}: org/jetbrains/kotlin/gradle/plugin/KotlinBasePluginWrapper> (0x0000000085e81c10) thrown at [./src/hotspot/share/oops/constantPool.cpp, line 775]
Event: 142.505 Thread 0x000001f09dadc800 Exception <a 'sun/nio/fs/WindowsException'{0x0000000085d48610}> (0x0000000085d48610) thrown at [./src/hotspot/share/prims/jni.cpp, line 615]
Event: 142.518 Thread 0x000001f09dadc800 Exception <a 'sun/nio/fs/WindowsException'{0x0000000085df0498}> (0x0000000085df0498) thrown at [./src/hotspot/share/prims/jni.cpp, line 615]
Event: 142.519 Thread 0x000001f09dadc800 Exception <a 'sun/nio/fs/WindowsException'{0x0000000085df1568}> (0x0000000085df1568) thrown at [./src/hotspot/share/prims/jni.cpp, line 615]
Event: 142.519 Thread 0x000001f09dadc800 Exception <a 'sun/nio/fs/WindowsException'{0x0000000085df2688}> (0x0000000085df2688) thrown at [./src/hotspot/share/prims/jni.cpp, line 615]
Event: 142.519 Thread 0x000001f09dadc800 Exception <a 'sun/nio/fs/WindowsException'{0x0000000085df37a8}> (0x0000000085df37a8) thrown at [./src/hotspot/share/prims/jni.cpp, line 615]
Event: 142.894 Thread 0x000001f0a0a94000 Exception <a 'java/lang/NoSuchMethodError'{0x000000008768be90}: 'void java.lang.invoke.DirectMethodHandle$Holder.invokeVirtual(java.lang.Object, java.lang.Object)'> (0x000000008768be90) thrown at [./src/hotspot/share/interpreter/linkResolver.cpp, line 773]
Event: 143.384 Thread 0x000001f0a0a9a000 Implicit null exception at 0x000001f08b814584 to 0x000001f08b81477c

Events (20 events):
Event: 144.344 loading class com/sun/xml/bind/util/AttributesImpl done
Event: 144.345 loading class com/sun/xml/bind/v2/runtime/reflect/Lister$CollectionLister$1
Event: 144.345 loading class com/sun/xml/bind/v2/runtime/reflect/Lister$CollectionLister$1 done
Event: 144.345 loading class com/sun/xml/bind/v2/runtime/reflect/Lister$IDREFSIterator
Event: 144.345 loading class com/sun/xml/bind/v2/runtime/reflect/Lister$IDREFSIterator done
Event: 144.348 loading class org/apache/commons/io/Charsets
Event: 144.348 loading class org/apache/commons/io/Charsets done
Event: 144.352 Thread 0x000001f0a0a99000 Thread added: 0x000001f0a0a99000
Event: 144.448 Executing VM operation: CGC_Operation
Event: 144.461 Executing VM operation: CGC_Operation done
Event: 144.493 loading class com/android/utils/XmlUtils$PositionAwareStringBuilder
Event: 144.493 loading class com/android/utils/XmlUtils$PositionAwareStringBuilder done
Event: 144.545 Executing VM operation: CGC_Operation
Event: 144.545 Executing VM operation: CGC_Operation done
Event: 144.577 loading class com/google/common/io/FileWriteMode
Event: 144.577 loading class com/google/common/io/FileWriteMode done
Event: 144.578 loading class com/google/common/io/CharSink
Event: 144.578 loading class com/google/common/io/CharSink done
Event: 144.578 loading class com/google/common/io/ByteSink$AsCharSink
Event: 144.578 loading class com/google/common/io/ByteSink$AsCharSink done


Dynamic libraries:
0x00007ff79c180000 - 0x00007ff79c18a000 	D:\Program Files\Android\Android Studio\jre\bin\java.exe
0x00007ff8ffa60000 - 0x00007ff8ffc6f000 	C:\WINDOWS\SYSTEM32\ntdll.dll
0x00007ff8fe540000 - 0x00007ff8fe5fd000 	C:\WINDOWS\System32\KERNEL32.DLL
0x00007ff8fd0c0000 - 0x00007ff8fd453000 	C:\WINDOWS\System32\KERNELBASE.dll
0x00007ff8fd6c0000 - 0x00007ff8fd7d1000 	C:\WINDOWS\System32\ucrtbase.dll
0x00007ff8c66f0000 - 0x00007ff8c6709000 	D:\Program Files\Android\Android Studio\jre\bin\jli.dll
0x00007ff8fe2e0000 - 0x00007ff8fe48a000 	C:\WINDOWS\System32\USER32.dll
0x00007ff8fd880000 - 0x00007ff8fd8a6000 	C:\WINDOWS\System32\win32u.dll
0x00007ff8fde30000 - 0x00007ff8fde59000 	C:\WINDOWS\System32\GDI32.dll
0x00007ff8fd460000 - 0x00007ff8fd576000 	C:\WINDOWS\System32\gdi32full.dll
0x00007ff8fd7e0000 - 0x00007ff8fd87a000 	C:\WINDOWS\System32\msvcp_win.dll
0x00007ff8e5c40000 - 0x00007ff8e5ee1000 	C:\WINDOWS\WinSxS\amd64_microsoft.windows.common-controls_6595b64144ccf1df_6.0.22538.1000_none_28c1e1652686b6b3\COMCTL32.dll
0x00007ff8fdab0000 - 0x00007ff8fdb54000 	C:\WINDOWS\System32\msvcrt.dll
0x00007ff8b6530000 - 0x00007ff8b6547000 	D:\Program Files\Android\Android Studio\jre\bin\VCRUNTIME140.dll
0x00007ff8feda0000 - 0x00007ff8fedd1000 	C:\WINDOWS\System32\IMM32.DLL
0x00007ff8a8650000 - 0x00007ff8a86ed000 	D:\Program Files\Android\Android Studio\jre\bin\msvcp140.dll
0x00007ff8c2060000 - 0x00007ff8c2b2f000 	D:\Program Files\Android\Android Studio\jre\bin\server\jvm.dll
0x00007ff8fe600000 - 0x00007ff8fe6ae000 	C:\WINDOWS\System32\ADVAPI32.dll
0x00007ff8fe6c0000 - 0x00007ff8fe765000 	C:\WINDOWS\System32\sechost.dll
0x00007ff8fe860000 - 0x00007ff8fe97f000 	C:\WINDOWS\System32\RPCRT4.dll
0x00007ff8fdc80000 - 0x00007ff8fdc88000 	C:\WINDOWS\System32\PSAPI.DLL
0x00007ff8f7c10000 - 0x00007ff8f7c19000 	C:\WINDOWS\SYSTEM32\WSOCK32.dll
0x00007ff8fddb0000 - 0x00007ff8fde21000 	C:\WINDOWS\System32\WS2_32.dll
0x00007ff8f74b0000 - 0x00007ff8f74e4000 	C:\WINDOWS\SYSTEM32\WINMM.dll
0x00007ff8fad70000 - 0x00007ff8fad7a000 	C:\WINDOWS\SYSTEM32\VERSION.dll
0x00007ff8fc060000 - 0x00007ff8fc077000 	C:\WINDOWS\SYSTEM32\kernel.appcore.dll
0x00007ff8f76c0000 - 0x00007ff8f76d1000 	D:\Program Files\Android\Android Studio\jre\bin\verify.dll
0x00007ff8fa100000 - 0x00007ff8fa324000 	C:\WINDOWS\SYSTEM32\DBGHELP.DLL
0x00007ff8fde60000 - 0x00007ff8fe1dc000 	C:\WINDOWS\System32\combase.dll
0x00007ff8fe770000 - 0x00007ff8fe847000 	C:\WINDOWS\System32\OLEAUT32.dll
0x00007ff8e7820000 - 0x00007ff8e7851000 	C:\WINDOWS\SYSTEM32\dbgcore.DLL
0x00007ff8fd580000 - 0x00007ff8fd5fb000 	C:\WINDOWS\System32\bcryptPrimitives.dll
0x00007ff8f7690000 - 0x00007ff8f76b9000 	D:\Program Files\Android\Android Studio\jre\bin\java.dll
0x00007ff8f7680000 - 0x00007ff8f768b000 	D:\Program Files\Android\Android Studio\jre\bin\jimage.dll
0x00007ff8f7660000 - 0x00007ff8f7678000 	D:\Program Files\Android\Android Studio\jre\bin\zip.dll
0x00007ff8fede0000 - 0x00007ff8ff59d000 	C:\WINDOWS\System32\SHELL32.dll
0x00007ff8fafb0000 - 0x00007ff8fb806000 	C:\WINDOWS\SYSTEM32\windows.storage.dll
0x00007ff8fae70000 - 0x00007ff8fafac000 	C:\WINDOWS\SYSTEM32\wintypes.dll
0x00007ff8fe1e0000 - 0x00007ff8fe2d1000 	C:\WINDOWS\System32\SHCORE.dll
0x00007ff8fecb0000 - 0x00007ff8fed0b000 	C:\WINDOWS\System32\shlwapi.dll
0x00007ff8fce20000 - 0x00007ff8fce41000 	C:\WINDOWS\SYSTEM32\profapi.dll
0x00007ff8f7640000 - 0x00007ff8f765a000 	D:\Program Files\Android\Android Studio\jre\bin\net.dll
0x00007ff8f65f0000 - 0x00007ff8f6701000 	C:\WINDOWS\SYSTEM32\WINHTTP.dll
0x00007ff8fc4e0000 - 0x00007ff8fc549000 	C:\WINDOWS\system32\mswsock.dll
0x00007ff8f7620000 - 0x00007ff8f7634000 	D:\Program Files\Android\Android Studio\jre\bin\nio.dll
0x00007ff8b7470000 - 0x00007ff8b7497000 	C:\Users\vbinu\.gradle\native\8bec1ad78214c89d9ad589b4d07fe93259594b29d510b10fafb7a158f7737e5d\windows-amd64\native-platform.dll
0x00007ff8a86f0000 - 0x00007ff8a882d000 	C:\Users\vbinu\.gradle\native\53dbd7edfb1c66fb8903c78663c9afc45aea4f116125fa6feffd364cf09443e8\windows-amd64\native-platform-file-events.dll
0x00007ff8f7610000 - 0x00007ff8f761a000 	D:\Program Files\Android\Android Studio\jre\bin\management.dll
0x00007ff8f7600000 - 0x00007ff8f760c000 	D:\Program Files\Android\Android Studio\jre\bin\management_ext.dll
0x00007ff8fc740000 - 0x00007ff8fc75c000 	C:\WINDOWS\SYSTEM32\CRYPTSP.dll
0x00007ff8fbfc0000 - 0x00007ff8fbff5000 	C:\WINDOWS\system32\rsaenh.dll
0x00007ff8fc5e0000 - 0x00007ff8fc609000 	C:\WINDOWS\SYSTEM32\USERENV.dll
0x00007ff8fc8c0000 - 0x00007ff8fc8e8000 	C:\WINDOWS\SYSTEM32\bcrypt.dll
0x00007ff8fc730000 - 0x00007ff8fc73c000 	C:\WINDOWS\SYSTEM32\CRYPTBASE.dll
0x00007ff8fbb30000 - 0x00007ff8fbb5d000 	C:\WINDOWS\SYSTEM32\IPHLPAPI.DLL
0x00007ff8fe6b0000 - 0x00007ff8fe6b9000 	C:\WINDOWS\System32\NSI.dll
0x00007ff8f67f0000 - 0x00007ff8f6809000 	C:\WINDOWS\SYSTEM32\dhcpcsvc6.DLL
0x00007ff8f5fe0000 - 0x00007ff8f5fff000 	C:\WINDOWS\SYSTEM32\dhcpcsvc.DLL
0x00007ff8fbb60000 - 0x00007ff8fbc56000 	C:\WINDOWS\SYSTEM32\DNSAPI.dll

dbghelp: loaded successfully - version: 4.0.5 - missing functions: none
symbol engine: initialized successfully - sym options: 0x614 - pdb path: .;D:\Program Files\Android\Android Studio\jre\bin;C:\WINDOWS\SYSTEM32;C:\WINDOWS\WinSxS\amd64_microsoft.windows.common-controls_6595b64144ccf1df_6.0.22538.1000_none_28c1e1652686b6b3;D:\Program Files\Android\Android Studio\jre\bin\server;C:\Users\vbinu\.gradle\native\8bec1ad78214c89d9ad589b4d07fe93259594b29d510b10fafb7a158f7737e5d\windows-amd64;C:\Users\vbinu\.gradle\native\53dbd7edfb1c66fb8903c78663c9afc45aea4f116125fa6feffd364cf09443e8\windows-amd64

VM Arguments:
jvm_args: --add-opens=java.base/java.util=ALL-UNNAMED --add-opens=java.base/java.lang=ALL-UNNAMED --add-opens=java.base/java.lang.invoke=ALL-UNNAMED --add-opens=java.base/java.util=ALL-UNNAMED --add-opens=java.prefs/java.util.prefs=ALL-UNNAMED --add-opens=java.prefs/java.util.prefs=ALL-UNNAMED --add-opens=java.base/java.nio.charset=ALL-UNNAMED --add-opens=java.base/java.net=ALL-UNNAMED --add-opens=java.base/java.util.concurrent.atomic=ALL-UNNAMED -Xmx2048m -Dfile.encoding=UTF-8 -Duser.country=PH -Duser.language=en -Duser.variant 
java_command: org.gradle.launcher.daemon.bootstrap.GradleDaemon 7.0.2
java_class_path (initial): C:\Users\vbinu\.gradle\wrapper\dists\gradle-7.0.2-bin\857tjihv64xamwrf0h14cai3r\gradle-7.0.2\lib\gradle-launcher-7.0.2.jar
Launcher Type: SUN_STANDARD

[Global flags]
     intx CICompilerCount                          = 3                                         {product} {ergonomic}
     uint ConcGCThreads                            = 1                                         {product} {ergonomic}
     uint G1ConcRefinementThreads                  = 4                                         {product} {ergonomic}
   size_t G1HeapRegionSize                         = 1048576                                   {product} {ergonomic}
    uintx GCDrainStackTargetSize                   = 64                                        {product} {ergonomic}
   size_t InitialHeapSize                          = 132120576                                 {product} {ergonomic}
   size_t MarkStackSize                            = 4194304                                   {product} {ergonomic}
   size_t MaxHeapSize                              = 2147483648                                {product} {command line}
   size_t MaxNewSize                               = 1287651328                                {product} {ergonomic}
   size_t MinHeapDeltaBytes                        = 1048576                                   {product} {ergonomic}
    uintx NonNMethodCodeHeapSize                   = 5830732                                {pd product} {ergonomic}
    uintx NonProfiledCodeHeapSize                  = 122913754                              {pd product} {ergonomic}
    uintx ProfiledCodeHeapSize                     = 122913754                              {pd product} {ergonomic}
    uintx ReservedCodeCacheSize                    = 251658240                              {pd product} {ergonomic}
     bool SegmentedCodeCache                       = true                                      {product} {ergonomic}
     bool UseCompressedClassPointers               = true                                 {lp64_product} {ergonomic}
     bool UseCompressedOops                        = true                                 {lp64_product} {ergonomic}
     bool UseG1GC                                  = true                                      {product} {ergonomic}
     bool UseLargePagesIndividualAllocation        = false                                  {pd product} {ergonomic}

Logging:
Log output configuration:
 #0: stdout all=warning uptime,level,tags
 #1: stderr all=off uptime,level,tags

Environment Variables:
PATH=C:\Program Files (x86)\Common Files\Oracle\Java\javapath;C:\ProgramData\Oracle\Java\javapath;C:\WINDOWS\system32;C:\WINDOWS;C:\WINDOWS\System32\Wbem;C:\WINDOWS\System32\WindowsPowerShell\v1.0\;C:\WINDOWS\System32\OpenSSH\;C:\Program Files (x86)\NVIDIA Corporation\PhysX\Common;%SystemRoot%\system32;%SystemRoot%;%SystemRoot%\System32\Wbem;%SYSTEMROOT%\System32\WindowsPowerShell\v1.0\;%SYSTEMROOT%\System32\OpenSSH\;C:\Users\vbinu\AppData\Local\Microsoft\WindowsApps;C:\Users\vbinu\OneDrive\Desktop\platform-tools;
USERNAME=Venzon
OS=Windows_NT
PROCESSOR_IDENTIFIER=Intel64 Family 6 Model 126 Stepping 5, GenuineIntel



---------------  S Y S T E M  ---------------

OS: Windows 10 , 64 bit Build 22538 (10.0.22538.1000)
OS uptime: 0 days 0:07 hours

CPU:total 4 (initial active 4) (2 cores per cpu, 2 threads per core) family 6 model 126 stepping 5 microcode 0x96, cmov, cx8, fxsr, mmx, sse, sse2, sse3, ssse3, sse4.1, sse4.2, popcnt, avx, avx2, aes, clmul, erms, 3dnowpref, lzcnt, ht, tsc, tscinvbit, bmi1, bmi2, adx, evex, sha, fma

Memory: 4k page, system-wide physical 7959M (3238M free)
TotalPageFile size 13335M (AvailPageFile size 8258M)
current process WorkingSet (physical memory assigned to process): 370M, peak: 373M
current process commit charge ("private bytes"): 400M, peak: 402M

vm_info: OpenJDK 64-Bit Server VM (11.0.10+0-b96-7249189) for windows-amd64 JRE (11.0.10+0-b96-7249189), built on Mar 31 2021 21:44:00 by "builder" with MS VC++ 14.0 (VS2015)

END.
