#
# A fatal error has been detected by the Java Runtime Environment:
#
#  EXCEPTION_ACCESS_VIOLATION (0xc0000005) at pc=0x00007ff83d167db0, pid=7140, tid=6196
#
# JRE version: OpenJDK Runtime Environment (11.0.10) (build 11.0.10+0-b96-7249189)
# Java VM: OpenJDK 64-Bit Server VM (11.0.10+0-b96-7249189, mixed mode, tiered, compressed oops, g1 gc, windows-amd64)
# Problematic frame:
# V  [jvm.dll+0x357db0]
#
# No core dump will be written. Minidumps are not enabled by default on client versions of Windows
#
# If you would like to submit a bug report, please visit:
#   https://bugreport.java.com/bugreport/crash.jsp
#

---------------  S U M M A R Y ------------

Command Line: --add-opens=java.base/java.util=ALL-UNNAMED --add-opens=java.base/java.lang=ALL-UNNAMED --add-opens=java.base/java.lang.invoke=ALL-UNNAMED --add-opens=java.base/java.util=ALL-UNNAMED --add-opens=java.prefs/java.util.prefs=ALL-UNNAMED --add-opens=java.prefs/java.util.prefs=ALL-UNNAMED --add-opens=java.base/java.nio.charset=ALL-UNNAMED --add-opens=java.base/java.net=ALL-UNNAMED --add-opens=java.base/java.util.concurrent.atomic=ALL-UNNAMED -Xmx2048m -Dfile.encoding=UTF-8 -Duser.country=PH -Duser.language=en -Duser.variant org.gradle.launcher.daemon.bootstrap.GradleDaemon 7.0.2

Host: Intel(R) Core(TM) i3-1005G1 CPU @ 1.20GHz, 4 cores, 7G,  Windows 10 , 64 bit Build 22538 (10.0.22538.1000)
Time: Thu Jan 27 03:07:39 2022 Malay Peninsula Standard Time elapsed time: 3.377834 seconds (0d 0h 0m 3s)

---------------  T H R E A D  ---------------

Current thread (0x000002daf7991000):  JavaThread "C2 CompilerThread0" daemon [_thread_in_native, id=6196, stack(0x000000df94e00000,0x000000df94f00000)]


Current CompileTask:
C2:   3377 2479       4       jdk.internal.loader.URLClassPath::getResource (74 bytes)

Stack: [0x000000df94e00000,0x000000df94f00000],  sp=0x000000df94efbdb0,  free space=1007k
Native frames: (J=compiled Java code, j=interpreted, Vv=VM code, C=native code)
V  [jvm.dll+0x357db0]
V  [jvm.dll+0x352b90]
V  [jvm.dll+0x351196]
V  [jvm.dll+0x198052]
V  [jvm.dll+0x1fb70e]
V  [jvm.dll+0x1fa7f4]
V  [jvm.dll+0x18354c]
V  [jvm.dll+0x208ee7]
V  [jvm.dll+0x207731]
V  [jvm.dll+0x6eb1cf]
V  [jvm.dll+0x6e3d45]
V  [jvm.dll+0x5ebe96]
C  [ucrtbase.dll+0x293cc]
C  [KERNEL32.DLL+0x11350]
C  [ntdll.dll+0x51e78]


siginfo: EXCEPTION_ACCESS_VIOLATION (0xc0000005), reading address 0x00007ffc3d807c38


Register to memory mapping:

RIP=0x00007ff83d167db0 jvm.dll
RAX=0x00007ffc3d807c38 is an unknown value
RBX=0x0000000000000138 is an unknown value
RCX=0x0000000000000004 is an unknown value
RDX=0x0 is NULL
RSP=0x000000df94efbdb0 is pointing into the stack for thread: 0x000002daf7991000
RBP=0x0000000000000008 is an unknown value
RSI=0x00007ff83d807c38 jvm.dll
RDI=0x000002daf797e950 points into unknown readable memory: 0x000002daf7984d40 | 40 4d 98 f7 da 02 00 00
R8 =0x000002dafa351fe0 points into unknown readable memory: 0x0000000000000000 | 00 00 00 00 00 00 00 00
R9 =0x000000df94efbe00 is pointing into the stack for thread: 0x000002daf7991000
R10=0x0000000000000027 is an unknown value
R11=0x000000df94efbe40 is pointing into the stack for thread: 0x000002daf7991000
R12=0x00000000000003d8 is an unknown value
R13=0x0000000000000008 is an unknown value
R14=0x00007ff83ce10000 jvm.dll
R15=0x000002dafa09e580 points into unknown readable memory: 0x000002dafe7c4040 | 40 40 7c fe da 02 00 00


Registers:
RAX=0x00007ffc3d807c38, RBX=0x0000000000000138, RCX=0x0000000000000004, RDX=0x0000000000000000
RSP=0x000000df94efbdb0, RBP=0x0000000000000008, RSI=0x00007ff83d807c38, RDI=0x000002daf797e950
R8 =0x000002dafa351fe0, R9 =0x000000df94efbe00, R10=0x0000000000000027, R11=0x000000df94efbe40
R12=0x00000000000003d8, R13=0x0000000000000008, R14=0x00007ff83ce10000, R15=0x000002dafa09e580
RIP=0x00007ff83d167db0, EFLAGS=0x0000000000010246

Top of Stack: (sp=0x000000df94efbdb0)
0x000000df94efbdb0:   0000000000000035 00007ff83d2faa52
0x000000df94efbdc0:   00000000000034ea 00007ff83d167ea8
0x000000df94efbdd0:   0000000000000002 00007ff83d162b90
0x000000df94efbde0:   0000000000000002 0000000000000000
0x000000df94efbdf0:   000000df94efbf40 00007ff83d161260
0x000000df94efbe00:   000002cf00000000 000000df00000007
0x000000df94efbe10:   00007ffc3d807c38 00007ff800000003
0x000000df94efbe20:   000002dafd82d428 000002da00000035
0x000000df94efbe30:   000002dafe7e0250 0000000000000035
0x000000df94efbe40:   000002dafa09e590 00007ff83d161196
0x000000df94efbe50:   00000000000002d0 000000df94efbf80
0x000000df94efbe60:   000000df94efbf40 000002dafea09250
0x000000df94efbe70:   000000df94efc3c8 00007ff83cfa8052
0x000000df94efbe80:   0000000000000000 000000df94efc2e0
0x000000df94efbe90:   00000000000003d8 000002dafa09e590
0x000000df94efbea0:   000000000000d600 0000000000000000 

Instructions: (pc=0x00007ff83d167db0)
0x00007ff83d167cb0:   58 4c 8b 64 24 50 48 8b c3 48 83 c4 20 41 5f 5f
0x00007ff83d167cc0:   5e 5d 5b c3 cc cc cc cc cc cc cc cc cc cc cc cc
0x00007ff83d167cd0:   83 3a 00 4c 8b c2 c7 41 08 08 00 00 00 75 16 33
0x00007ff83d167ce0:   d2 c7 41 18 01 00 00 00 89 11 48 8b c1 c7 41 28
0x00007ff83d167cf0:   01 00 00 00 c3 33 d2 48 89 11 89 51 18 41 8b 80
0x00007ff83d167d00:   90 00 00 00 89 41 28 48 89 51 10 49 8b 40 08 48
0x00007ff83d167d10:   89 41 20 48 8b c1 4c 89 41 30 c3 cc cc cc cc cc
0x00007ff83d167d20:   48 83 ec 28 8b 51 08 4c 8b c9 83 fa 08 73 18 4c
0x00007ff83d167d30:   8b 41 10 8b c2 41 83 3c 80 00 0f 85 0d 01 00 00
0x00007ff83d167d40:   ff c2 83 fa 08 72 ec 44 8b 51 18 48 89 5c 24 30
0x00007ff83d167d50:   48 89 6c 24 38 48 89 74 24 40 48 89 7c 24 20 44
0x00007ff83d167d60:   3b 51 28 0f 83 b9 00 00 00 8b 0d 0d ba 6d 00 48
0x00007ff83d167d70:   8d 35 c2 fe 69 00 65 48 8b 04 25 58 00 00 00 bd
0x00007ff83d167d80:   08 00 00 00 48 8d 3c c8 0f 1f 84 00 00 00 00 00
0x00007ff83d167d90:   41 8b c2 48 8d 1c c5 00 00 00 00 49 8b 41 20 48
0x00007ff83d167da0:   8b 04 03 48 3b c6 74 6d 49 89 41 10 33 d2 66 90
0x00007ff83d167db0:   83 38 00 0f 85 c3 00 00 00 ff c2 48 83 c0 04 83
0x00007ff83d167dc0:   fa 08 72 ec 4d 8b 59 30 4d 85 db 74 48 49 8b 43
0x00007ff83d167dd0:   08 8b d5 48 03 17 4c 8b 04 03 48 8b 02 48 8b 88
0x00007ff83d167de0:   d0 04 00 00 48 8b 81 88 00 00 00 48 8b 88 88 08
0x00007ff83d167df0:   00 00 49 89 08 48 8b 02 48 8b 88 d0 04 00 00 48
0x00007ff83d167e00:   8b 81 88 00 00 00 4c 89 80 88 08 00 00 49 8b 43
0x00007ff83d167e10:   08 48 89 34 03 41 ff c2 45 3b 51 28 0f 82 6e ff
0x00007ff83d167e20:   ff ff 41 8b 41 28 41 89 41 18 33 c0 41 c7 41 08
0x00007ff83d167e30:   08 00 00 00 48 8b 74 24 40 48 8b 6c 24 38 48 8b
0x00007ff83d167e40:   5c 24 30 48 8b 7c 24 20 48 83 c4 28 c3 8b 41 18
0x00007ff83d167e50:   8d 0c c2 8b c2 c1 e1 05 81 e9 00 01 00 00 41 89
0x00007ff83d167e60:   49 04 41 8b 0c 80 8d 42 01 41 89 09 49 8b c9 41
0x00007ff83d167e70:   89 41 08 48 83 c4 28 e9 a4 33 e4 ff 42 8d 04 d2
0x00007ff83d167e80:   c1 e0 05 41 89 41 04 49 8b 41 10 8b 0c 90 41 8d
0x00007ff83d167e90:   42 01 41 89 41 18 8d 42 01 41 89 09 49 8b c9 41
0x00007ff83d167ea0:   89 41 08 e8 78 33 e4 ff eb 8a cc cc cc cc cc cc 


Stack slot to memory mapping:
stack at sp + 0 slots: 0x0000000000000035 is an unknown value
stack at sp + 1 slots: 0x00007ff83d2faa52 jvm.dll
stack at sp + 2 slots: 0x00000000000034ea is an unknown value
stack at sp + 3 slots: 0x00007ff83d167ea8 jvm.dll
stack at sp + 4 slots: 0x0000000000000002 is an unknown value
stack at sp + 5 slots: 0x00007ff83d162b90 jvm.dll
stack at sp + 6 slots: 0x0000000000000002 is an unknown value
stack at sp + 7 slots: 0x0 is NULL


---------------  P R O C E S S  ---------------

Threads class SMR info:
_java_thread_list=0x000002dafaa172f0, length=31, elements={
0x000002daddd9a000, 0x000002daf796d800, 0x000002daf7970000, 0x000002daf82f2800,
0x000002daf798c800, 0x000002daf798d800, 0x000002daf7991000, 0x000002daf79a0000,
0x000002daf8344000, 0x000002daf8487000, 0x000002daf8588800, 0x000002dafa37b800,
0x000002daf9c30800, 0x000002daf9955800, 0x000002dafa586800, 0x000002dafa299800,
0x000002dafa389800, 0x000002dafaf23000, 0x000002dafaf06000, 0x000002dafa7d0000,
0x000002dafa7d2800, 0x000002dafa7d1000, 0x000002dafa7d1800, 0x000002dafbaf2000,
0x000002dafbaf6000, 0x000002dafbaf3800, 0x000002dafbaf3000, 0x000002dafbaf4800,
0x000002dafbaf5000, 0x000002dafbaf0800, 0x000002dafbaf7000
}

Java Threads: ( => current thread )
  0x000002daddd9a000 JavaThread "main" [_thread_blocked, id=4548, stack(0x000000df94200000,0x000000df94300000)]
  0x000002daf796d800 JavaThread "Reference Handler" daemon [_thread_blocked, id=784, stack(0x000000df94900000,0x000000df94a00000)]
  0x000002daf7970000 JavaThread "Finalizer" daemon [_thread_blocked, id=4240, stack(0x000000df94a00000,0x000000df94b00000)]
  0x000002daf82f2800 JavaThread "Signal Dispatcher" daemon [_thread_blocked, id=2972, stack(0x000000df94b00000,0x000000df94c00000)]
  0x000002daf798c800 JavaThread "Attach Listener" daemon [_thread_blocked, id=1916, stack(0x000000df94c00000,0x000000df94d00000)]
  0x000002daf798d800 JavaThread "Service Thread" daemon [_thread_blocked, id=10048, stack(0x000000df94d00000,0x000000df94e00000)]
=>0x000002daf7991000 JavaThread "C2 CompilerThread0" daemon [_thread_in_native, id=6196, stack(0x000000df94e00000,0x000000df94f00000)]
  0x000002daf79a0000 JavaThread "C1 CompilerThread0" daemon [_thread_in_native, id=5092, stack(0x000000df94f00000,0x000000df95000000)]
  0x000002daf8344000 JavaThread "Sweeper thread" daemon [_thread_blocked, id=1176, stack(0x000000df95000000,0x000000df95100000)]
  0x000002daf8487000 JavaThread "Common-Cleaner" daemon [_thread_blocked, id=5800, stack(0x000000df95100000,0x000000df95200000)]
  0x000002daf8588800 JavaThread "C2 CompilerThread1" daemon [_thread_in_native, id=4368, stack(0x000000df95300000,0x000000df95400000)]
  0x000002dafa37b800 JavaThread "Daemon health stats" [_thread_blocked, id=7580, stack(0x000000df95600000,0x000000df95700000)]
  0x000002daf9c30800 JavaThread "Incoming local TCP Connector on port 49883" [_thread_in_native, id=6308, stack(0x000000df95700000,0x000000df95800000)]
  0x000002daf9955800 JavaThread "Daemon periodic checks" [_thread_blocked, id=2232, stack(0x000000df95800000,0x000000df95900000)]
  0x000002dafa586800 JavaThread "Daemon" [_thread_blocked, id=10128, stack(0x000000df95900000,0x000000df95a00000)]
  0x000002dafa299800 JavaThread "Handler for socket connection from /127.0.0.1:49883 to /127.0.0.1:49884" [_thread_in_native, id=924, stack(0x000000df95a00000,0x000000df95b00000)]
  0x000002dafa389800 JavaThread "Cancel handler" [_thread_blocked, id=6336, stack(0x000000df95b00000,0x000000df95c00000)]
  0x000002dafaf23000 JavaThread "Daemon worker" [_thread_in_Java, id=2332, stack(0x000000df95c00000,0x000000df95d00000)]
  0x000002dafaf06000 JavaThread "Asynchronous log dispatcher for DefaultDaemonConnection: socket connection from /127.0.0.1:49883 to /127.0.0.1:49884" [_thread_blocked, id=4928, stack(0x000000df95d00000,0x000000df95e00000)]
  0x000002dafa7d0000 JavaThread "Stdin handler" [_thread_blocked, id=3204, stack(0x000000df95e00000,0x000000df95f00000)]
  0x000002dafa7d2800 JavaThread "Daemon client event forwarder" [_thread_blocked, id=5844, stack(0x000000df95f00000,0x000000df96000000)]
  0x000002dafa7d1000 JavaThread "Cache worker for file hash cache (C:\Users\vbinu\.gradle\caches\7.0.2\fileHashes)" [_thread_blocked, id=6384, stack(0x000000df96000000,0x000000df96100000)]
  0x000002dafa7d1800 JavaThread "File lock request listener" [_thread_in_native, id=10072, stack(0x000000df96100000,0x000000df96200000)]
  0x000002dafbaf2000 JavaThread "Cache worker for journal cache (C:\Users\vbinu\.gradle\caches\journal-1)" [_thread_blocked, id=4880, stack(0x000000df96300000,0x000000df96400000)]
  0x000002dafbaf6000 JavaThread "Cache worker for file hash cache (D:\AndroidStudioProjects\taguigscholarship\.gradle\7.0.2\fileHashes)" [_thread_blocked, id=4888, stack(0x000000df96400000,0x000000df96500000)]
  0x000002dafbaf3800 JavaThread "File watcher server" daemon [_thread_in_native, id=1428, stack(0x000000df96500000,0x000000df96600000)]
  0x000002dafbaf3000 JavaThread "File watcher consumer" daemon [_thread_blocked, id=6460, stack(0x000000df96600000,0x000000df96700000)]
  0x000002dafbaf4800 JavaThread "Cache worker for checksums cache (D:\AndroidStudioProjects\taguigscholarship\.gradle\checksums)" [_thread_blocked, id=2824, stack(0x000000df96700000,0x000000df96800000)]
  0x000002dafbaf5000 JavaThread "Cache worker for cache directory md-supplier (C:\Users\vbinu\.gradle\caches\7.0.2\md-supplier)" [_thread_blocked, id=9916, stack(0x000000df96800000,0x000000df96900000)]
  0x000002dafbaf0800 JavaThread "Cache worker for cache directory md-rule (C:\Users\vbinu\.gradle\caches\7.0.2\md-rule)" [_thread_blocked, id=3160, stack(0x000000df96900000,0x000000df96a00000)]
  0x000002dafbaf7000 JavaThread "Cache worker for execution history cache (C:\Users\vbinu\.gradle\caches\7.0.2\executionHistory)" [_thread_blocked, id=8124, stack(0x000000df96a00000,0x000000df96b00000)]

Other Threads:
  0x000002daf796a800 VMThread "VM Thread" [stack: 0x000000df94800000,0x000000df94900000] [id=5944]
  0x000002daf84b0000 WatcherThread [stack: 0x000000df95200000,0x000000df95300000] [id=6016]
  0x000002dadddb2000 GCTaskThread "GC Thread#0" [stack: 0x000000df94300000,0x000000df94400000] [id=5952]
  0x000002daf83b0000 GCTaskThread "GC Thread#1" [stack: 0x000000df95400000,0x000000df95500000] [id=1728]
  0x000002daf83b2000 GCTaskThread "GC Thread#2" [stack: 0x000000df95500000,0x000000df95600000] [id=1396]
  0x000002daf83b1800 GCTaskThread "GC Thread#3" [stack: 0x000000df96200000,0x000000df96300000] [id=4832]
  0x000002daddde3800 ConcurrentGCThread "G1 Main Marker" [stack: 0x000000df94400000,0x000000df94500000] [id=8612]
  0x000002daddde8000 ConcurrentGCThread "G1 Conc#0" [stack: 0x000000df94500000,0x000000df94600000] [id=9388]
  0x000002daf77c0800 ConcurrentGCThread "G1 Refine#0" [stack: 0x000000df94600000,0x000000df94700000] [id=4520]
  0x000002daf77c1800 ConcurrentGCThread "G1 Young RemSet Sampling" [stack: 0x000000df94700000,0x000000df94800000] [id=2316]

Threads with active compile tasks:
C2 CompilerThread0   3428 2479       4       jdk.internal.loader.URLClassPath::getResource (74 bytes)
C2 CompilerThread1   3428 3080       4       jdk.internal.jimage.BasicImageReader::getString (48 bytes)

VM state:not at safepoint (normal execution)

VM Mutex/Monitor currently owned by a thread: None

Heap address: 0x0000000080000000, size: 2048 MB, Compressed Oops mode: 32-bit
Narrow klass base: 0x0000000000000000, Narrow klass shift: 3
Compressed class space size: 1073741824 Address: 0x0000000100000000

Heap:
 garbage-first heap   total 155648K, used 33429K [0x0000000080000000, 0x0000000100000000)
  region size 1024K, 18 young (18432K), 6 survivors (6144K)
 Metaspace       used 35813K, capacity 36693K, committed 36940K, reserved 1081344K
  class space    used 4613K, capacity 4916K, committed 4940K, reserved 1048576K
Heap Regions: E=young(eden), S=young(survivor), O=old, HS=humongous(starts), HC=humongous(continues), CS=collection set, F=free, A=archive, TAMS=top-at-mark-start (previous, next)
|   0|0x0000000080000000, 0x0000000080100000, 0x0000000080100000|100%| O|  |TAMS 0x0000000080100000, 0x0000000080000000| Untracked 
|   1|0x0000000080100000, 0x0000000080200000, 0x0000000080200000|100%| O|  |TAMS 0x0000000080200000, 0x0000000080100000| Untracked 
|   2|0x0000000080200000, 0x0000000080300000, 0x0000000080300000|100%| O|  |TAMS 0x0000000080300000, 0x0000000080200000| Untracked 
|   3|0x0000000080300000, 0x0000000080400000, 0x0000000080400000|100%|HS|  |TAMS 0x0000000080400000, 0x0000000080300000| Complete 
|   4|0x0000000080400000, 0x0000000080500000, 0x0000000080500000|100%|HC|  |TAMS 0x0000000080500000, 0x0000000080400000| Complete 
|   5|0x0000000080500000, 0x0000000080600000, 0x0000000080600000|100%|HC|  |TAMS 0x0000000080600000, 0x0000000080500000| Complete 
|   6|0x0000000080600000, 0x0000000080700000, 0x0000000080700000|100%| O|  |TAMS 0x0000000080700000, 0x0000000080600000| Untracked 
|   7|0x0000000080700000, 0x0000000080800000, 0x0000000080800000|100%| O|  |TAMS 0x0000000080800000, 0x0000000080700000| Untracked 
|   8|0x0000000080800000, 0x0000000080900000, 0x0000000080900000|100%| O|  |TAMS 0x0000000080900000, 0x0000000080800000| Untracked 
|   9|0x0000000080900000, 0x0000000080a00000, 0x0000000080a00000|100%| O|  |TAMS 0x0000000080a00000, 0x0000000080900000| Untracked 
|  10|0x0000000080a00000, 0x0000000080b00000, 0x0000000080b00000|100%| O|  |TAMS 0x0000000080b00000, 0x0000000080a00000| Untracked 
|  11|0x0000000080b00000, 0x0000000080c00000, 0x0000000080c00000|100%| O|  |TAMS 0x0000000080c00000, 0x0000000080b00000| Untracked 
|  12|0x0000000080c00000, 0x0000000080d00000, 0x0000000080d00000|100%| O|  |TAMS 0x0000000080d00000, 0x0000000080c00000| Untracked 
|  13|0x0000000080d00000, 0x0000000080e00000, 0x0000000080e00000|100%| O|  |TAMS 0x0000000080e00000, 0x0000000080d00000| Untracked 
|  14|0x0000000080e00000, 0x0000000080f00000, 0x0000000080f00000|100%| O|  |TAMS 0x0000000080f00000, 0x0000000080e00000| Untracked 
|  15|0x0000000080f00000, 0x0000000080fe0000, 0x0000000081000000| 87%| O|  |TAMS 0x0000000080fe0000, 0x0000000080f00000| Untracked 
|  16|0x0000000081000000, 0x0000000081000000, 0x0000000081100000|  0%| F|  |TAMS 0x0000000081000000, 0x0000000081000000| Untracked 
|  17|0x0000000081100000, 0x0000000081100000, 0x0000000081200000|  0%| F|  |TAMS 0x0000000081100000, 0x0000000081100000| Untracked 
|  18|0x0000000081200000, 0x0000000081200000, 0x0000000081300000|  0%| F|  |TAMS 0x0000000081200000, 0x0000000081200000| Untracked 
|  19|0x0000000081300000, 0x0000000081300000, 0x0000000081400000|  0%| F|  |TAMS 0x0000000081300000, 0x0000000081300000| Untracked 
|  20|0x0000000081400000, 0x0000000081400000, 0x0000000081500000|  0%| F|  |TAMS 0x0000000081400000, 0x0000000081400000| Untracked 
|  21|0x0000000081500000, 0x0000000081500000, 0x0000000081600000|  0%| F|  |TAMS 0x0000000081500000, 0x0000000081500000| Untracked 
|  22|0x0000000081600000, 0x0000000081600000, 0x0000000081700000|  0%| F|  |TAMS 0x0000000081600000, 0x0000000081600000| Untracked 
|  23|0x0000000081700000, 0x0000000081700000, 0x0000000081800000|  0%| F|  |TAMS 0x0000000081700000, 0x0000000081700000| Untracked 
|  24|0x0000000081800000, 0x0000000081800000, 0x0000000081900000|  0%| F|  |TAMS 0x0000000081800000, 0x0000000081800000| Untracked 
|  25|0x0000000081900000, 0x0000000081900000, 0x0000000081a00000|  0%| F|  |TAMS 0x0000000081900000, 0x0000000081900000| Untracked 
|  26|0x0000000081a00000, 0x0000000081a00000, 0x0000000081b00000|  0%| F|  |TAMS 0x0000000081a00000, 0x0000000081a00000| Untracked 
|  27|0x0000000081b00000, 0x0000000081b00000, 0x0000000081c00000|  0%| F|  |TAMS 0x0000000081b00000, 0x0000000081b00000| Untracked 
|  28|0x0000000081c00000, 0x0000000081c00000, 0x0000000081d00000|  0%| F|  |TAMS 0x0000000081c00000, 0x0000000081c00000| Untracked 
|  29|0x0000000081d00000, 0x0000000081d00000, 0x0000000081e00000|  0%| F|  |TAMS 0x0000000081d00000, 0x0000000081d00000| Untracked 
|  30|0x0000000081e00000, 0x0000000081e00000, 0x0000000081f00000|  0%| F|  |TAMS 0x0000000081e00000, 0x0000000081e00000| Untracked 
|  31|0x0000000081f00000, 0x0000000081f00000, 0x0000000082000000|  0%| F|  |TAMS 0x0000000081f00000, 0x0000000081f00000| Untracked 
|  32|0x0000000082000000, 0x0000000082000000, 0x0000000082100000|  0%| F|  |TAMS 0x0000000082000000, 0x0000000082000000| Untracked 
|  33|0x0000000082100000, 0x0000000082100000, 0x0000000082200000|  0%| F|  |TAMS 0x0000000082100000, 0x0000000082100000| Untracked 
|  34|0x0000000082200000, 0x0000000082200000, 0x0000000082300000|  0%| F|  |TAMS 0x0000000082200000, 0x0000000082200000| Untracked 
|  35|0x0000000082300000, 0x0000000082300000, 0x0000000082400000|  0%| F|  |TAMS 0x0000000082300000, 0x0000000082300000| Untracked 
|  36|0x0000000082400000, 0x0000000082400000, 0x0000000082500000|  0%| F|  |TAMS 0x0000000082400000, 0x0000000082400000| Untracked 
|  37|0x0000000082500000, 0x0000000082500000, 0x0000000082600000|  0%| F|  |TAMS 0x0000000082500000, 0x0000000082500000| Untracked 
|  38|0x0000000082600000, 0x0000000082600000, 0x0000000082700000|  0%| F|  |TAMS 0x0000000082600000, 0x0000000082600000| Untracked 
|  39|0x0000000082700000, 0x0000000082700000, 0x0000000082800000|  0%| F|  |TAMS 0x0000000082700000, 0x0000000082700000| Untracked 
|  40|0x0000000082800000, 0x0000000082800000, 0x0000000082900000|  0%| F|  |TAMS 0x0000000082800000, 0x0000000082800000| Untracked 
|  41|0x0000000082900000, 0x0000000082900000, 0x0000000082a00000|  0%| F|  |TAMS 0x0000000082900000, 0x0000000082900000| Untracked 
|  42|0x0000000082a00000, 0x0000000082a00000, 0x0000000082b00000|  0%| F|  |TAMS 0x0000000082a00000, 0x0000000082a00000| Untracked 
|  43|0x0000000082b00000, 0x0000000082b00000, 0x0000000082c00000|  0%| F|  |TAMS 0x0000000082b00000, 0x0000000082b00000| Untracked 
|  44|0x0000000082c00000, 0x0000000082c00000, 0x0000000082d00000|  0%| F|  |TAMS 0x0000000082c00000, 0x0000000082c00000| Untracked 
|  45|0x0000000082d00000, 0x0000000082d00000, 0x0000000082e00000|  0%| F|  |TAMS 0x0000000082d00000, 0x0000000082d00000| Untracked 
|  46|0x0000000082e00000, 0x0000000082e00000, 0x0000000082f00000|  0%| F|  |TAMS 0x0000000082e00000, 0x0000000082e00000| Untracked 
|  47|0x0000000082f00000, 0x0000000082f00000, 0x0000000083000000|  0%| F|  |TAMS 0x0000000082f00000, 0x0000000082f00000| Untracked 
|  48|0x0000000083000000, 0x0000000083000000, 0x0000000083100000|  0%| F|  |TAMS 0x0000000083000000, 0x0000000083000000| Untracked 
|  49|0x0000000083100000, 0x0000000083100000, 0x0000000083200000|  0%| F|  |TAMS 0x0000000083100000, 0x0000000083100000| Untracked 
|  50|0x0000000083200000, 0x0000000083200000, 0x0000000083300000|  0%| F|  |TAMS 0x0000000083200000, 0x0000000083200000| Untracked 
|  51|0x0000000083300000, 0x0000000083300000, 0x0000000083400000|  0%| F|  |TAMS 0x0000000083300000, 0x0000000083300000| Untracked 
|  52|0x0000000083400000, 0x0000000083400000, 0x0000000083500000|  0%| F|  |TAMS 0x0000000083400000, 0x0000000083400000| Untracked 
|  53|0x0000000083500000, 0x0000000083500000, 0x0000000083600000|  0%| F|  |TAMS 0x0000000083500000, 0x0000000083500000| Untracked 
|  54|0x0000000083600000, 0x0000000083600000, 0x0000000083700000|  0%| F|  |TAMS 0x0000000083600000, 0x0000000083600000| Untracked 
|  55|0x0000000083700000, 0x0000000083700000, 0x0000000083800000|  0%| F|  |TAMS 0x0000000083700000, 0x0000000083700000| Untracked 
|  56|0x0000000083800000, 0x0000000083800000, 0x0000000083900000|  0%| F|  |TAMS 0x0000000083800000, 0x0000000083800000| Untracked 
|  57|0x0000000083900000, 0x0000000083900000, 0x0000000083a00000|  0%| F|  |TAMS 0x0000000083900000, 0x0000000083900000| Untracked 
|  58|0x0000000083a00000, 0x0000000083a00000, 0x0000000083b00000|  0%| F|  |TAMS 0x0000000083a00000, 0x0000000083a00000| Untracked 
|  59|0x0000000083b00000, 0x0000000083b00000, 0x0000000083c00000|  0%| F|  |TAMS 0x0000000083b00000, 0x0000000083b00000| Untracked 
|  60|0x0000000083c00000, 0x0000000083c00000, 0x0000000083d00000|  0%| F|  |TAMS 0x0000000083c00000, 0x0000000083c00000| Untracked 
|  61|0x0000000083d00000, 0x0000000083d00000, 0x0000000083e00000|  0%| F|  |TAMS 0x0000000083d00000, 0x0000000083d00000| Untracked 
|  62|0x0000000083e00000, 0x0000000083e00000, 0x0000000083f00000|  0%| F|  |TAMS 0x0000000083e00000, 0x0000000083e00000| Untracked 
|  63|0x0000000083f00000, 0x0000000083f00000, 0x0000000084000000|  0%| F|  |TAMS 0x0000000083f00000, 0x0000000083f00000| Untracked 
|  64|0x0000000084000000, 0x0000000084000000, 0x0000000084100000|  0%| F|  |TAMS 0x0000000084000000, 0x0000000084000000| Untracked 
|  65|0x0000000084100000, 0x0000000084100000, 0x0000000084200000|  0%| F|  |TAMS 0x0000000084100000, 0x0000000084100000| Untracked 
|  66|0x0000000084200000, 0x0000000084200000, 0x0000000084300000|  0%| F|  |TAMS 0x0000000084200000, 0x0000000084200000| Untracked 
|  67|0x0000000084300000, 0x0000000084300000, 0x0000000084400000|  0%| F|  |TAMS 0x0000000084300000, 0x0000000084300000| Untracked 
|  68|0x0000000084400000, 0x0000000084400000, 0x0000000084500000|  0%| F|  |TAMS 0x0000000084400000, 0x0000000084400000| Untracked 
|  69|0x0000000084500000, 0x0000000084500000, 0x0000000084600000|  0%| F|  |TAMS 0x0000000084500000, 0x0000000084500000| Untracked 
|  70|0x0000000084600000, 0x0000000084600000, 0x0000000084700000|  0%| F|  |TAMS 0x0000000084600000, 0x0000000084600000| Untracked 
|  71|0x0000000084700000, 0x0000000084700000, 0x0000000084800000|  0%| F|  |TAMS 0x0000000084700000, 0x0000000084700000| Untracked 
|  72|0x0000000084800000, 0x0000000084800000, 0x0000000084900000|  0%| F|  |TAMS 0x0000000084800000, 0x0000000084800000| Untracked 
|  73|0x0000000084900000, 0x0000000084900000, 0x0000000084a00000|  0%| F|  |TAMS 0x0000000084900000, 0x0000000084900000| Untracked 
|  74|0x0000000084a00000, 0x0000000084a00000, 0x0000000084b00000|  0%| F|  |TAMS 0x0000000084a00000, 0x0000000084a00000| Untracked 
|  75|0x0000000084b00000, 0x0000000084b00000, 0x0000000084c00000|  0%| F|  |TAMS 0x0000000084b00000, 0x0000000084b00000| Untracked 
|  76|0x0000000084c00000, 0x0000000084c00000, 0x0000000084d00000|  0%| F|  |TAMS 0x0000000084c00000, 0x0000000084c00000| Untracked 
|  77|0x0000000084d00000, 0x0000000084d00000, 0x0000000084e00000|  0%| F|  |TAMS 0x0000000084d00000, 0x0000000084d00000| Untracked 
|  78|0x0000000084e00000, 0x0000000084e00000, 0x0000000084f00000|  0%| F|  |TAMS 0x0000000084e00000, 0x0000000084e00000| Untracked 
|  79|0x0000000084f00000, 0x0000000084f00000, 0x0000000085000000|  0%| F|  |TAMS 0x0000000084f00000, 0x0000000084f00000| Untracked 
|  80|0x0000000085000000, 0x0000000085000000, 0x0000000085100000|  0%| F|  |TAMS 0x0000000085000000, 0x0000000085000000| Untracked 
|  81|0x0000000085100000, 0x0000000085100000, 0x0000000085200000|  0%| F|  |TAMS 0x0000000085100000, 0x0000000085100000| Untracked 
|  82|0x0000000085200000, 0x0000000085200000, 0x0000000085300000|  0%| F|  |TAMS 0x0000000085200000, 0x0000000085200000| Untracked 
|  83|0x0000000085300000, 0x0000000085300000, 0x0000000085400000|  0%| F|  |TAMS 0x0000000085300000, 0x0000000085300000| Untracked 
|  84|0x0000000085400000, 0x0000000085400000, 0x0000000085500000|  0%| F|  |TAMS 0x0000000085400000, 0x0000000085400000| Untracked 
|  85|0x0000000085500000, 0x0000000085500000, 0x0000000085600000|  0%| F|  |TAMS 0x0000000085500000, 0x0000000085500000| Untracked 
|  86|0x0000000085600000, 0x0000000085600000, 0x0000000085700000|  0%| F|  |TAMS 0x0000000085600000, 0x0000000085600000| Untracked 
|  87|0x0000000085700000, 0x0000000085700000, 0x0000000085800000|  0%| F|  |TAMS 0x0000000085700000, 0x0000000085700000| Untracked 
|  88|0x0000000085800000, 0x0000000085800000, 0x0000000085900000|  0%| F|  |TAMS 0x0000000085800000, 0x0000000085800000| Untracked 
|  89|0x0000000085900000, 0x0000000085900000, 0x0000000085a00000|  0%| F|  |TAMS 0x0000000085900000, 0x0000000085900000| Untracked 
|  90|0x0000000085a00000, 0x0000000085a00000, 0x0000000085b00000|  0%| F|  |TAMS 0x0000000085a00000, 0x0000000085a00000| Untracked 
|  91|0x0000000085b00000, 0x0000000085b00000, 0x0000000085c00000|  0%| F|  |TAMS 0x0000000085b00000, 0x0000000085b00000| Untracked 
|  92|0x0000000085c00000, 0x0000000085c00000, 0x0000000085d00000|  0%| F|  |TAMS 0x0000000085c00000, 0x0000000085c00000| Untracked 
|  93|0x0000000085d00000, 0x0000000085d00000, 0x0000000085e00000|  0%| F|  |TAMS 0x0000000085d00000, 0x0000000085d00000| Untracked 
|  94|0x0000000085e00000, 0x0000000085e00000, 0x0000000085f00000|  0%| F|  |TAMS 0x0000000085e00000, 0x0000000085e00000| Untracked 
|  95|0x0000000085f00000, 0x0000000085f00000, 0x0000000086000000|  0%| F|  |TAMS 0x0000000085f00000, 0x0000000085f00000| Untracked 
|  96|0x0000000086000000, 0x0000000086000000, 0x0000000086100000|  0%| F|  |TAMS 0x0000000086000000, 0x0000000086000000| Untracked 
|  97|0x0000000086100000, 0x0000000086100000, 0x0000000086200000|  0%| F|  |TAMS 0x0000000086100000, 0x0000000086100000| Untracked 
|  98|0x0000000086200000, 0x0000000086200000, 0x0000000086300000|  0%| F|  |TAMS 0x0000000086200000, 0x0000000086200000| Untracked 
|  99|0x0000000086300000, 0x0000000086300000, 0x0000000086400000|  0%| F|  |TAMS 0x0000000086300000, 0x0000000086300000| Untracked 
| 100|0x0000000086400000, 0x0000000086400000, 0x0000000086500000|  0%| F|  |TAMS 0x0000000086400000, 0x0000000086400000| Untracked 
| 101|0x0000000086500000, 0x00000000865c5538, 0x0000000086600000| 77%| S|CS|TAMS 0x0000000086500000, 0x0000000086500000| Complete 
| 102|0x0000000086600000, 0x0000000086700000, 0x0000000086700000|100%| S|CS|TAMS 0x0000000086600000, 0x0000000086600000| Complete 
| 103|0x0000000086700000, 0x0000000086800000, 0x0000000086800000|100%| S|CS|TAMS 0x0000000086700000, 0x0000000086700000| Complete 
| 104|0x0000000086800000, 0x0000000086900000, 0x0000000086900000|100%| S|CS|TAMS 0x0000000086800000, 0x0000000086800000| Complete 
| 105|0x0000000086900000, 0x0000000086a00000, 0x0000000086a00000|100%| S|CS|TAMS 0x0000000086900000, 0x0000000086900000| Complete 
| 106|0x0000000086a00000, 0x0000000086b00000, 0x0000000086b00000|100%| S|CS|TAMS 0x0000000086a00000, 0x0000000086a00000| Complete 
| 107|0x0000000086b00000, 0x0000000086b00000, 0x0000000086c00000|  0%| F|  |TAMS 0x0000000086b00000, 0x0000000086b00000| Untracked 
| 108|0x0000000086c00000, 0x0000000086c00000, 0x0000000086d00000|  0%| F|  |TAMS 0x0000000086c00000, 0x0000000086c00000| Untracked 
| 109|0x0000000086d00000, 0x0000000086d00000, 0x0000000086e00000|  0%| F|  |TAMS 0x0000000086d00000, 0x0000000086d00000| Untracked 
| 110|0x0000000086e00000, 0x0000000086e00000, 0x0000000086f00000|  0%| F|  |TAMS 0x0000000086e00000, 0x0000000086e00000| Untracked 
| 111|0x0000000086f00000, 0x0000000086f00000, 0x0000000087000000|  0%| F|  |TAMS 0x0000000086f00000, 0x0000000086f00000| Untracked 
| 112|0x0000000087000000, 0x0000000087000000, 0x0000000087100000|  0%| F|  |TAMS 0x0000000087000000, 0x0000000087000000| Untracked 
| 113|0x0000000087100000, 0x0000000087100000, 0x0000000087200000|  0%| F|  |TAMS 0x0000000087100000, 0x0000000087100000| Untracked 
| 114|0x0000000087200000, 0x0000000087200000, 0x0000000087300000|  0%| F|  |TAMS 0x0000000087200000, 0x0000000087200000| Untracked 
| 115|0x0000000087300000, 0x0000000087300000, 0x0000000087400000|  0%| F|  |TAMS 0x0000000087300000, 0x0000000087300000| Untracked 
| 116|0x0000000087400000, 0x0000000087400000, 0x0000000087500000|  0%| F|  |TAMS 0x0000000087400000, 0x0000000087400000| Untracked 
| 117|0x0000000087500000, 0x0000000087500000, 0x0000000087600000|  0%| F|  |TAMS 0x0000000087500000, 0x0000000087500000| Untracked 
| 118|0x0000000087600000, 0x0000000087600000, 0x0000000087700000|  0%| F|  |TAMS 0x0000000087600000, 0x0000000087600000| Untracked 
| 119|0x0000000087700000, 0x0000000087700000, 0x0000000087800000|  0%| F|  |TAMS 0x0000000087700000, 0x0000000087700000| Untracked 
| 120|0x0000000087800000, 0x0000000087800000, 0x0000000087900000|  0%| F|  |TAMS 0x0000000087800000, 0x0000000087800000| Untracked 
| 121|0x0000000087900000, 0x0000000087900000, 0x0000000087a00000|  0%| F|  |TAMS 0x0000000087900000, 0x0000000087900000| Untracked 
| 122|0x0000000087a00000, 0x0000000087a00000, 0x0000000087b00000|  0%| F|  |TAMS 0x0000000087a00000, 0x0000000087a00000| Untracked 
| 123|0x0000000087b00000, 0x0000000087b00000, 0x0000000087c00000|  0%| F|  |TAMS 0x0000000087b00000, 0x0000000087b00000| Untracked 
| 124|0x0000000087c00000, 0x0000000087c00000, 0x0000000087d00000|  0%| F|  |TAMS 0x0000000087c00000, 0x0000000087c00000| Untracked 
| 125|0x0000000087d00000, 0x0000000087d00000, 0x0000000087e00000|  0%| F|  |TAMS 0x0000000087d00000, 0x0000000087d00000| Untracked 
| 126|0x0000000087e00000, 0x0000000087e00000, 0x0000000087f00000|  0%| F|  |TAMS 0x0000000087e00000, 0x0000000087e00000| Untracked 
| 127|0x0000000087f00000, 0x0000000087f00000, 0x0000000088000000|  0%| F|  |TAMS 0x0000000087f00000, 0x0000000087f00000| Untracked 
| 128|0x0000000088000000, 0x0000000088000000, 0x0000000088100000|  0%| F|  |TAMS 0x0000000088000000, 0x0000000088000000| Untracked 
| 129|0x0000000088100000, 0x0000000088100000, 0x0000000088200000|  0%| F|  |TAMS 0x0000000088100000, 0x0000000088100000| Untracked 
| 130|0x0000000088200000, 0x0000000088200000, 0x0000000088300000|  0%| F|  |TAMS 0x0000000088200000, 0x0000000088200000| Untracked 
| 131|0x0000000088300000, 0x0000000088300000, 0x0000000088400000|  0%| F|  |TAMS 0x0000000088300000, 0x0000000088300000| Untracked 
| 132|0x0000000088400000, 0x0000000088400000, 0x0000000088500000|  0%| F|  |TAMS 0x0000000088400000, 0x0000000088400000| Untracked 
| 133|0x0000000088500000, 0x0000000088500000, 0x0000000088600000|  0%| F|  |TAMS 0x0000000088500000, 0x0000000088500000| Untracked 
| 134|0x0000000088600000, 0x0000000088600000, 0x0000000088700000|  0%| F|  |TAMS 0x0000000088600000, 0x0000000088600000| Untracked 
| 135|0x0000000088700000, 0x0000000088700000, 0x0000000088800000|  0%| F|  |TAMS 0x0000000088700000, 0x0000000088700000| Untracked 
| 136|0x0000000088800000, 0x0000000088800000, 0x0000000088900000|  0%| F|  |TAMS 0x0000000088800000, 0x0000000088800000| Untracked 
| 137|0x0000000088900000, 0x0000000088900000, 0x0000000088a00000|  0%| F|  |TAMS 0x0000000088900000, 0x0000000088900000| Untracked 
| 138|0x0000000088a00000, 0x0000000088a00000, 0x0000000088b00000|  0%| F|  |TAMS 0x0000000088a00000, 0x0000000088a00000| Untracked 
| 139|0x0000000088b00000, 0x0000000088c00000, 0x0000000088c00000|100%| E|  |TAMS 0x0000000088b00000, 0x0000000088b00000| Complete 
| 140|0x0000000088c00000, 0x0000000088d00000, 0x0000000088d00000|100%| E|CS|TAMS 0x0000000088c00000, 0x0000000088c00000| Complete 
| 141|0x0000000088d00000, 0x0000000088e00000, 0x0000000088e00000|100%| E|CS|TAMS 0x0000000088d00000, 0x0000000088d00000| Complete 
| 142|0x0000000088e00000, 0x0000000088f00000, 0x0000000088f00000|100%| E|CS|TAMS 0x0000000088e00000, 0x0000000088e00000| Complete 
| 143|0x0000000088f00000, 0x0000000089000000, 0x0000000089000000|100%| E|CS|TAMS 0x0000000088f00000, 0x0000000088f00000| Complete 
| 144|0x0000000089000000, 0x0000000089100000, 0x0000000089100000|100%| E|CS|TAMS 0x0000000089000000, 0x0000000089000000| Complete 
| 145|0x0000000089100000, 0x0000000089200000, 0x0000000089200000|100%| E|CS|TAMS 0x0000000089100000, 0x0000000089100000| Complete 
| 146|0x0000000089200000, 0x0000000089300000, 0x0000000089300000|100%| E|CS|TAMS 0x0000000089200000, 0x0000000089200000| Complete 
| 147|0x0000000089300000, 0x0000000089400000, 0x0000000089400000|100%| E|CS|TAMS 0x0000000089300000, 0x0000000089300000| Complete 
| 148|0x0000000089400000, 0x0000000089500000, 0x0000000089500000|100%| E|CS|TAMS 0x0000000089400000, 0x0000000089400000| Complete 
| 149|0x0000000089500000, 0x0000000089600000, 0x0000000089600000|100%| E|CS|TAMS 0x0000000089500000, 0x0000000089500000| Complete 
| 150|0x0000000089600000, 0x0000000089700000, 0x0000000089700000|100%| E|CS|TAMS 0x0000000089600000, 0x0000000089600000| Complete 
| 151|0x0000000089700000, 0x0000000089800000, 0x0000000089800000|100%| E|CS|TAMS 0x0000000089700000, 0x0000000089700000| Complete 

Card table byte_map: [0x000002daf0c80000,0x000002daf1080000] _byte_map_base: 0x000002daf0880000

Marking Bits (Prev, Next): (CMBitMap*) 0x000002daddddace8, (CMBitMap*) 0x000002daddddad20
 Prev Bits: [0x000002daf1480000, 0x000002daf3480000)
 Next Bits: [0x000002daf3480000, 0x000002daf5480000)

Polling page: 0x000002dadbd30000

Metaspace:

Usage:
  Non-class:     31.03 MB capacity,    30.47 MB ( 98%) used,   499.94 KB (  2%) free+waste,    77.31 KB ( <1%) overhead. 
      Class:      4.80 MB capacity,     4.51 MB ( 94%) used,   264.57 KB (  5%) free+waste,    37.69 KB ( <1%) overhead. 
       Both:     35.83 MB capacity,    34.97 MB ( 98%) used,   764.51 KB (  2%) free+waste,   115.00 KB ( <1%) overhead. 

Virtual space:
  Non-class space:       32.00 MB reserved,      31.25 MB ( 98%) committed 
      Class space:        1.00 GB reserved,       4.82 MB ( <1%) committed 
             Both:        1.03 GB reserved,      36.07 MB (  3%) committed 

Chunk freelists:
   Non-Class:  31.00 KB
       Class:  12.00 KB
        Both:  43.00 KB

MaxMetaspaceSize: 17179869184.00 GB
CompressedClassSpaceSize: 1.00 GB

CodeHeap 'non-profiled nmethods': size=120064Kb used=1445Kb max_used=1445Kb free=118618Kb
 bounds [0x000002dae9340000, 0x000002dae95b0000, 0x000002daf0880000]
CodeHeap 'profiled nmethods': size=120000Kb used=6378Kb max_used=6378Kb free=113621Kb
 bounds [0x000002dae1e10000, 0x000002dae2450000, 0x000002dae9340000]
CodeHeap 'non-nmethods': size=5696Kb used=1521Kb max_used=1534Kb free=4174Kb
 bounds [0x000002dae1880000, 0x000002dae1af0000, 0x000002dae1e10000]
 total_blobs=3712 nmethods=3093 adapters=530
 compilation: enabled
              stopped_count=0, restarted_count=0
 full_count=0

Compilation events (20 events):
Event: 3.333 Thread 0x000002daf79a0000 2840       3       jdk.nio.zipfs.ZipConstants::pkSigAt (60 bytes)
Event: 3.333 Thread 0x000002daf79a0000 nmethod 2840 0x000002dae23d8f10 code [0x000002dae23d90e0, 0x000002dae23d93b8]
Event: 3.333 Thread 0x000002daf79a0000 2841       3       jdk.nio.zipfs.ZipFileSystem$IndexNode::name (14 bytes)
Event: 3.333 Thread 0x000002daf79a0000 nmethod 2841 0x000002dae23d9510 code [0x000002dae23d96c0, 0x000002dae23d9848]
Event: 3.333 Thread 0x000002daf79a0000 2846       3       jdk.nio.zipfs.ZipConstants::CENEXT (9 bytes)
Event: 3.333 Thread 0x000002daf79a0000 nmethod 2846 0x000002dae23d9910 code [0x000002dae23d9ae0, 0x000002dae23d9d38]
Event: 3.333 Thread 0x000002daf79a0000 2847       3       jdk.nio.zipfs.ZipConstants::CENCOM (9 bytes)
Event: 3.333 Thread 0x000002daf79a0000 nmethod 2847 0x000002dae23d9e90 code [0x000002dae23da060, 0x000002dae23da2b8]
Event: 3.333 Thread 0x000002daf79a0000 2842       3       jdk.nio.zipfs.ZipCoder::isUTF8 (16 bytes)
Event: 3.333 Thread 0x000002daf79a0000 nmethod 2842 0x000002dae23da410 code [0x000002dae23da5c0, 0x000002dae23da738]
Event: 3.333 Thread 0x000002daf79a0000 2843       3       jdk.nio.zipfs.ZipConstants::cenSigAt (8 bytes)
Event: 3.333 Thread 0x000002daf79a0000 nmethod 2843 0x000002dae23da810 code [0x000002dae23da9c0, 0x000002dae23daae8]
Event: 3.333 Thread 0x000002daf79a0000 2844       3       jdk.nio.zipfs.ZipConstants::CENHOW (9 bytes)
Event: 3.333 Thread 0x000002daf79a0000 nmethod 2844 0x000002dae23dab90 code [0x000002dae23dad60, 0x000002dae23dafb8]
Event: 3.333 Thread 0x000002daf79a0000 2845       3       jdk.nio.zipfs.ZipConstants::CENNAM (9 bytes)
Event: 3.334 Thread 0x000002daf79a0000 nmethod 2845 0x000002dae23db110 code [0x000002dae23db2e0, 0x000002dae23db538]
Event: 3.334 Thread 0x000002daf79a0000 2848       3       jdk.nio.zipfs.ZipConstants::CENFLG (9 bytes)
Event: 3.334 Thread 0x000002daf79a0000 nmethod 2848 0x000002dae23db690 code [0x000002dae23db860, 0x000002dae23dbab8]
Event: 3.334 Thread 0x000002daf79a0000 2849       3       jdk.nio.zipfs.ZipFileSystem$IndexNode::<init> (113 bytes)
Event: 3.334 Thread 0x000002daf79a0000 nmethod 2849 0x000002dae23dbc10 code [0x000002dae23dbe20, 0x000002dae23dc458]

GC Heap History (12 events):
Event: 0.411 GC heap before
{Heap before GC invocations=0 (full 0):
 garbage-first heap   total 129024K, used 19456K [0x0000000080000000, 0x0000000100000000)
  region size 1024K, 14 young (14336K), 0 survivors (0K)
 Metaspace       used 6723K, capacity 6921K, committed 7168K, reserved 1056768K
  class space    used 582K, capacity 650K, committed 768K, reserved 1048576K
}
Event: 0.414 GC heap after
{Heap after GC invocations=1 (full 0):
 garbage-first heap   total 129024K, used 7959K [0x0000000080000000, 0x0000000100000000)
  region size 1024K, 2 young (2048K), 2 survivors (2048K)
 Metaspace       used 6723K, capacity 6921K, committed 7168K, reserved 1056768K
  class space    used 582K, capacity 650K, committed 768K, reserved 1048576K
}
Event: 0.674 GC heap before
{Heap before GC invocations=1 (full 0):
 garbage-first heap   total 129024K, used 21271K [0x0000000080000000, 0x0000000100000000)
  region size 1024K, 15 young (15360K), 2 survivors (2048K)
 Metaspace       used 10220K, capacity 10421K, committed 10624K, reserved 1058816K
  class space    used 1064K, capacity 1139K, committed 1152K, reserved 1048576K
}
Event: 0.677 GC heap after
{Heap after GC invocations=2 (full 0):
 garbage-first heap   total 129024K, used 9271K [0x0000000080000000, 0x0000000100000000)
  region size 1024K, 2 young (2048K), 2 survivors (2048K)
 Metaspace       used 10220K, capacity 10421K, committed 10624K, reserved 1058816K
  class space    used 1064K, capacity 1139K, committed 1152K, reserved 1048576K
}
Event: 1.008 GC heap before
{Heap before GC invocations=2 (full 0):
 garbage-first heap   total 129024K, used 39991K [0x0000000080000000, 0x0000000100000000)
  region size 1024K, 32 young (32768K), 2 survivors (2048K)
 Metaspace       used 11158K, capacity 11438K, committed 11520K, reserved 1058816K
  class space    used 1166K, capacity 1243K, committed 1280K, reserved 1048576K
}
Event: 1.011 GC heap after
{Heap after GC invocations=3 (full 0):
 garbage-first heap   total 129024K, used 12440K [0x0000000080000000, 0x0000000100000000)
  region size 1024K, 4 young (4096K), 4 survivors (4096K)
 Metaspace       used 11158K, capacity 11438K, committed 11520K, reserved 1058816K
  class space    used 1166K, capacity 1243K, committed 1280K, reserved 1048576K
}
Event: 1.994 GC heap before
{Heap before GC invocations=3 (full 0):
 garbage-first heap   total 129024K, used 73880K [0x0000000080000000, 0x0000000100000000)
  region size 1024K, 65 young (66560K), 4 survivors (4096K)
 Metaspace       used 20600K, capacity 21124K, committed 21248K, reserved 1067008K
  class space    used 2520K, capacity 2722K, committed 2816K, reserved 1048576K
}
Event: 2.001 GC heap after
{Heap after GC invocations=4 (full 0):
 garbage-first heap   total 129024K, used 16952K [0x0000000080000000, 0x0000000100000000)
  region size 1024K, 9 young (9216K), 9 survivors (9216K)
 Metaspace       used 20600K, capacity 21124K, committed 21248K, reserved 1067008K
  class space    used 2520K, capacity 2722K, committed 2816K, reserved 1048576K
}
Event: 2.626 GC heap before
{Heap before GC invocations=5 (full 0):
 garbage-first heap   total 129024K, used 81464K [0x0000000080000000, 0x0000000100000000)
  region size 1024K, 72 young (73728K), 9 survivors (9216K)
 Metaspace       used 26666K, capacity 27311K, committed 27392K, reserved 1073152K
  class space    used 3525K, capacity 3791K, committed 3840K, reserved 1048576K
}
Event: 2.633 GC heap after
{Heap after GC invocations=6 (full 0):
 garbage-first heap   total 155648K, used 18896K [0x0000000080000000, 0x0000000100000000)
  region size 1024K, 7 young (7168K), 7 survivors (7168K)
 Metaspace       used 26666K, capacity 27311K, committed 27392K, reserved 1073152K
  class space    used 3525K, capacity 3791K, committed 3840K, reserved 1048576K
}
Event: 3.302 GC heap before
{Heap before GC invocations=6 (full 0):
 garbage-first heap   total 155648K, used 62928K [0x0000000080000000, 0x0000000100000000)
  region size 1024K, 52 young (53248K), 7 survivors (7168K)
 Metaspace       used 35030K, capacity 35830K, committed 35840K, reserved 1081344K
  class space    used 4538K, capacity 4864K, committed 4864K, reserved 1048576K
}
Event: 3.310 GC heap after
{Heap after GC invocations=7 (full 0):
 garbage-first heap   total 155648K, used 22165K [0x0000000080000000, 0x0000000100000000)
  region size 1024K, 6 young (6144K), 6 survivors (6144K)
 Metaspace       used 35030K, capacity 35830K, committed 35840K, reserved 1081344K
  class space    used 4538K, capacity 4864K, committed 4864K, reserved 1048576K
}

Deoptimization events (20 events):
Event: 3.237 Thread 0x000002dafaf23000 Uncommon trap: trap_request=0xffffff5c fr.pc=0x000002dae93d9404 relative=0x0000000000000e44
Event: 3.237 Thread 0x000002dafaf23000 Uncommon trap: reason=speculate_null_assert action=make_not_entrant pc=0x000002dae93d9404 method=jdk.internal.loader.URLClassPath$JarLoader.getResource(Ljava/lang/String;ZLjava/util/Set;)Ljdk/internal/loader/Resource; @ 17 c2
Event: 3.237 Thread 0x000002dafaf23000 DEOPT PACKING pc=0x000002dae93d9404 sp=0x000000df95cf5800
Event: 3.237 Thread 0x000002dafaf23000 DEOPT UNPACKING pc=0x000002dae18883af sp=0x000000df95cf57a8 mode 2
Event: 3.298 Thread 0x000002dafaf23000 Uncommon trap: trap_request=0xffffff4d fr.pc=0x000002dae93c605c relative=0x000000000000141c
Event: 3.298 Thread 0x000002dafaf23000 Uncommon trap: reason=unstable_if action=reinterpret pc=0x000002dae93c605c method=sun.nio.fs.WindowsPathParser.isSlash(C)Z @ 9 c2
Event: 3.298 Thread 0x000002dafaf23000 DEOPT PACKING pc=0x000002dae93c605c sp=0x000000df95cf97a0
Event: 3.298 Thread 0x000002dafaf23000 DEOPT UNPACKING pc=0x000002dae18883af sp=0x000000df95cf9730 mode 2
Event: 3.298 Thread 0x000002dafaf23000 Uncommon trap: trap_request=0xffffff4d fr.pc=0x000002dae93c44f4 relative=0x00000000000000b4
Event: 3.298 Thread 0x000002dafaf23000 Uncommon trap: reason=unstable_if action=reinterpret pc=0x000002dae93c44f4 method=sun.nio.fs.WindowsPathParser.isSlash(C)Z @ 9 c2
Event: 3.298 Thread 0x000002dafaf23000 DEOPT PACKING pc=0x000002dae93c44f4 sp=0x000000df95cf9770
Event: 3.298 Thread 0x000002dafaf23000 DEOPT UNPACKING pc=0x000002dae18883af sp=0x000000df95cf96b8 mode 2
Event: 3.298 Thread 0x000002dafaf23000 Uncommon trap: trap_request=0xffffff4d fr.pc=0x000002dae935725c relative=0x000000000000003c
Event: 3.298 Thread 0x000002dafaf23000 Uncommon trap: reason=unstable_if action=reinterpret pc=0x000002dae935725c method=sun.nio.fs.WindowsPathParser.isSlash(C)Z @ 9 c2
Event: 3.298 Thread 0x000002dafaf23000 DEOPT PACKING pc=0x000002dae935725c sp=0x000000df95cf97a0
Event: 3.298 Thread 0x000002dafaf23000 DEOPT UNPACKING pc=0x000002dae18883af sp=0x000000df95cf9728 mode 2
Event: 3.314 Thread 0x000002dafaf23000 Uncommon trap: trap_request=0xffffffc6 fr.pc=0x000002dae9470b54 relative=0x00000000000058d4
Event: 3.314 Thread 0x000002dafaf23000 Uncommon trap: reason=bimorphic_or_optimized_type_check action=maybe_recompile pc=0x000002dae9470b54 method=java.net.URL.<init>(Ljava/net/URL;Ljava/lang/String;Ljava/net/URLStreamHandler;)V @ 504 c2
Event: 3.314 Thread 0x000002dafaf23000 DEOPT PACKING pc=0x000002dae9470b54 sp=0x000000df95cf7a10
Event: 3.314 Thread 0x000002dafaf23000 DEOPT UNPACKING pc=0x000002dae18883af sp=0x000000df95cf79b0 mode 2

Classes redefined (0 events):
No events

Internal exceptions (20 events):
Event: 2.596 Thread 0x000002dafaf23000 Exception <a 'java/lang/NoSuchMethodError'{0x00000000844f8708}: 'java.lang.Object java.lang.invoke.Invokers$Holder.linkToTargetMethod(java.lang.Object, java.lang.Object, java.lang.Object, java.lang.Object, java.lang.Object, java.lang.Object, java.lang.Object, java.lang.Object, java.lang.Object, java.lang.Object, java.lang.Object, java.lang.Object)'> (0x00000000844f8708) thrown at [./src/hotspot/share/interpreter/linkResolver.cpp, line 773]
Event: 2.602 Thread 0x000002dafaf23000 Exception <a 'java/lang/NoSuchMethodError'{0x00000000843893a8}: 'java.lang.Object java.lang.invoke.DirectMethodHandle$Holder.invokeStaticInit(java.lang.Object, java.lang.Object, java.lang.Object, java.lang.Object)'> (0x00000000843893a8) thrown at [./src/hotspot/share/interpreter/linkResolver.cpp, line 773]
Event: 2.669 Thread 0x000002dafaf23000 Implicit null exception at 0x000002dae94410f5 to 0x000002dae94412bc
Event: 2.669 Thread 0x000002dafaf23000 Implicit null exception at 0x000002dae937f9af to 0x000002dae937fa1d
Event: 3.013 Thread 0x000002dafaf23000 Exception <a 'java/lang/NoSuchMethodError'{0x00000000878ec530}: 'void java.lang.invoke.DirectMethodHandle$Holder.invokeStaticInit(java.lang.Object, java.lang.Object, java.lang.Object)'> (0x00000000878ec530) thrown at [./src/hotspot/share/interpreter/linkResolver.cpp, line 773]
Event: 3.013 Thread 0x000002dafaf23000 Exception <a 'java/lang/NoSuchMethodError'{0x00000000878f3308}: 'void java.lang.invoke.DirectMethodHandle$Holder.invokeStaticInit(java.lang.Object, java.lang.Object, java.lang.Object, java.lang.Object)'> (0x00000000878f3308) thrown at [./src/hotspot/share/interpreter/linkResolver.cpp, line 773]
Event: 3.018 Thread 0x000002dafaf23000 Exception <a 'java/lang/NoSuchMethodError'{0x0000000087715dc8}: 'void java.lang.invoke.DirectMethodHandle$Holder.invokeStaticInit(java.lang.Object, java.lang.Object, java.lang.Object, java.lang.Object, java.lang.Object)'> (0x0000000087715dc8) thrown at [./src/hotspot/share/interpreter/linkResolver.cpp, line 773]
Event: 3.019 Thread 0x000002dafaf23000 Exception <a 'java/lang/NoSuchMethodError'{0x000000008771d4d8}: 'int java.lang.invoke.DirectMethodHandle$Holder.invokeStaticInit(java.lang.Object, java.lang.Object, java.lang.Object)'> (0x000000008771d4d8) thrown at [./src/hotspot/share/interpreter/linkResolver.cpp, line 773]
Event: 3.061 Thread 0x000002dafaf23000 Exception <a 'java/lang/NoSuchMethodError'{0x000000008777be08}: 'int java.lang.invoke.DirectMethodHandle$Holder.invokeStaticInit(java.lang.Object, java.lang.Object, java.lang.Object, java.lang.Object)'> (0x000000008777be08) thrown at [./src/hotspot/share/interpreter/linkResolver.cpp, line 773]
Event: 3.062 Thread 0x000002dafaf23000 Exception <a 'java/lang/IncompatibleClassChangeError'{0x00000000877855b8}: Found class java.lang.Object, but interface was expected> (0x00000000877855b8) thrown at [./src/hotspot/share/interpreter/linkResolver.cpp, line 839]
Event: 3.230 Thread 0x000002dafaf23000 Exception <a 'java/lang/NoSuchMethodError'{0x00000000870c5a30}: 'java.lang.Object java.lang.invoke.DirectMethodHandle$Holder.invokeStatic(java.lang.Object, java.lang.Object, java.lang.Object, java.lang.Object, java.lang.Object, java.lang.Object, java.lang.Object, java.lang.Object, java.lang.Object, java.lang.Object, java.lang.Object, int)'> (0x00000000870c5a30) thrown at [./src/hotspot/share/interpreter/linkResolver.cpp, line 773]
Event: 3.232 Thread 0x000002dafaf23000 Exception <a 'java/lang/NoSuchMethodError'{0x00000000870e44b0}: 'java.lang.Object java.lang.invoke.DirectMethodHandle$Holder.invokeStatic(java.lang.Object, java.lang.Object, java.lang.Object, java.lang.Object, java.lang.Object, java.lang.Object, java.lang.Object, java.lang.Object, java.lang.Object, java.lang.Object, java.lang.Object, int, int)'> (0x00000000870e44b0) thrown at [./src/hotspot/share/interpreter/linkResolver.cpp, line 773]
Event: 3.234 Thread 0x000002dafaf23000 Exception <a 'java/lang/NoSuchMethodError'{0x0000000086f04188}: 'java.lang.Object java.lang.invoke.DirectMethodHandle$Holder.invokeStatic(java.lang.Object, java.lang.Object, java.lang.Object, java.lang.Object, java.lang.Object, java.lang.Object, java.lang.Object, java.lang.Object, java.lang.Object, java.lang.Object, java.lang.Object, int, int, java.lang.Object)'> (0x0000000086f04188) thrown at [./src/hotspot/share/interpreter/linkResolver.cpp, line 773]
Event: 3.236 Thread 0x000002dafaf23000 Exception <a 'java/lang/NoSuchMethodError'{0x0000000086f25280}: 'java.lang.Object java.lang.invoke.DirectMethodHandle$Holder.invokeStatic(java.lang.Object, java.lang.Object, java.lang.Object, java.lang.Object, java.lang.Object, java.lang.Object, java.lang.Object, java.lang.Object, java.lang.Object, java.lang.Object, java.lang.Object, int, int, java.lang.Object, java.lang.Object)'> (0x0000000086f25280) thrown at [./src/hotspot/share/interpreter/linkResolver.cpp, line 773]
Event: 3.239 Thread 0x000002dafaf23000 Exception <a 'java/lang/ClassNotFoundException'{0x0000000086f53f48}: groovy/lang/ExpandoMetaClassBeanInfo> (0x0000000086f53f48) thrown at [./src/hotspot/share/classfile/systemDictionary.cpp, line 231]
Event: 3.239 Thread 0x000002dafaf23000 Exception <a 'java/lang/ClassNotFoundException'{0x0000000086f72f08}: groovy/lang/MetaClassImplBeanInfo> (0x0000000086f72f08) thrown at [./src/hotspot/share/classfile/systemDictionary.cpp, line 231]
Event: 3.240 Thread 0x000002dafaf23000 Exception <a 'java/lang/ClassNotFoundException'{0x0000000086f7b6b0}: java/lang/ObjectBeanInfo> (0x0000000086f7b6b0) thrown at [./src/hotspot/share/classfile/systemDictionary.cpp, line 231]
Event: 3.241 Thread 0x000002dafaf23000 Exception <a 'java/lang/ClassNotFoundException'{0x0000000086f864f8}: java/lang/ObjectCustomizer> (0x0000000086f864f8) thrown at [./src/hotspot/share/classfile/systemDictionary.cpp, line 231]
Event: 3.247 Thread 0x000002dafaf23000 Exception <a 'java/lang/ClassNotFoundException'{0x0000000086fac258}: groovy/lang/MetaClassImplCustomizer> (0x0000000086fac258) thrown at [./src/hotspot/share/classfile/systemDictionary.cpp, line 231]
Event: 3.250 Thread 0x000002dafaf23000 Exception <a 'java/lang/ClassNotFoundException'{0x0000000086feab90}: groovy/lang/ExpandoMetaClassCustomizer> (0x0000000086feab90) thrown at [./src/hotspot/share/classfile/systemDictionary.cpp, line 231]

Events (20 events):
Event: 3.322 loading class java/nio/file/attribute/AclFileAttributeView
Event: 3.322 loading class java/nio/file/attribute/FileOwnerAttributeView
Event: 3.322 loading class java/nio/file/attribute/FileOwnerAttributeView done
Event: 3.322 loading class java/nio/file/attribute/AclFileAttributeView done
Event: 3.322 loading class sun/nio/fs/AbstractAclFileAttributeView done
Event: 3.322 loading class sun/nio/fs/WindowsAclFileAttributeView done
Event: 3.322 loading class sun/nio/fs/WindowsSecurity
Event: 3.323 loading class sun/nio/fs/WindowsSecurity done
Event: 3.323 loading class sun/nio/fs/WindowsFileStore
Event: 3.323 loading class sun/nio/fs/WindowsFileStore done
Event: 3.326 loading class java/nio/file/AccessDeniedException
Event: 3.326 loading class java/nio/file/AccessDeniedException done
Event: 3.326 loading class java/nio/file/InvalidPathException
Event: 3.326 loading class java/nio/file/InvalidPathException done
Event: 3.326 loading class sun/nio/fs/WindowsSecurityDescriptor
Event: 3.327 loading class sun/nio/fs/WindowsSecurityDescriptor done
Event: 3.327 loading class sun/nio/fs/WindowsChannelFactory$2
Event: 3.327 loading class sun/nio/fs/WindowsChannelFactory$2 done
Event: 3.328 Executing VM operation: CGC_Operation
Event: 3.331 Executing VM operation: CGC_Operation done


Dynamic libraries:
0x00007ff6e0d70000 - 0x00007ff6e0d7a000 	D:\Program Files\Android\Android Studio\jre\bin\java.exe
0x00007ff882d20000 - 0x00007ff882f2f000 	C:\WINDOWS\SYSTEM32\ntdll.dll
0x00007ff881130000 - 0x00007ff8811ed000 	C:\WINDOWS\System32\KERNEL32.DLL
0x00007ff880360000 - 0x00007ff8806f3000 	C:\WINDOWS\System32\KERNELBASE.dll
0x00007ff880a20000 - 0x00007ff880b31000 	C:\WINDOWS\System32\ucrtbase.dll
0x00007ff87af10000 - 0x00007ff87af29000 	D:\Program Files\Android\Android Studio\jre\bin\jli.dll
0x00007ff861740000 - 0x00007ff861757000 	D:\Program Files\Android\Android Studio\jre\bin\VCRUNTIME140.dll
0x00007ff882650000 - 0x00007ff8827fa000 	C:\WINDOWS\System32\USER32.dll
0x00007ff880b40000 - 0x00007ff880b66000 	C:\WINDOWS\System32\win32u.dll
0x00007ff87f3b0000 - 0x00007ff87f651000 	C:\WINDOWS\WinSxS\amd64_microsoft.windows.common-controls_6595b64144ccf1df_6.0.22538.1000_none_28c1e1652686b6b3\COMCTL32.dll
0x00007ff882c30000 - 0x00007ff882cd4000 	C:\WINDOWS\System32\msvcrt.dll
0x00007ff8824e0000 - 0x00007ff882509000 	C:\WINDOWS\System32\GDI32.dll
0x00007ff880860000 - 0x00007ff880976000 	C:\WINDOWS\System32\gdi32full.dll
0x00007ff880980000 - 0x00007ff880a1a000 	C:\WINDOWS\System32\msvcp_win.dll
0x00007ff881540000 - 0x00007ff881571000 	C:\WINDOWS\System32\IMM32.DLL
0x00007ff859560000 - 0x00007ff8595fd000 	D:\Program Files\Android\Android Studio\jre\bin\msvcp140.dll
0x00007ff83ce10000 - 0x00007ff83d8df000 	D:\Program Files\Android\Android Studio\jre\bin\server\jvm.dll
0x00007ff881fb0000 - 0x00007ff88205e000 	C:\WINDOWS\System32\ADVAPI32.dll
0x00007ff882590000 - 0x00007ff882635000 	C:\WINDOWS\System32\sechost.dll
0x00007ff880f10000 - 0x00007ff88102f000 	C:\WINDOWS\System32\RPCRT4.dll
0x00007ff8814a0000 - 0x00007ff8814a8000 	C:\WINDOWS\System32\PSAPI.DLL
0x00007ff83eef0000 - 0x00007ff83eef9000 	C:\WINDOWS\SYSTEM32\WSOCK32.dll
0x00007ff879e20000 - 0x00007ff879e54000 	C:\WINDOWS\SYSTEM32\WINMM.dll
0x00007ff8815a0000 - 0x00007ff881611000 	C:\WINDOWS\System32\WS2_32.dll
0x00007ff879860000 - 0x00007ff87986a000 	C:\WINDOWS\SYSTEM32\VERSION.dll
0x00007ff87ea00000 - 0x00007ff87ea17000 	C:\WINDOWS\SYSTEM32\kernel.appcore.dll
0x00007ff83ea80000 - 0x00007ff83ea91000 	D:\Program Files\Android\Android Studio\jre\bin\verify.dll
0x00007ff87fb30000 - 0x00007ff87fd54000 	C:\WINDOWS\SYSTEM32\DBGHELP.DLL
0x00007ff880b70000 - 0x00007ff880eec000 	C:\WINDOWS\System32\combase.dll
0x00007ff8811f0000 - 0x00007ff8812c7000 	C:\WINDOWS\System32\OLEAUT32.dll
0x00007ff87f9b0000 - 0x00007ff87f9e1000 	C:\WINDOWS\SYSTEM32\dbgcore.DLL
0x00007ff880220000 - 0x00007ff88029b000 	C:\WINDOWS\System32\bcryptPrimitives.dll
0x00007ff842780000 - 0x00007ff8427a9000 	D:\Program Files\Android\Android Studio\jre\bin\java.dll
0x00007ff86b970000 - 0x00007ff86b97b000 	D:\Program Files\Android\Android Studio\jre\bin\jimage.dll
0x00007ff83ea60000 - 0x00007ff83ea78000 	D:\Program Files\Android\Android Studio\jre\bin\zip.dll
0x00007ff881620000 - 0x00007ff881ddd000 	C:\WINDOWS\System32\SHELL32.dll
0x00007ff87d870000 - 0x00007ff87e0c6000 	C:\WINDOWS\SYSTEM32\windows.storage.dll
0x00007ff87d710000 - 0x00007ff87d84c000 	C:\WINDOWS\SYSTEM32\wintypes.dll
0x00007ff881030000 - 0x00007ff881121000 	C:\WINDOWS\System32\SHCORE.dll
0x00007ff881ed0000 - 0x00007ff881f2b000 	C:\WINDOWS\System32\shlwapi.dll
0x00007ff8800e0000 - 0x00007ff880101000 	C:\WINDOWS\SYSTEM32\profapi.dll
0x00007ff83e810000 - 0x00007ff83e82a000 	D:\Program Files\Android\Android Studio\jre\bin\net.dll
0x00007ff879150000 - 0x00007ff879261000 	C:\WINDOWS\SYSTEM32\WINHTTP.dll
0x00007ff87f170000 - 0x00007ff87f1d9000 	C:\WINDOWS\system32\mswsock.dll
0x00007ff83e7f0000 - 0x00007ff83e804000 	D:\Program Files\Android\Android Studio\jre\bin\nio.dll
0x00007ff86c2a0000 - 0x00007ff86c2c7000 	C:\Users\vbinu\.gradle\native\8bec1ad78214c89d9ad589b4d07fe93259594b29d510b10fafb7a158f7737e5d\windows-amd64\native-platform.dll
0x00007ff83bf30000 - 0x00007ff83c06d000 	C:\Users\vbinu\.gradle\native\53dbd7edfb1c66fb8903c78663c9afc45aea4f116125fa6feffd364cf09443e8\windows-amd64\native-platform-file-events.dll
0x00007ff87a850000 - 0x00007ff87a85a000 	D:\Program Files\Android\Android Studio\jre\bin\management.dll
0x00007ff87a840000 - 0x00007ff87a84c000 	D:\Program Files\Android\Android Studio\jre\bin\management_ext.dll
0x00007ff87fe50000 - 0x00007ff87fe6c000 	C:\WINDOWS\SYSTEM32\CRYPTSP.dll
0x00007ff87eb30000 - 0x00007ff87eb65000 	C:\WINDOWS\system32\rsaenh.dll
0x00007ff87f020000 - 0x00007ff87f049000 	C:\WINDOWS\SYSTEM32\USERENV.dll
0x00007ff87fab0000 - 0x00007ff87fad8000 	C:\WINDOWS\SYSTEM32\bcrypt.dll
0x00007ff87f2b0000 - 0x00007ff87f2bc000 	C:\WINDOWS\SYSTEM32\CRYPTBASE.dll
0x00007ff87e4a0000 - 0x00007ff87e4cd000 	C:\WINDOWS\SYSTEM32\IPHLPAPI.DLL
0x00007ff882510000 - 0x00007ff882519000 	C:\WINDOWS\System32\NSI.dll
0x00007ff8790a0000 - 0x00007ff8790b9000 	C:\WINDOWS\SYSTEM32\dhcpcsvc6.DLL
0x00007ff879080000 - 0x00007ff87909f000 	C:\WINDOWS\SYSTEM32\dhcpcsvc.DLL
0x00007ff87e4d0000 - 0x00007ff87e5c6000 	C:\WINDOWS\SYSTEM32\DNSAPI.dll

dbghelp: loaded successfully - version: 4.0.5 - missing functions: none
symbol engine: initialized successfully - sym options: 0x614 - pdb path: .;D:\Program Files\Android\Android Studio\jre\bin;C:\WINDOWS\SYSTEM32;C:\WINDOWS\WinSxS\amd64_microsoft.windows.common-controls_6595b64144ccf1df_6.0.22538.1000_none_28c1e1652686b6b3;D:\Program Files\Android\Android Studio\jre\bin\server;C:\Users\vbinu\.gradle\native\8bec1ad78214c89d9ad589b4d07fe93259594b29d510b10fafb7a158f7737e5d\windows-amd64;C:\Users\vbinu\.gradle\native\53dbd7edfb1c66fb8903c78663c9afc45aea4f116125fa6feffd364cf09443e8\windows-amd64

VM Arguments:
jvm_args: --add-opens=java.base/java.util=ALL-UNNAMED --add-opens=java.base/java.lang=ALL-UNNAMED --add-opens=java.base/java.lang.invoke=ALL-UNNAMED --add-opens=java.base/java.util=ALL-UNNAMED --add-opens=java.prefs/java.util.prefs=ALL-UNNAMED --add-opens=java.prefs/java.util.prefs=ALL-UNNAMED --add-opens=java.base/java.nio.charset=ALL-UNNAMED --add-opens=java.base/java.net=ALL-UNNAMED --add-opens=java.base/java.util.concurrent.atomic=ALL-UNNAMED -Xmx2048m -Dfile.encoding=UTF-8 -Duser.country=PH -Duser.language=en -Duser.variant 
java_command: org.gradle.launcher.daemon.bootstrap.GradleDaemon 7.0.2
java_class_path (initial): C:\Users\vbinu\.gradle\wrapper\dists\gradle-7.0.2-bin\857tjihv64xamwrf0h14cai3r\gradle-7.0.2\lib\gradle-launcher-7.0.2.jar
Launcher Type: SUN_STANDARD

[Global flags]
     intx CICompilerCount                          = 3                                         {product} {ergonomic}
     uint ConcGCThreads                            = 1                                         {product} {ergonomic}
     uint G1ConcRefinementThreads                  = 4                                         {product} {ergonomic}
   size_t G1HeapRegionSize                         = 1048576                                   {product} {ergonomic}
    uintx GCDrainStackTargetSize                   = 64                                        {product} {ergonomic}
   size_t InitialHeapSize                          = 132120576                                 {product} {ergonomic}
   size_t MarkStackSize                            = 4194304                                   {product} {ergonomic}
   size_t MaxHeapSize                              = 2147483648                                {product} {command line}
   size_t MaxNewSize                               = 1287651328                                {product} {ergonomic}
   size_t MinHeapDeltaBytes                        = 1048576                                   {product} {ergonomic}
    uintx NonNMethodCodeHeapSize                   = 5830732                                {pd product} {ergonomic}
    uintx NonProfiledCodeHeapSize                  = 122913754                              {pd product} {ergonomic}
    uintx ProfiledCodeHeapSize                     = 122913754                              {pd product} {ergonomic}
    uintx ReservedCodeCacheSize                    = 251658240                              {pd product} {ergonomic}
     bool SegmentedCodeCache                       = true                                      {product} {ergonomic}
     bool UseCompressedClassPointers               = true                                 {lp64_product} {ergonomic}
     bool UseCompressedOops                        = true                                 {lp64_product} {ergonomic}
     bool UseG1GC                                  = true                                      {product} {ergonomic}
     bool UseLargePagesIndividualAllocation        = false                                  {pd product} {ergonomic}

Logging:
Log output configuration:
 #0: stdout all=warning uptime,level,tags
 #1: stderr all=off uptime,level,tags

Environment Variables:
PATH=C:\Program Files (x86)\Common Files\Oracle\Java\javapath;C:\ProgramData\Oracle\Java\javapath;C:\WINDOWS\system32;C:\WINDOWS;C:\WINDOWS\System32\Wbem;C:\WINDOWS\System32\WindowsPowerShell\v1.0\;C:\WINDOWS\System32\OpenSSH\;C:\Program Files (x86)\NVIDIA Corporation\PhysX\Common;%SystemRoot%\system32;%SystemRoot%;%SystemRoot%\System32\Wbem;%SYSTEMROOT%\System32\WindowsPowerShell\v1.0\;%SYSTEMROOT%\System32\OpenSSH\;C:\Users\vbinu\AppData\Local\Microsoft\WindowsApps;C:\Users\vbinu\OneDrive\Desktop\platform-tools;
USERNAME=Venzon
OS=Windows_NT
PROCESSOR_IDENTIFIER=Intel64 Family 6 Model 126 Stepping 5, GenuineIntel



---------------  S Y S T E M  ---------------

OS: Windows 10 , 64 bit Build 22538 (10.0.22538.1000)
OS uptime: 0 days 0:07 hours

CPU:total 4 (initial active 4) (2 cores per cpu, 2 threads per core) family 6 model 126 stepping 5 microcode 0x96, cmov, cx8, fxsr, mmx, sse, sse2, sse3, ssse3, sse4.1, sse4.2, popcnt, avx, avx2, aes, clmul, erms, 3dnowpref, lzcnt, ht, tsc, tscinvbit, bmi1, bmi2, adx, evex, sha, fma

Memory: 4k page, system-wide physical 7959M (1907M free)
TotalPageFile size 13335M (AvailPageFile size 7253M)
current process WorkingSet (physical memory assigned to process): 267M, peak: 267M
current process commit charge ("private bytes"): 326M, peak: 326M

vm_info: OpenJDK 64-Bit Server VM (11.0.10+0-b96-7249189) for windows-amd64 JRE (11.0.10+0-b96-7249189), built on Mar 31 2021 21:44:00 by "builder" with MS VC++ 14.0 (VS2015)

END.
