#
# A fatal error has been detected by the Java Runtime Environment:
#
#  EXCEPTION_ACCESS_VIOLATION (0xc0000005) at pc=0x00007ffeb3ae001e, pid=4076, tid=10192
#
# JRE version: OpenJDK Runtime Environment (11.0.10) (build 11.0.10+0-b96-7249189)
# Java VM: OpenJDK 64-Bit Server VM (11.0.10+0-b96-7249189, mixed mode, tiered, compressed oops, g1 gc, windows-amd64)
# Problematic frame:
# V  [jvm.dll+0x1d001e]
#
# No core dump will be written. Minidumps are not enabled by default on client versions of Windows
#
# If you would like to submit a bug report, please visit:
#   https://bugreport.java.com/bugreport/crash.jsp
#

---------------  S U M M A R Y ------------

Command Line: --add-opens=java.base/java.util=ALL-UNNAMED --add-opens=java.base/java.lang=ALL-UNNAMED --add-opens=java.base/java.lang.invoke=ALL-UNNAMED --add-opens=java.base/java.util=ALL-UNNAMED --add-opens=java.prefs/java.util.prefs=ALL-UNNAMED --add-opens=java.prefs/java.util.prefs=ALL-UNNAMED --add-opens=java.base/java.nio.charset=ALL-UNNAMED --add-opens=java.base/java.net=ALL-UNNAMED --add-opens=java.base/java.util.concurrent.atomic=ALL-UNNAMED -Xmx2048m -Dfile.encoding=UTF-8 -Duser.country=PH -Duser.language=en -Duser.variant org.gradle.launcher.daemon.bootstrap.GradleDaemon 7.0.2

Host: Intel(R) Core(TM) i3-1005G1 CPU @ 1.20GHz, 4 cores, 7G,  Windows 10 , 64 bit Build 22538 (10.0.22538.1000)
Time: Thu Jan 27 17:51:10 2022 Malay Peninsula Standard Time elapsed time: 9.706609 seconds (0d 0h 0m 9s)

---------------  T H R E A D  ---------------

Current thread (0x0000026e8d1e5800):  ConcurrentGCThread "G1 Conc#0" [stack: 0x000000e608800000,0x000000e608900000] [id=10192]

Stack: [0x000000e608800000,0x000000e608900000],  sp=0x000000e6088ff7a0,  free space=1021k
Native frames: (J=compiled Java code, j=interpreted, Vv=VM code, C=native code)
V  [jvm.dll+0x1d001e]
V  [jvm.dll+0x2dee68]
V  [jvm.dll+0x2e59a1]
V  [jvm.dll+0x2e6fcf]
V  [jvm.dll+0x748da0]
V  [jvm.dll+0x6e3d45]
V  [jvm.dll+0x5ebe96]
C  [ucrtbase.dll+0x293cc]
C  [KERNEL32.DLL+0x11350]
C  [ntdll.dll+0x51e78]


siginfo: EXCEPTION_ACCESS_VIOLATION (0xc0000005), reading address 0x0000022eac88ba58


Register to memory mapping:

RIP=0x00007ffeb3ae001e jvm.dll
RAX=0x0000000100832f00 is pointing into metadata
RBX=0x0000022eac88ba30 is an unknown value
RCX=0x0000022eac88ba30 is an unknown value
RDX=0x000000e6088ff850 points into unknown readable memory: 0x00007ffeb412ef58 | 58 ef 12 b4 fe 7f 00 00
RSP=0x000000e6088ff7a0 points into unknown readable memory: 0x0000000081ddf070 | 70 f0 dd 81 00 00 00 00
RBP=0x000000e6088ff850 points into unknown readable memory: 0x00007ffeb412ef58 | 58 ef 12 b4 fe 7f 00 00
RSI=0x000000e6088ff850 points into unknown readable memory: 0x00007ffeb412ef58 | 58 ef 12 b4 fe 7f 00 00
RDI=0x0 is NULL
R8 =0x000000000000ee01 is an unknown value
R9 =0x0 is NULL
R10=0x0000026e8d1db030 points into unknown readable memory: 0x0000026e8d1e4000 | 00 40 1e 8d 6e 02 00 00
R11=0x000000e6088ff850 points into unknown readable memory: 0x00007ffeb412ef58 | 58 ef 12 b4 fe 7f 00 00
R12=0x0 is NULL
R13=0x0000000100002070 is a pointer to class: 
java.lang.Class {0x0000000100002078}
R14=0x0000000087091438 is an oop: java.lang.Class 
{0x0000000087091438} - klass: 'java/lang/Class'
R15=0x000000000000000c is an unknown value


Registers:
RAX=0x0000000100832f00, RBX=0x0000022eac88ba30, RCX=0x0000022eac88ba30, RDX=0x000000e6088ff850
RSP=0x000000e6088ff7a0, RBP=0x000000e6088ff850, RSI=0x000000e6088ff850, RDI=0x0000000000000000
R8 =0x000000000000ee01, R9 =0x0000000000000000, R10=0x0000026e8d1db030, R11=0x000000e6088ff850
R12=0x0000000000000000, R13=0x0000000100002070, R14=0x0000000087091438, R15=0x000000000000000c
RIP=0x00007ffeb3ae001e, EFLAGS=0x0000000000010202

Top of Stack: (sp=0x000000e6088ff7a0)
0x000000e6088ff7a0:   0000000081ddf070 0000000100002308
0x000000e6088ff7b0:   0000000087088610 00007ffeb3bea4aa
0x000000e6088ff7c0:   000000000000000f 00007ffeb3beee68
0x000000e6088ff7d0:   0000000100002070 0000000087091438
0x000000e6088ff7e0:   000000008709147c 000000e6088ff850
0x000000e6088ff7f0:   0000000000000000 000000e6088ff850
0x000000e6088ff800:   000000000000000c 0000000000000000
0x000000e6088ff810:   00007ffeb42a3250 0000000000000000
0x000000e6088ff820:   0000000087100000 00007ffeb3bf59a1
0x000000e6088ff830:   0000000100002070 0000000087091438
0x000000e6088ff840:   000000000000000f 0000000087090028
0x000000e6088ff850:   00007ffeb412ef58 0000000000000000
0x000000e6088ff860:   0000026e8d1a7220 0000026e8d1db030
0x000000e6088ff870:   0000000000000000 0000000000000000
0x000000e6088ff880:   0000000000000000 000000e6087ff5a0
0x000000e6088ff890:   0000000000000000 00007ffeb3bf6fcf 

Instructions: (pc=0x00007ffeb3ae001e)
0x00007ffeb3adff1e:   c3 48 8b d7 ff d0 48 3b c3 74 15 48 8b d8 48 85
0x00007ffeb3adff2e:   c0 75 bf 33 c0 48 8b 5c 24 30 48 83 c4 20 5f c3
0x00007ffeb3adff3e:   48 8b c3 48 8b 5c 24 30 48 83 c4 20 5f c3 cc cc
0x00007ffeb3adff4e:   cc cc 48 8b 01 c3 cc cc cc cc cc cc cc cc cc cc
0x00007ffeb3adff5e:   cc cc 48 89 74 24 20 41 56 48 83 ec 20 48 8b 31
0x00007ffeb3adff6e:   4c 8b f2 48 85 f6 74 73 44 8b 8e 00 01 00 00 4c
0x00007ffeb3adff7e:   8b c6 e8 5b 01 00 00 48 8b b6 08 01 00 00 48 85
0x00007ffeb3adff8e:   f6 74 58 48 89 5c 24 30 48 89 6c 24 38 48 89 7c
0x00007ffeb3adff9e:   24 40 8b ae 00 01 00 00 33 db 85 ed 74 22 48 8b
0x00007ffeb3adffae:   fe 90 48 83 3f 00 74 0e 4d 8b 06 48 8d 14 de 49
0x00007ffeb3adffbe:   8b ce 41 ff 50 08 ff c3 48 83 c7 08 3b dd 72 e2
0x00007ffeb3adffce:   48 8b b6 08 01 00 00 48 85 f6 75 c6 48 8b 7c 24
0x00007ffeb3adffde:   40 48 8b 6c 24 38 48 8b 5c 24 30 48 8b 74 24 48
0x00007ffeb3adffee:   48 83 c4 20 41 5e c3 cc cc cc cc cc cc cc cc cc
0x00007ffeb3adfffe:   cc cc 48 89 5c 24 08 48 89 74 24 10 57 48 83 ec
0x00007ffeb3ae000e:   20 41 0f b6 f9 48 8b f2 48 8b d9 45 84 c0 74 20
0x00007ffeb3ae001e:   8b 41 28 48 8d 51 28 83 f8 01 74 29 48 8b 05 0f
0x00007ffeb3ae002e:   ce 7d 00 45 33 c0 41 8d 48 01 ff d0 85 c0 75 15
0x00007ffeb3ae003e:   40 84 ff 74 04 c6 43 22 00 48 8d 4b 30 48 8b d6
0x00007ffeb3ae004e:   e8 0d ff ff ff 48 8b 5c 24 30 48 8b 74 24 38 48
0x00007ffeb3ae005e:   83 c4 20 5f c3 cc cc cc cc cc cc cc cc cc cc cc
0x00007ffeb3ae006e:   cc cc 48 89 5c 24 08 48 89 74 24 10 57 48 83 ec
0x00007ffeb3ae007e:   20 48 8b 1d 8a 3b 82 00 0f b6 fa 48 8b f1 48 85
0x00007ffeb3ae008e:   db 74 3a 40 84 ff 74 20 8b 43 28 48 8d 53 28 83
0x00007ffeb3ae009e:   f8 01 74 20 48 8b 05 97 cd 7d 00 45 33 c0 41 8d
0x00007ffeb3ae00ae:   48 01 ff d0 85 c0 75 0c 48 8d 4b 30 48 8b d6 e8
0x00007ffeb3ae00be:   9e fe ff ff 48 8b 5b 70 48 85 db 75 c6 48 8b 5c
0x00007ffeb3ae00ce:   24 30 48 8b 74 24 38 48 83 c4 20 5f c3 cc cc cc
0x00007ffeb3ae00de:   cc cc 45 85 c9 74 63 48 89 5c 24 10 48 89 74 24
0x00007ffeb3ae00ee:   18 4c 89 74 24 20 41 57 48 83 ec 20 48 89 7c 24
0x00007ffeb3ae00fe:   30 41 8b f1 49 8b f8 4d 8b f8 4c 8b f2 33 db 0f
0x00007ffeb3ae010e:   1f 00 48 83 3f 00 74 0e 4d 8b 06 49 8d 14 df 49 


Stack slot to memory mapping:
stack at sp + 0 slots: 0x0000000081ddf070 is an oop: java.security.ProtectionDomain 
{0x0000000081ddf070} - klass: 'java/security/ProtectionDomain'
stack at sp + 1 slots: 0x0000000100002308 is pointing into metadata
stack at sp + 2 slots: 0x0000000087088610 is an oop: java.lang.Class 
{0x0000000087088610} - klass: 'java/lang/Class'
stack at sp + 3 slots: 0x00007ffeb3bea4aa jvm.dll
stack at sp + 4 slots: 0x000000000000000f is an unknown value
stack at sp + 5 slots: 0x00007ffeb3beee68 jvm.dll
stack at sp + 6 slots: 0x0000000100002070 is a pointer to class: 
java.lang.Class {0x0000000100002078}
stack at sp + 7 slots: 0x0000000087091438 is an oop: java.lang.Class 
{0x0000000087091438} - klass: 'java/lang/Class'


---------------  P R O C E S S  ---------------

Threads class SMR info:
_java_thread_list=0x0000026eacd636e0, length=43, elements={
0x0000026e8d199800, 0x0000026ea6d72000, 0x0000026ea6d7b000, 0x0000026ea76f3800,
0x0000026ea6d8f000, 0x0000026ea6d90800, 0x0000026ea6d91800, 0x0000026ea6d96800,
0x0000026ea6da4000, 0x0000026ea783f800, 0x0000026ea8c54000, 0x0000026ea8b4d800,
0x0000026ea8f4a800, 0x0000026ea9ac1800, 0x0000026ea836d800, 0x0000026ea9549000,
0x0000026ea84a2800, 0x0000026eaaa08800, 0x0000026ea9f46800, 0x0000026ea955c000,
0x0000026ea955b000, 0x0000026ea955d000, 0x0000026ea955d800, 0x0000026ea955e800,
0x0000026ea955f800, 0x0000026ea9561000, 0x0000026ea9561800, 0x0000026ea9560000,
0x0000026eab2b7800, 0x0000026eab2ba000, 0x0000026eab2b6000, 0x0000026eab2be000,
0x0000026eab2bb800, 0x0000026eab2bf000, 0x0000026eab2bb000, 0x0000026eab2bf800,
0x0000026eab2c0800, 0x0000026eab2c2000, 0x0000026eab2bd800, 0x0000026eab2c1800,
0x0000026eab2bc800, 0x0000026eab2c3000, 0x0000026eaa380800
}

Java Threads: ( => current thread )
  0x0000026e8d199800 JavaThread "main" [_thread_blocked, id=3720, stack(0x000000e608500000,0x000000e608600000)]
  0x0000026ea6d72000 JavaThread "Reference Handler" daemon [_thread_blocked, id=4348, stack(0x000000e608c00000,0x000000e608d00000)]
  0x0000026ea6d7b000 JavaThread "Finalizer" daemon [_thread_blocked, id=3692, stack(0x000000e608d00000,0x000000e608e00000)]
  0x0000026ea76f3800 JavaThread "Signal Dispatcher" daemon [_thread_blocked, id=10920, stack(0x000000e608e00000,0x000000e608f00000)]
  0x0000026ea6d8f000 JavaThread "Attach Listener" daemon [_thread_blocked, id=7096, stack(0x000000e608f00000,0x000000e609000000)]
  0x0000026ea6d90800 JavaThread "Service Thread" daemon [_thread_blocked, id=11072, stack(0x000000e609000000,0x000000e609100000)]
  0x0000026ea6d91800 JavaThread "C2 CompilerThread0" daemon [_thread_in_native, id=10916, stack(0x000000e609100000,0x000000e609200000)]
  0x0000026ea6d96800 JavaThread "C1 CompilerThread0" daemon [_thread_blocked, id=10908, stack(0x000000e609200000,0x000000e609300000)]
  0x0000026ea6da4000 JavaThread "Sweeper thread" daemon [_thread_blocked, id=10892, stack(0x000000e609300000,0x000000e609400000)]
  0x0000026ea783f800 JavaThread "Common-Cleaner" daemon [_thread_blocked, id=10760, stack(0x000000e609400000,0x000000e609500000)]
  0x0000026ea8c54000 JavaThread "Daemon health stats" [_thread_blocked, id=10756, stack(0x000000e609900000,0x000000e609a00000)]
  0x0000026ea8b4d800 JavaThread "Incoming local TCP Connector on port 49806" [_thread_in_native, id=5456, stack(0x000000e609a00000,0x000000e609b00000)]
  0x0000026ea8f4a800 JavaThread "Daemon periodic checks" [_thread_blocked, id=6152, stack(0x000000e609b00000,0x000000e609c00000)]
  0x0000026ea9ac1800 JavaThread "Daemon" [_thread_blocked, id=3208, stack(0x000000e609c00000,0x000000e609d00000)]
  0x0000026ea836d800 JavaThread "Handler for socket connection from /127.0.0.1:49806 to /127.0.0.1:49807" [_thread_in_native, id=7472, stack(0x000000e609d00000,0x000000e609e00000)]
  0x0000026ea9549000 JavaThread "Cancel handler" [_thread_blocked, id=6364, stack(0x000000e609e00000,0x000000e609f00000)]
  0x0000026ea84a2800 JavaThread "Daemon worker" [_thread_in_vm, id=6456, stack(0x000000e609f00000,0x000000e60a000000)]
  0x0000026eaaa08800 JavaThread "Asynchronous log dispatcher for DefaultDaemonConnection: socket connection from /127.0.0.1:49806 to /127.0.0.1:49807" [_thread_blocked, id=6352, stack(0x000000e60a000000,0x000000e60a100000)]
  0x0000026ea9f46800 JavaThread "Stdin handler" [_thread_blocked, id=6468, stack(0x000000e60a100000,0x000000e60a200000)]
  0x0000026ea955c000 JavaThread "Daemon client event forwarder" [_thread_blocked, id=6420, stack(0x000000e60a200000,0x000000e60a300000)]
  0x0000026ea955b000 JavaThread "Cache worker for file hash cache (C:\Users\vbinu\.gradle\caches\7.0.2\fileHashes)" [_thread_blocked, id=9712, stack(0x000000e60a300000,0x000000e60a400000)]
  0x0000026ea955d000 JavaThread "File lock request listener" [_thread_in_native, id=6636, stack(0x000000e60a400000,0x000000e60a500000)]
  0x0000026ea955d800 JavaThread "Cache worker for journal cache (C:\Users\vbinu\.gradle\caches\journal-1)" [_thread_blocked, id=9084, stack(0x000000e60a500000,0x000000e60a600000)]
  0x0000026ea955e800 JavaThread "Cache worker for file hash cache (D:\AndroidStudioProjects\taguigscholarship\.gradle\7.0.2\fileHashes)" [_thread_blocked, id=10208, stack(0x000000e60a700000,0x000000e60a800000)]
  0x0000026ea955f800 JavaThread "File watcher server" daemon [_thread_in_native, id=9292, stack(0x000000e60a800000,0x000000e60a900000)]
  0x0000026ea9561000 JavaThread "File watcher consumer" daemon [_thread_blocked, id=8372, stack(0x000000e60a900000,0x000000e60aa00000)]
  0x0000026ea9561800 JavaThread "Cache worker for checksums cache (D:\AndroidStudioProjects\taguigscholarship\.gradle\checksums)" [_thread_blocked, id=3840, stack(0x000000e60aa00000,0x000000e60ab00000)]
  0x0000026ea9560000 JavaThread "Cache worker for cache directory md-supplier (C:\Users\vbinu\.gradle\caches\7.0.2\md-supplier)" [_thread_blocked, id=4004, stack(0x000000e60ab00000,0x000000e60ac00000)]
  0x0000026eab2b7800 JavaThread "Cache worker for cache directory md-rule (C:\Users\vbinu\.gradle\caches\7.0.2\md-rule)" [_thread_blocked, id=7344, stack(0x000000e60ac00000,0x000000e60ad00000)]
  0x0000026eab2ba000 JavaThread "Cache worker for execution history cache (C:\Users\vbinu\.gradle\caches\7.0.2\executionHistory)" [_thread_blocked, id=10788, stack(0x000000e60ad00000,0x000000e60ae00000)]
  0x0000026eab2b6000 JavaThread "jar transforms" [_thread_blocked, id=11000, stack(0x000000e60ae00000,0x000000e60af00000)]
  0x0000026eab2be000 JavaThread "jar transforms Thread 2" [_thread_blocked, id=10984, stack(0x000000e60af00000,0x000000e60b000000)]
  0x0000026eab2bb800 JavaThread "Cache worker for file content cache (C:\Users\vbinu\.gradle\caches\7.0.2\fileContent)" [_thread_blocked, id=8248, stack(0x000000e60b000000,0x000000e60b100000)]
  0x0000026eab2bf000 JavaThread "Cache worker for dependencies-accessors (D:\AndroidStudioProjects\taguigscholarship\.gradle\7.0.2\dependencies-accessors)" [_thread_blocked, id=3200, stack(0x000000e60b100000,0x000000e60b200000)]
  0x0000026eab2bb000 JavaThread "jar transforms Thread 3" [_thread_blocked, id=8540, stack(0x000000e60b200000,0x000000e60b300000)]
  0x0000026eab2bf800 JavaThread "Cache worker for Build Output Cleanup Cache (D:\AndroidStudioProjects\taguigscholarship\.gradle\buildOutputCleanup)" [_thread_blocked, id=8512, stack(0x000000e60b300000,0x000000e60b400000)]
  0x0000026eab2c0800 JavaThread "Build operations" [_thread_blocked, id=4576, stack(0x000000e60b400000,0x000000e60b500000)]
  0x0000026eab2c2000 JavaThread "Build operations Thread 2" [_thread_blocked, id=8912, stack(0x000000e60b500000,0x000000e60b600000)]
  0x0000026eab2bd800 JavaThread "Build operations Thread 3" [_thread_blocked, id=8780, stack(0x000000e60b600000,0x000000e60b700000)]
  0x0000026eab2c1800 JavaThread "Build operations Thread 4" [_thread_blocked, id=8844, stack(0x000000e60b700000,0x000000e60b800000)]
  0x0000026eab2bc800 JavaThread "jar transforms Thread 4" [_thread_blocked, id=9036, stack(0x000000e60b800000,0x000000e60b900000)]
  0x0000026eab2c3000 JavaThread "Memory manager" [_thread_blocked, id=10008, stack(0x000000e60a600000,0x000000e60a700000)]
  0x0000026eaa380800 JavaThread "C2 CompilerThread1" daemon [_thread_in_native, id=10036, stack(0x000000e60b900000,0x000000e60ba00000)]

Other Threads:
  0x0000026ea6d6f800 VMThread "VM Thread" [stack: 0x000000e608b00000,0x000000e608c00000] [id=6176]
  0x0000026ea7846800 WatcherThread [stack: 0x000000e609500000,0x000000e609600000] [id=10932]
  0x0000026e8d1b3000 GCTaskThread "GC Thread#0" [stack: 0x000000e608600000,0x000000e608700000] [id=6048]
  0x0000026ea7df2000 GCTaskThread "GC Thread#1" [stack: 0x000000e609700000,0x000000e609800000] [id=10912]
  0x0000026ea7db9800 GCTaskThread "GC Thread#2" [stack: 0x000000e609800000,0x000000e609900000] [id=10924]
  0x0000026ea9dbd800 GCTaskThread "GC Thread#3" [stack: 0x000000e609600000,0x000000e609700000] [id=8464]
  0x0000026e8d1e4000 ConcurrentGCThread "G1 Main Marker" [stack: 0x000000e608700000,0x000000e608800000] [id=10196]
=>0x0000026e8d1e5800 ConcurrentGCThread "G1 Conc#0" [stack: 0x000000e608800000,0x000000e608900000] [id=10192]
  0x0000026ea6bc0800 ConcurrentGCThread "G1 Refine#0" [stack: 0x000000e608900000,0x000000e608a00000] [id=5072]
  0x0000026ea6bc1800 ConcurrentGCThread "G1 Young RemSet Sampling" [stack: 0x000000e608a00000,0x000000e608b00000] [id=9092]

Threads with active compile tasks:
C2 CompilerThread0   9750 6183 %     4       org.gradle.internal.instantiation.generator.AbstractClassGenerator::inspectType @ 250 (560 bytes)
C2 CompilerThread1   9750 6160       4       java.beans.Introspector::addMethod (196 bytes)

VM state:not at safepoint (normal execution)

VM Mutex/Monitor currently owned by a thread: None

Heap address: 0x0000000080000000, size: 2048 MB, Compressed Oops mode: 32-bit
Narrow klass base: 0x0000000000000000, Narrow klass shift: 3
Compressed class space size: 1073741824 Address: 0x0000000100000000

Heap:
 garbage-first heap   total 187392K, used 62275K [0x0000000080000000, 0x0000000100000000)
  region size 1024K, 20 young (20480K), 7 survivors (7168K)
 Metaspace       used 64158K, capacity 65767K, committed 65868K, reserved 1105920K
  class space    used 8156K, capacity 8741K, committed 8780K, reserved 1048576K
Heap Regions: E=young(eden), S=young(survivor), O=old, HS=humongous(starts), HC=humongous(continues), CS=collection set, F=free, A=archive, TAMS=top-at-mark-start (previous, next)
|   0|0x0000000080000000, 0x0000000080100000, 0x0000000080100000|100%| O|  |TAMS 0x0000000080100000, 0x0000000080100000| Untracked 
|   1|0x0000000080100000, 0x0000000080200000, 0x0000000080200000|100%| O|  |TAMS 0x0000000080200000, 0x0000000080200000| Untracked 
|   2|0x0000000080200000, 0x0000000080300000, 0x0000000080300000|100%| O|  |TAMS 0x0000000080300000, 0x0000000080300000| Untracked 
|   3|0x0000000080300000, 0x0000000080400000, 0x0000000080400000|100%|HS|  |TAMS 0x0000000080400000, 0x0000000080400000| Complete 
|   4|0x0000000080400000, 0x0000000080500000, 0x0000000080500000|100%|HC|  |TAMS 0x0000000080500000, 0x0000000080500000| Complete 
|   5|0x0000000080500000, 0x0000000080600000, 0x0000000080600000|100%|HC|  |TAMS 0x0000000080600000, 0x0000000080600000| Complete 
|   6|0x0000000080600000, 0x0000000080700000, 0x0000000080700000|100%| O|  |TAMS 0x0000000080700000, 0x0000000080700000| Untracked 
|   7|0x0000000080700000, 0x0000000080800000, 0x0000000080800000|100%| O|  |TAMS 0x0000000080800000, 0x0000000080800000| Untracked 
|   8|0x0000000080800000, 0x0000000080900000, 0x0000000080900000|100%| O|  |TAMS 0x0000000080900000, 0x0000000080900000| Untracked 
|   9|0x0000000080900000, 0x0000000080a00000, 0x0000000080a00000|100%| O|  |TAMS 0x0000000080a00000, 0x0000000080a00000| Untracked 
|  10|0x0000000080a00000, 0x0000000080b00000, 0x0000000080b00000|100%| O|  |TAMS 0x0000000080b00000, 0x0000000080b00000| Untracked 
|  11|0x0000000080b00000, 0x0000000080c00000, 0x0000000080c00000|100%| O|  |TAMS 0x0000000080c00000, 0x0000000080c00000| Untracked 
|  12|0x0000000080c00000, 0x0000000080d00000, 0x0000000080d00000|100%| O|  |TAMS 0x0000000080d00000, 0x0000000080d00000| Untracked 
|  13|0x0000000080d00000, 0x0000000080e00000, 0x0000000080e00000|100%| O|  |TAMS 0x0000000080e00000, 0x0000000080e00000| Untracked 
|  14|0x0000000080e00000, 0x0000000080f00000, 0x0000000080f00000|100%| O|  |TAMS 0x0000000080f00000, 0x0000000080f00000| Untracked 
|  15|0x0000000080f00000, 0x0000000081000000, 0x0000000081000000|100%| O|  |TAMS 0x0000000081000000, 0x0000000081000000| Untracked 
|  16|0x0000000081000000, 0x0000000081100000, 0x0000000081100000|100%|HS|  |TAMS 0x0000000081100000, 0x0000000081100000| Complete 
|  17|0x0000000081100000, 0x0000000081200000, 0x0000000081200000|100%| O|  |TAMS 0x0000000081200000, 0x0000000081200000| Untracked 
|  18|0x0000000081200000, 0x0000000081300000, 0x0000000081300000|100%| O|  |TAMS 0x0000000081300000, 0x0000000081300000| Untracked 
|  19|0x0000000081300000, 0x0000000081400000, 0x0000000081400000|100%| O|  |TAMS 0x0000000081400000, 0x0000000081400000| Untracked 
|  20|0x0000000081400000, 0x0000000081500000, 0x0000000081500000|100%| O|  |TAMS 0x0000000081500000, 0x0000000081500000| Untracked 
|  21|0x0000000081500000, 0x0000000081600000, 0x0000000081600000|100%| O|  |TAMS 0x0000000081600000, 0x0000000081600000| Untracked 
|  22|0x0000000081600000, 0x0000000081700000, 0x0000000081700000|100%| O|  |TAMS 0x0000000081700000, 0x0000000081700000| Untracked 
|  23|0x0000000081700000, 0x0000000081800000, 0x0000000081800000|100%|HS|  |TAMS 0x0000000081800000, 0x0000000081800000| Complete 
|  24|0x0000000081800000, 0x0000000081900000, 0x0000000081900000|100%|HS|  |TAMS 0x0000000081900000, 0x0000000081900000| Complete 
|  25|0x0000000081900000, 0x0000000081a00000, 0x0000000081a00000|100%|HC|  |TAMS 0x0000000081a00000, 0x0000000081a00000| Complete 
|  26|0x0000000081a00000, 0x0000000081b00000, 0x0000000081b00000|100%| O|  |TAMS 0x0000000081b00000, 0x0000000081b00000| Untracked 
|  27|0x0000000081b00000, 0x0000000081c00000, 0x0000000081c00000|100%| O|  |TAMS 0x0000000081c00000, 0x0000000081c00000| Untracked 
|  28|0x0000000081c00000, 0x0000000081d00000, 0x0000000081d00000|100%| O|  |TAMS 0x0000000081d00000, 0x0000000081d00000| Untracked 
|  29|0x0000000081d00000, 0x0000000081e00000, 0x0000000081e00000|100%| O|  |TAMS 0x0000000081e00000, 0x0000000081e00000| Untracked 
|  30|0x0000000081e00000, 0x0000000081f00000, 0x0000000081f00000|100%| O|  |TAMS 0x0000000081f00000, 0x0000000081f00000| Untracked 
|  31|0x0000000081f00000, 0x0000000082000000, 0x0000000082000000|100%| O|  |TAMS 0x0000000082000000, 0x0000000082000000| Untracked 
|  32|0x0000000082000000, 0x0000000082100000, 0x0000000082100000|100%| O|  |TAMS 0x0000000082100000, 0x0000000082100000| Untracked 
|  33|0x0000000082100000, 0x0000000082200000, 0x0000000082200000|100%| O|  |TAMS 0x0000000082200000, 0x0000000082200000| Untracked 
|  34|0x0000000082200000, 0x0000000082300000, 0x0000000082300000|100%| O|  |TAMS 0x0000000082300000, 0x0000000082300000| Untracked 
|  35|0x0000000082300000, 0x0000000082400000, 0x0000000082400000|100%| O|  |TAMS 0x0000000082400000, 0x0000000082400000| Untracked 
|  36|0x0000000082400000, 0x0000000082500000, 0x0000000082500000|100%| O|  |TAMS 0x0000000082500000, 0x0000000082500000| Untracked 
|  37|0x0000000082500000, 0x0000000082600000, 0x0000000082600000|100%| O|  |TAMS 0x0000000082600000, 0x0000000082600000| Untracked 
|  38|0x0000000082600000, 0x0000000082700000, 0x0000000082700000|100%| O|  |TAMS 0x0000000082700000, 0x0000000082700000| Untracked 
|  39|0x0000000082700000, 0x0000000082800000, 0x0000000082800000|100%| O|  |TAMS 0x0000000082800000, 0x0000000082800000| Untracked 
|  40|0x0000000082800000, 0x0000000082900000, 0x0000000082900000|100%| O|  |TAMS 0x0000000082900000, 0x0000000082900000| Untracked 
|  41|0x0000000082900000, 0x00000000829d0e00, 0x0000000082a00000| 81%| O|  |TAMS 0x00000000829d0e00, 0x00000000829d0e00| Untracked 
|  42|0x0000000082a00000, 0x0000000082a00000, 0x0000000082b00000|  0%| F|  |TAMS 0x0000000082a00000, 0x0000000082a00000| Untracked 
|  43|0x0000000082b00000, 0x0000000082b00000, 0x0000000082c00000|  0%| F|  |TAMS 0x0000000082b00000, 0x0000000082b00000| Untracked 
|  44|0x0000000082c00000, 0x0000000082c00000, 0x0000000082d00000|  0%| F|  |TAMS 0x0000000082c00000, 0x0000000082c00000| Untracked 
|  45|0x0000000082d00000, 0x0000000082d00000, 0x0000000082e00000|  0%| F|  |TAMS 0x0000000082d00000, 0x0000000082d00000| Untracked 
|  46|0x0000000082e00000, 0x0000000082e00000, 0x0000000082f00000|  0%| F|  |TAMS 0x0000000082e00000, 0x0000000082e00000| Untracked 
|  47|0x0000000082f00000, 0x0000000082f00000, 0x0000000083000000|  0%| F|  |TAMS 0x0000000082f00000, 0x0000000082f00000| Untracked 
|  48|0x0000000083000000, 0x0000000083000000, 0x0000000083100000|  0%| F|  |TAMS 0x0000000083000000, 0x0000000083000000| Untracked 
|  49|0x0000000083100000, 0x0000000083100000, 0x0000000083200000|  0%| F|  |TAMS 0x0000000083100000, 0x0000000083100000| Untracked 
|  50|0x0000000083200000, 0x0000000083200000, 0x0000000083300000|  0%| F|  |TAMS 0x0000000083200000, 0x0000000083200000| Untracked 
|  51|0x0000000083300000, 0x0000000083300000, 0x0000000083400000|  0%| F|  |TAMS 0x0000000083300000, 0x0000000083300000| Untracked 
|  52|0x0000000083400000, 0x0000000083400000, 0x0000000083500000|  0%| F|  |TAMS 0x0000000083400000, 0x0000000083400000| Untracked 
|  53|0x0000000083500000, 0x0000000083500000, 0x0000000083600000|  0%| F|  |TAMS 0x0000000083500000, 0x0000000083500000| Untracked 
|  54|0x0000000083600000, 0x0000000083600000, 0x0000000083700000|  0%| F|  |TAMS 0x0000000083600000, 0x0000000083600000| Untracked 
|  55|0x0000000083700000, 0x0000000083700000, 0x0000000083800000|  0%| F|  |TAMS 0x0000000083700000, 0x0000000083700000| Untracked 
|  56|0x0000000083800000, 0x0000000083800000, 0x0000000083900000|  0%| F|  |TAMS 0x0000000083800000, 0x0000000083800000| Untracked 
|  57|0x0000000083900000, 0x0000000083900000, 0x0000000083a00000|  0%| F|  |TAMS 0x0000000083900000, 0x0000000083900000| Untracked 
|  58|0x0000000083a00000, 0x0000000083a00000, 0x0000000083b00000|  0%| F|  |TAMS 0x0000000083a00000, 0x0000000083a00000| Untracked 
|  59|0x0000000083b00000, 0x0000000083b00000, 0x0000000083c00000|  0%| F|  |TAMS 0x0000000083b00000, 0x0000000083b00000| Untracked 
|  60|0x0000000083c00000, 0x0000000083c00000, 0x0000000083d00000|  0%| F|  |TAMS 0x0000000083c00000, 0x0000000083c00000| Untracked 
|  61|0x0000000083d00000, 0x0000000083d00000, 0x0000000083e00000|  0%| F|  |TAMS 0x0000000083d00000, 0x0000000083d00000| Untracked 
|  62|0x0000000083e00000, 0x0000000083e00000, 0x0000000083f00000|  0%| F|  |TAMS 0x0000000083e00000, 0x0000000083e00000| Untracked 
|  63|0x0000000083f00000, 0x0000000083f00000, 0x0000000084000000|  0%| F|  |TAMS 0x0000000083f00000, 0x0000000083f00000| Untracked 
|  64|0x0000000084000000, 0x0000000084000000, 0x0000000084100000|  0%| F|  |TAMS 0x0000000084000000, 0x0000000084000000| Untracked 
|  65|0x0000000084100000, 0x0000000084100000, 0x0000000084200000|  0%| F|  |TAMS 0x0000000084100000, 0x0000000084100000| Untracked 
|  66|0x0000000084200000, 0x0000000084200000, 0x0000000084300000|  0%| F|  |TAMS 0x0000000084200000, 0x0000000084200000| Untracked 
|  67|0x0000000084300000, 0x0000000084300000, 0x0000000084400000|  0%| F|  |TAMS 0x0000000084300000, 0x0000000084300000| Untracked 
|  68|0x0000000084400000, 0x0000000084400000, 0x0000000084500000|  0%| F|  |TAMS 0x0000000084400000, 0x0000000084400000| Untracked 
|  69|0x0000000084500000, 0x0000000084500000, 0x0000000084600000|  0%| F|  |TAMS 0x0000000084500000, 0x0000000084500000| Untracked 
|  70|0x0000000084600000, 0x0000000084600000, 0x0000000084700000|  0%| F|  |TAMS 0x0000000084600000, 0x0000000084600000| Untracked 
|  71|0x0000000084700000, 0x0000000084700000, 0x0000000084800000|  0%| F|  |TAMS 0x0000000084700000, 0x0000000084700000| Untracked 
|  72|0x0000000084800000, 0x0000000084800000, 0x0000000084900000|  0%| F|  |TAMS 0x0000000084800000, 0x0000000084800000| Untracked 
|  73|0x0000000084900000, 0x0000000084900000, 0x0000000084a00000|  0%| F|  |TAMS 0x0000000084900000, 0x0000000084900000| Untracked 
|  74|0x0000000084a00000, 0x0000000084a00000, 0x0000000084b00000|  0%| F|  |TAMS 0x0000000084a00000, 0x0000000084a00000| Untracked 
|  75|0x0000000084b00000, 0x0000000084b00000, 0x0000000084c00000|  0%| F|  |TAMS 0x0000000084b00000, 0x0000000084b00000| Untracked 
|  76|0x0000000084c00000, 0x0000000084c00000, 0x0000000084d00000|  0%| F|  |TAMS 0x0000000084c00000, 0x0000000084c00000| Untracked 
|  77|0x0000000084d00000, 0x0000000084d00000, 0x0000000084e00000|  0%| F|  |TAMS 0x0000000084d00000, 0x0000000084d00000| Untracked 
|  78|0x0000000084e00000, 0x0000000084e00000, 0x0000000084f00000|  0%| F|  |TAMS 0x0000000084e00000, 0x0000000084e00000| Untracked 
|  79|0x0000000084f00000, 0x0000000084f00000, 0x0000000085000000|  0%| F|  |TAMS 0x0000000084f00000, 0x0000000084f00000| Untracked 
|  80|0x0000000085000000, 0x0000000085000000, 0x0000000085100000|  0%| F|  |TAMS 0x0000000085000000, 0x0000000085000000| Untracked 
|  81|0x0000000085100000, 0x0000000085100000, 0x0000000085200000|  0%| F|  |TAMS 0x0000000085100000, 0x0000000085100000| Untracked 
|  82|0x0000000085200000, 0x0000000085200000, 0x0000000085300000|  0%| F|  |TAMS 0x0000000085200000, 0x0000000085200000| Untracked 
|  83|0x0000000085300000, 0x0000000085300000, 0x0000000085400000|  0%| F|  |TAMS 0x0000000085300000, 0x0000000085300000| Untracked 
|  84|0x0000000085400000, 0x0000000085400000, 0x0000000085500000|  0%| F|  |TAMS 0x0000000085400000, 0x0000000085400000| Untracked 
|  85|0x0000000085500000, 0x0000000085500000, 0x0000000085600000|  0%| F|  |TAMS 0x0000000085500000, 0x0000000085500000| Untracked 
|  86|0x0000000085600000, 0x0000000085600000, 0x0000000085700000|  0%| F|  |TAMS 0x0000000085600000, 0x0000000085600000| Untracked 
|  87|0x0000000085700000, 0x0000000085700000, 0x0000000085800000|  0%| F|  |TAMS 0x0000000085700000, 0x0000000085700000| Untracked 
|  88|0x0000000085800000, 0x0000000085800000, 0x0000000085900000|  0%| F|  |TAMS 0x0000000085800000, 0x0000000085800000| Untracked 
|  89|0x0000000085900000, 0x0000000085900000, 0x0000000085a00000|  0%| F|  |TAMS 0x0000000085900000, 0x0000000085900000| Untracked 
|  90|0x0000000085a00000, 0x0000000085a00000, 0x0000000085b00000|  0%| F|  |TAMS 0x0000000085a00000, 0x0000000085a00000| Untracked 
|  91|0x0000000085b00000, 0x0000000085b00000, 0x0000000085c00000|  0%| F|  |TAMS 0x0000000085b00000, 0x0000000085b00000| Untracked 
|  92|0x0000000085c00000, 0x0000000085c00000, 0x0000000085d00000|  0%| F|  |TAMS 0x0000000085c00000, 0x0000000085c00000| Untracked 
|  93|0x0000000085d00000, 0x0000000085d00000, 0x0000000085e00000|  0%| F|  |TAMS 0x0000000085d00000, 0x0000000085d00000| Untracked 
|  94|0x0000000085e00000, 0x0000000085e00000, 0x0000000085f00000|  0%| F|  |TAMS 0x0000000085e00000, 0x0000000085e00000| Untracked 
|  95|0x0000000085f00000, 0x0000000085f00000, 0x0000000086000000|  0%| F|  |TAMS 0x0000000085f00000, 0x0000000085f00000| Untracked 
|  96|0x0000000086000000, 0x0000000086000000, 0x0000000086100000|  0%| F|  |TAMS 0x0000000086000000, 0x0000000086000000| Untracked 
|  97|0x0000000086100000, 0x0000000086100000, 0x0000000086200000|  0%| F|  |TAMS 0x0000000086100000, 0x0000000086100000| Untracked 
|  98|0x0000000086200000, 0x0000000086200000, 0x0000000086300000|  0%| F|  |TAMS 0x0000000086200000, 0x0000000086200000| Untracked 
|  99|0x0000000086300000, 0x0000000086300000, 0x0000000086400000|  0%| F|  |TAMS 0x0000000086300000, 0x0000000086300000| Untracked 
| 100|0x0000000086400000, 0x0000000086400000, 0x0000000086500000|  0%| F|  |TAMS 0x0000000086400000, 0x0000000086400000| Untracked 
| 101|0x0000000086500000, 0x0000000086500000, 0x0000000086600000|  0%| F|  |TAMS 0x0000000086500000, 0x0000000086500000| Untracked 
| 102|0x0000000086600000, 0x0000000086600000, 0x0000000086700000|  0%| F|  |TAMS 0x0000000086600000, 0x0000000086600000| Untracked 
| 103|0x0000000086700000, 0x0000000086700000, 0x0000000086800000|  0%| F|  |TAMS 0x0000000086700000, 0x0000000086700000| Untracked 
| 104|0x0000000086800000, 0x0000000086800000, 0x0000000086900000|  0%| F|  |TAMS 0x0000000086800000, 0x0000000086800000| Untracked 
| 105|0x0000000086900000, 0x0000000086900000, 0x0000000086a00000|  0%| F|  |TAMS 0x0000000086900000, 0x0000000086900000| Untracked 
| 106|0x0000000086a00000, 0x0000000086a00000, 0x0000000086b00000|  0%| F|  |TAMS 0x0000000086a00000, 0x0000000086a00000| Untracked 
| 107|0x0000000086b00000, 0x0000000086b00000, 0x0000000086c00000|  0%| F|  |TAMS 0x0000000086b00000, 0x0000000086b00000| Untracked 
| 108|0x0000000086c00000, 0x0000000086d00000, 0x0000000086d00000|100%| S|CS|TAMS 0x0000000086c00000, 0x0000000086c00000| Complete 
| 109|0x0000000086d00000, 0x0000000086e00000, 0x0000000086e00000|100%| S|CS|TAMS 0x0000000086d00000, 0x0000000086d00000| Complete 
| 110|0x0000000086e00000, 0x0000000086f00000, 0x0000000086f00000|100%| S|CS|TAMS 0x0000000086e00000, 0x0000000086e00000| Complete 
| 111|0x0000000086f00000, 0x0000000087000000, 0x0000000087000000|100%| S|CS|TAMS 0x0000000086f00000, 0x0000000086f00000| Complete 
| 112|0x0000000087000000, 0x0000000087100000, 0x0000000087100000|100%| S|CS|TAMS 0x0000000087000000, 0x0000000087000000| Complete 
| 113|0x0000000087100000, 0x0000000087200000, 0x0000000087200000|100%| S|CS|TAMS 0x0000000087100000, 0x0000000087100000| Complete 
| 114|0x0000000087200000, 0x0000000087300000, 0x0000000087300000|100%| S|CS|TAMS 0x0000000087200000, 0x0000000087200000| Complete 
| 115|0x0000000087300000, 0x0000000087300000, 0x0000000087400000|  0%| F|  |TAMS 0x0000000087300000, 0x0000000087300000| Untracked 
| 116|0x0000000087400000, 0x0000000087400000, 0x0000000087500000|  0%| F|  |TAMS 0x0000000087400000, 0x0000000087400000| Untracked 
| 117|0x0000000087500000, 0x0000000087500000, 0x0000000087600000|  0%| F|  |TAMS 0x0000000087500000, 0x0000000087500000| Untracked 
| 118|0x0000000087600000, 0x0000000087600000, 0x0000000087700000|  0%| F|  |TAMS 0x0000000087600000, 0x0000000087600000| Untracked 
| 119|0x0000000087700000, 0x0000000087700000, 0x0000000087800000|  0%| F|  |TAMS 0x0000000087700000, 0x0000000087700000| Untracked 
| 120|0x0000000087800000, 0x0000000087800000, 0x0000000087900000|  0%| F|  |TAMS 0x0000000087800000, 0x0000000087800000| Untracked 
| 121|0x0000000087900000, 0x0000000087900000, 0x0000000087a00000|  0%| F|  |TAMS 0x0000000087900000, 0x0000000087900000| Untracked 
| 122|0x0000000087a00000, 0x0000000087a00000, 0x0000000087b00000|  0%| F|  |TAMS 0x0000000087a00000, 0x0000000087a00000| Untracked 
| 123|0x0000000087b00000, 0x0000000087b00000, 0x0000000087c00000|  0%| F|  |TAMS 0x0000000087b00000, 0x0000000087b00000| Untracked 
| 124|0x0000000087c00000, 0x0000000087c00000, 0x0000000087d00000|  0%| F|  |TAMS 0x0000000087c00000, 0x0000000087c00000| Untracked 
| 125|0x0000000087d00000, 0x0000000087d00000, 0x0000000087e00000|  0%| F|  |TAMS 0x0000000087d00000, 0x0000000087d00000| Untracked 
| 126|0x0000000087e00000, 0x0000000087e00000, 0x0000000087f00000|  0%| F|  |TAMS 0x0000000087e00000, 0x0000000087e00000| Untracked 
| 127|0x0000000087f00000, 0x0000000087f00000, 0x0000000088000000|  0%| F|  |TAMS 0x0000000087f00000, 0x0000000087f00000| Untracked 
| 128|0x0000000088000000, 0x0000000088000000, 0x0000000088100000|  0%| F|  |TAMS 0x0000000088000000, 0x0000000088000000| Untracked 
| 129|0x0000000088100000, 0x0000000088100000, 0x0000000088200000|  0%| F|  |TAMS 0x0000000088100000, 0x0000000088100000| Untracked 
| 130|0x0000000088200000, 0x0000000088200000, 0x0000000088300000|  0%| F|  |TAMS 0x0000000088200000, 0x0000000088200000| Untracked 
| 131|0x0000000088300000, 0x0000000088300000, 0x0000000088400000|  0%| F|  |TAMS 0x0000000088300000, 0x0000000088300000| Untracked 
| 132|0x0000000088400000, 0x0000000088400000, 0x0000000088500000|  0%| F|  |TAMS 0x0000000088400000, 0x0000000088400000| Untracked 
| 133|0x0000000088500000, 0x0000000088500000, 0x0000000088600000|  0%| F|  |TAMS 0x0000000088500000, 0x0000000088500000| Untracked 
| 134|0x0000000088600000, 0x0000000088600000, 0x0000000088700000|  0%| F|  |TAMS 0x0000000088600000, 0x0000000088600000| Untracked 
| 135|0x0000000088700000, 0x0000000088700000, 0x0000000088800000|  0%| F|  |TAMS 0x0000000088700000, 0x0000000088700000| Untracked 
| 136|0x0000000088800000, 0x0000000088800000, 0x0000000088900000|  0%| F|  |TAMS 0x0000000088800000, 0x0000000088800000| Untracked 
| 137|0x0000000088900000, 0x0000000088900000, 0x0000000088a00000|  0%| F|  |TAMS 0x0000000088900000, 0x0000000088900000| Untracked 
| 138|0x0000000088a00000, 0x0000000088a00000, 0x0000000088b00000|  0%| F|  |TAMS 0x0000000088a00000, 0x0000000088a00000| Untracked 
| 139|0x0000000088b00000, 0x0000000088b00000, 0x0000000088c00000|  0%| F|  |TAMS 0x0000000088b00000, 0x0000000088b00000| Untracked 
| 140|0x0000000088c00000, 0x0000000088c00000, 0x0000000088d00000|  0%| F|  |TAMS 0x0000000088c00000, 0x0000000088c00000| Untracked 
| 141|0x0000000088d00000, 0x0000000088d00000, 0x0000000088e00000|  0%| F|  |TAMS 0x0000000088d00000, 0x0000000088d00000| Untracked 
| 142|0x0000000088e00000, 0x0000000088e00000, 0x0000000088f00000|  0%| F|  |TAMS 0x0000000088e00000, 0x0000000088e00000| Untracked 
| 143|0x0000000088f00000, 0x0000000088f00000, 0x0000000089000000|  0%| F|  |TAMS 0x0000000088f00000, 0x0000000088f00000| Untracked 
| 144|0x0000000089000000, 0x0000000089000000, 0x0000000089100000|  0%| F|  |TAMS 0x0000000089000000, 0x0000000089000000| Untracked 
| 145|0x0000000089100000, 0x0000000089100000, 0x0000000089200000|  0%| F|  |TAMS 0x0000000089100000, 0x0000000089100000| Untracked 
| 146|0x0000000089200000, 0x0000000089200000, 0x0000000089300000|  0%| F|  |TAMS 0x0000000089200000, 0x0000000089200000| Untracked 
| 147|0x0000000089300000, 0x0000000089300000, 0x0000000089400000|  0%| F|  |TAMS 0x0000000089300000, 0x0000000089300000| Untracked 
| 148|0x0000000089400000, 0x0000000089400000, 0x0000000089500000|  0%| F|  |TAMS 0x0000000089400000, 0x0000000089400000| Untracked 
| 149|0x0000000089500000, 0x0000000089500000, 0x0000000089600000|  0%| F|  |TAMS 0x0000000089500000, 0x0000000089500000| Untracked 
| 150|0x0000000089600000, 0x0000000089600000, 0x0000000089700000|  0%| F|  |TAMS 0x0000000089600000, 0x0000000089600000| Untracked 
| 151|0x0000000089700000, 0x0000000089700000, 0x0000000089800000|  0%| F|  |TAMS 0x0000000089700000, 0x0000000089700000| Untracked 
| 152|0x0000000089800000, 0x0000000089800000, 0x0000000089900000|  0%| F|  |TAMS 0x0000000089800000, 0x0000000089800000| Untracked 
| 153|0x0000000089900000, 0x0000000089900000, 0x0000000089a00000|  0%| F|  |TAMS 0x0000000089900000, 0x0000000089900000| Untracked 
| 154|0x0000000089a00000, 0x0000000089a00000, 0x0000000089b00000|  0%| F|  |TAMS 0x0000000089a00000, 0x0000000089a00000| Untracked 
| 155|0x0000000089b00000, 0x0000000089b00000, 0x0000000089c00000|  0%| F|  |TAMS 0x0000000089b00000, 0x0000000089b00000| Untracked 
| 156|0x0000000089c00000, 0x0000000089c00000, 0x0000000089d00000|  0%| F|  |TAMS 0x0000000089c00000, 0x0000000089c00000| Untracked 
| 157|0x0000000089d00000, 0x0000000089d00000, 0x0000000089e00000|  0%| F|  |TAMS 0x0000000089d00000, 0x0000000089d00000| Untracked 
| 158|0x0000000089e00000, 0x0000000089e00000, 0x0000000089f00000|  0%| F|  |TAMS 0x0000000089e00000, 0x0000000089e00000| Untracked 
| 159|0x0000000089f00000, 0x0000000089f00000, 0x000000008a000000|  0%| F|  |TAMS 0x0000000089f00000, 0x0000000089f00000| Untracked 
| 160|0x000000008a000000, 0x000000008a000000, 0x000000008a100000|  0%| F|  |TAMS 0x000000008a000000, 0x000000008a000000| Untracked 
| 161|0x000000008a100000, 0x000000008a100000, 0x000000008a200000|  0%| F|  |TAMS 0x000000008a100000, 0x000000008a100000| Untracked 
| 162|0x000000008a200000, 0x000000008a200000, 0x000000008a300000|  0%| F|  |TAMS 0x000000008a200000, 0x000000008a200000| Untracked 
| 163|0x000000008a300000, 0x000000008a300000, 0x000000008a400000|  0%| F|  |TAMS 0x000000008a300000, 0x000000008a300000| Untracked 
| 164|0x000000008a400000, 0x000000008a400000, 0x000000008a500000|  0%| F|  |TAMS 0x000000008a400000, 0x000000008a400000| Untracked 
| 165|0x000000008a500000, 0x000000008a500000, 0x000000008a600000|  0%| F|  |TAMS 0x000000008a500000, 0x000000008a500000| Untracked 
| 166|0x000000008a600000, 0x000000008a600000, 0x000000008a700000|  0%| F|  |TAMS 0x000000008a600000, 0x000000008a600000| Untracked 
| 167|0x000000008a700000, 0x000000008a700000, 0x000000008a800000|  0%| F|  |TAMS 0x000000008a700000, 0x000000008a700000| Untracked 
| 168|0x000000008a800000, 0x000000008a800000, 0x000000008a900000|  0%| F|  |TAMS 0x000000008a800000, 0x000000008a800000| Untracked 
| 169|0x000000008a900000, 0x000000008a900000, 0x000000008aa00000|  0%| F|  |TAMS 0x000000008a900000, 0x000000008a900000| Untracked 
| 170|0x000000008aa00000, 0x000000008ab00000, 0x000000008ab00000|100%| E|  |TAMS 0x000000008aa00000, 0x000000008aa00000| Complete 
| 171|0x000000008ab00000, 0x000000008ac00000, 0x000000008ac00000|100%| E|CS|TAMS 0x000000008ab00000, 0x000000008ab00000| Complete 
| 172|0x000000008ac00000, 0x000000008ad00000, 0x000000008ad00000|100%| E|CS|TAMS 0x000000008ac00000, 0x000000008ac00000| Complete 
| 173|0x000000008ad00000, 0x000000008ae00000, 0x000000008ae00000|100%| E|CS|TAMS 0x000000008ad00000, 0x000000008ad00000| Complete 
| 174|0x000000008ae00000, 0x000000008af00000, 0x000000008af00000|100%| E|CS|TAMS 0x000000008ae00000, 0x000000008ae00000| Complete 
| 175|0x000000008af00000, 0x000000008b000000, 0x000000008b000000|100%| E|CS|TAMS 0x000000008af00000, 0x000000008af00000| Complete 
| 176|0x000000008b000000, 0x000000008b100000, 0x000000008b100000|100%| E|CS|TAMS 0x000000008b000000, 0x000000008b000000| Complete 
| 177|0x000000008b100000, 0x000000008b200000, 0x000000008b200000|100%| E|CS|TAMS 0x000000008b100000, 0x000000008b100000| Complete 
| 178|0x000000008b200000, 0x000000008b300000, 0x000000008b300000|100%| E|CS|TAMS 0x000000008b200000, 0x000000008b200000| Complete 
| 179|0x000000008b300000, 0x000000008b400000, 0x000000008b400000|100%| E|CS|TAMS 0x000000008b300000, 0x000000008b300000| Complete 
| 180|0x000000008b400000, 0x000000008b500000, 0x000000008b500000|100%| E|CS|TAMS 0x000000008b400000, 0x000000008b400000| Complete 
| 181|0x000000008b500000, 0x000000008b600000, 0x000000008b600000|100%| E|CS|TAMS 0x000000008b500000, 0x000000008b500000| Complete 
| 182|0x000000008b600000, 0x000000008b700000, 0x000000008b700000|100%| E|CS|TAMS 0x000000008b600000, 0x000000008b600000| Complete 

Card table byte_map: [0x0000026ea0080000,0x0000026ea0480000] _byte_map_base: 0x0000026e9fc80000

Marking Bits (Prev, Next): (CMBitMap*) 0x0000026e8d1db080, (CMBitMap*) 0x0000026e8d1db048
 Prev Bits: [0x0000026ea2880000, 0x0000026ea4880000)
 Next Bits: [0x0000026ea0880000, 0x0000026ea2880000)

Polling page: 0x0000026e8b140000

Metaspace:

Usage:
  Non-class:     55.75 MB capacity,    54.71 MB ( 98%) used,   900.82 KB (  2%) free+waste,   161.63 KB ( <1%) overhead. 
      Class:      8.54 MB capacity,     7.97 MB ( 93%) used,   506.45 KB (  6%) free+waste,    75.75 KB ( <1%) overhead. 
       Both:     64.29 MB capacity,    62.68 MB ( 98%) used,     1.37 MB (  2%) free+waste,   237.38 KB ( <1%) overhead. 

Virtual space:
  Non-class space:       56.00 MB reserved,      56.00 MB (100%) committed 
      Class space:        1.00 GB reserved,       8.57 MB ( <1%) committed 
             Both:        1.05 GB reserved,      64.57 MB (  6%) committed 

Chunk freelists:
   Non-Class:  62.00 KB
       Class:  27.00 KB
        Both:  89.00 KB

MaxMetaspaceSize: 17179869184.00 GB
CompressedClassSpaceSize: 1.00 GB

CodeHeap 'non-profiled nmethods': size=120064Kb used=3706Kb max_used=3706Kb free=116357Kb
 bounds [0x0000026e98740000, 0x0000026e98ae0000, 0x0000026e9fc80000]
CodeHeap 'profiled nmethods': size=120000Kb used=13295Kb max_used=13295Kb free=106705Kb
 bounds [0x0000026e91210000, 0x0000026e91f10000, 0x0000026e98740000]
CodeHeap 'non-nmethods': size=5696Kb used=2273Kb max_used=2310Kb free=3422Kb
 bounds [0x0000026e90c80000, 0x0000026e90ef0000, 0x0000026e91210000]
 total_blobs=7032 nmethods=6180 adapters=763
 compilation: enabled
              stopped_count=0, restarted_count=0
 full_count=0

Compilation events (20 events):
Event: 9.624 Thread 0x0000026ea6d96800 6177       1       groovy.lang.GroovyObjectSupport::getMetaClass (5 bytes)
Event: 9.624 Thread 0x0000026ea6d96800 nmethod 6177 0x0000026e98ad7b90 code [0x0000026e98ad7d40, 0x0000026e98ad7df8]
Event: 9.624 Thread 0x0000026ea6d96800 6178       1       org.codehaus.groovy.runtime.callsite.AbstractCallSite::getArray (5 bytes)
Event: 9.624 Thread 0x0000026ea6d96800 nmethod 6178 0x0000026e98ad7e90 code [0x0000026e98ad8040, 0x0000026e98ad80f8]
Event: 9.625 Thread 0x0000026ea6d96800 6179       1       org.gradle.api.internal.collections.AbstractIterationOrderRetainingElementSource$ValuePointer::getElement (5 bytes)
Event: 9.625 Thread 0x0000026ea6d96800 nmethod 6179 0x0000026e98ad8190 code [0x0000026e98ad8340, 0x0000026e98ad83f8]
Event: 9.625 Thread 0x0000026ea6d96800 6180       1       org.gradle.api.internal.collections.AbstractIterationOrderRetainingElementSource$ValuePointer::getIndex (5 bytes)
Event: 9.625 Thread 0x0000026ea6d96800 nmethod 6180 0x0000026e98ad8490 code [0x0000026e98ad8640, 0x0000026e98ad86f8]
Event: 9.625 Thread 0x0000026ea6d96800 6181       1       org.gradle.api.internal.project.DefaultProjectStateRegistry$ProjectStateImpl::getIdentityPath (5 bytes)
Event: 9.625 Thread 0x0000026ea6d96800 nmethod 6181 0x0000026e98ad8790 code [0x0000026e98ad8940, 0x0000026e98ad89f8]
Event: 9.641 Thread 0x0000026ea6d91800 nmethod 6158 0x0000026e98ad8a90 code [0x0000026e98ad8d20, 0x0000026e98adacf0]
Event: 9.641 Thread 0x0000026ea6d91800 6164       4       java.util.HashMap$ValueIterator::next (8 bytes)
Event: 9.646 Thread 0x0000026ea6d91800 nmethod 6164 0x0000026e98adb990 code [0x0000026e98adbb20, 0x0000026e98adbef8]
Event: 9.646 Thread 0x0000026ea6d91800 6182       4       jdk.internal.loader.URLClassPath$JarLoader::findResource (18 bytes)
Event: 9.647 Thread 0x0000026ea6d91800 nmethod 6182 0x0000026e98adc090 code [0x0000026e98adc240, 0x0000026e98adc2e8]
Event: 9.647 Thread 0x0000026ea6d91800 6175  s!   4       java.beans.PropertyDescriptor::getReadMethod (149 bytes)
Event: 9.651 Thread 0x0000026ea6d91800 nmethod 6175 0x0000026e98adc390 code [0x0000026e98adc540, 0x0000026e98adca38]
Event: 9.651 Thread 0x0000026ea6d91800 6165       4       java.util.ArrayList::newCapacity (65 bytes)
Event: 9.652 Thread 0x0000026ea6d91800 nmethod 6165 0x0000026e98adcd10 code [0x0000026e98adcea0, 0x0000026e98adcf78]
Event: 9.675 Thread 0x0000026ea6d91800 6183 %     4       org.gradle.internal.instantiation.generator.AbstractClassGenerator::inspectType @ 250 (560 bytes)

GC Heap History (20 events):
Event: 0.724 GC heap before
{Heap before GC invocations=1 (full 0):
 garbage-first heap   total 129024K, used 20120K [0x0000000080000000, 0x0000000100000000)
  region size 1024K, 14 young (14336K), 2 survivors (2048K)
 Metaspace       used 10211K, capacity 10425K, committed 10624K, reserved 1058816K
  class space    used 1064K, capacity 1139K, committed 1152K, reserved 1048576K
}
Event: 0.727 GC heap after
{Heap after GC invocations=2 (full 0):
 garbage-first heap   total 129024K, used 9161K [0x0000000080000000, 0x0000000100000000)
  region size 1024K, 2 young (2048K), 2 survivors (2048K)
 Metaspace       used 10211K, capacity 10425K, committed 10624K, reserved 1058816K
  class space    used 1064K, capacity 1139K, committed 1152K, reserved 1048576K
}
Event: 1.144 GC heap before
{Heap before GC invocations=2 (full 0):
 garbage-first heap   total 129024K, used 39881K [0x0000000080000000, 0x0000000100000000)
  region size 1024K, 32 young (32768K), 2 survivors (2048K)
 Metaspace       used 11148K, capacity 11378K, committed 11520K, reserved 1058816K
  class space    used 1166K, capacity 1243K, committed 1280K, reserved 1048576K
}
Event: 1.147 GC heap after
{Heap after GC invocations=3 (full 0):
 garbage-first heap   total 129024K, used 11700K [0x0000000080000000, 0x0000000100000000)
  region size 1024K, 4 young (4096K), 4 survivors (4096K)
 Metaspace       used 11148K, capacity 11378K, committed 11520K, reserved 1058816K
  class space    used 1166K, capacity 1243K, committed 1280K, reserved 1048576K
}
Event: 2.385 GC heap before
{Heap before GC invocations=3 (full 0):
 garbage-first heap   total 129024K, used 74164K [0x0000000080000000, 0x0000000100000000)
  region size 1024K, 66 young (67584K), 4 survivors (4096K)
 Metaspace       used 20623K, capacity 21128K, committed 21248K, reserved 1067008K
  class space    used 2518K, capacity 2722K, committed 2816K, reserved 1048576K
}
Event: 2.393 GC heap after
{Heap after GC invocations=4 (full 0):
 garbage-first heap   total 129024K, used 16714K [0x0000000080000000, 0x0000000100000000)
  region size 1024K, 9 young (9216K), 9 survivors (9216K)
 Metaspace       used 20623K, capacity 21128K, committed 21248K, reserved 1067008K
  class space    used 2518K, capacity 2722K, committed 2816K, reserved 1048576K
}
Event: 3.289 GC heap before
{Heap before GC invocations=5 (full 0):
 garbage-first heap   total 129024K, used 82250K [0x0000000080000000, 0x0000000100000000)
  region size 1024K, 73 young (74752K), 9 survivors (9216K)
 Metaspace       used 26667K, capacity 27305K, committed 27392K, reserved 1073152K
  class space    used 3522K, capacity 3789K, committed 3840K, reserved 1048576K
}
Event: 3.298 GC heap after
{Heap after GC invocations=6 (full 0):
 garbage-first heap   total 155648K, used 18483K [0x0000000080000000, 0x0000000100000000)
  region size 1024K, 7 young (7168K), 7 survivors (7168K)
 Metaspace       used 26667K, capacity 27305K, committed 27392K, reserved 1073152K
  class space    used 3522K, capacity 3789K, committed 3840K, reserved 1048576K
}
Event: 4.052 GC heap before
{Heap before GC invocations=6 (full 0):
 garbage-first heap   total 155648K, used 63539K [0x0000000080000000, 0x0000000100000000)
  region size 1024K, 52 young (53248K), 7 survivors (7168K)
 Metaspace       used 35041K, capacity 35834K, committed 35840K, reserved 1081344K
  class space    used 4538K, capacity 4864K, committed 4864K, reserved 1048576K
}
Event: 4.061 GC heap after
{Heap after GC invocations=7 (full 0):
 garbage-first heap   total 155648K, used 22104K [0x0000000080000000, 0x0000000100000000)
  region size 1024K, 6 young (6144K), 6 survivors (6144K)
 Metaspace       used 35041K, capacity 35834K, committed 35840K, reserved 1081344K
  class space    used 4538K, capacity 4864K, committed 4864K, reserved 1048576K
}
Event: 5.097 GC heap before
{Heap before GC invocations=8 (full 0):
 garbage-first heap   total 155648K, used 97880K [0x0000000080000000, 0x0000000100000000)
  region size 1024K, 78 young (79872K), 6 survivors (6144K)
 Metaspace       used 40438K, capacity 41387K, committed 41676K, reserved 1085440K
  class space    used 5208K, capacity 5531K, committed 5580K, reserved 1048576K
}
Event: 5.107 GC heap after
{Heap after GC invocations=9 (full 0):
 garbage-first heap   total 155648K, used 27378K [0x0000000080000000, 0x0000000100000000)
  region size 1024K, 9 young (9216K), 9 survivors (9216K)
 Metaspace       used 40438K, capacity 41387K, committed 41676K, reserved 1085440K
  class space    used 5208K, capacity 5531K, committed 5580K, reserved 1048576K
}
Event: 6.470 GC heap before
{Heap before GC invocations=9 (full 0):
 garbage-first heap   total 155648K, used 104178K [0x0000000080000000, 0x0000000100000000)
  region size 1024K, 84 young (86016K), 9 survivors (9216K)
 Metaspace       used 46646K, capacity 47824K, committed 47948K, reserved 1091584K
  class space    used 5970K, capacity 6418K, committed 6476K, reserved 1048576K
}
Event: 6.481 GC heap after
{Heap after GC invocations=10 (full 0):
 garbage-first heap   total 155648K, used 29825K [0x0000000080000000, 0x0000000100000000)
  region size 1024K, 8 young (8192K), 8 survivors (8192K)
 Metaspace       used 46646K, capacity 47824K, committed 47948K, reserved 1091584K
  class space    used 5970K, capacity 6418K, committed 6476K, reserved 1048576K
}
Event: 8.071 GC heap before
{Heap before GC invocations=10 (full 0):
 garbage-first heap   total 155648K, used 117889K [0x0000000080000000, 0x0000000100000000)
  region size 1024K, 90 young (92160K), 8 survivors (8192K)
 Metaspace       used 55684K, capacity 57057K, committed 57292K, reserved 1099776K
  class space    used 7044K, capacity 7555K, committed 7628K, reserved 1048576K
}
Event: 8.087 GC heap after
{Heap after GC invocations=11 (full 0):
 garbage-first heap   total 187392K, used 42876K [0x0000000080000000, 0x0000000100000000)
  region size 1024K, 12 young (12288K), 12 survivors (12288K)
 Metaspace       used 55684K, capacity 57057K, committed 57292K, reserved 1099776K
  class space    used 7044K, capacity 7555K, committed 7628K, reserved 1048576K
}
Event: 8.737 GC heap before
{Heap before GC invocations=11 (full 0):
 garbage-first heap   total 187392K, used 60284K [0x0000000080000000, 0x0000000100000000)
  region size 1024K, 30 young (30720K), 12 survivors (12288K)
 Metaspace       used 58629K, capacity 60157K, committed 60236K, reserved 1101824K
  class space    used 7430K, capacity 7972K, committed 8012K, reserved 1048576K
}
Event: 8.751 GC heap after
{Heap after GC invocations=12 (full 0):
 garbage-first heap   total 187392K, used 44810K [0x0000000080000000, 0x0000000100000000)
  region size 1024K, 2 young (2048K), 2 survivors (2048K)
 Metaspace       used 58629K, capacity 60157K, committed 60236K, reserved 1101824K
  class space    used 7430K, capacity 7972K, committed 8012K, reserved 1048576K
}
Event: 9.567 GC heap before
{Heap before GC invocations=13 (full 0):
 garbage-first heap   total 187392K, used 112394K [0x0000000080000000, 0x0000000100000000)
  region size 1024K, 68 young (69632K), 2 survivors (2048K)
 Metaspace       used 63265K, capacity 64897K, committed 65100K, reserved 1105920K
  class space    used 8043K, capacity 8643K, committed 8780K, reserved 1048576K
}
Event: 9.579 GC heap after
{Heap after GC invocations=14 (full 0):
 garbage-first heap   total 187392K, used 49987K [0x0000000080000000, 0x0000000100000000)
  region size 1024K, 7 young (7168K), 7 survivors (7168K)
 Metaspace       used 63265K, capacity 64897K, committed 65100K, reserved 1105920K
  class space    used 8043K, capacity 8643K, committed 8780K, reserved 1048576K
}

Deoptimization events (20 events):
Event: 9.400 Thread 0x0000026ea84a2800 Uncommon trap: trap_request=0xffffff4d fr.pc=0x0000026e9878c3a8 relative=0x0000000000000468
Event: 9.400 Thread 0x0000026ea84a2800 Uncommon trap: reason=unstable_if action=reinterpret pc=0x0000026e9878c3a8 method=java.lang.AbstractStringBuilder.putStringAt(ILjava/lang/String;)V @ 8 c2
Event: 9.400 Thread 0x0000026ea84a2800 DEOPT PACKING pc=0x0000026e9878c3a8 sp=0x000000e609ff71b0
Event: 9.400 Thread 0x0000026ea84a2800 DEOPT UNPACKING pc=0x0000026e90c883af sp=0x000000e609ff7110 mode 2
Event: 9.400 Thread 0x0000026ea84a2800 Uncommon trap: trap_request=0xffffff4d fr.pc=0x0000026e98773c6c relative=0x00000000000000cc
Event: 9.400 Thread 0x0000026ea84a2800 Uncommon trap: reason=unstable_if action=reinterpret pc=0x0000026e98773c6c method=java.lang.String.getBytes([BIB)V @ 5 c2
Event: 9.400 Thread 0x0000026ea84a2800 DEOPT PACKING pc=0x0000026e98773c6c sp=0x000000e609ff70c0
Event: 9.400 Thread 0x0000026ea84a2800 DEOPT UNPACKING pc=0x0000026e90c883af sp=0x000000e609ff7088 mode 2
Event: 9.494 Thread 0x0000026ea84a2800 Uncommon trap: trap_request=0xffffff4d fr.pc=0x0000026e988fd020 relative=0x0000000000000360
Event: 9.494 Thread 0x0000026ea84a2800 Uncommon trap: reason=unstable_if action=reinterpret pc=0x0000026e988fd020 method=java.util.StringJoiner.add(Ljava/lang/CharSequence;)Ljava/util/StringJoiner; @ 33 c2
Event: 9.494 Thread 0x0000026ea84a2800 DEOPT PACKING pc=0x0000026e988fd020 sp=0x000000e609ff6410
Event: 9.494 Thread 0x0000026ea84a2800 DEOPT UNPACKING pc=0x0000026e90c883af sp=0x000000e609ff63c0 mode 2
Event: 9.586 Thread 0x0000026ea84a2800 Uncommon trap: trap_request=0xffffff4d fr.pc=0x0000026e9890cc40 relative=0x0000000000005cc0
Event: 9.586 Thread 0x0000026ea84a2800 Uncommon trap: reason=unstable_if action=reinterpret pc=0x0000026e9890cc40 method=org.codehaus.groovy.runtime.metaclass.MetaMethodIndex.isOverridden(Lgroovy/lang/MetaMethod;Lgroovy/lang/MetaMethod;)Z @ 33 c2
Event: 9.586 Thread 0x0000026ea84a2800 DEOPT PACKING pc=0x0000026e9890cc40 sp=0x000000e609ff5250
Event: 9.586 Thread 0x0000026ea84a2800 DEOPT UNPACKING pc=0x0000026e90c883af sp=0x000000e609ff5268 mode 2
Event: 9.589 Thread 0x0000026ea84a2800 Uncommon trap: trap_request=0xfffffff4 fr.pc=0x0000026e98acd968 relative=0x0000000000000a48
Event: 9.589 Thread 0x0000026ea84a2800 Uncommon trap: reason=null_check action=make_not_entrant pc=0x0000026e98acd968 method=com.sun.beans.introspect.MethodInfo$MethodOrder.compare(Ljava/lang/reflect/Method;Ljava/lang/reflect/Method;)I @ 133 c2
Event: 9.589 Thread 0x0000026ea84a2800 DEOPT PACKING pc=0x0000026e98acd968 sp=0x000000e609ff3280
Event: 9.589 Thread 0x0000026ea84a2800 DEOPT UNPACKING pc=0x0000026e90c883af sp=0x000000e609ff31b0 mode 2

Classes redefined (0 events):
No events

Internal exceptions (20 events):
Event: 9.589 Thread 0x0000026ea84a2800 Exception <a 'java/lang/ClassNotFoundException'{0x000000008b5541d0}: com/android/builder/core/AbstractBuildTypeCustomizer> (0x000000008b5541d0) thrown at [./src/hotspot/share/classfile/systemDictionary.cpp, line 231]
Event: 9.589 Thread 0x0000026ea84a2800 Implicit null exception at 0x0000026e98acd2ad to 0x0000026e98acd954
Event: 9.591 Thread 0x0000026ea84a2800 Exception <a 'java/lang/ClassNotFoundException'{0x000000008b589158}: com/android/build/gradle/internal/dsl/BuildTypeCustomizer> (0x000000008b589158) thrown at [./src/hotspot/share/classfile/systemDictionary.cpp, line 231]
Event: 9.594 Thread 0x0000026ea84a2800 Exception <a 'java/lang/ClassNotFoundException'{0x000000008b4159f8}: com/android/build/gradle/internal/dsl/BuildType_DecoratedCustomizer> (0x000000008b4159f8) thrown at [./src/hotspot/share/classfile/systemDictionary.cpp, line 231]
Event: 9.600 Thread 0x0000026ea84a2800 Exception <a 'java/lang/ClassNotFoundException'{0x000000008b4d7948}: build_5or2uieo18bk45kper7z824lu$_run_closure1$_closure4BeanInfo> (0x000000008b4d7948) thrown at [./src/hotspot/share/classfile/systemDictionary.cpp, line 231]
Event: 9.601 Thread 0x0000026ea84a2800 Exception <a 'java/lang/ClassNotFoundException'{0x000000008b4e80b0}: build_5or2uieo18bk45kper7z824lu$_run_closure1$_closure4Customizer> (0x000000008b4e80b0) thrown at [./src/hotspot/share/classfile/systemDictionary.cpp, line 231]
Event: 9.604 Thread 0x0000026ea84a2800 Exception <a 'java/lang/ClassNotFoundException'{0x000000008b311300}: build_5or2uieo18bk45kper7z824lu$_run_closure1BeanInfo> (0x000000008b311300) thrown at [./src/hotspot/share/classfile/systemDictionary.cpp, line 231]
Event: 9.604 Thread 0x0000026ea84a2800 Exception <a 'java/lang/ClassNotFoundException'{0x000000008b321110}: build_5or2uieo18bk45kper7z824lu$_run_closure1Customizer> (0x000000008b321110) thrown at [./src/hotspot/share/classfile/systemDictionary.cpp, line 231]
Event: 9.610 Thread 0x0000026ea84a2800 Exception <a 'java/lang/ClassNotFoundException'{0x000000008b37eb20}: org/gradle/api/JavaVersionBeanInfo> (0x000000008b37eb20) thrown at [./src/hotspot/share/classfile/systemDictionary.cpp, line 231]
Event: 9.611 Thread 0x0000026ea84a2800 Exception <a 'java/lang/ClassNotFoundException'{0x000000008b3a9058}: org/gradle/api/JavaVersionCustomizer> (0x000000008b3a9058) thrown at [./src/hotspot/share/classfile/systemDictionary.cpp, line 231]
Event: 9.615 Thread 0x0000026ea84a2800 Exception <a 'java/lang/ClassNotFoundException'{0x000000008b3fdca8}: com/android/build/gradle/internal/CompileOptions_DecoratedBeanInfo> (0x000000008b3fdca8) thrown at [./src/hotspot/share/classfile/systemDictionary.cpp, line 231]
Event: 9.615 Thread 0x0000026ea84a2800 Exception <a 'java/lang/ClassNotFoundException'{0x000000008b2156b8}: com/android/build/gradle/internal/CompileOptionsBeanInfo> (0x000000008b2156b8) thrown at [./src/hotspot/share/classfile/systemDictionary.cpp, line 231]
Event: 9.615 Thread 0x0000026ea84a2800 Exception <a 'java/lang/ClassNotFoundException'{0x000000008b22d2a0}: com/android/build/gradle/internal/CompileOptionsCustomizer> (0x000000008b22d2a0) thrown at [./src/hotspot/share/classfile/systemDictionary.cpp, line 231]
Event: 9.616 Thread 0x0000026ea84a2800 Exception <a 'java/lang/ClassNotFoundException'{0x000000008b251870}: com/android/build/gradle/internal/CompileOptions_DecoratedCustomizer> (0x000000008b251870) thrown at [./src/hotspot/share/classfile/systemDictionary.cpp, line 231]
Event: 9.620 Thread 0x0000026ea84a2800 Exception <a 'java/lang/ClassNotFoundException'{0x000000008b2ee7c8}: com/android/build/gradle/internal/dsl/ApplicationBuildFeaturesImpl_DecoratedBeanInfo> (0x000000008b2ee7c8) thrown at [./src/hotspot/share/classfile/systemDictionary.cpp, line 231]
Event: 9.620 Thread 0x0000026ea84a2800 Exception <a 'java/lang/ClassNotFoundException'{0x000000008b108d00}: com/android/build/gradle/internal/dsl/ApplicationBuildFeaturesImplBeanInfo> (0x000000008b108d00) thrown at [./src/hotspot/share/classfile/systemDictionary.cpp, line 231]
Event: 9.620 Thread 0x0000026ea84a2800 Exception <a 'java/lang/ClassNotFoundException'{0x000000008b121378}: com/android/build/gradle/internal/dsl/BuildFeaturesImplBeanInfo> (0x000000008b121378) thrown at [./src/hotspot/share/classfile/systemDictionary.cpp, line 231]
Event: 9.620 Thread 0x0000026ea84a2800 Exception <a 'java/lang/ClassNotFoundException'{0x000000008b139a28}: com/android/build/gradle/internal/dsl/BuildFeaturesImplCustomizer> (0x000000008b139a28) thrown at [./src/hotspot/share/classfile/systemDictionary.cpp, line 231]
Event: 9.621 Thread 0x0000026ea84a2800 Exception <a 'java/lang/ClassNotFoundException'{0x000000008b15f268}: com/android/build/gradle/internal/dsl/ApplicationBuildFeaturesImplCustomizer> (0x000000008b15f268) thrown at [./src/hotspot/share/classfile/systemDictionary.cpp, line 231]
Event: 9.621 Thread 0x0000026ea84a2800 Exception <a 'java/lang/ClassNotFoundException'{0x000000008b180d58}: com/android/build/gradle/internal/dsl/ApplicationBuildFeaturesImpl_DecoratedCustomizer> (0x000000008b180d58) thrown at [./src/hotspot/share/classfile/systemDictionary.cpp, line 231]

Events (20 events):
Event: 9.671 loading class kotlin/jvm/internal/TypeIntrinsics
Event: 9.671 loading class kotlin/jvm/internal/TypeIntrinsics done
Event: 9.672 loading class com/google/common/collect/Lists$ReverseList
Event: 9.672 loading class com/google/common/collect/Lists$ReverseList done
Event: 9.672 loading class com/google/common/collect/Lists$RandomAccessReverseList
Event: 9.672 loading class com/google/common/collect/Lists$RandomAccessReverseList done
Event: 9.673 loading class com/google/common/collect/Lists$ReverseList$1
Event: 9.673 loading class com/google/common/collect/Lists$ReverseList$1 done
Event: 9.673 loading class com/android/build/gradle/internal/core/VariantDslInfoImpl$manifestPlaceholders$2
Event: 9.673 loading class com/android/build/gradle/internal/core/VariantDslInfoImpl$manifestPlaceholders$2 done
Event: 9.674 loading class com/android/build/gradle/internal/core/VariantDslInfoImpl$_postProcessingOptions$1
Event: 9.674 loading class com/android/build/gradle/internal/core/VariantDslInfoImpl$_postProcessingOptions$1 done
Event: 9.674 loading class com/android/build/gradle/internal/core/PostProcessingOptions
Event: 9.674 loading class com/android/build/gradle/internal/core/PostProcessingOptions done
Event: 9.674 loading class com/android/build/api/variant/DependenciesInfoBuilder
Event: 9.674 loading class com/android/build/api/variant/DependenciesInfoBuilder done
Event: 9.677 loading class com/android/build/api/variant/impl/VariantBuilderImpl$registeredExtensionDelegate$1
Event: 9.677 loading class com/android/build/api/variant/impl/VariantBuilderImpl$registeredExtensionDelegate$1 done
Event: 9.677 loading class com/android/build/api/variant/impl/ApplicationVariantBuilderImpl$dependenciesInfo$2
Event: 9.677 loading class com/android/build/api/variant/impl/ApplicationVariantBuilderImpl$dependenciesInfo$2 done


Dynamic libraries:
0x00007ff61b680000 - 0x00007ff61b68a000 	D:\Program Files\Android\Android Studio\jre\bin\java.exe
0x00007ffefc8e0000 - 0x00007ffefcaef000 	C:\WINDOWS\SYSTEM32\ntdll.dll
0x00007ffefad30000 - 0x00007ffefaded000 	C:\WINDOWS\System32\KERNEL32.DLL
0x00007ffefa1f0000 - 0x00007ffefa583000 	C:\WINDOWS\System32\KERNELBASE.dll
0x00007ffef9e60000 - 0x00007ffef9f71000 	C:\WINDOWS\System32\ucrtbase.dll
0x00007ffeb9b60000 - 0x00007ffeb9b79000 	D:\Program Files\Android\Android Studio\jre\bin\jli.dll
0x00007ffefc380000 - 0x00007ffefc52a000 	C:\WINDOWS\System32\USER32.dll
0x00007ffef9d70000 - 0x00007ffef9d96000 	C:\WINDOWS\System32\win32u.dll
0x00007ffedda50000 - 0x00007ffeddcf1000 	C:\WINDOWS\WinSxS\amd64_microsoft.windows.common-controls_6595b64144ccf1df_6.0.22538.1000_none_28c1e1652686b6b3\COMCTL32.dll
0x00007ffefc740000 - 0x00007ffefc7e4000 	C:\WINDOWS\System32\msvcrt.dll
0x00007ffefb800000 - 0x00007ffefb829000 	C:\WINDOWS\System32\GDI32.dll
0x00007ffefa590000 - 0x00007ffefa6a6000 	C:\WINDOWS\System32\gdi32full.dll
0x00007ffefa150000 - 0x00007ffefa1ea000 	C:\WINDOWS\System32\msvcp_win.dll
0x00007ffeb5f70000 - 0x00007ffeb5f87000 	D:\Program Files\Android\Android Studio\jre\bin\VCRUNTIME140.dll
0x00007ffefa7b0000 - 0x00007ffefa7e1000 	C:\WINDOWS\System32\IMM32.DLL
0x00007ffeada20000 - 0x00007ffeadabd000 	D:\Program Files\Android\Android Studio\jre\bin\msvcp140.dll
0x00007ffeb3910000 - 0x00007ffeb43df000 	D:\Program Files\Android\Android Studio\jre\bin\server\jvm.dll
0x00007ffefa7f0000 - 0x00007ffefa89e000 	C:\WINDOWS\System32\ADVAPI32.dll
0x00007ffefc530000 - 0x00007ffefc5d5000 	C:\WINDOWS\System32\sechost.dll
0x00007ffefae00000 - 0x00007ffefaf1f000 	C:\WINDOWS\System32\RPCRT4.dll
0x00007ffefadf0000 - 0x00007ffefadf8000 	C:\WINDOWS\System32\PSAPI.DLL
0x00007ffef4180000 - 0x00007ffef41b4000 	C:\WINDOWS\SYSTEM32\WINMM.dll
0x00007ffef6e70000 - 0x00007ffef6e79000 	C:\WINDOWS\SYSTEM32\WSOCK32.dll
0x00007ffefa930000 - 0x00007ffefa9a1000 	C:\WINDOWS\System32\WS2_32.dll
0x00007ffef3be0000 - 0x00007ffef3bea000 	C:\WINDOWS\SYSTEM32\VERSION.dll
0x00007ffef8ee0000 - 0x00007ffef8ef7000 	C:\WINDOWS\SYSTEM32\kernel.appcore.dll
0x00007ffef6e50000 - 0x00007ffef6e61000 	D:\Program Files\Android\Android Studio\jre\bin\verify.dll
0x00007ffef79d0000 - 0x00007ffef7bf4000 	C:\WINDOWS\SYSTEM32\DBGHELP.DLL
0x00007ffefbaf0000 - 0x00007ffefbe6c000 	C:\WINDOWS\System32\combase.dll
0x00007ffefa9b0000 - 0x00007ffefaa87000 	C:\WINDOWS\System32\OLEAUT32.dll
0x00007ffee7850000 - 0x00007ffee7881000 	C:\WINDOWS\SYSTEM32\dbgcore.DLL
0x00007ffefa6b0000 - 0x00007ffefa72b000 	C:\WINDOWS\System32\bcryptPrimitives.dll
0x00007ffef6e20000 - 0x00007ffef6e49000 	D:\Program Files\Android\Android Studio\jre\bin\java.dll
0x00007ffef6e10000 - 0x00007ffef6e1b000 	D:\Program Files\Android\Android Studio\jre\bin\jimage.dll
0x00007ffef6df0000 - 0x00007ffef6e08000 	D:\Program Files\Android\Android Studio\jre\bin\zip.dll
0x00007ffefaf20000 - 0x00007ffefb6dd000 	C:\WINDOWS\System32\SHELL32.dll
0x00007ffef7e30000 - 0x00007ffef8686000 	C:\WINDOWS\SYSTEM32\windows.storage.dll
0x00007ffef7cf0000 - 0x00007ffef7e2c000 	C:\WINDOWS\SYSTEM32\wintypes.dll
0x00007ffefb9f0000 - 0x00007ffefbae1000 	C:\WINDOWS\System32\SHCORE.dll
0x00007ffefaa90000 - 0x00007ffefaaeb000 	C:\WINDOWS\System32\shlwapi.dll
0x00007ffef9ca0000 - 0x00007ffef9cc1000 	C:\WINDOWS\SYSTEM32\profapi.dll
0x00007ffef6dd0000 - 0x00007ffef6dea000 	D:\Program Files\Android\Android Studio\jre\bin\net.dll
0x00007ffef3090000 - 0x00007ffef31a1000 	C:\WINDOWS\SYSTEM32\WINHTTP.dll
0x00007ffef9360000 - 0x00007ffef93c9000 	C:\WINDOWS\system32\mswsock.dll
0x00007ffef6db0000 - 0x00007ffef6dc4000 	D:\Program Files\Android\Android Studio\jre\bin\nio.dll
0x00007ffeb5f90000 - 0x00007ffeb5fb7000 	C:\Users\vbinu\.gradle\native\8bec1ad78214c89d9ad589b4d07fe93259594b29d510b10fafb7a158f7737e5d\windows-amd64\native-platform.dll
0x00007ffeadc30000 - 0x00007ffeadd6d000 	C:\Users\vbinu\.gradle\native\53dbd7edfb1c66fb8903c78663c9afc45aea4f116125fa6feffd364cf09443e8\windows-amd64\native-platform-file-events.dll
0x00007ffef6da0000 - 0x00007ffef6daa000 	D:\Program Files\Android\Android Studio\jre\bin\management.dll
0x00007ffef51b0000 - 0x00007ffef51bc000 	D:\Program Files\Android\Android Studio\jre\bin\management_ext.dll
0x00007ffef95b0000 - 0x00007ffef95cc000 	C:\WINDOWS\SYSTEM32\CRYPTSP.dll
0x00007ffef8e40000 - 0x00007ffef8e75000 	C:\WINDOWS\system32\rsaenh.dll
0x00007ffef9460000 - 0x00007ffef9489000 	C:\WINDOWS\SYSTEM32\USERENV.dll
0x00007ffef9740000 - 0x00007ffef9768000 	C:\WINDOWS\SYSTEM32\bcrypt.dll
0x00007ffef95d0000 - 0x00007ffef95dc000 	C:\WINDOWS\SYSTEM32\CRYPTBASE.dll
0x00007ffef89b0000 - 0x00007ffef89dd000 	C:\WINDOWS\SYSTEM32\IPHLPAPI.DLL
0x00007ffefbe90000 - 0x00007ffefbe99000 	C:\WINDOWS\System32\NSI.dll
0x00007ffef3aa0000 - 0x00007ffef3ab9000 	C:\WINDOWS\SYSTEM32\dhcpcsvc6.DLL
0x00007ffef2e80000 - 0x00007ffef2e9f000 	C:\WINDOWS\SYSTEM32\dhcpcsvc.DLL
0x00007ffef89e0000 - 0x00007ffef8ad6000 	C:\WINDOWS\SYSTEM32\DNSAPI.dll

dbghelp: loaded successfully - version: 4.0.5 - missing functions: none
symbol engine: initialized successfully - sym options: 0x614 - pdb path: .;D:\Program Files\Android\Android Studio\jre\bin;C:\WINDOWS\SYSTEM32;C:\WINDOWS\WinSxS\amd64_microsoft.windows.common-controls_6595b64144ccf1df_6.0.22538.1000_none_28c1e1652686b6b3;D:\Program Files\Android\Android Studio\jre\bin\server;C:\Users\vbinu\.gradle\native\8bec1ad78214c89d9ad589b4d07fe93259594b29d510b10fafb7a158f7737e5d\windows-amd64;C:\Users\vbinu\.gradle\native\53dbd7edfb1c66fb8903c78663c9afc45aea4f116125fa6feffd364cf09443e8\windows-amd64

VM Arguments:
jvm_args: --add-opens=java.base/java.util=ALL-UNNAMED --add-opens=java.base/java.lang=ALL-UNNAMED --add-opens=java.base/java.lang.invoke=ALL-UNNAMED --add-opens=java.base/java.util=ALL-UNNAMED --add-opens=java.prefs/java.util.prefs=ALL-UNNAMED --add-opens=java.prefs/java.util.prefs=ALL-UNNAMED --add-opens=java.base/java.nio.charset=ALL-UNNAMED --add-opens=java.base/java.net=ALL-UNNAMED --add-opens=java.base/java.util.concurrent.atomic=ALL-UNNAMED -Xmx2048m -Dfile.encoding=UTF-8 -Duser.country=PH -Duser.language=en -Duser.variant 
java_command: org.gradle.launcher.daemon.bootstrap.GradleDaemon 7.0.2
java_class_path (initial): C:\Users\vbinu\.gradle\wrapper\dists\gradle-7.0.2-bin\857tjihv64xamwrf0h14cai3r\gradle-7.0.2\lib\gradle-launcher-7.0.2.jar
Launcher Type: SUN_STANDARD

[Global flags]
     intx CICompilerCount                          = 3                                         {product} {ergonomic}
     uint ConcGCThreads                            = 1                                         {product} {ergonomic}
     uint G1ConcRefinementThreads                  = 4                                         {product} {ergonomic}
   size_t G1HeapRegionSize                         = 1048576                                   {product} {ergonomic}
    uintx GCDrainStackTargetSize                   = 64                                        {product} {ergonomic}
   size_t InitialHeapSize                          = 132120576                                 {product} {ergonomic}
   size_t MarkStackSize                            = 4194304                                   {product} {ergonomic}
   size_t MaxHeapSize                              = 2147483648                                {product} {command line}
   size_t MaxNewSize                               = 1287651328                                {product} {ergonomic}
   size_t MinHeapDeltaBytes                        = 1048576                                   {product} {ergonomic}
    uintx NonNMethodCodeHeapSize                   = 5830732                                {pd product} {ergonomic}
    uintx NonProfiledCodeHeapSize                  = 122913754                              {pd product} {ergonomic}
    uintx ProfiledCodeHeapSize                     = 122913754                              {pd product} {ergonomic}
    uintx ReservedCodeCacheSize                    = 251658240                              {pd product} {ergonomic}
     bool SegmentedCodeCache                       = true                                      {product} {ergonomic}
     bool UseCompressedClassPointers               = true                                 {lp64_product} {ergonomic}
     bool UseCompressedOops                        = true                                 {lp64_product} {ergonomic}
     bool UseG1GC                                  = true                                      {product} {ergonomic}
     bool UseLargePagesIndividualAllocation        = false                                  {pd product} {ergonomic}

Logging:
Log output configuration:
 #0: stdout all=warning uptime,level,tags
 #1: stderr all=off uptime,level,tags

Environment Variables:
PATH=C:\Program Files (x86)\Common Files\Oracle\Java\javapath;C:\ProgramData\Oracle\Java\javapath;C:\WINDOWS\system32;C:\WINDOWS;C:\WINDOWS\System32\Wbem;C:\WINDOWS\System32\WindowsPowerShell\v1.0\;C:\WINDOWS\System32\OpenSSH\;C:\Program Files (x86)\NVIDIA Corporation\PhysX\Common;%SystemRoot%\system32;%SystemRoot%;%SystemRoot%\System32\Wbem;%SYSTEMROOT%\System32\WindowsPowerShell\v1.0\;%SYSTEMROOT%\System32\OpenSSH\;C:\Users\vbinu\AppData\Local\Microsoft\WindowsApps;C:\Users\vbinu\OneDrive\Desktop\platform-tools;
USERNAME=Venzon
OS=Windows_NT
PROCESSOR_IDENTIFIER=Intel64 Family 6 Model 126 Stepping 5, GenuineIntel



---------------  S Y S T E M  ---------------

OS: Windows 10 , 64 bit Build 22538 (10.0.22538.1000)
OS uptime: 0 days 0:04 hours

CPU:total 4 (initial active 4) (2 cores per cpu, 2 threads per core) family 6 model 126 stepping 5 microcode 0x96, cmov, cx8, fxsr, mmx, sse, sse2, sse3, ssse3, sse4.1, sse4.2, popcnt, avx, avx2, aes, clmul, erms, 3dnowpref, lzcnt, ht, tsc, tscinvbit, bmi1, bmi2, adx, evex, sha, fma

Memory: 4k page, system-wide physical 7959M (528M free)
TotalPageFile size 13335M (AvailPageFile size 5231M)
current process WorkingSet (physical memory assigned to process): 387M, peak: 387M
current process commit charge ("private bytes"): 418M, peak: 418M

vm_info: OpenJDK 64-Bit Server VM (11.0.10+0-b96-7249189) for windows-amd64 JRE (11.0.10+0-b96-7249189), built on Mar 31 2021 21:44:00 by "builder" with MS VC++ 14.0 (VS2015)

END.
